[ThresholdConfig] Loaded from XML:  HIF1A O2=15 mmHg  Necrosis O2=5 mmHg  TGFB=0.1  SHH=0.05
[setup_microenvironment] Loaded calibration profile: AsPC-1
[setup_microenvironment] Substrate indices: oxygen=0 tgfb=1 shh=2 ecm_density=4 drug=3
[setup_microenvironment] Completed in 7.35929 ms
[create_cell_types] Completed in 7.73232 ms

================================================================
 §8.1  Baseline Validation Suite — Tumor-Intrinsic Traits v1.0 
================================================================
  [PASS]  Trait 1:  Constitutive Paracrine Secretion
  [PASS]  Trait 2:  TGF-beta Insensitivity (Arrest Arm Only)
  [PASS]  Trait 3:  Rapid Proliferation / Broken Checkpoints
  [PASS]  Trait 4:  Apoptotic Resistance at Baseline
  [PASS]  Trait 5:  Inducible EMT Under Stress  (Spatial)
  [PASS]  Trait 6:  Hypoxia-Responsive Phenotype Switching
  [PASS]  Trait 7:  Drug-Inducible Efflux  (Not Constitutive)
  [PASS]  Trait 8:  ECM Compaction  (Passive / Mechanical)
  [PASS]  Trait 9:  13-Knob Partition + AsPC-1/PANC-1 Knob 2
  [PASS]  Trait 10:  SHH Paradox Fast Invariants
----------------------------------------------------------------
  Result: 10/10 passed — ALL PASS.  Baseline is validated.
================================================================

[setup_tissue] No intervention JSON provided; using active calibration defaults.
[setup_tissue] Placed tumor=50 stromal=500 cluster_radius=100um stroma_ring=[100,300]um in 7.21833 ms

[DIAG_T360_STROMAL] === One-time stromal diagnostic at t=366 ===
[DIAG_T360_STROMAL] Total live stromal: 503  PSCs(acta2=0): 355  CAFs(acta2=1): 148
[DIAG_T360_STROMAL] PSC #0  ID=163  transition_rate(0,0)=0  acta2_active=0  activation_mode=0
[DIAG_T360_STROMAL] PSC #1  ID=492  transition_rate(0,0)=0  acta2_active=0  activation_mode=0
[DIAG_T360_STROMAL] PSC #2  ID=480  transition_rate(0,0)=0  acta2_active=0  activation_mode=0
[DIAG_T360_STROMAL] PSC #3  ID=82  transition_rate(0,0)=0  acta2_active=0  activation_mode=0
[DIAG_T360_STROMAL] PSC #4  ID=458  transition_rate(0,0)=0  acta2_active=0  activation_mode=0
[DIAG_T360_STROMAL] CAF #0  ID=51  transition_rate(0,0)=0.0001  acta2_active=1  activation_mode=1
[DIAG_T360_STROMAL] CAF #1  ID=60  transition_rate(0,0)=0.0001  acta2_active=1  activation_mode=1
[DIAG_T360_STROMAL] CAF #2  ID=61  transition_rate(0,0)=0.0001  acta2_active=1  activation_mode=1
[DIAG_T360_STROMAL] === end diagnostic ===

[perf] custom_function avg = 6.85961 us over 50000 calls
[perf] custom_function avg = 6.82334 us over 100000 calls
[perf] custom_function avg = 6.57621 us over 150000 calls
[perf] custom_function avg = 6.50501 us over 200000 calls
[perf] custom_function avg = 6.56515 us over 250000 calls
[perf] custom_function avg = 6.54522 us over 300000 calls
[perf] custom_function avg = 6.52467 us over 350000 calls
[perf] custom_function avg = 6.54662 us over 400000 calls
[perf] custom_function avg = 6.56108 us over 450000 calls
[perf] custom_function avg = 6.5949 us over 500000 calls
[perf] custom_function avg = 6.61005 us over 550000 calls
[perf] custom_function avg = 6.67057 us over 600000 calls
[perf] custom_function avg = 6.74196 us over 650000 calls
[perf] custom_function avg = 6.82821 us over 700000 calls
[perf] custom_function avg = 6.82694 us over 750000 calls
[perf] custom_function avg = 6.85457 us over 800000 calls
[perf] custom_function avg = 6.92752 us over 850000 calls
[perf] custom_function avg = 6.99527 us over 900000 calls
[perf] custom_function avg = 7.04151 us over 950000 calls
[perf] custom_function avg = 7.09542 us over 1000000 calls
[perf] custom_function avg = 7.14529 us over 1050000 calls
[perf] custom_function avg = 7.16438 us over 1100000 calls
[perf] custom_function avg = 7.20346 us over 1150000 calls
[perf] custom_function avg = 7.23565 us over 1200000 calls
[perf] custom_function avg = 7.22729 us over 1250000 calls
[perf] custom_function avg = 7.19756 us over 1300000 calls
[perf] custom_function avg = 7.16962 us over 1350000 calls
[perf] custom_function avg = 7.18501 us over 1400000 calls
[perf] custom_function avg = 7.19374 us over 1450000 calls
[perf] custom_function avg = 7.17491 us over 1500000 calls
[perf] custom_function avg = 7.13309 us over 1550000 calls
[perf] custom_function avg = 7.12223 us over 1600000 calls
[perf] custom_function avg = 7.12942 us over 1650000 calls
[perf] custom_function avg = 7.10065 us over 1700000 calls
[perf] custom_function avg = 7.10151 us over 1750000 calls
[perf] custom_function avg = 7.1047 us over 1800000 calls
[perf] custom_function avg = 7.11197 us over 1850000 calls
[perf] custom_function avg = 7.09503 us over 1900000 calls
[perf] custom_function avg = 7.06534 us over 1950000 calls
[perf] custom_function avg = 7.03809 us over 2000000 calls
[perf] custom_function avg = 7.02263 us over 2050000 calls
[perf] custom_function avg = 7.011 us over 2100000 calls
[perf] custom_function avg = 6.98358 us over 2150000 calls
[perf] custom_function avg = 6.95807 us over 2200000 calls
[perf] custom_function avg = 6.93351 us over 2250000 calls
[perf] custom_function avg = 6.90833 us over 2300000 calls
[perf] custom_function avg = 6.88352 us over 2350000 calls
[perf] custom_function avg = 6.85932 us over 2400000 calls
[perf] custom_function avg = 6.83614 us over 2450000 calls
[perf] custom_function avg = 6.81382 us over 2500000 calls
[perf] custom_function avg = 6.81145 us over 2550000 calls
[perf] custom_function avg = 6.81376 us over 2600000 calls
[perf] custom_function avg = 6.80974 us over 2650000 calls
[perf] custom_function avg = 6.80032 us over 2700000 calls
[perf] custom_function avg = 6.78482 us over 2750000 calls
[perf] custom_function avg = 6.76926 us over 2800000 calls
[perf] custom_function avg = 6.75436 us over 2850000 calls
[perf] custom_function avg = 6.73964 us over 2900000 calls
[perf] custom_function avg = 6.73717 us over 2950000 calls
[perf] custom_function avg = 6.73698 us over 3000000 calls
[perf] custom_function avg = 6.73735 us over 3050000 calls
[perf] custom_function avg = 6.74198 us over 3100000 calls
[perf] custom_function avg = 6.73167 us over 3150000 calls
[perf] custom_function avg = 6.72111 us over 3200000 calls
[DRUG_SCHEDULE] t=20166 Drug ON  concentration=1
[perf] custom_function avg = 6.70557 us over 3250000 calls
[perf] custom_function avg = 6.69136 us over 3300000 calls
[perf] custom_function avg = 6.67634 us over 3350000 calls
[perf] custom_function avg = 6.66279 us over 3400000 calls
[perf] custom_function avg = 6.65058 us over 3450000 calls
[perf] custom_function avg = 6.63876 us over 3500000 calls
[perf] custom_function avg = 6.63065 us over 3550000 calls
[perf] custom_function avg = 6.63034 us over 3600000 calls
[perf] custom_function avg = 6.63017 us over 3650000 calls
[perf] custom_function avg = 6.61749 us over 3700000 calls
[perf] custom_function avg = 6.6054 us over 3750000 calls
[perf] custom_function avg = 6.60232 us over 3800000 calls
[perf] custom_function avg = 6.59938 us over 3850000 calls
[perf] custom_function avg = 6.59802 us over 3900000 calls
[perf] custom_function avg = 6.60427 us over 3950000 calls
[perf] custom_function avg = 6.61063 us over 4000000 calls
[perf] custom_function avg = 6.61652 us over 4050000 calls
[perf] custom_function avg = 6.62223 us over 4100000 calls
[perf] custom_function avg = 6.62822 us over 4150000 calls
[perf] custom_function avg = 6.63344 us over 4200000 calls
[perf] custom_function avg = 6.63883 us over 4250000 calls
[perf] custom_function avg = 6.64417 us over 4300000 calls
[perf] custom_function avg = 6.64909 us over 4350000 calls
[perf] custom_function avg = 6.65378 us over 4400000 calls
[perf] custom_function avg = 6.65841 us over 4450000 calls
[perf] custom_function avg = 6.6631 us over 4500000 calls
[perf] custom_function avg = 6.66724 us over 4550000 calls
[perf] custom_function avg = 6.67142 us over 4600000 calls
[perf] custom_function avg = 6.67547 us over 4650000 calls
[perf] custom_function avg = 6.67942 us over 4700000 calls
[perf] custom_function avg = 6.68339 us over 4750000 calls
[perf] custom_function avg = 6.68685 us over 4800000 calls
[perf] custom_function avg = 6.69035 us over 4850000 calls
[perf] custom_function avg = 6.69394 us over 4900000 calls
[perf] custom_function avg = 6.69725 us over 4950000 calls
[perf] custom_function avg = 6.70058 us over 5000000 calls
[perf] custom_function avg = 6.70357 us over 5050000 calls
[perf] custom_function avg = 6.70635 us over 5100000 calls
[perf] custom_function avg = 6.70913 us over 5150000 calls
[perf] custom_function avg = 6.71183 us over 5200000 calls
[perf] custom_function avg = 6.7146 us over 5250000 calls
[perf] custom_function avg = 6.71734 us over 5300000 calls
[perf] custom_function avg = 6.72011 us over 5350000 calls
[perf] custom_function avg = 6.71619 us over 5400000 calls
[perf] custom_function avg = 6.70805 us over 5450000 calls
[perf] custom_function avg = 6.70522 us over 5500000 calls
[perf] custom_function avg = 6.705 us over 5550000 calls
[perf] custom_function avg = 6.70193 us over 5600000 calls
[perf] custom_function avg = 6.69051 us over 5650000 calls
[perf] custom_function avg = 6.68643 us over 5700000 calls
[perf] custom_function avg = 6.68255 us over 5750000 calls
[perf] custom_function avg = 6.67878 us over 5800000 calls
[perf] custom_function avg = 6.68019 us over 5850000 calls
[perf] custom_function avg = 6.68395 us over 5900000 calls
[perf] custom_function avg = 6.68766 us over 5950000 calls
[perf] custom_function avg = 6.69133 us over 6000000 calls
[perf] custom_function avg = 6.69474 us over 6050000 calls
[perf] custom_function avg = 6.69791 us over 6100000 calls
[perf] custom_function avg = 6.70049 us over 6150000 calls
[perf] custom_function avg = 6.70382 us over 6200000 calls
[perf] custom_function avg = 6.70711 us over 6250000 calls
[perf] custom_function avg = 6.71046 us over 6300000 calls
[perf] custom_function avg = 6.71341 us over 6350000 calls
[perf] custom_function avg = 6.71649 us over 6400000 calls
[perf] custom_function avg = 6.7201 us over 6450000 calls
[perf] custom_function avg = 6.72377 us over 6500000 calls
[perf] custom_function avg = 6.72734 us over 6550000 calls
[perf] custom_function avg = 6.73099 us over 6600000 calls
[perf] custom_function avg = 6.73408 us over 6650000 calls
[perf] custom_function avg = 6.73726 us over 6700000 calls
[perf] custom_function avg = 6.74073 us over 6750000 calls
[perf] custom_function avg = 6.74405 us over 6800000 calls
[perf] custom_function avg = 6.74753 us over 6850000 calls
[perf] custom_function avg = 6.75102 us over 6900000 calls
[perf] custom_function avg = 6.75429 us over 6950000 calls
