=== RC1 Fix D (seed 42) ===
  hif1a_emt_boost=0.14, ecm_emt_cap=0.10, emt_off_threshold=0.25
  Node: cpusm02  Threads: 32
  Start: Thu Mar 12 17:08:38 UTC 2026
Using config file /home/a0hirs04/PROJECT-NORTHSTAR/build/rc1_fixD_seed42/replicate_01_seed42/config.xml ... 
Setting up RNG with seed 42
1
dc? 1
User parameters in XML config file: 
Bool parameters:: 

Int parameters:: 
number_of_tumor_cells: 50 [none]
number_of_stromal_cells: 500 [none]
emt_phenotype_extent: 3 [dimensionless]
host_death_ceiling: 50000 [cells]

Double parameters:: 
tumor_cluster_radius: 100 [micron]
stroma_inner_radius: 100 [micron]
stroma_outer_radius: 300 [micron]
mechanics_voxel_size: 30 [micron]
tgfb_activation_threshold: 0.1 [dimensionless]
shh_activation_threshold: 0.05 [dimensionless]
oxygen_necrosis_threshold: 5 [mmHg]
oxygen_hypoxia_threshold: 15 [mmHg]
drug_start_time: 20160 [min]
drug_end_time: 40320 [min]
drug_concentration: 1 [dimensionless]
shh_inhibition_start_time: 1e+18 [min]
shh_inhibition_strength: 0 [dimensionless]
tgfb_secretion_rate: 0.8 [dimensionless]
shh_secretion_rate: 0.7 [dimensionless]
hif1a_tgfb_amplification_factor: 1.5 [dimensionless]
caf_tgfb_secretion_rate: 0.3 [dimensionless]
tgfb_brake_sensitivity: 0.05 [dimensionless]
proliferation_rate: 0.75 [dimensionless]
checkpoint_integrity: 0.05 [dimensionless]
apoptosis_resistance: 0.85 [dimensionless]
base_proliferation_rate: 0.00048 [1/min]
go_grow_penalty: 0.95 [dimensionless]
hypoxia_proliferation_modifier: 0.2 [dimensionless]
hypoxia_death_resistance_bonus: 0.1 [dimensionless]
contact_inhibition_threshold: 0.5 [dimensionless]
drug_kill_coefficient: 0.0002 [1/min]
efflux_drug_reduction: 0.7 [dimensionless]
caf_proliferation_rate: 0.0001 [1/min]
gli1_proliferation_boost: 1.3 [dimensionless]
psc_proliferation_rate: 0 [1/min]
ecm_production_rate_base: 0.01 [1/min]
ecm_production_rate_boosted: 0.015 [1/min]
ecm_ha_fraction_default: 0.6 [dimensionless]
mmp2_degradation_rate: 0.005 [1/min]
ecm_natural_decay_rate: 0.0001 [1/min]
drug_uptake_rate: 0.01 [1/hour]
drug_stress_threshold: 0.03 [dimensionless]
nrf2_decay_rate: 0.01 [1/hour]
drug_natural_decay_rate: 0 [1/hour]
hif1a_nrf2_priming_bonus: 0.02 [dimensionless]
emt_induction_threshold: 0.3 [dimensionless]
hif1a_emt_boost: 0.14 [dimensionless]
motility_epithelial: 0.1 [micron/min]
motility_mesenchymal_low: 0.5 [micron/min]
motility_mesenchymal_med: 1 [micron/min]
motility_mesenchymal_high: 2 [micron/min]
adhesion_epithelial: 5 [dimensionless]
adhesion_mesenchymal_low: 3 [dimensionless]
adhesion_mesenchymal_med: 1.5 [dimensionless]
adhesion_mesenchymal_high: 0.5 [dimensionless]
hypoxia_response_threshold: 0.35 [dimensionless]
efflux_induction_delay: 0.5 [dimensionless]
efflux_strength: 0.7 [dimensionless]
mechanical_compaction_strength: 0.6 [dimensionless]
compaction_ecm_increment: 0.01 [dimensionless]
crowding_base_pressure: 0.02 [dimensionless]
stromal_contact_emt_boost: 0 [dimensionless]
ecm_emt_threshold: 0.3 [dimensionless]
ecm_emt_ramp: 0.3 [dimensionless]
ecm_emt_strength: 0.4 [dimensionless]
ecm_emt_cap: 0.1 [dimensionless]
emt_death_increase: 5e-05 [1/min]
emt_off_threshold: 0.25 [dimensionless]
emt_activation_delay: 360 [min]
ecm_emt_require_caf_contact: 1 [dimensionless]
ecm_motility_block_threshold: 0.8 [dimensionless]

String parameters:: 
calibration_profile: AsPC-1 [none]
tumor_calibration_knobs_json: config/tumor_calibration_knobs.json [none]
emt_phenotype_extent: HIGH [none]
hypoxia_phenotype_shift: HIGH [none]


which boundaries?
1 1 1 1 1 1

Microenvironment summary: microenvironment: 

Mesh information: 
type: uniform Cartesian
Domain: [-1000,1000] micron x [-1000,1000] micron x [-10,10] micron
   resolution: dx = 20 micron
   voxels: 10000
   voxel faces: 0
   volume: 8e+07 cubic micron
Densities: (5 total)
   oxygen:
     units: mmHg
     diffusion coefficient: 100000 micron^2 / min
     decay rate: 0.1 min^-1
     diffusion length scale: 1000 micron
     initial condition: 38 mmHg
     boundary condition: 38 mmHg (enabled: false)
   tgfb:
     units: dimensionless
     diffusion coefficient: 1000 micron^2 / min
     decay rate: 0.01 min^-1
     diffusion length scale: 316.228 micron
     initial condition: 0 dimensionless
     boundary condition: 0 dimensionless (enabled: false)
   shh:
     units: dimensionless
     diffusion coefficient: 1000 micron^2 / min
     decay rate: 0.01 min^-1
     diffusion length scale: 316.228 micron
     initial condition: 0 dimensionless
     boundary condition: 0 dimensionless (enabled: false)
   drug:
     units: dimensionless
     diffusion coefficient: 5000 micron^2 / min
     decay rate: 0.002 min^-1
     diffusion length scale: 1581.14 micron
     initial condition: 0 dimensionless
     boundary condition: 0 dimensionless (enabled: false)
   ecm_density:
     units: dimensionless
     diffusion coefficient: 0 micron^2 / min
     decay rate: 0.0001 min^-1
     diffusion length scale: 0 micron
     initial condition: 0 dimensionless
     boundary condition: 0 dimensionless (enabled: false)

virtual_wall_at_domain_edge: enabled
Pre-processing type 0 named tumor_cell
Pre-processing type 1 named stromal_cell
Processing tumor_cell ... 
Note: setting cell definition to 2D based on microenvironment domain settings ... 
  --------- attachment_elastic_constant = 0.01
Processing stromal_cell ... 
Note: setting cell definition to 2D based on microenvironment domain settings ... 
copying data ... 
tumor_cell to stromal_cell
  --------- attachment_elastic_constant = 0.01
Signals: 
=======
0 : oxygen
1 : tgfb
2 : shh
3 : drug
4 : ecm_density
5 : intracellular oxygen
6 : intracellular tgfb
7 : intracellular shh
8 : intracellular drug
9 : intracellular ecm_density
10 : oxygen gradient
11 : tgfb gradient
12 : shh gradient
13 : drug gradient
14 : ecm_density gradient
15 : pressure
16 : volume
17 : contact with tumor_cell
18 : contact with stromal_cell
19 : contact with live cell
20 : contact with dead cell
21 : contact with apoptotic cell
22 : contact with necrotic cell
23 : contact with other dead cell
24 : contact with basement membrane
25 : damage
26 : damage delivered
27 : attacking
28 : dead
29 : total attack time
30 : time
31 : custom:KRAS
32 : custom:MYC
33 : custom:EGFR
34 : custom:TP53
35 : custom:CDKN2A
36 : custom:SMAD4
37 : custom:RB1
38 : custom:BCL_XL
39 : custom:BAX
40 : custom:ZEB1
41 : custom:CDH1
42 : custom:MMP2
43 : custom:TGFB1_expr
44 : custom:SHH_expr
45 : custom:HIF1A
46 : custom:NRF2
47 : custom:ABCB1
48 : custom:is_mesenchymal
49 : custom:stress_level
50 : custom:drug_sensitivity
51 : custom:apoptosis_threshold
52 : custom:cell_id
53 : custom:parent_id
54 : custom:gene_state_KRAS
55 : custom:gene_state_TP53
56 : custom:gene_state_CDKN2A
57 : custom:gene_state_SMAD4
58 : custom:gene_state_BCL_XL
59 : custom:gene_state_MYC
60 : custom:gene_state_EGFR
61 : custom:gene_state_RB1
62 : custom:gene_state_BAX
63 : custom:gene_state_ZEB1
64 : custom:gene_state_CDH1
65 : custom:gene_state_MMP2
66 : custom:gene_state_TGFB1
67 : custom:gene_state_SHH
68 : custom:gene_state_HIF1A
69 : custom:gene_state_NRF2
70 : custom:gene_state_ABCB1
71 : custom:gene_state_HAS2
72 : custom:gene_state_COL1A1
73 : custom:gene_state_GLI1
74 : custom:gene_state_ACTA2
75 : custom:hif1a_active
76 : custom:zeb1_active
77 : custom:cdh1_expressed
78 : custom:nrf2_active
79 : custom:abcb1_active
80 : custom:mmp2_active
81 : custom:intracellular_drug
82 : custom:time_since_drug_exposure
83 : custom:time_alive
84 : custom:emt_extent
85 : custom:mechanical_pressure
86 : custom:emt_signal_time
87 : apoptotic
88 : necrotic


Behaviors: 
=========
0 : oxygen secretion
1 : tgfb secretion
2 : shh secretion
3 : drug secretion
4 : ecm_density secretion
5 : oxygen secretion target
6 : tgfb secretion target
7 : shh secretion target
8 : drug secretion target
9 : ecm_density secretion target
10 : oxygen uptake
11 : tgfb uptake
12 : shh uptake
13 : drug uptake
14 : ecm_density uptake
15 : oxygen export
16 : tgfb export
17 : shh export
18 : drug export
19 : ecm_density export
20 : cycle entry
21 : exit from cycle phase 1
22 : exit from cycle phase 2
23 : exit from cycle phase 3
24 : exit from cycle phase 4
25 : exit from cycle phase 5
26 : apoptosis
27 : necrosis
28 : migration speed
29 : migration bias
30 : migration persistence time
31 : chemotactic response to oxygen
32 : chemotactic response to tgfb
33 : chemotactic response to shh
34 : chemotactic response to drug
35 : chemotactic response to ecm_density
36 : cell-cell adhesion
37 : cell-cell adhesion elastic constant
38 : adhesive affinity to tumor_cell
39 : adhesive affinity to stromal_cell
40 : relative maximum adhesion distance
41 : cell-cell repulsion
42 : cell-BM adhesion
43 : cell-BM repulsion
44 : phagocytose apoptotic cell
45 : phagocytose necrotic cell
46 : phagocytose other dead cell
47 : phagocytose tumor_cell
48 : phagocytose stromal_cell
49 : attack tumor_cell
50 : attack stromal_cell
51 : fuse to tumor_cell
52 : fuse to stromal_cell
53 : transition to tumor_cell
54 : transition to stromal_cell
55 : asymmetric division to tumor_cell
56 : asymmetric division to stromal_cell
57 : custom:KRAS
58 : custom:MYC
59 : custom:EGFR
60 : custom:TP53
61 : custom:CDKN2A
62 : custom:SMAD4
63 : custom:RB1
64 : custom:BCL_XL
65 : custom:BAX
66 : custom:ZEB1
67 : custom:CDH1
68 : custom:MMP2
69 : custom:TGFB1_expr
70 : custom:SHH_expr
71 : custom:HIF1A
72 : custom:NRF2
73 : custom:ABCB1
74 : custom:is_mesenchymal
75 : custom:stress_level
76 : custom:drug_sensitivity
77 : custom:apoptosis_threshold
78 : custom:cell_id
79 : custom:parent_id
80 : custom:gene_state_KRAS
81 : custom:gene_state_TP53
82 : custom:gene_state_CDKN2A
83 : custom:gene_state_SMAD4
84 : custom:gene_state_BCL_XL
85 : custom:gene_state_MYC
86 : custom:gene_state_EGFR
87 : custom:gene_state_RB1
88 : custom:gene_state_BAX
89 : custom:gene_state_ZEB1
90 : custom:gene_state_CDH1
91 : custom:gene_state_MMP2
92 : custom:gene_state_TGFB1
93 : custom:gene_state_SHH
94 : custom:gene_state_HIF1A
95 : custom:gene_state_NRF2
96 : custom:gene_state_ABCB1
97 : custom:gene_state_HAS2
98 : custom:gene_state_COL1A1
99 : custom:gene_state_GLI1
100 : custom:gene_state_ACTA2
101 : custom:hif1a_active
102 : custom:zeb1_active
103 : custom:cdh1_expressed
104 : custom:nrf2_active
105 : custom:abcb1_active
106 : custom:mmp2_active
107 : custom:intracellular_drug
108 : custom:time_since_drug_exposure
109 : custom:time_alive
110 : custom:emt_extent
111 : custom:mechanical_pressure
112 : custom:emt_signal_time
113 : is_movable
114 : immunogenicity to tumor_cell
115 : immunogenicity to stromal_cell
116 : cell attachment rate
117 : cell detachment rate
118 : maximum number of cell attachments
119 : attack damage rate
120 : attack duration
121 : damage rate
122 : damage repair rate


ruleset
	Ruleset disabled ... 
Behavioral rules for cell type tumor_cell:
===================================================

Behavioral rules for cell type stromal_cell:
===================================================

Exporting rules to file /home/a0hirs04/PROJECT-NORTHSTAR/build/rc1_fixD_seed42/replicate_01_seed42/output/cell_rules_parsed.csv (v3 format) ... 
Done!

0 :: type:0 name: tumor_cell
	 cycle model: Live (code=5)
		Phase 0: Live
		Cycle transitions: 
		-----------------
		Live --> Live w mean duration 100 min
	 death models: 
		0 : Apoptosis (code=100) with rate 0.00015 1/min
		death phase transitions: 
		------------------------
		Apoptotic --> Debris w mean duration 516 min
		1 : Necrosis (code=101) with rate 0 1/min
		death phase transitions: 
		------------------------
		Necrotic (swelling) --> Necrotic (lysed) w mean duration 1e-16 min
		Necrotic (lysed) --> Debris w mean duration 86400 min
	 key functions: 
		 migration bias rule: false
		 custom rule: false
		 phenotype rule: true
		 volume update function: true
		 mechanics function: true
		 contact function: false
		 cell division function: true
	motility (enabled: true in 2D)
		speed: 0.1 micron/min
		bias: 0 
		persistence time: 10 min
		chemotaxis (enabled: false)
			along 1 * grad(oxygen) 
	mechanics:
		cell_cell_adhesion_strength: 5
		cell_cell_repulsion_strength: 10
		rel max adhesion dist: 1.25
		cell_BM_adhesion_strength: 4
		cell_BM_repulsion_strength: 100
		attachment_elastic_constant: 0.01
		attachment_rate: 0
		detachment_rate: 0
	custom data: 
		KRAS: 1 dimensionless
		MYC: 0 dimensionless
		EGFR: 1 dimensionless
		TP53: 0 dimensionless
		CDKN2A: 0 dimensionless
		SMAD4: 0 dimensionless
		RB1: 0 dimensionless
		BCL_XL: 0 dimensionless
		BAX: 0 dimensionless
		ZEB1: 0 dimensionless
		CDH1: 0 dimensionless
		MMP2: 0 dimensionless
		TGFB1_expr: 0 dimensionless
		SHH_expr: 0 dimensionless
		HIF1A: 0 dimensionless
		NRF2: 0 dimensionless
		ABCB1: 0 dimensionless
		is_mesenchymal: 0 dimensionless
		stress_level: 0 dimensionless
		drug_sensitivity: 1 dimensionless
		apoptosis_threshold: 0.5 dimensionless
		cell_id: -1 none
		parent_id: -1 none
		gene_state_KRAS: 1 none
		gene_state_TP53: 2 none
		gene_state_CDKN2A: 2 none
		gene_state_SMAD4: 2 none
		gene_state_BCL_XL: 1 none
		gene_state_MYC: 0 none
		gene_state_EGFR: 0 none
		gene_state_RB1: 0 none
		gene_state_BAX: 0 none
		gene_state_ZEB1: 0 none
		gene_state_CDH1: 0 none
		gene_state_MMP2: 0 none
		gene_state_TGFB1: 0 none
		gene_state_SHH: 0 none
		gene_state_HIF1A: 0 none
		gene_state_NRF2: 0 none
		gene_state_ABCB1: 0 none
		gene_state_HAS2: 0 none
		gene_state_COL1A1: 0 none
		gene_state_GLI1: 0 none
		gene_state_ACTA2: 0 none
		hif1a_active: 0 dimensionless
		zeb1_active: 0 dimensionless
		cdh1_expressed: 1 dimensionless
		nrf2_active: 0 dimensionless
		abcb1_active: 0 dimensionless
		mmp2_active: 0 dimensionless
		intracellular_drug: 0 dimensionless
		time_since_drug_exposure: -1 hour
		time_alive: 0 min
		emt_extent: 0 dimensionless
		mechanical_pressure: 0 dimensionless
		emt_signal_time: 0 min
	custom vector data: 
			NOTE: custom vector data will eventually be merged with custom data
1 :: type:1 name: stromal_cell
	 cycle model: Live (code=5)
		Phase 0: Live
		Cycle transitions: 
		-----------------
		Live --> Live w mean duration inf min
	 death models: 
		0 : Apoptosis (code=100) with rate 0 1/min
		death phase transitions: 
		------------------------
		Apoptotic --> Debris w mean duration 516 min
		1 : Necrosis (code=101) with rate 0 1/min
		death phase transitions: 
		------------------------
		Necrotic (swelling) --> Necrotic (lysed) w mean duration 1e-16 min
		Necrotic (lysed) --> Debris w mean duration 86400 min
	 key functions: 
		 migration bias rule: false
		 custom rule: false
		 phenotype rule: true
		 volume update function: true
		 mechanics function: true
		 contact function: false
		 cell division function: true
	motility (enabled: true in 2D)
		speed: 0.05 micron/min
		bias: 0 
		persistence time: 10 min
		chemotaxis (enabled: false)
			along 1 * grad(oxygen) 
	mechanics:
		cell_cell_adhesion_strength: 0.8
		cell_cell_repulsion_strength: 10
		rel max adhesion dist: 1.25
		cell_BM_adhesion_strength: 4
		cell_BM_repulsion_strength: 100
		attachment_elastic_constant: 0.01
		attachment_rate: 0
		detachment_rate: 0
	custom data: 
		cell_id: -1 none
		parent_id: -1 none
		gene_state_SMAD4: 0 none
		gene_state_ACTA2: 0 none
		gene_state_GLI1: 0 none
		gene_state_HAS2: 0 none
		gene_state_COL1A1: 0 none
		gene_state_TGFB1: 0 none
		gene_state_SHH: 0 none
		acta2_active: 0 dimensionless
		gli1_active: 0 dimensionless
		activation_mode: 0 dimensionless
		hif1a_active: 0 dimensionless
		ecm_production_rate: 0 dimensionless
		tgfb_secretion_active: 0 dimensionless
		time_alive: 0 min
		mechanical_pressure: 0 dimensionless
		_stromal_reserved_0: 0 none
		_stromal_reserved_1: 0 none
		_stromal_reserved_2: 0 none
		_stromal_reserved_3: 0 none
		_stromal_reserved_4: 0 none
		_stromal_reserved_5: 0 none
		_stromal_reserved_6: 0 none
		_stromal_reserved_7: 0 none
		_stromal_reserved_8: 0 none
		_stromal_reserved_9: 0 none
		_stromal_reserved_10: 0 none
		_stromal_reserved_11: 0 none
		_stromal_reserved_12: 0 none
		_stromal_reserved_13: 0 none
		_stromal_reserved_14: 0 none
		_stromal_reserved_15: 0 none
		_stromal_reserved_16: 0 none
		_stromal_reserved_17: 0 none
		_stromal_reserved_18: 0 none
		_stromal_reserved_19: 0 none
		_stromal_reserved_20: 0 none
		_stromal_reserved_21: 0 none
		_stromal_reserved_22: 0 none
		_stromal_reserved_23: 0 none
		_stromal_reserved_24: 0 none
		_stromal_reserved_25: 0 none
		_stromal_reserved_26: 0 none
		_stromal_reserved_27: 0 none
		_stromal_reserved_28: 0 none
		_stromal_reserved_29: 0 none
		_stromal_reserved_30: 0 none
		_stromal_reserved_31: 0 none
		_stromal_reserved_32: 0 none
		_stromal_reserved_33: 0 none
		_stromal_reserved_34: 0 none
		_stromal_reserved_35: 0 none
		_stromal_reserved_36: 0 none
		_stromal_reserved_37: 0 none
		_stromal_reserved_38: 0 none
	custom vector data: 
			NOTE: custom vector data will eventually be merged with custom data
Using PhysiCell version 1.14.2
	Please cite DOI: 10.1371/journal.pcbi.1005991
	Project website: http://physicell.org

See ALL_CITATIONS.txt for this list.
current simulated time: 0 min (max: 30240 min)
total agents: 550
interval wall time: 0 days, 0 hours, 0 minutes, and 2.406e-05 seconds 
total wall time: 0 days, 0 hours, 0 minutes, and 3.346e-05 seconds 


Using method diffusion_decay_solver__constant_coefficients_LOD_2D (2D LOD with Thomas Algorithm) ... 

current simulated time: 360 min (max: 30240 min)
total agents: 561
interval wall time: 0 days, 0 hours, 0 minutes, and 16.7062 seconds 
total wall time: 0 days, 0 hours, 0 minutes, and 16.7062 seconds 

current simulated time: 720 min (max: 30240 min)
total agents: 571
interval wall time: 0 days, 0 hours, 0 minutes, and 17.1904 seconds 
total wall time: 0 days, 0 hours, 0 minutes, and 33.8967 seconds 

current simulated time: 1080 min (max: 30240 min)
total agents: 590
interval wall time: 0 days, 0 hours, 0 minutes, and 17.3501 seconds 
total wall time: 0 days, 0 hours, 0 minutes, and 51.2468 seconds 

current simulated time: 1440 min (max: 30240 min)
total agents: 608
interval wall time: 0 days, 0 hours, 0 minutes, and 17.274 seconds 
total wall time: 0 days, 0 hours, 1 minutes, and 8.52077 seconds 

current simulated time: 1800 min (max: 30240 min)
total agents: 617
interval wall time: 0 days, 0 hours, 0 minutes, and 17.4489 seconds 
total wall time: 0 days, 0 hours, 1 minutes, and 25.9697 seconds 

current simulated time: 2160 min (max: 30240 min)
total agents: 630
interval wall time: 0 days, 0 hours, 0 minutes, and 17.5431 seconds 
total wall time: 0 days, 0 hours, 1 minutes, and 43.5128 seconds 

current simulated time: 2520 min (max: 30240 min)
total agents: 641
interval wall time: 0 days, 0 hours, 0 minutes, and 17.6316 seconds 
total wall time: 0 days, 0 hours, 2 minutes, and 1.14444 seconds 

current simulated time: 2880 min (max: 30240 min)
total agents: 657
interval wall time: 0 days, 0 hours, 0 minutes, and 17.6774 seconds 
total wall time: 0 days, 0 hours, 2 minutes, and 18.8219 seconds 

current simulated time: 3240 min (max: 30240 min)
total agents: 672
interval wall time: 0 days, 0 hours, 0 minutes, and 18.9488 seconds 
total wall time: 0 days, 0 hours, 2 minutes, and 37.7706 seconds 

current simulated time: 3600 min (max: 30240 min)
total agents: 686
interval wall time: 0 days, 0 hours, 0 minutes, and 18.9719 seconds 
total wall time: 0 days, 0 hours, 2 minutes, and 56.7426 seconds 

current simulated time: 3960 min (max: 30240 min)
total agents: 702
interval wall time: 0 days, 0 hours, 0 minutes, and 18.9885 seconds 
total wall time: 0 days, 0 hours, 3 minutes, and 15.7311 seconds 

current simulated time: 4320 min (max: 30240 min)
total agents: 712
interval wall time: 0 days, 0 hours, 0 minutes, and 19.2617 seconds 
total wall time: 0 days, 0 hours, 3 minutes, and 34.9928 seconds 

current simulated time: 4680 min (max: 30240 min)
total agents: 722
interval wall time: 0 days, 0 hours, 0 minutes, and 19.4122 seconds 
total wall time: 0 days, 0 hours, 3 minutes, and 54.405 seconds 

current simulated time: 5040 min (max: 30240 min)
total agents: 724
interval wall time: 0 days, 0 hours, 0 minutes, and 19.4486 seconds 
total wall time: 0 days, 0 hours, 4 minutes, and 13.8537 seconds 

current simulated time: 5400 min (max: 30240 min)
total agents: 734
interval wall time: 0 days, 0 hours, 0 minutes, and 19.4778 seconds 
total wall time: 0 days, 0 hours, 4 minutes, and 33.3315 seconds 

current simulated time: 5760 min (max: 30240 min)
total agents: 740
interval wall time: 0 days, 0 hours, 0 minutes, and 19.1396 seconds 
total wall time: 0 days, 0 hours, 4 minutes, and 52.4711 seconds 

current simulated time: 6120 min (max: 30240 min)
total agents: 752
interval wall time: 0 days, 0 hours, 0 minutes, and 18.6309 seconds 
total wall time: 0 days, 0 hours, 5 minutes, and 11.102 seconds 

current simulated time: 6480 min (max: 30240 min)
total agents: 764
interval wall time: 0 days, 0 hours, 0 minutes, and 18.6994 seconds 
total wall time: 0 days, 0 hours, 5 minutes, and 29.8014 seconds 

current simulated time: 6840 min (max: 30240 min)
total agents: 773
interval wall time: 0 days, 0 hours, 0 minutes, and 18.8064 seconds 
total wall time: 0 days, 0 hours, 5 minutes, and 48.6078 seconds 

current simulated time: 7200 min (max: 30240 min)
total agents: 794
interval wall time: 0 days, 0 hours, 0 minutes, and 18.8687 seconds 
total wall time: 0 days, 0 hours, 6 minutes, and 7.47652 seconds 

current simulated time: 7560 min (max: 30240 min)
total agents: 803
interval wall time: 0 days, 0 hours, 0 minutes, and 18.9689 seconds 
total wall time: 0 days, 0 hours, 6 minutes, and 26.4454 seconds 

current simulated time: 7920 min (max: 30240 min)
total agents: 819
interval wall time: 0 days, 0 hours, 0 minutes, and 18.976 seconds 
total wall time: 0 days, 0 hours, 6 minutes, and 45.4214 seconds 

current simulated time: 8280 min (max: 30240 min)
total agents: 847
interval wall time: 0 days, 0 hours, 0 minutes, and 19.2545 seconds 
total wall time: 0 days, 0 hours, 7 minutes, and 4.6759 seconds 

current simulated time: 8640 min (max: 30240 min)
total agents: 875
interval wall time: 0 days, 0 hours, 0 minutes, and 20.0021 seconds 
total wall time: 0 days, 0 hours, 7 minutes, and 24.678 seconds 

current simulated time: 9000 min (max: 30240 min)
total agents: 894
interval wall time: 0 days, 0 hours, 0 minutes, and 20.0978 seconds 
total wall time: 0 days, 0 hours, 7 minutes, and 44.7758 seconds 

current simulated time: 9360 min (max: 30240 min)
total agents: 911
interval wall time: 0 days, 0 hours, 0 minutes, and 20.2567 seconds 
total wall time: 0 days, 0 hours, 8 minutes, and 5.03243 seconds 

current simulated time: 9720 min (max: 30240 min)
total agents: 914
interval wall time: 0 days, 0 hours, 0 minutes, and 20.2926 seconds 
total wall time: 0 days, 0 hours, 8 minutes, and 25.3251 seconds 

current simulated time: 10080 min (max: 30240 min)
total agents: 925
interval wall time: 0 days, 0 hours, 0 minutes, and 20.3607 seconds 
total wall time: 0 days, 0 hours, 8 minutes, and 45.6858 seconds 

current simulated time: 10440 min (max: 30240 min)
total agents: 946
interval wall time: 0 days, 0 hours, 0 minutes, and 20.2502 seconds 
total wall time: 0 days, 0 hours, 9 minutes, and 5.93595 seconds 

current simulated time: 10800 min (max: 30240 min)
total agents: 968
interval wall time: 0 days, 0 hours, 0 minutes, and 20.3527 seconds 
total wall time: 0 days, 0 hours, 9 minutes, and 26.2887 seconds 

current simulated time: 11160 min (max: 30240 min)
total agents: 991
interval wall time: 0 days, 0 hours, 0 minutes, and 20.4992 seconds 
total wall time: 0 days, 0 hours, 9 minutes, and 46.7878 seconds 

current simulated time: 11520 min (max: 30240 min)
total agents: 1013
interval wall time: 0 days, 0 hours, 0 minutes, and 20.6808 seconds 
total wall time: 0 days, 0 hours, 10 minutes, and 7.46863 seconds 

current simulated time: 11880 min (max: 30240 min)
total agents: 1022
interval wall time: 0 days, 0 hours, 0 minutes, and 20.7425 seconds 
total wall time: 0 days, 0 hours, 10 minutes, and 28.2111 seconds 

current simulated time: 12240 min (max: 30240 min)
total agents: 1038
interval wall time: 0 days, 0 hours, 0 minutes, and 20.7208 seconds 
total wall time: 0 days, 0 hours, 10 minutes, and 48.932 seconds 

current simulated time: 12600 min (max: 30240 min)
total agents: 1063
interval wall time: 0 days, 0 hours, 0 minutes, and 20.8937 seconds 
total wall time: 0 days, 0 hours, 11 minutes, and 9.82572 seconds 

current simulated time: 12960 min (max: 30240 min)
total agents: 1075
interval wall time: 0 days, 0 hours, 0 minutes, and 21.1559 seconds 
total wall time: 0 days, 0 hours, 11 minutes, and 30.9816 seconds 

current simulated time: 13320 min (max: 30240 min)
total agents: 1081
interval wall time: 0 days, 0 hours, 0 minutes, and 21.1338 seconds 
total wall time: 0 days, 0 hours, 11 minutes, and 52.1155 seconds 

current simulated time: 13680 min (max: 30240 min)
total agents: 1081
interval wall time: 0 days, 0 hours, 0 minutes, and 21.1365 seconds 
total wall time: 0 days, 0 hours, 12 minutes, and 13.252 seconds 

current simulated time: 14040 min (max: 30240 min)
total agents: 1091
interval wall time: 0 days, 0 hours, 0 minutes, and 21.1632 seconds 
total wall time: 0 days, 0 hours, 12 minutes, and 34.4152 seconds 

current simulated time: 14400 min (max: 30240 min)
total agents: 1118
interval wall time: 0 days, 0 hours, 0 minutes, and 21.2806 seconds 
total wall time: 0 days, 0 hours, 12 minutes, and 55.6958 seconds 

current simulated time: 14760 min (max: 30240 min)
total agents: 1149
interval wall time: 0 days, 0 hours, 0 minutes, and 21.4832 seconds 
total wall time: 0 days, 0 hours, 13 minutes, and 17.179 seconds 

current simulated time: 15120 min (max: 30240 min)
total agents: 1173
interval wall time: 0 days, 0 hours, 0 minutes, and 21.5575 seconds 
total wall time: 0 days, 0 hours, 13 minutes, and 38.7365 seconds 

current simulated time: 15480 min (max: 30240 min)
total agents: 1187
interval wall time: 0 days, 0 hours, 0 minutes, and 21.6436 seconds 
total wall time: 0 days, 0 hours, 14 minutes, and 0.380096 seconds 

current simulated time: 15840 min (max: 30240 min)
total agents: 1215
interval wall time: 0 days, 0 hours, 0 minutes, and 21.7419 seconds 
total wall time: 0 days, 0 hours, 14 minutes, and 22.122 seconds 

current simulated time: 16200 min (max: 30240 min)
total agents: 1242
interval wall time: 0 days, 0 hours, 0 minutes, and 21.8848 seconds 
total wall time: 0 days, 0 hours, 14 minutes, and 44.0068 seconds 

current simulated time: 16560 min (max: 30240 min)
total agents: 1272
interval wall time: 0 days, 0 hours, 0 minutes, and 21.9568 seconds 
total wall time: 0 days, 0 hours, 15 minutes, and 5.96363 seconds 

current simulated time: 16920 min (max: 30240 min)
total agents: 1300
interval wall time: 0 days, 0 hours, 0 minutes, and 21.9639 seconds 
total wall time: 0 days, 0 hours, 15 minutes, and 27.9276 seconds 

current simulated time: 17280 min (max: 30240 min)
total agents: 1336
interval wall time: 0 days, 0 hours, 0 minutes, and 22.3579 seconds 
total wall time: 0 days, 0 hours, 15 minutes, and 50.2855 seconds 

current simulated time: 17640 min (max: 30240 min)
total agents: 1365
interval wall time: 0 days, 0 hours, 0 minutes, and 22.553 seconds 
total wall time: 0 days, 0 hours, 16 minutes, and 12.8385 seconds 

current simulated time: 18000 min (max: 30240 min)
total agents: 1391
interval wall time: 0 days, 0 hours, 0 minutes, and 22.6565 seconds 
total wall time: 0 days, 0 hours, 16 minutes, and 35.495 seconds 

current simulated time: 18360 min (max: 30240 min)
total agents: 1425
interval wall time: 0 days, 0 hours, 0 minutes, and 22.8076 seconds 
total wall time: 0 days, 0 hours, 16 minutes, and 58.3026 seconds 

current simulated time: 18720 min (max: 30240 min)
total agents: 1472
interval wall time: 0 days, 0 hours, 0 minutes, and 23.0315 seconds 
total wall time: 0 days, 0 hours, 17 minutes, and 21.3341 seconds 

current simulated time: 19080 min (max: 30240 min)
total agents: 1509
interval wall time: 0 days, 0 hours, 0 minutes, and 23.1963 seconds 
total wall time: 0 days, 0 hours, 17 minutes, and 44.5304 seconds 

current simulated time: 19440 min (max: 30240 min)
total agents: 1535
interval wall time: 0 days, 0 hours, 0 minutes, and 23.3249 seconds 
total wall time: 0 days, 0 hours, 18 minutes, and 7.85528 seconds 

current simulated time: 19800 min (max: 30240 min)
total agents: 1573
interval wall time: 0 days, 0 hours, 0 minutes, and 23.4706 seconds 
total wall time: 0 days, 0 hours, 18 minutes, and 31.3259 seconds 

current simulated time: 20160 min (max: 30240 min)
total agents: 1606
interval wall time: 0 days, 0 hours, 0 minutes, and 23.6182 seconds 
total wall time: 0 days, 0 hours, 18 minutes, and 54.9441 seconds 

current simulated time: 20520 min (max: 30240 min)
total agents: 1634
interval wall time: 0 days, 0 hours, 0 minutes, and 23.7589 seconds 
total wall time: 0 days, 0 hours, 19 minutes, and 18.703 seconds 

current simulated time: 20880 min (max: 30240 min)
total agents: 1690
interval wall time: 0 days, 0 hours, 0 minutes, and 23.8292 seconds 
total wall time: 0 days, 0 hours, 19 minutes, and 42.5323 seconds 

current simulated time: 21240 min (max: 30240 min)
total agents: 1741
interval wall time: 0 days, 0 hours, 0 minutes, and 23.7317 seconds 
total wall time: 0 days, 0 hours, 20 minutes, and 6.26401 seconds 

current simulated time: 21600 min (max: 30240 min)
total agents: 1803
interval wall time: 0 days, 0 hours, 0 minutes, and 24.127 seconds 
total wall time: 0 days, 0 hours, 20 minutes, and 30.391 seconds 

current simulated time: 21960 min (max: 30240 min)
total agents: 1840
interval wall time: 0 days, 0 hours, 0 minutes, and 24.2244 seconds 
total wall time: 0 days, 0 hours, 20 minutes, and 54.6154 seconds 

current simulated time: 22320 min (max: 30240 min)
total agents: 1891
interval wall time: 0 days, 0 hours, 0 minutes, and 24.2692 seconds 
total wall time: 0 days, 0 hours, 21 minutes, and 18.8846 seconds 

current simulated time: 22680 min (max: 30240 min)
total agents: 1956
interval wall time: 0 days, 0 hours, 0 minutes, and 24.8719 seconds 
total wall time: 0 days, 0 hours, 21 minutes, and 43.7564 seconds 

current simulated time: 23040 min (max: 30240 min)
total agents: 1994
interval wall time: 0 days, 0 hours, 0 minutes, and 25.3206 seconds 
total wall time: 0 days, 0 hours, 22 minutes, and 9.07708 seconds 

current simulated time: 23400 min (max: 30240 min)
total agents: 2052
interval wall time: 0 days, 0 hours, 0 minutes, and 25.4866 seconds 
total wall time: 0 days, 0 hours, 22 minutes, and 34.5637 seconds 

current simulated time: 23760 min (max: 30240 min)
total agents: 2114
interval wall time: 0 days, 0 hours, 0 minutes, and 25.9168 seconds 
total wall time: 0 days, 0 hours, 23 minutes, and 0.480493 seconds 

current simulated time: 24120 min (max: 30240 min)
total agents: 2159
interval wall time: 0 days, 0 hours, 0 minutes, and 26.1926 seconds 
total wall time: 0 days, 0 hours, 23 minutes, and 26.6731 seconds 

current simulated time: 24480 min (max: 30240 min)
total agents: 2214
interval wall time: 0 days, 0 hours, 0 minutes, and 26.3228 seconds 
total wall time: 0 days, 0 hours, 23 minutes, and 52.9959 seconds 

current simulated time: 24840 min (max: 30240 min)
total agents: 2276
interval wall time: 0 days, 0 hours, 0 minutes, and 26.4796 seconds 
total wall time: 0 days, 0 hours, 24 minutes, and 19.4756 seconds 

current simulated time: 25200 min (max: 30240 min)
total agents: 2343
interval wall time: 0 days, 0 hours, 0 minutes, and 26.8791 seconds 
total wall time: 0 days, 0 hours, 24 minutes, and 46.3547 seconds 

current simulated time: 25560 min (max: 30240 min)
total agents: 2412
interval wall time: 0 days, 0 hours, 0 minutes, and 27.0481 seconds 
total wall time: 0 days, 0 hours, 25 minutes, and 13.4028 seconds 

current simulated time: 25920 min (max: 30240 min)
total agents: 2482
interval wall time: 0 days, 0 hours, 0 minutes, and 27.3936 seconds 
total wall time: 0 days, 0 hours, 25 minutes, and 40.7963 seconds 

current simulated time: 26280 min (max: 30240 min)
total agents: 2564
interval wall time: 0 days, 0 hours, 0 minutes, and 27.6843 seconds 
total wall time: 0 days, 0 hours, 26 minutes, and 8.48064 seconds 

current simulated time: 26640 min (max: 30240 min)
total agents: 2644
interval wall time: 0 days, 0 hours, 0 minutes, and 27.4267 seconds 
total wall time: 0 days, 0 hours, 26 minutes, and 35.9073 seconds 

current simulated time: 27000 min (max: 30240 min)
total agents: 2738
interval wall time: 0 days, 0 hours, 0 minutes, and 25.4215 seconds 
total wall time: 0 days, 0 hours, 27 minutes, and 1.32886 seconds 

current simulated time: 27360 min (max: 30240 min)
total agents: 2818
interval wall time: 0 days, 0 hours, 0 minutes, and 25.5683 seconds 
total wall time: 0 days, 0 hours, 27 minutes, and 26.8972 seconds 

current simulated time: 27720 min (max: 30240 min)
total agents: 2898
interval wall time: 0 days, 0 hours, 0 minutes, and 26.9909 seconds 
total wall time: 0 days, 0 hours, 27 minutes, and 53.8881 seconds 

current simulated time: 28080 min (max: 30240 min)
total agents: 2986
interval wall time: 0 days, 0 hours, 0 minutes, and 27.7653 seconds 
total wall time: 0 days, 0 hours, 28 minutes, and 21.6534 seconds 

current simulated time: 28440 min (max: 30240 min)
total agents: 3077
interval wall time: 0 days, 0 hours, 0 minutes, and 27.9498 seconds 
total wall time: 0 days, 0 hours, 28 minutes, and 49.6033 seconds 

current simulated time: 28800 min (max: 30240 min)
total agents: 3171
interval wall time: 0 days, 0 hours, 0 minutes, and 28.3319 seconds 
total wall time: 0 days, 0 hours, 29 minutes, and 17.9352 seconds 

current simulated time: 29160 min (max: 30240 min)
total agents: 3272
interval wall time: 0 days, 0 hours, 0 minutes, and 28.6924 seconds 
total wall time: 0 days, 0 hours, 29 minutes, and 46.6276 seconds 

current simulated time: 29520 min (max: 30240 min)
total agents: 3368
interval wall time: 0 days, 0 hours, 0 minutes, and 29.1389 seconds 
total wall time: 0 days, 0 hours, 30 minutes, and 15.7666 seconds 

current simulated time: 29880 min (max: 30240 min)
total agents: 3470
interval wall time: 0 days, 0 hours, 0 minutes, and 30.352 seconds 
total wall time: 0 days, 0 hours, 30 minutes, and 46.1186 seconds 

current simulated time: 30240 min (max: 30240 min)
total agents: 3586
interval wall time: 0 days, 0 hours, 0 minutes, and 30.9831 seconds 
total wall time: 0 days, 0 hours, 31 minutes, and 17.1016 seconds 


Total simulation runtime: 
0 days, 0 hours, 31 minutes, and 17.2916 seconds   End: Thu Mar 12 17:39:55 UTC 2026
=== DONE ===
