=== RC1 Fix E (seed 42) ===
  contact_inhibition_threshold=0.8
  hif1a_emt_boost=0.14, ecm_emt_cap=0.10, emt_off_threshold=0.25
  Node: cpusm03  Threads: 32
  Start: Fri Mar 13 20:09:04 UTC 2026
Using config file /home/a0hirs04/PROJECT-NORTHSTAR/build/rc1_fixE_seed42/replicate_01_seed42/config.xml ... 
Setting up RNG with seed 0
1
dc? 1
User parameters in XML config file: 
Bool parameters:: 

Int parameters:: 
number_of_tumor_cells: 50 [none]
number_of_stromal_cells: 500 [none]
emt_phenotype_extent: 3 [dimensionless]
host_death_ceiling: 50000 [cells]

Double parameters:: 
tumor_cluster_radius: 100 [micron]
stroma_inner_radius: 100 [micron]
stroma_outer_radius: 300 [micron]
mechanics_voxel_size: 30 [micron]
tgfb_activation_threshold: 0.1 [dimensionless]
shh_activation_threshold: 0.05 [dimensionless]
oxygen_necrosis_threshold: 5 [mmHg]
oxygen_hypoxia_threshold: 15 [mmHg]
drug_start_time: 20160 [min]
drug_end_time: 40320 [min]
drug_concentration: 1 [dimensionless]
shh_inhibition_start_time: 1e+18 [min]
shh_inhibition_strength: 0 [dimensionless]
tgfb_secretion_rate: 0.8 [dimensionless]
shh_secretion_rate: 0.7 [dimensionless]
hif1a_tgfb_amplification_factor: 1.5 [dimensionless]
caf_tgfb_secretion_rate: 0.3 [dimensionless]
tgfb_brake_sensitivity: 0.05 [dimensionless]
proliferation_rate: 0.75 [dimensionless]
checkpoint_integrity: 0.05 [dimensionless]
apoptosis_resistance: 0.85 [dimensionless]
base_proliferation_rate: 0.00048 [1/min]
go_grow_penalty: 0.95 [dimensionless]
hypoxia_proliferation_modifier: 0.2 [dimensionless]
hypoxia_death_resistance_bonus: 0.1 [dimensionless]
contact_inhibition_threshold: 0.8 [dimensionless]
drug_kill_coefficient: 0.0002 [1/min]
efflux_drug_reduction: 0.7 [dimensionless]
caf_proliferation_rate: 0.0001 [1/min]
gli1_proliferation_boost: 1.3 [dimensionless]
psc_proliferation_rate: 0 [1/min]
ecm_production_rate_base: 0.01 [1/min]
ecm_production_rate_boosted: 0.015 [1/min]
ecm_ha_fraction_default: 0.6 [dimensionless]
mmp2_degradation_rate: 0.005 [1/min]
ecm_natural_decay_rate: 0.0001 [1/min]
drug_uptake_rate: 0.01 [1/hour]
drug_stress_threshold: 0.03 [dimensionless]
nrf2_decay_rate: 0.01 [1/hour]
drug_natural_decay_rate: 0 [1/hour]
hif1a_nrf2_priming_bonus: 0.02 [dimensionless]
emt_induction_threshold: 0.3 [dimensionless]
hif1a_emt_boost: 0.14 [dimensionless]
motility_epithelial: 0.1 [micron/min]
motility_mesenchymal_low: 0.5 [micron/min]
motility_mesenchymal_med: 1 [micron/min]
motility_mesenchymal_high: 2 [micron/min]
adhesion_epithelial: 5 [dimensionless]
adhesion_mesenchymal_low: 3 [dimensionless]
adhesion_mesenchymal_med: 1.5 [dimensionless]
adhesion_mesenchymal_high: 0.5 [dimensionless]
hypoxia_response_threshold: 0.35 [dimensionless]
efflux_induction_delay: 0.5 [dimensionless]
efflux_strength: 0.7 [dimensionless]
mechanical_compaction_strength: 0.6 [dimensionless]
compaction_ecm_increment: 0.01 [dimensionless]
crowding_base_pressure: 0.02 [dimensionless]
stromal_contact_emt_boost: 0 [dimensionless]
ecm_emt_threshold: 0.3 [dimensionless]
ecm_emt_ramp: 0.3 [dimensionless]
ecm_emt_strength: 0.4 [dimensionless]
ecm_emt_cap: 0.1 [dimensionless]
emt_death_increase: 5e-05 [1/min]
emt_off_threshold: 0.25 [dimensionless]
emt_activation_delay: 360 [min]
ecm_emt_require_caf_contact: 1 [dimensionless]
ecm_motility_block_threshold: 0.8 [dimensionless]

String parameters:: 
calibration_profile: AsPC-1 [none]
tumor_calibration_knobs_json: config/tumor_calibration_knobs.json [none]
emt_phenotype_extent: HIGH [none]
hypoxia_phenotype_shift: HIGH [none]


which boundaries?
1 1 1 1 1 1

Microenvironment summary: microenvironment: 

Mesh information: 
type: uniform Cartesian
Domain: [-1000,1000] micron x [-1000,1000] micron x [-10,10] micron
   resolution: dx = 20 micron
   voxels: 10000
   voxel faces: 0
   volume: 8e+07 cubic micron
Densities: (5 total)
   oxygen:
     units: mmHg
     diffusion coefficient: 100000 micron^2 / min
     decay rate: 0.1 min^-1
     diffusion length scale: 1000 micron
     initial condition: 38 mmHg
     boundary condition: 38 mmHg (enabled: false)
   tgfb:
     units: dimensionless
     diffusion coefficient: 1000 micron^2 / min
     decay rate: 0.01 min^-1
     diffusion length scale: 316.228 micron
     initial condition: 0 dimensionless
     boundary condition: 0 dimensionless (enabled: false)
   shh:
     units: dimensionless
     diffusion coefficient: 1000 micron^2 / min
     decay rate: 0.01 min^-1
     diffusion length scale: 316.228 micron
     initial condition: 0 dimensionless
     boundary condition: 0 dimensionless (enabled: false)
   drug:
     units: dimensionless
     diffusion coefficient: 5000 micron^2 / min
     decay rate: 0.002 min^-1
     diffusion length scale: 1581.14 micron
     initial condition: 0 dimensionless
     boundary condition: 0 dimensionless (enabled: false)
   ecm_density:
     units: dimensionless
     diffusion coefficient: 0 micron^2 / min
     decay rate: 0.0001 min^-1
     diffusion length scale: 0 micron
     initial condition: 0 dimensionless
     boundary condition: 0 dimensionless (enabled: false)

virtual_wall_at_domain_edge: enabled
Pre-processing type 0 named tumor_cell
Pre-processing type 1 named stromal_cell
Processing tumor_cell ... 
Note: setting cell definition to 2D based on microenvironment domain settings ... 
  --------- attachment_elastic_constant = 0.01
Processing stromal_cell ... 
Note: setting cell definition to 2D based on microenvironment domain settings ... 
copying data ... 
tumor_cell to stromal_cell
  --------- attachment_elastic_constant = 0.01
Signals: 
=======
0 : oxygen
1 : tgfb
2 : shh
3 : drug
4 : ecm_density
5 : intracellular oxygen
6 : intracellular tgfb
7 : intracellular shh
8 : intracellular drug
9 : intracellular ecm_density
10 : oxygen gradient
11 : tgfb gradient
12 : shh gradient
13 : drug gradient
14 : ecm_density gradient
15 : pressure
16 : volume
17 : contact with tumor_cell
18 : contact with stromal_cell
19 : contact with live cell
20 : contact with dead cell
21 : contact with apoptotic cell
22 : contact with necrotic cell
23 : contact with other dead cell
24 : contact with basement membrane
25 : damage
26 : damage delivered
27 : attacking
28 : dead
29 : total attack time
30 : time
31 : custom:KRAS
32 : custom:MYC
33 : custom:EGFR
34 : custom:TP53
35 : custom:CDKN2A
36 : custom:SMAD4
37 : custom:RB1
38 : custom:BCL_XL
39 : custom:BAX
40 : custom:ZEB1
41 : custom:CDH1
42 : custom:MMP2
43 : custom:TGFB1_expr
44 : custom:SHH_expr
45 : custom:HIF1A
46 : custom:NRF2
47 : custom:ABCB1
48 : custom:is_mesenchymal
49 : custom:stress_level
50 : custom:drug_sensitivity
51 : custom:apoptosis_threshold
52 : custom:cell_id
53 : custom:parent_id
54 : custom:gene_state_KRAS
55 : custom:gene_state_TP53
56 : custom:gene_state_CDKN2A
57 : custom:gene_state_SMAD4
58 : custom:gene_state_BCL_XL
59 : custom:gene_state_MYC
60 : custom:gene_state_EGFR
61 : custom:gene_state_RB1
62 : custom:gene_state_BAX
63 : custom:gene_state_ZEB1
64 : custom:gene_state_CDH1
65 : custom:gene_state_MMP2
66 : custom:gene_state_TGFB1
67 : custom:gene_state_SHH
68 : custom:gene_state_HIF1A
69 : custom:gene_state_NRF2
70 : custom:gene_state_ABCB1
71 : custom:gene_state_HAS2
72 : custom:gene_state_COL1A1
73 : custom:gene_state_GLI1
74 : custom:gene_state_ACTA2
75 : custom:hif1a_active
76 : custom:zeb1_active
77 : custom:cdh1_expressed
78 : custom:nrf2_active
79 : custom:abcb1_active
80 : custom:mmp2_active
81 : custom:intracellular_drug
82 : custom:time_since_drug_exposure
83 : custom:time_alive
84 : custom:emt_extent
85 : custom:mechanical_pressure
86 : custom:emt_signal_time
87 : apoptotic
88 : necrotic


Behaviors: 
=========
0 : oxygen secretion
1 : tgfb secretion
2 : shh secretion
3 : drug secretion
4 : ecm_density secretion
5 : oxygen secretion target
6 : tgfb secretion target
7 : shh secretion target
8 : drug secretion target
9 : ecm_density secretion target
10 : oxygen uptake
11 : tgfb uptake
12 : shh uptake
13 : drug uptake
14 : ecm_density uptake
15 : oxygen export
16 : tgfb export
17 : shh export
18 : drug export
19 : ecm_density export
20 : cycle entry
21 : exit from cycle phase 1
22 : exit from cycle phase 2
23 : exit from cycle phase 3
24 : exit from cycle phase 4
25 : exit from cycle phase 5
26 : apoptosis
27 : necrosis
28 : migration speed
29 : migration bias
30 : migration persistence time
31 : chemotactic response to oxygen
32 : chemotactic response to tgfb
33 : chemotactic response to shh
34 : chemotactic response to drug
35 : chemotactic response to ecm_density
36 : cell-cell adhesion
37 : cell-cell adhesion elastic constant
38 : adhesive affinity to tumor_cell
39 : adhesive affinity to stromal_cell
40 : relative maximum adhesion distance
41 : cell-cell repulsion
42 : cell-BM adhesion
43 : cell-BM repulsion
44 : phagocytose apoptotic cell
45 : phagocytose necrotic cell
46 : phagocytose other dead cell
47 : phagocytose tumor_cell
48 : phagocytose stromal_cell
49 : attack tumor_cell
50 : attack stromal_cell
51 : fuse to tumor_cell
52 : fuse to stromal_cell
53 : transition to tumor_cell
54 : transition to stromal_cell
55 : asymmetric division to tumor_cell
56 : asymmetric division to stromal_cell
57 : custom:KRAS
58 : custom:MYC
59 : custom:EGFR
60 : custom:TP53
61 : custom:CDKN2A
62 : custom:SMAD4
63 : custom:RB1
64 : custom:BCL_XL
65 : custom:BAX
66 : custom:ZEB1
67 : custom:CDH1
68 : custom:MMP2
69 : custom:TGFB1_expr
70 : custom:SHH_expr
71 : custom:HIF1A
72 : custom:NRF2
73 : custom:ABCB1
74 : custom:is_mesenchymal
75 : custom:stress_level
76 : custom:drug_sensitivity
77 : custom:apoptosis_threshold
78 : custom:cell_id
79 : custom:parent_id
80 : custom:gene_state_KRAS
81 : custom:gene_state_TP53
82 : custom:gene_state_CDKN2A
83 : custom:gene_state_SMAD4
84 : custom:gene_state_BCL_XL
85 : custom:gene_state_MYC
86 : custom:gene_state_EGFR
87 : custom:gene_state_RB1
88 : custom:gene_state_BAX
89 : custom:gene_state_ZEB1
90 : custom:gene_state_CDH1
91 : custom:gene_state_MMP2
92 : custom:gene_state_TGFB1
93 : custom:gene_state_SHH
94 : custom:gene_state_HIF1A
95 : custom:gene_state_NRF2
96 : custom:gene_state_ABCB1
97 : custom:gene_state_HAS2
98 : custom:gene_state_COL1A1
99 : custom:gene_state_GLI1
100 : custom:gene_state_ACTA2
101 : custom:hif1a_active
102 : custom:zeb1_active
103 : custom:cdh1_expressed
104 : custom:nrf2_active
105 : custom:abcb1_active
106 : custom:mmp2_active
107 : custom:intracellular_drug
108 : custom:time_since_drug_exposure
109 : custom:time_alive
110 : custom:emt_extent
111 : custom:mechanical_pressure
112 : custom:emt_signal_time
113 : is_movable
114 : immunogenicity to tumor_cell
115 : immunogenicity to stromal_cell
116 : cell attachment rate
117 : cell detachment rate
118 : maximum number of cell attachments
119 : attack damage rate
120 : attack duration
121 : damage rate
122 : damage repair rate


ruleset
	Ruleset disabled ... 
Behavioral rules for cell type tumor_cell:
===================================================

Behavioral rules for cell type stromal_cell:
===================================================

Exporting rules to file /home/a0hirs04/PROJECT-NORTHSTAR/build/rc1_fixE_seed42/replicate_01_seed42/output/cell_rules_parsed.csv (v3 format) ... 
Done!

0 :: type:0 name: tumor_cell
	 cycle model: Live (code=5)
		Phase 0: Live
		Cycle transitions: 
		-----------------
		Live --> Live w mean duration 100 min
	 death models: 
		0 : Apoptosis (code=100) with rate 0.00015 1/min
		death phase transitions: 
		------------------------
		Apoptotic --> Debris w mean duration 516 min
		1 : Necrosis (code=101) with rate 0 1/min
		death phase transitions: 
		------------------------
		Necrotic (swelling) --> Necrotic (lysed) w mean duration 1e-16 min
		Necrotic (lysed) --> Debris w mean duration 86400 min
	 key functions: 
		 migration bias rule: false
		 custom rule: false
		 phenotype rule: true
		 volume update function: true
		 mechanics function: true
		 contact function: false
		 cell division function: true
	motility (enabled: true in 2D)
		speed: 0.1 micron/min
		bias: 0 
		persistence time: 10 min
		chemotaxis (enabled: false)
			along 1 * grad(oxygen) 
	mechanics:
		cell_cell_adhesion_strength: 5
		cell_cell_repulsion_strength: 10
		rel max adhesion dist: 1.25
		cell_BM_adhesion_strength: 4
		cell_BM_repulsion_strength: 100
		attachment_elastic_constant: 0.01
		attachment_rate: 0
		detachment_rate: 0
	custom data: 
		KRAS: 1 dimensionless
		MYC: 0 dimensionless
		EGFR: 1 dimensionless
		TP53: 0 dimensionless
		CDKN2A: 0 dimensionless
		SMAD4: 0 dimensionless
		RB1: 0 dimensionless
		BCL_XL: 0 dimensionless
		BAX: 0 dimensionless
		ZEB1: 0 dimensionless
		CDH1: 0 dimensionless
		MMP2: 0 dimensionless
		TGFB1_expr: 0 dimensionless
		SHH_expr: 0 dimensionless
		HIF1A: 0 dimensionless
		NRF2: 0 dimensionless
		ABCB1: 0 dimensionless
		is_mesenchymal: 0 dimensionless
		stress_level: 0 dimensionless
		drug_sensitivity: 1 dimensionless
		apoptosis_threshold: 0.5 dimensionless
		cell_id: -1 none
		parent_id: -1 none
		gene_state_KRAS: 1 none
		gene_state_TP53: 2 none
		gene_state_CDKN2A: 2 none
		gene_state_SMAD4: 2 none
		gene_state_BCL_XL: 1 none
		gene_state_MYC: 0 none
		gene_state_EGFR: 0 none
		gene_state_RB1: 0 none
		gene_state_BAX: 0 none
		gene_state_ZEB1: 0 none
		gene_state_CDH1: 0 none
		gene_state_MMP2: 0 none
		gene_state_TGFB1: 0 none
		gene_state_SHH: 0 none
		gene_state_HIF1A: 0 none
		gene_state_NRF2: 0 none
		gene_state_ABCB1: 0 none
		gene_state_HAS2: 0 none
		gene_state_COL1A1: 0 none
		gene_state_GLI1: 0 none
		gene_state_ACTA2: 0 none
		hif1a_active: 0 dimensionless
		zeb1_active: 0 dimensionless
		cdh1_expressed: 1 dimensionless
		nrf2_active: 0 dimensionless
		abcb1_active: 0 dimensionless
		mmp2_active: 0 dimensionless
		intracellular_drug: 0 dimensionless
		time_since_drug_exposure: -1 hour
		time_alive: 0 min
		emt_extent: 0 dimensionless
		mechanical_pressure: 0 dimensionless
		emt_signal_time: 0 min
		final_prolif_rate: 0 1/min
	custom vector data: 
			NOTE: custom vector data will eventually be merged with custom data
1 :: type:1 name: stromal_cell
	 cycle model: Live (code=5)
		Phase 0: Live
		Cycle transitions: 
		-----------------
		Live --> Live w mean duration inf min
	 death models: 
		0 : Apoptosis (code=100) with rate 0 1/min
		death phase transitions: 
		------------------------
		Apoptotic --> Debris w mean duration 516 min
		1 : Necrosis (code=101) with rate 0 1/min
		death phase transitions: 
		------------------------
		Necrotic (swelling) --> Necrotic (lysed) w mean duration 1e-16 min
		Necrotic (lysed) --> Debris w mean duration 86400 min
	 key functions: 
		 migration bias rule: false
		 custom rule: false
		 phenotype rule: true
		 volume update function: true
		 mechanics function: true
		 contact function: false
		 cell division function: true
	motility (enabled: true in 2D)
		speed: 0.05 micron/min
		bias: 0 
		persistence time: 10 min
		chemotaxis (enabled: false)
			along 1 * grad(oxygen) 
	mechanics:
		cell_cell_adhesion_strength: 0.8
		cell_cell_repulsion_strength: 10
		rel max adhesion dist: 1.25
		cell_BM_adhesion_strength: 4
		cell_BM_repulsion_strength: 100
		attachment_elastic_constant: 0.01
		attachment_rate: 0
		detachment_rate: 0
	custom data: 
		cell_id: -1 none
		parent_id: -1 none
		gene_state_SMAD4: 0 none
		gene_state_ACTA2: 0 none
		gene_state_GLI1: 0 none
		gene_state_HAS2: 0 none
		gene_state_COL1A1: 0 none
		gene_state_TGFB1: 0 none
		gene_state_SHH: 0 none
		acta2_active: 0 dimensionless
		gli1_active: 0 dimensionless
		activation_mode: 0 dimensionless
		hif1a_active: 0 dimensionless
		ecm_production_rate: 0 dimensionless
		tgfb_secretion_active: 0 dimensionless
		time_alive: 0 min
		mechanical_pressure: 0 dimensionless
		_stromal_reserved_0: 0 none
		_stromal_reserved_1: 0 none
		_stromal_reserved_2: 0 none
		_stromal_reserved_3: 0 none
		_stromal_reserved_4: 0 none
		_stromal_reserved_5: 0 none
		_stromal_reserved_6: 0 none
		_stromal_reserved_7: 0 none
		_stromal_reserved_8: 0 none
		_stromal_reserved_9: 0 none
		_stromal_reserved_10: 0 none
		_stromal_reserved_11: 0 none
		_stromal_reserved_12: 0 none
		_stromal_reserved_13: 0 none
		_stromal_reserved_14: 0 none
		_stromal_reserved_15: 0 none
		_stromal_reserved_16: 0 none
		_stromal_reserved_17: 0 none
		_stromal_reserved_18: 0 none
		_stromal_reserved_19: 0 none
		_stromal_reserved_20: 0 none
		_stromal_reserved_21: 0 none
		_stromal_reserved_22: 0 none
		_stromal_reserved_23: 0 none
		_stromal_reserved_24: 0 none
		_stromal_reserved_25: 0 none
		_stromal_reserved_26: 0 none
		_stromal_reserved_27: 0 none
		_stromal_reserved_28: 0 none
		_stromal_reserved_29: 0 none
		_stromal_reserved_30: 0 none
		_stromal_reserved_31: 0 none
		_stromal_reserved_32: 0 none
		_stromal_reserved_33: 0 none
		_stromal_reserved_34: 0 none
		_stromal_reserved_35: 0 none
		_stromal_reserved_36: 0 none
		_stromal_reserved_37: 0 none
		_stromal_reserved_38: 0 none
		_stromal_reserved_39: 0 none
	custom vector data: 
			NOTE: custom vector data will eventually be merged with custom data
Using PhysiCell version 1.14.2
	Please cite DOI: 10.1371/journal.pcbi.1005991
	Project website: http://physicell.org

See ALL_CITATIONS.txt for this list.
current simulated time: 0 min (max: 30240 min)
total agents: 550
interval wall time: 0 days, 0 hours, 0 minutes, and 3.36e-05 seconds 
total wall time: 0 days, 0 hours, 0 minutes, and 4.422e-05 seconds 


Using method diffusion_decay_solver__constant_coefficients_LOD_2D (2D LOD with Thomas Algorithm) ... 

current simulated time: 360 min (max: 30240 min)
total agents: 563
interval wall time: 0 days, 0 hours, 0 minutes, and 16.8044 seconds 
total wall time: 0 days, 0 hours, 0 minutes, and 16.8045 seconds 

current simulated time: 720 min (max: 30240 min)
total agents: 580
interval wall time: 0 days, 0 hours, 0 minutes, and 16.1892 seconds 
total wall time: 0 days, 0 hours, 0 minutes, and 32.9937 seconds 

current simulated time: 1080 min (max: 30240 min)
total agents: 599
interval wall time: 0 days, 0 hours, 0 minutes, and 16.0141 seconds 
total wall time: 0 days, 0 hours, 0 minutes, and 49.0078 seconds 

current simulated time: 1440 min (max: 30240 min)
total agents: 614
interval wall time: 0 days, 0 hours, 0 minutes, and 17.744 seconds 
total wall time: 0 days, 0 hours, 1 minutes, and 6.75188 seconds 

current simulated time: 1800 min (max: 30240 min)
total agents: 627
interval wall time: 0 days, 0 hours, 0 minutes, and 17.782 seconds 
total wall time: 0 days, 0 hours, 1 minutes, and 24.5339 seconds 

current simulated time: 2160 min (max: 30240 min)
total agents: 641
interval wall time: 0 days, 0 hours, 0 minutes, and 17.4609 seconds 
total wall time: 0 days, 0 hours, 1 minutes, and 41.9948 seconds 

current simulated time: 2520 min (max: 30240 min)
total agents: 654
interval wall time: 0 days, 0 hours, 0 minutes, and 16.9716 seconds 
total wall time: 0 days, 0 hours, 1 minutes, and 58.9664 seconds 

current simulated time: 2880 min (max: 30240 min)
total agents: 673
interval wall time: 0 days, 0 hours, 0 minutes, and 17.8618 seconds 
total wall time: 0 days, 0 hours, 2 minutes, and 16.8282 seconds 

current simulated time: 3240 min (max: 30240 min)
total agents: 686
interval wall time: 0 days, 0 hours, 0 minutes, and 18.1765 seconds 
total wall time: 0 days, 0 hours, 2 minutes, and 35.0048 seconds 

current simulated time: 3600 min (max: 30240 min)
total agents: 708
interval wall time: 0 days, 0 hours, 0 minutes, and 17.635 seconds 
total wall time: 0 days, 0 hours, 2 minutes, and 52.6398 seconds 

current simulated time: 3960 min (max: 30240 min)
total agents: 728
interval wall time: 0 days, 0 hours, 0 minutes, and 15.7609 seconds 
total wall time: 0 days, 0 hours, 3 minutes, and 8.40073 seconds 

current simulated time: 4320 min (max: 30240 min)
total agents: 747
interval wall time: 0 days, 0 hours, 0 minutes, and 18.1161 seconds 
total wall time: 0 days, 0 hours, 3 minutes, and 26.5168 seconds 

current simulated time: 4680 min (max: 30240 min)
total agents: 768
interval wall time: 0 days, 0 hours, 0 minutes, and 17.1096 seconds 
total wall time: 0 days, 0 hours, 3 minutes, and 43.6264 seconds 

current simulated time: 5040 min (max: 30240 min)
total agents: 782
interval wall time: 0 days, 0 hours, 0 minutes, and 18.1318 seconds 
total wall time: 0 days, 0 hours, 4 minutes, and 1.75815 seconds 

current simulated time: 5400 min (max: 30240 min)
total agents: 801
interval wall time: 0 days, 0 hours, 0 minutes, and 18.5423 seconds 
total wall time: 0 days, 0 hours, 4 minutes, and 20.3004 seconds 

current simulated time: 5760 min (max: 30240 min)
total agents: 817
interval wall time: 0 days, 0 hours, 0 minutes, and 18.4603 seconds 
total wall time: 0 days, 0 hours, 4 minutes, and 38.7607 seconds 

current simulated time: 6120 min (max: 30240 min)
total agents: 837
interval wall time: 0 days, 0 hours, 0 minutes, and 19.0313 seconds 
total wall time: 0 days, 0 hours, 4 minutes, and 57.792 seconds 

current simulated time: 6480 min (max: 30240 min)
total agents: 868
interval wall time: 0 days, 0 hours, 0 minutes, and 19.5794 seconds 
total wall time: 0 days, 0 hours, 5 minutes, and 17.3714 seconds 

current simulated time: 6840 min (max: 30240 min)
total agents: 893
interval wall time: 0 days, 0 hours, 0 minutes, and 18.9146 seconds 
total wall time: 0 days, 0 hours, 5 minutes, and 36.286 seconds 

current simulated time: 7200 min (max: 30240 min)
total agents: 915
interval wall time: 0 days, 0 hours, 0 minutes, and 19.6419 seconds 
total wall time: 0 days, 0 hours, 5 minutes, and 55.9279 seconds 

current simulated time: 7560 min (max: 30240 min)
total agents: 914
interval wall time: 0 days, 0 hours, 0 minutes, and 19.0118 seconds 
total wall time: 0 days, 0 hours, 6 minutes, and 14.9397 seconds 

current simulated time: 7920 min (max: 30240 min)
total agents: 937
interval wall time: 0 days, 0 hours, 0 minutes, and 18.8651 seconds 
total wall time: 0 days, 0 hours, 6 minutes, and 33.8048 seconds 

current simulated time: 8280 min (max: 30240 min)
total agents: 959
interval wall time: 0 days, 0 hours, 0 minutes, and 19.1768 seconds 
total wall time: 0 days, 0 hours, 6 minutes, and 52.9816 seconds 

current simulated time: 8640 min (max: 30240 min)
total agents: 967
interval wall time: 0 days, 0 hours, 0 minutes, and 17.8906 seconds 
total wall time: 0 days, 0 hours, 7 minutes, and 10.8722 seconds 

current simulated time: 9000 min (max: 30240 min)
total agents: 988
interval wall time: 0 days, 0 hours, 0 minutes, and 20.2244 seconds 
total wall time: 0 days, 0 hours, 7 minutes, and 31.0967 seconds 

current simulated time: 9360 min (max: 30240 min)
total agents: 1018
interval wall time: 0 days, 0 hours, 0 minutes, and 20.4847 seconds 
total wall time: 0 days, 0 hours, 7 minutes, and 51.5814 seconds 

current simulated time: 9720 min (max: 30240 min)
total agents: 1034
interval wall time: 0 days, 0 hours, 0 minutes, and 19.5808 seconds 
total wall time: 0 days, 0 hours, 8 minutes, and 11.1622 seconds 

current simulated time: 10080 min (max: 30240 min)
total agents: 1059
interval wall time: 0 days, 0 hours, 0 minutes, and 20.5559 seconds 
total wall time: 0 days, 0 hours, 8 minutes, and 31.7181 seconds 

current simulated time: 10440 min (max: 30240 min)
total agents: 1077
interval wall time: 0 days, 0 hours, 0 minutes, and 20.7583 seconds 
total wall time: 0 days, 0 hours, 8 minutes, and 52.4764 seconds 

current simulated time: 10800 min (max: 30240 min)
total agents: 1086
interval wall time: 0 days, 0 hours, 0 minutes, and 20.8132 seconds 
total wall time: 0 days, 0 hours, 9 minutes, and 13.2896 seconds 

current simulated time: 11160 min (max: 30240 min)
total agents: 1104
interval wall time: 0 days, 0 hours, 0 minutes, and 20.9168 seconds 
total wall time: 0 days, 0 hours, 9 minutes, and 34.2065 seconds 

current simulated time: 11520 min (max: 30240 min)
total agents: 1124
interval wall time: 0 days, 0 hours, 0 minutes, and 21.0992 seconds 
total wall time: 0 days, 0 hours, 9 minutes, and 55.3057 seconds 

current simulated time: 11880 min (max: 30240 min)
total agents: 1135
interval wall time: 0 days, 0 hours, 0 minutes, and 20.8125 seconds 
total wall time: 0 days, 0 hours, 10 minutes, and 16.1182 seconds 

current simulated time: 12240 min (max: 30240 min)
total agents: 1157
interval wall time: 0 days, 0 hours, 0 minutes, and 20.0325 seconds 
total wall time: 0 days, 0 hours, 10 minutes, and 36.1507 seconds 

current simulated time: 12600 min (max: 30240 min)
total agents: 1168
interval wall time: 0 days, 0 hours, 0 minutes, and 18.6772 seconds 
total wall time: 0 days, 0 hours, 10 minutes, and 54.8279 seconds 

current simulated time: 12960 min (max: 30240 min)
total agents: 1184
interval wall time: 0 days, 0 hours, 0 minutes, and 19.2807 seconds 
total wall time: 0 days, 0 hours, 11 minutes, and 14.1086 seconds 

current simulated time: 13320 min (max: 30240 min)
total agents: 1212
interval wall time: 0 days, 0 hours, 0 minutes, and 20.517 seconds 
total wall time: 0 days, 0 hours, 11 minutes, and 34.6256 seconds 

current simulated time: 13680 min (max: 30240 min)
total agents: 1230
interval wall time: 0 days, 0 hours, 0 minutes, and 21.0145 seconds 
total wall time: 0 days, 0 hours, 11 minutes, and 55.6401 seconds 

current simulated time: 14040 min (max: 30240 min)
total agents: 1256
interval wall time: 0 days, 0 hours, 0 minutes, and 19.9571 seconds 
total wall time: 0 days, 0 hours, 12 minutes, and 15.5972 seconds 

current simulated time: 14400 min (max: 30240 min)
total agents: 1282
interval wall time: 0 days, 0 hours, 0 minutes, and 19.8066 seconds 
total wall time: 0 days, 0 hours, 12 minutes, and 35.4038 seconds 

current simulated time: 14760 min (max: 30240 min)
total agents: 1307
interval wall time: 0 days, 0 hours, 0 minutes, and 21.1561 seconds 
total wall time: 0 days, 0 hours, 12 minutes, and 56.5599 seconds 

current simulated time: 15120 min (max: 30240 min)
total agents: 1337
interval wall time: 0 days, 0 hours, 0 minutes, and 19.9815 seconds 
total wall time: 0 days, 0 hours, 13 minutes, and 16.5414 seconds 

current simulated time: 15480 min (max: 30240 min)
total agents: 1359
interval wall time: 0 days, 0 hours, 0 minutes, and 21.01 seconds 
total wall time: 0 days, 0 hours, 13 minutes, and 37.5514 seconds 

current simulated time: 15840 min (max: 30240 min)
total agents: 1385
interval wall time: 0 days, 0 hours, 0 minutes, and 21.4123 seconds 
total wall time: 0 days, 0 hours, 13 minutes, and 58.9637 seconds 

current simulated time: 16200 min (max: 30240 min)
total agents: 1406
interval wall time: 0 days, 0 hours, 0 minutes, and 21.4991 seconds 
total wall time: 0 days, 0 hours, 14 minutes, and 20.4629 seconds 

current simulated time: 16560 min (max: 30240 min)
total agents: 1423
interval wall time: 0 days, 0 hours, 0 minutes, and 21.6421 seconds 
total wall time: 0 days, 0 hours, 14 minutes, and 42.105 seconds 

current simulated time: 16920 min (max: 30240 min)
total agents: 1441
interval wall time: 0 days, 0 hours, 0 minutes, and 21.7078 seconds 
total wall time: 0 days, 0 hours, 15 minutes, and 3.81286 seconds 

current simulated time: 17280 min (max: 30240 min)
total agents: 1464
interval wall time: 0 days, 0 hours, 0 minutes, and 21.9853 seconds 
total wall time: 0 days, 0 hours, 15 minutes, and 25.7982 seconds 

current simulated time: 17640 min (max: 30240 min)
total agents: 1500
interval wall time: 0 days, 0 hours, 0 minutes, and 22.5054 seconds 
total wall time: 0 days, 0 hours, 15 minutes, and 48.3036 seconds 

current simulated time: 18000 min (max: 30240 min)
total agents: 1518
interval wall time: 0 days, 0 hours, 0 minutes, and 22.6763 seconds 
total wall time: 0 days, 0 hours, 16 minutes, and 10.98 seconds 

current simulated time: 18360 min (max: 30240 min)
total agents: 1549
interval wall time: 0 days, 0 hours, 0 minutes, and 22.6259 seconds 
total wall time: 0 days, 0 hours, 16 minutes, and 33.6059 seconds 

current simulated time: 18720 min (max: 30240 min)
total agents: 1577
interval wall time: 0 days, 0 hours, 0 minutes, and 22.7232 seconds 
total wall time: 0 days, 0 hours, 16 minutes, and 56.3291 seconds 

current simulated time: 19080 min (max: 30240 min)
total agents: 1614
interval wall time: 0 days, 0 hours, 0 minutes, and 22.8507 seconds 
total wall time: 0 days, 0 hours, 17 minutes, and 19.1798 seconds 

current simulated time: 19440 min (max: 30240 min)
total agents: 1666
interval wall time: 0 days, 0 hours, 0 minutes, and 23.1077 seconds 
total wall time: 0 days, 0 hours, 17 minutes, and 42.2874 seconds 

current simulated time: 19800 min (max: 30240 min)
total agents: 1705
interval wall time: 0 days, 0 hours, 0 minutes, and 23.3351 seconds 
total wall time: 0 days, 0 hours, 18 minutes, and 5.62257 seconds 

current simulated time: 20160 min (max: 30240 min)
total agents: 1736
interval wall time: 0 days, 0 hours, 0 minutes, and 22.9397 seconds 
total wall time: 0 days, 0 hours, 18 minutes, and 28.5623 seconds 

current simulated time: 20520 min (max: 30240 min)
total agents: 1772
interval wall time: 0 days, 0 hours, 0 minutes, and 23.6892 seconds 
total wall time: 0 days, 0 hours, 18 minutes, and 52.2514 seconds 

current simulated time: 20880 min (max: 30240 min)
total agents: 1809
interval wall time: 0 days, 0 hours, 0 minutes, and 23.3774 seconds 
total wall time: 0 days, 0 hours, 19 minutes, and 15.6288 seconds 

current simulated time: 21240 min (max: 30240 min)
total agents: 1840
interval wall time: 0 days, 0 hours, 0 minutes, and 23.5453 seconds 
total wall time: 0 days, 0 hours, 19 minutes, and 39.1742 seconds 

current simulated time: 21600 min (max: 30240 min)
total agents: 1877
interval wall time: 0 days, 0 hours, 0 minutes, and 24.1937 seconds 
total wall time: 0 days, 0 hours, 20 minutes, and 3.36788 seconds 

current simulated time: 21960 min (max: 30240 min)
total agents: 1922
interval wall time: 0 days, 0 hours, 0 minutes, and 23.891 seconds 
total wall time: 0 days, 0 hours, 20 minutes, and 27.2589 seconds 

current simulated time: 22320 min (max: 30240 min)
total agents: 1959
interval wall time: 0 days, 0 hours, 0 minutes, and 24.096 seconds 
total wall time: 0 days, 0 hours, 20 minutes, and 51.3549 seconds 

current simulated time: 22680 min (max: 30240 min)
total agents: 1997
interval wall time: 0 days, 0 hours, 0 minutes, and 24.5328 seconds 
total wall time: 0 days, 0 hours, 21 minutes, and 15.8877 seconds 

current simulated time: 23040 min (max: 30240 min)
total agents: 2038
interval wall time: 0 days, 0 hours, 0 minutes, and 24.7024 seconds 
total wall time: 0 days, 0 hours, 21 minutes, and 40.5901 seconds 

current simulated time: 23400 min (max: 30240 min)
total agents: 2085
interval wall time: 0 days, 0 hours, 0 minutes, and 24.7869 seconds 
total wall time: 0 days, 0 hours, 22 minutes, and 5.37707 seconds 

current simulated time: 23760 min (max: 30240 min)
total agents: 2153
interval wall time: 0 days, 0 hours, 0 minutes, and 25.072 seconds 
total wall time: 0 days, 0 hours, 22 minutes, and 30.4491 seconds 

current simulated time: 24120 min (max: 30240 min)
total agents: 2205
interval wall time: 0 days, 0 hours, 0 minutes, and 25.3365 seconds 
total wall time: 0 days, 0 hours, 22 minutes, and 55.7856 seconds 

current simulated time: 24480 min (max: 30240 min)
total agents: 2253
interval wall time: 0 days, 0 hours, 0 minutes, and 25.7319 seconds 
total wall time: 0 days, 0 hours, 23 minutes, and 21.5175 seconds 

current simulated time: 24840 min (max: 30240 min)
total agents: 2304
interval wall time: 0 days, 0 hours, 0 minutes, and 25.7763 seconds 
total wall time: 0 days, 0 hours, 23 minutes, and 47.2938 seconds 

current simulated time: 25200 min (max: 30240 min)
total agents: 2361
interval wall time: 0 days, 0 hours, 0 minutes, and 25.3913 seconds 
total wall time: 0 days, 0 hours, 24 minutes, and 12.6851 seconds 

current simulated time: 25560 min (max: 30240 min)
total agents: 2434
interval wall time: 0 days, 0 hours, 0 minutes, and 25.067 seconds 
total wall time: 0 days, 0 hours, 24 minutes, and 37.7522 seconds 

current simulated time: 25920 min (max: 30240 min)
total agents: 2483
interval wall time: 0 days, 0 hours, 0 minutes, and 26.4012 seconds 
total wall time: 0 days, 0 hours, 25 minutes, and 4.15344 seconds 

current simulated time: 26280 min (max: 30240 min)
total agents: 2559
interval wall time: 0 days, 0 hours, 0 minutes, and 26.7499 seconds 
total wall time: 0 days, 0 hours, 25 minutes, and 30.9033 seconds 

current simulated time: 26640 min (max: 30240 min)
total agents: 2628
interval wall time: 0 days, 0 hours, 0 minutes, and 27.1476 seconds 
total wall time: 0 days, 0 hours, 25 minutes, and 58.051 seconds 

current simulated time: 27000 min (max: 30240 min)
total agents: 2691
interval wall time: 0 days, 0 hours, 0 minutes, and 27.4391 seconds 
total wall time: 0 days, 0 hours, 26 minutes, and 25.4901 seconds 

current simulated time: 27360 min (max: 30240 min)
total agents: 2776
interval wall time: 0 days, 0 hours, 0 minutes, and 27.732 seconds 
total wall time: 0 days, 0 hours, 26 minutes, and 53.2221 seconds 

current simulated time: 27720 min (max: 30240 min)
total agents: 2838
interval wall time: 0 days, 0 hours, 0 minutes, and 28.0604 seconds 
total wall time: 0 days, 0 hours, 27 minutes, and 21.2825 seconds 

current simulated time: 28080 min (max: 30240 min)
total agents: 2904
interval wall time: 0 days, 0 hours, 0 minutes, and 28.3322 seconds 
total wall time: 0 days, 0 hours, 27 minutes, and 49.6147 seconds 

current simulated time: 28440 min (max: 30240 min)
total agents: 2992
interval wall time: 0 days, 0 hours, 0 minutes, and 28.6454 seconds 
total wall time: 0 days, 0 hours, 28 minutes, and 18.2601 seconds 

current simulated time: 28800 min (max: 30240 min)
total agents: 3069
interval wall time: 0 days, 0 hours, 0 minutes, and 28.8746 seconds 
total wall time: 0 days, 0 hours, 28 minutes, and 47.1347 seconds 

current simulated time: 29160 min (max: 30240 min)
total agents: 3163
interval wall time: 0 days, 0 hours, 0 minutes, and 29.1149 seconds 
total wall time: 0 days, 0 hours, 29 minutes, and 16.2497 seconds 

current simulated time: 29520 min (max: 30240 min)
total agents: 3246
interval wall time: 0 days, 0 hours, 0 minutes, and 28.6037 seconds 
total wall time: 0 days, 0 hours, 29 minutes, and 44.8533 seconds 

current simulated time: 29880 min (max: 30240 min)
total agents: 3345
interval wall time: 0 days, 0 hours, 0 minutes, and 27.1603 seconds 
total wall time: 0 days, 0 hours, 30 minutes, and 12.0137 seconds 

current simulated time: 30240 min (max: 30240 min)
total agents: 3428
interval wall time: 0 days, 0 hours, 0 minutes, and 24.8223 seconds 
total wall time: 0 days, 0 hours, 30 minutes, and 36.836 seconds 


Total simulation runtime: 
0 days, 0 hours, 30 minutes, and 37.5887 seconds   End: Fri Mar 13 20:39:42 UTC 2026
=== DONE ===
