[ThresholdConfig] Loaded from XML:  HIF1A O2=15 mmHg  Necrosis O2=5 mmHg  TGFB=0.1  SHH=0.05
[setup_microenvironment] Loaded calibration profile: AsPC-1
[setup_microenvironment] Substrate indices: oxygen=0 tgfb=1 shh=2 ecm_density=4 drug=3
[setup_microenvironment] Completed in 7.52761 ms
[create_cell_types] Completed in 6.56564 ms

================================================================
 §8.1  Baseline Validation Suite — Tumor-Intrinsic Traits v1.0 
================================================================
  [PASS]  Trait 1:  Constitutive Paracrine Secretion
  [PASS]  Trait 2:  TGF-beta Insensitivity (Arrest Arm Only)
  [PASS]  Trait 3:  Rapid Proliferation / Broken Checkpoints
  [PASS]  Trait 4:  Apoptotic Resistance at Baseline
  [PASS]  Trait 5:  Inducible EMT Under Stress  (Spatial)
  [PASS]  Trait 6:  Hypoxia-Responsive Phenotype Switching
  [PASS]  Trait 7:  Drug-Inducible Efflux  (Not Constitutive)
  [PASS]  Trait 8:  ECM Compaction  (Passive / Mechanical)
  [PASS]  Trait 9:  13-Knob Partition + AsPC-1/PANC-1 Knob 2
  [PASS]  Trait 10:  SHH Paradox Fast Invariants
----------------------------------------------------------------
  Result: 10/10 passed — ALL PASS.  Baseline is validated.
================================================================

[setup_tissue] No intervention JSON provided; using active calibration defaults.
[setup_tissue] Placed tumor=50 stromal=500 cluster_radius=100um stroma_ring=[100,300]um in 7.15548 ms

[DIAG_T360_STROMAL] === One-time stromal diagnostic at t=366 ===
[DIAG_T360_STROMAL] Total live stromal: 503  PSCs(acta2=0): 355  CAFs(acta2=1): 148
[DIAG_T360_STROMAL] PSC #0  ID=163  transition_rate(0,0)=0  acta2_active=0  activation_mode=0
[DIAG_T360_STROMAL] PSC #1  ID=492  transition_rate(0,0)=0  acta2_active=0  activation_mode=0
[DIAG_T360_STROMAL] PSC #2  ID=480  transition_rate(0,0)=0  acta2_active=0  activation_mode=0
[DIAG_T360_STROMAL] PSC #3  ID=82  transition_rate(0,0)=0  acta2_active=0  activation_mode=0
[DIAG_T360_STROMAL] PSC #4  ID=458  transition_rate(0,0)=0  acta2_active=0  activation_mode=0
[DIAG_T360_STROMAL] CAF #0  ID=51  transition_rate(0,0)=0.0001  acta2_active=1  activation_mode=1
[DIAG_T360_STROMAL] CAF #1  ID=60  transition_rate(0,0)=0.0001  acta2_active=1  activation_mode=1
[DIAG_T360_STROMAL] CAF #2  ID=61  transition_rate(0,0)=0.0001  acta2_active=1  activation_mode=1
[DIAG_T360_STROMAL] === end diagnostic ===

[perf] custom_function avg = 7.07575 us over 50000 calls
[perf] custom_function avg = 7.04331 us over 100000 calls
[perf] custom_function avg = 7.15904 us over 150000 calls
[perf] custom_function avg = 7.2599 us over 200000 calls
[perf] custom_function avg = 7.31492 us over 250000 calls
[perf] custom_function avg = 7.36563 us over 300000 calls
[perf] custom_function avg = 7.37992 us over 350000 calls
[perf] custom_function avg = 7.41613 us over 400000 calls
[perf] custom_function avg = 7.47218 us over 450000 calls
[perf] custom_function avg = 7.50948 us over 500000 calls
[perf] custom_function avg = 7.53819 us over 550000 calls
[perf] custom_function avg = 7.55443 us over 600000 calls
[perf] custom_function avg = 7.56889 us over 650000 calls
[perf] custom_function avg = 7.58426 us over 700000 calls
[perf] custom_function avg = 7.60074 us over 750000 calls
[perf] custom_function avg = 7.61892 us over 800000 calls
[perf] custom_function avg = 7.64891 us over 850000 calls
[perf] custom_function avg = 7.67058 us over 900000 calls
[perf] custom_function avg = 7.69163 us over 950000 calls
[perf] custom_function avg = 7.71984 us over 1000000 calls
[perf] custom_function avg = 7.75176 us over 1050000 calls
[perf] custom_function avg = 7.77406 us over 1100000 calls
[perf] custom_function avg = 7.79407 us over 1150000 calls
[perf] custom_function avg = 7.79601 us over 1200000 calls
[perf] custom_function avg = 7.79639 us over 1250000 calls
[perf] custom_function avg = 7.79776 us over 1300000 calls
[perf] custom_function avg = 7.79876 us over 1350000 calls
[perf] custom_function avg = 7.79758 us over 1400000 calls
[perf] custom_function avg = 7.79469 us over 1450000 calls
[perf] custom_function avg = 7.79206 us over 1500000 calls
[perf] custom_function avg = 7.79299 us over 1550000 calls
[perf] custom_function avg = 7.79477 us over 1600000 calls
[perf] custom_function avg = 7.79208 us over 1650000 calls
[perf] custom_function avg = 7.79135 us over 1700000 calls
[perf] custom_function avg = 7.79622 us over 1750000 calls
[perf] custom_function avg = 7.79994 us over 1800000 calls
[perf] custom_function avg = 7.80165 us over 1850000 calls
[perf] custom_function avg = 7.80302 us over 1900000 calls
[perf] custom_function avg = 7.80401 us over 1950000 calls
[perf] custom_function avg = 7.80618 us over 2000000 calls
[perf] custom_function avg = 7.81092 us over 2050000 calls
[perf] custom_function avg = 7.8174 us over 2100000 calls
[perf] custom_function avg = 7.82373 us over 2150000 calls
[perf] custom_function avg = 7.82694 us over 2200000 calls
[perf] custom_function avg = 7.82786 us over 2250000 calls
[perf] custom_function avg = 7.8207 us over 2300000 calls
[perf] custom_function avg = 7.81575 us over 2350000 calls
[perf] custom_function avg = 7.8161 us over 2400000 calls
[perf] custom_function avg = 7.81647 us over 2450000 calls
[perf] custom_function avg = 7.82198 us over 2500000 calls
[perf] custom_function avg = 7.8269 us over 2550000 calls
[perf] custom_function avg = 7.83469 us over 2600000 calls
[perf] custom_function avg = 7.84484 us over 2650000 calls
[perf] custom_function avg = 7.85394 us over 2700000 calls
[perf] custom_function avg = 7.86079 us over 2750000 calls
[perf] custom_function avg = 7.86629 us over 2800000 calls
[perf] custom_function avg = 7.87157 us over 2850000 calls
[perf] custom_function avg = 7.87965 us over 2900000 calls
[perf] custom_function avg = 7.88662 us over 2950000 calls
[perf] custom_function avg = 7.89457 us over 3000000 calls
[perf] custom_function avg = 7.9013 us over 3050000 calls
[perf] custom_function avg = 7.90864 us over 3100000 calls
[perf] custom_function avg = 7.91277 us over 3150000 calls
[DRUG_SCHEDULE] t=20166 Drug ON  concentration=1
[perf] custom_function avg = 7.90957 us over 3200000 calls
[perf] custom_function avg = 7.89559 us over 3250000 calls
[perf] custom_function avg = 7.8887 us over 3300000 calls
[perf] custom_function avg = 7.88085 us over 3350000 calls
[perf] custom_function avg = 7.87578 us over 3400000 calls
[perf] custom_function avg = 7.87137 us over 3450000 calls
[perf] custom_function avg = 7.86844 us over 3500000 calls
[perf] custom_function avg = 7.86568 us over 3550000 calls
[perf] custom_function avg = 7.86331 us over 3600000 calls
[perf] custom_function avg = 7.86019 us over 3650000 calls
[perf] custom_function avg = 7.85677 us over 3700000 calls
[perf] custom_function avg = 7.85401 us over 3750000 calls
[perf] custom_function avg = 7.85079 us over 3800000 calls
[perf] custom_function avg = 7.84825 us over 3850000 calls
[perf] custom_function avg = 7.84553 us over 3900000 calls
[perf] custom_function avg = 7.84271 us over 3950000 calls
[perf] custom_function avg = 7.83966 us over 4000000 calls
[perf] custom_function avg = 7.83649 us over 4050000 calls
[perf] custom_function avg = 7.83323 us over 4100000 calls
[perf] custom_function avg = 7.82982 us over 4150000 calls
[perf] custom_function avg = 7.82673 us over 4200000 calls
[perf] custom_function avg = 7.82131 us over 4250000 calls
[perf] custom_function avg = 7.80886 us over 4300000 calls
[perf] custom_function avg = 7.80098 us over 4350000 calls
[perf] custom_function avg = 7.79529 us over 4400000 calls
[perf] custom_function avg = 7.78963 us over 4450000 calls
[perf] custom_function avg = 7.78391 us over 4500000 calls
[perf] custom_function avg = 7.77841 us over 4550000 calls
[perf] custom_function avg = 7.773 us over 4600000 calls
[perf] custom_function avg = 7.76776 us over 4650000 calls
[perf] custom_function avg = 7.76267 us over 4700000 calls
[perf] custom_function avg = 7.75751 us over 4750000 calls
[perf] custom_function avg = 7.75224 us over 4800000 calls
[perf] custom_function avg = 7.74725 us over 4850000 calls
[perf] custom_function avg = 7.74212 us over 4900000 calls
[perf] custom_function avg = 7.73701 us over 4950000 calls
[perf] custom_function avg = 7.73225 us over 5000000 calls
[perf] custom_function avg = 7.7268 us over 5050000 calls
[perf] custom_function avg = 7.72214 us over 5100000 calls
[perf] custom_function avg = 7.71722 us over 5150000 calls
[perf] custom_function avg = 7.71223 us over 5200000 calls
[perf] custom_function avg = 7.70763 us over 5250000 calls
[perf] custom_function avg = 7.70209 us over 5300000 calls
[perf] custom_function avg = 7.69182 us over 5350000 calls
[perf] custom_function avg = 7.6781 us over 5400000 calls
[perf] custom_function avg = 7.6719 us over 5450000 calls
[perf] custom_function avg = 7.66626 us over 5500000 calls
[perf] custom_function avg = 7.66069 us over 5550000 calls
[perf] custom_function avg = 7.65548 us over 5600000 calls
[perf] custom_function avg = 7.64815 us over 5650000 calls
[perf] custom_function avg = 7.64098 us over 5700000 calls
[perf] custom_function avg = 7.6361 us over 5750000 calls
[perf] custom_function avg = 7.6314 us over 5800000 calls
[perf] custom_function avg = 7.6241 us over 5850000 calls
[perf] custom_function avg = 7.61692 us over 5900000 calls
[perf] custom_function avg = 7.61149 us over 5950000 calls
[perf] custom_function avg = 7.60598 us over 6000000 calls
[perf] custom_function avg = 7.60103 us over 6050000 calls
[perf] custom_function avg = 7.59673 us over 6100000 calls
[perf] custom_function avg = 7.59242 us over 6150000 calls
[perf] custom_function avg = 7.58839 us over 6200000 calls
[perf] custom_function avg = 7.58344 us over 6250000 calls
[perf] custom_function avg = 7.5782 us over 6300000 calls
[perf] custom_function avg = 7.57268 us over 6350000 calls
[perf] custom_function avg = 7.56216 us over 6400000 calls
[perf] custom_function avg = 7.55866 us over 6450000 calls
[perf] custom_function avg = 7.55583 us over 6500000 calls
[perf] custom_function avg = 7.55305 us over 6550000 calls
[perf] custom_function avg = 7.55034 us over 6600000 calls
[perf] custom_function avg = 7.54763 us over 6650000 calls
[perf] custom_function avg = 7.54491 us over 6700000 calls
[perf] custom_function avg = 7.54232 us over 6750000 calls
[perf] custom_function avg = 7.53941 us over 6800000 calls
[perf] custom_function avg = 7.53629 us over 6850000 calls
[perf] custom_function avg = 7.53146 us over 6900000 calls
[perf] custom_function avg = 7.5287 us over 6950000 calls
[perf] custom_function avg = 7.52577 us over 7000000 calls
[perf] custom_function avg = 7.52273 us over 7050000 calls
[perf] custom_function avg = 7.51987 us over 7100000 calls
[perf] custom_function avg = 7.51699 us over 7150000 calls
[perf] custom_function avg = 7.51434 us over 7200000 calls
[perf] custom_function avg = 7.51142 us over 7250000 calls
[perf] custom_function avg = 7.50848 us over 7300000 calls
[perf] custom_function avg = 7.50573 us over 7350000 calls
[perf] custom_function avg = 7.50299 us over 7400000 calls
[perf] custom_function avg = 7.49356 us over 7450000 calls
[perf] custom_function avg = 7.48325 us over 7500000 calls
[perf] custom_function avg = 7.47031 us over 7550000 calls
[perf] custom_function avg = 7.45746 us over 7600000 calls
[perf] custom_function avg = 7.445 us over 7650000 calls
[perf] custom_function avg = 7.43258 us over 7700000 calls
[perf] custom_function avg = 7.42022 us over 7750000 calls
[perf] custom_function avg = 7.408 us over 7800000 calls
[perf] custom_function avg = 7.39607 us over 7850000 calls
[perf] custom_function avg = 7.38423 us over 7900000 calls
[perf] custom_function avg = 7.37251 us over 7950000 calls
[perf] custom_function avg = 7.36091 us over 8000000 calls
[perf] custom_function avg = 7.35196 us over 8050000 calls
[perf] custom_function avg = 7.34567 us over 8100000 calls
[perf] custom_function avg = 7.33934 us over 8150000 calls
[perf] custom_function avg = 7.33314 us over 8200000 calls
[perf] custom_function avg = 7.32709 us over 8250000 calls
[perf] custom_function avg = 7.32078 us over 8300000 calls
[perf] custom_function avg = 7.31442 us over 8350000 calls
[perf] custom_function avg = 7.31013 us over 8400000 calls
[perf] custom_function avg = 7.30812 us over 8450000 calls
[perf] custom_function avg = 7.30594 us over 8500000 calls
[perf] custom_function avg = 7.30411 us over 8550000 calls
[perf] custom_function avg = 7.30237 us over 8600000 calls
[perf] custom_function avg = 7.30028 us over 8650000 calls
[perf] custom_function avg = 7.29851 us over 8700000 calls
[perf] custom_function avg = 7.29664 us over 8750000 calls
[perf] custom_function avg = 7.29498 us over 8800000 calls
[perf] custom_function avg = 7.29334 us over 8850000 calls
[perf] custom_function avg = 7.29164 us over 8900000 calls
[perf] custom_function avg = 7.29002 us over 8950000 calls
[perf] custom_function avg = 7.28833 us over 9000000 calls
[perf] custom_function avg = 7.28658 us over 9050000 calls
[perf] custom_function avg = 7.28464 us over 9100000 calls
[perf] custom_function avg = 7.28266 us over 9150000 calls
[perf] custom_function avg = 7.28089 us over 9200000 calls
[perf] custom_function avg = 7.27914 us over 9250000 calls
[perf] custom_function avg = 7.27732 us over 9300000 calls
[perf] custom_function avg = 7.2754 us over 9350000 calls
[perf] custom_function avg = 7.27365 us over 9400000 calls
[perf] custom_function avg = 7.27188 us over 9450000 calls
[perf] custom_function avg = 7.27015 us over 9500000 calls
[perf] custom_function avg = 7.26842 us over 9550000 calls
[perf] custom_function avg = 7.26661 us over 9600000 calls
[perf] custom_function avg = 7.26477 us over 9650000 calls
[perf] custom_function avg = 7.26276 us over 9700000 calls
[perf] custom_function avg = 7.26086 us over 9750000 calls
[perf] custom_function avg = 7.25892 us over 9800000 calls
[perf] custom_function avg = 7.25704 us over 9850000 calls
[perf] custom_function avg = 7.25539 us over 9900000 calls
[perf] custom_function avg = 7.25371 us over 9950000 calls
[perf] custom_function avg = 7.25202 us over 10000000 calls
[perf] custom_function avg = 7.25029 us over 10050000 calls
[perf] custom_function avg = 7.24838 us over 10100000 calls
[perf] custom_function avg = 7.24668 us over 10150000 calls
[perf] custom_function avg = 7.24468 us over 10200000 calls
[perf] custom_function avg = 7.23583 us over 10250000 calls
[perf] custom_function avg = 7.22709 us over 10300000 calls
[perf] custom_function avg = 7.21895 us over 10350000 calls
[perf] custom_function avg = 7.21029 us over 10400000 calls
[perf] custom_function avg = 7.20174 us over 10450000 calls
[perf] custom_function avg = 7.19328 us over 10500000 calls
[perf] custom_function avg = 7.18494 us over 10550000 calls
[perf] custom_function avg = 7.17747 us over 10600000 calls
[perf] custom_function avg = 7.17277 us over 10650000 calls
[perf] custom_function avg = 7.16921 us over 10700000 calls
[perf] custom_function avg = 7.16826 us over 10750000 calls
[perf] custom_function avg = 7.16741 us over 10800000 calls
[perf] custom_function avg = 7.16651 us over 10850000 calls
[perf] custom_function avg = 7.16559 us over 10900000 calls
[perf] custom_function avg = 7.16468 us over 10950000 calls
[perf] custom_function avg = 7.16388 us over 11000000 calls
[perf] custom_function avg = 7.16291 us over 11050000 calls
[perf] custom_function avg = 7.16177 us over 11100000 calls
[perf] custom_function avg = 7.16088 us over 11150000 calls
[perf] custom_function avg = 7.16002 us over 11200000 calls
[perf] custom_function avg = 7.15904 us over 11250000 calls
[perf] custom_function avg = 7.15793 us over 11300000 calls
[perf] custom_function avg = 7.1568 us over 11350000 calls
[perf] custom_function avg = 7.15572 us over 11400000 calls
[perf] custom_function avg = 7.15466 us over 11450000 calls
[perf] custom_function avg = 7.1537 us over 11500000 calls
[perf] custom_function avg = 7.15292 us over 11550000 calls
[perf] custom_function avg = 7.15212 us over 11600000 calls
[perf] custom_function avg = 7.15123 us over 11650000 calls
[perf] custom_function avg = 7.15027 us over 11700000 calls
[perf] custom_function avg = 7.14938 us over 11750000 calls
[perf] custom_function avg = 7.14856 us over 11800000 calls
[perf] custom_function avg = 7.14759 us over 11850000 calls
[perf] custom_function avg = 7.1467 us over 11900000 calls
[perf] custom_function avg = 7.14582 us over 11950000 calls
[perf] custom_function avg = 7.14496 us over 12000000 calls
[perf] custom_function avg = 7.1442 us over 12050000 calls
[perf] custom_function avg = 7.14331 us over 12100000 calls
[perf] custom_function avg = 7.14247 us over 12150000 calls
[perf] custom_function avg = 7.14169 us over 12200000 calls
[perf] custom_function avg = 7.14082 us over 12250000 calls
[perf] custom_function avg = 7.13999 us over 12300000 calls
[perf] custom_function avg = 7.13924 us over 12350000 calls
[perf] custom_function avg = 7.13838 us over 12400000 calls
[perf] custom_function avg = 7.13742 us over 12450000 calls
[perf] custom_function avg = 7.1366 us over 12500000 calls
[perf] custom_function avg = 7.13588 us over 12550000 calls
[perf] custom_function avg = 7.13508 us over 12600000 calls
[perf] custom_function avg = 7.13426 us over 12650000 calls
[perf] custom_function avg = 7.13363 us over 12700000 calls
[perf] custom_function avg = 7.13301 us over 12750000 calls
[perf] custom_function avg = 7.1324 us over 12800000 calls
[perf] custom_function avg = 7.13177 us over 12850000 calls
[perf] custom_function avg = 7.13115 us over 12900000 calls
[perf] custom_function avg = 7.13052 us over 12950000 calls
[perf] custom_function avg = 7.13 us over 13000000 calls
[perf] custom_function avg = 7.12926 us over 13050000 calls
[perf] custom_function avg = 7.12849 us over 13100000 calls
[perf] custom_function avg = 7.12769 us over 13150000 calls
[perf] custom_function avg = 7.12703 us over 13200000 calls
[perf] custom_function avg = 7.12629 us over 13250000 calls
[perf] custom_function avg = 7.12548 us over 13300000 calls
[perf] custom_function avg = 7.12464 us over 13350000 calls
[perf] custom_function avg = 7.11931 us over 13400000 calls
[perf] custom_function avg = 7.11297 us over 13450000 calls
[perf] custom_function avg = 7.10674 us over 13500000 calls
[perf] custom_function avg = 7.10048 us over 13550000 calls
[perf] custom_function avg = 7.09619 us over 13600000 calls
[perf] custom_function avg = 7.09392 us over 13650000 calls
[perf] custom_function avg = 7.09236 us over 13700000 calls
[perf] custom_function avg = 7.09079 us over 13750000 calls
[perf] custom_function avg = 7.08926 us over 13800000 calls
[perf] custom_function avg = 7.08771 us over 13850000 calls
[perf] custom_function avg = 7.08629 us over 13900000 calls
[perf] custom_function avg = 7.08484 us over 13950000 calls
[perf] custom_function avg = 7.08327 us over 14000000 calls
[perf] custom_function avg = 7.0817 us over 14050000 calls
[perf] custom_function avg = 7.08007 us over 14100000 calls
[perf] custom_function avg = 7.07843 us over 14150000 calls
[perf] custom_function avg = 7.07676 us over 14200000 calls
[perf] custom_function avg = 7.07497 us over 14250000 calls
[perf] custom_function avg = 7.07323 us over 14300000 calls
[perf] custom_function avg = 7.07139 us over 14350000 calls
[perf] custom_function avg = 7.06961 us over 14400000 calls
[perf] custom_function avg = 7.06793 us over 14450000 calls
[perf] custom_function avg = 7.06633 us over 14500000 calls
[perf] custom_function avg = 7.06514 us over 14550000 calls
[perf] custom_function avg = 7.06448 us over 14600000 calls
[perf] custom_function avg = 7.06396 us over 14650000 calls
[perf] custom_function avg = 7.06329 us over 14700000 calls
[perf] custom_function avg = 7.06268 us over 14750000 calls
[perf] custom_function avg = 7.06213 us over 14800000 calls
[perf] custom_function avg = 7.0616 us over 14850000 calls
[perf] custom_function avg = 7.06102 us over 14900000 calls
[perf] custom_function avg = 7.06061 us over 14950000 calls
[perf] custom_function avg = 7.05987 us over 15000000 calls
[perf] custom_function avg = 7.05917 us over 15050000 calls
[perf] custom_function avg = 7.05832 us over 15100000 calls
[perf] custom_function avg = 7.05747 us over 15150000 calls
[perf] custom_function avg = 7.05668 us over 15200000 calls
[perf] custom_function avg = 7.05604 us over 15250000 calls
[perf] custom_function avg = 7.05535 us over 15300000 calls
[perf] custom_function avg = 7.05472 us over 15350000 calls
[perf] custom_function avg = 7.05412 us over 15400000 calls
[perf] custom_function avg = 7.0534 us over 15450000 calls
[perf] custom_function avg = 7.05281 us over 15500000 calls
[perf] custom_function avg = 7.05222 us over 15550000 calls
[perf] custom_function avg = 7.05148 us over 15600000 calls
[perf] custom_function avg = 7.05083 us over 15650000 calls
[perf] custom_function avg = 7.05024 us over 15700000 calls
[perf] custom_function avg = 7.04959 us over 15750000 calls
[perf] custom_function avg = 7.04895 us over 15800000 calls
[perf] custom_function avg = 7.04831 us over 15850000 calls
[perf] custom_function avg = 7.04775 us over 15900000 calls
[perf] custom_function avg = 7.04709 us over 15950000 calls
[perf] custom_function avg = 7.0465 us over 16000000 calls
[perf] custom_function avg = 7.04573 us over 16050000 calls
[perf] custom_function avg = 7.04495 us over 16100000 calls
[perf] custom_function avg = 7.04429 us over 16150000 calls
[perf] custom_function avg = 7.04364 us over 16200000 calls
[perf] custom_function avg = 7.04297 us over 16250000 calls
[perf] custom_function avg = 7.04233 us over 16300000 calls
[perf] custom_function avg = 7.04162 us over 16350000 calls
[perf] custom_function avg = 7.04092 us over 16400000 calls
[perf] custom_function avg = 7.04029 us over 16450000 calls
[perf] custom_function avg = 7.03962 us over 16500000 calls
[perf] custom_function avg = 7.0391 us over 16550000 calls
[DRUG_SCHEDULE] t=40326 Drug WITHDRAWN (BC→0, interior dissipates)
[perf] custom_function avg = 7.03452 us over 16600000 calls
[perf] custom_function avg = 7.03268 us over 16650000 calls
[perf] custom_function avg = 7.03248 us over 16700000 calls
[perf] custom_function avg = 7.03224 us over 16750000 calls
[perf] custom_function avg = 7.03098 us over 16800000 calls
[perf] custom_function avg = 7.02938 us over 16850000 calls
[perf] custom_function avg = 7.02812 us over 16900000 calls
[perf] custom_function avg = 7.02611 us over 16950000 calls
[perf] custom_function avg = 7.02311 us over 17000000 calls
[perf] custom_function avg = 7.01816 us over 17050000 calls
[perf] custom_function avg = 7.015 us over 17100000 calls
[perf] custom_function avg = 7.01249 us over 17150000 calls
[perf] custom_function avg = 7.0101 us over 17200000 calls
[perf] custom_function avg = 7.00868 us over 17250000 calls
[perf] custom_function avg = 7.00729 us over 17300000 calls
[perf] custom_function avg = 7.00478 us over 17350000 calls
[perf] custom_function avg = 7.00354 us over 17400000 calls
[perf] custom_function avg = 7.00304 us over 17450000 calls
[perf] custom_function avg = 7.00264 us over 17500000 calls
[perf] custom_function avg = 7.00231 us over 17550000 calls
[perf] custom_function avg = 7.00186 us over 17600000 calls
[perf] custom_function avg = 7.0014 us over 17650000 calls
[perf] custom_function avg = 7.00096 us over 17700000 calls
[perf] custom_function avg = 7.00057 us over 17750000 calls
[perf] custom_function avg = 7.00007 us over 17800000 calls
[perf] custom_function avg = 6.99964 us over 17850000 calls
[perf] custom_function avg = 6.99925 us over 17900000 calls
[perf] custom_function avg = 6.99898 us over 17950000 calls
[perf] custom_function avg = 6.99866 us over 18000000 calls
[perf] custom_function avg = 6.9984 us over 18050000 calls
[perf] custom_function avg = 6.99749 us over 18100000 calls
[perf] custom_function avg = 6.99323 us over 18150000 calls
[perf] custom_function avg = 6.98899 us over 18200000 calls
[perf] custom_function avg = 6.98479 us over 18250000 calls
[perf] custom_function avg = 6.98065 us over 18300000 calls
[perf] custom_function avg = 6.97662 us over 18350000 calls
[perf] custom_function avg = 6.97259 us over 18400000 calls
[perf] custom_function avg = 6.9686 us over 18450000 calls
[perf] custom_function avg = 6.9646 us over 18500000 calls
[perf] custom_function avg = 6.9606 us over 18550000 calls
[perf] custom_function avg = 6.95665 us over 18600000 calls
[perf] custom_function avg = 6.95272 us over 18650000 calls
[perf] custom_function avg = 6.94882 us over 18700000 calls
[perf] custom_function avg = 6.94495 us over 18750000 calls
[perf] custom_function avg = 6.94118 us over 18800000 calls
[perf] custom_function avg = 6.93738 us over 18850000 calls
[perf] custom_function avg = 6.93356 us over 18900000 calls
[perf] custom_function avg = 6.92978 us over 18950000 calls
[perf] custom_function avg = 6.92598 us over 19000000 calls
[perf] custom_function avg = 6.92222 us over 19050000 calls
[perf] custom_function avg = 6.91847 us over 19100000 calls
[perf] custom_function avg = 6.91476 us over 19150000 calls
[perf] custom_function avg = 6.91105 us over 19200000 calls
[perf] custom_function avg = 6.90736 us over 19250000 calls
[perf] custom_function avg = 6.90554 us over 19300000 calls
[perf] custom_function avg = 6.9038 us over 19350000 calls
[perf] custom_function avg = 6.90184 us over 19400000 calls
[perf] custom_function avg = 6.90003 us over 19450000 calls
[perf] custom_function avg = 6.89827 us over 19500000 calls
[perf] custom_function avg = 6.89644 us over 19550000 calls
[perf] custom_function avg = 6.89512 us over 19600000 calls
[perf] custom_function avg = 6.89394 us over 19650000 calls
[perf] custom_function avg = 6.89198 us over 19700000 calls
[perf] custom_function avg = 6.89004 us over 19750000 calls
[perf] custom_function avg = 6.88822 us over 19800000 calls
[perf] custom_function avg = 6.88645 us over 19850000 calls
[perf] custom_function avg = 6.88472 us over 19900000 calls
[perf] custom_function avg = 6.88298 us over 19950000 calls
[perf] custom_function avg = 6.88122 us over 20000000 calls
[perf] custom_function avg = 6.87954 us over 20050000 calls
[perf] custom_function avg = 6.87784 us over 20100000 calls
[perf] custom_function avg = 6.87537 us over 20150000 calls
[perf] custom_function avg = 6.87428 us over 20200000 calls
[perf] custom_function avg = 6.87351 us over 20250000 calls
[perf] custom_function avg = 6.87306 us over 20300000 calls
[perf] custom_function avg = 6.8727 us over 20350000 calls
[perf] custom_function avg = 6.8723 us over 20400000 calls
[perf] custom_function avg = 6.87186 us over 20450000 calls
[perf] custom_function avg = 6.87149 us over 20500000 calls
[perf] custom_function avg = 6.87103 us over 20550000 calls
[perf] custom_function avg = 6.8706 us over 20600000 calls
[perf] custom_function avg = 6.87011 us over 20650000 calls
[perf] custom_function avg = 6.86971 us over 20700000 calls
[perf] custom_function avg = 6.86929 us over 20750000 calls
[perf] custom_function avg = 6.86884 us over 20800000 calls
[perf] custom_function avg = 6.86846 us over 20850000 calls
[perf] custom_function avg = 6.86803 us over 20900000 calls
[perf] custom_function avg = 6.86763 us over 20950000 calls
[perf] custom_function avg = 6.86717 us over 21000000 calls
[perf] custom_function avg = 6.86673 us over 21050000 calls
[perf] custom_function avg = 6.86628 us over 21100000 calls
[perf] custom_function avg = 6.86591 us over 21150000 calls
[perf] custom_function avg = 6.86547 us over 21200000 calls
[perf] custom_function avg = 6.86506 us over 21250000 calls
[perf] custom_function avg = 6.86461 us over 21300000 calls
[perf] custom_function avg = 6.86425 us over 21350000 calls
[perf] custom_function avg = 6.86383 us over 21400000 calls
[perf] custom_function avg = 6.86334 us over 21450000 calls
[perf] custom_function avg = 6.86291 us over 21500000 calls
[perf] custom_function avg = 6.86249 us over 21550000 calls
[perf] custom_function avg = 6.86213 us over 21600000 calls
[perf] custom_function avg = 6.86174 us over 21650000 calls
[perf] custom_function avg = 6.86134 us over 21700000 calls
[perf] custom_function avg = 6.86088 us over 21750000 calls
[perf] custom_function avg = 6.86052 us over 21800000 calls
[perf] custom_function avg = 6.86021 us over 21850000 calls
[perf] custom_function avg = 6.85991 us over 21900000 calls
[perf] custom_function avg = 6.8596 us over 21950000 calls
[perf] custom_function avg = 6.8592 us over 22000000 calls
[perf] custom_function avg = 6.85892 us over 22050000 calls
[perf] custom_function avg = 6.85856 us over 22100000 calls
[perf] custom_function avg = 6.85834 us over 22150000 calls
[perf] custom_function avg = 6.85813 us over 22200000 calls
[perf] custom_function avg = 6.85786 us over 22250000 calls
[perf] custom_function avg = 6.85757 us over 22300000 calls
[perf] custom_function avg = 6.85733 us over 22350000 calls
[perf] custom_function avg = 6.85717 us over 22400000 calls
[perf] custom_function avg = 6.8569 us over 22450000 calls
[perf] custom_function avg = 6.85659 us over 22500000 calls
[perf] custom_function avg = 6.85636 us over 22550000 calls
[perf] custom_function avg = 6.8561 us over 22600000 calls
[perf] custom_function avg = 6.8559 us over 22650000 calls
[perf] custom_function avg = 6.85579 us over 22700000 calls
[perf] custom_function avg = 6.85563 us over 22750000 calls
[perf] custom_function avg = 6.85545 us over 22800000 calls
[perf] custom_function avg = 6.85532 us over 22850000 calls
[perf] custom_function avg = 6.85513 us over 22900000 calls
[perf] custom_function avg = 6.85501 us over 22950000 calls
[perf] custom_function avg = 6.85492 us over 23000000 calls
[perf] custom_function avg = 6.85484 us over 23050000 calls
[perf] custom_function avg = 6.8548 us over 23100000 calls
[perf] custom_function avg = 6.8548 us over 23150000 calls
[perf] custom_function avg = 6.85478 us over 23200000 calls
[perf] custom_function avg = 6.85476 us over 23250000 calls
[perf] custom_function avg = 6.85469 us over 23300000 calls
[perf] custom_function avg = 6.85471 us over 23350000 calls
[perf] custom_function avg = 6.85475 us over 23400000 calls
[perf] custom_function avg = 6.85476 us over 23450000 calls
[perf] custom_function avg = 6.85487 us over 23500000 calls
[perf] custom_function avg = 6.85496 us over 23550000 calls
[perf] custom_function avg = 6.855 us over 23600000 calls
[perf] custom_function avg = 6.85499 us over 23650000 calls
[perf] custom_function avg = 6.85501 us over 23700000 calls
[perf] custom_function avg = 6.85495 us over 23750000 calls
[perf] custom_function avg = 6.85485 us over 23800000 calls
[perf] custom_function avg = 6.85475 us over 23850000 calls
[perf] custom_function avg = 6.85458 us over 23900000 calls
[perf] custom_function avg = 6.85446 us over 23950000 calls
[perf] custom_function avg = 6.85433 us over 24000000 calls
[perf] custom_function avg = 6.85425 us over 24050000 calls
[perf] custom_function avg = 6.85409 us over 24100000 calls
[perf] custom_function avg = 6.85122 us over 24150000 calls
[perf] custom_function avg = 6.84816 us over 24200000 calls
[perf] custom_function avg = 6.84515 us over 24250000 calls
[perf] custom_function avg = 6.84221 us over 24300000 calls
[perf] custom_function avg = 6.83974 us over 24350000 calls
[perf] custom_function avg = 6.83836 us over 24400000 calls
[perf] custom_function avg = 6.83697 us over 24450000 calls
[perf] custom_function avg = 6.83567 us over 24500000 calls
[perf] custom_function avg = 6.83494 us over 24550000 calls
[perf] custom_function avg = 6.83461 us over 24600000 calls
[perf] custom_function avg = 6.83443 us over 24650000 calls
[perf] custom_function avg = 6.83427 us over 24700000 calls
[perf] custom_function avg = 6.83354 us over 24750000 calls
[perf] custom_function avg = 6.83222 us over 24800000 calls
[perf] custom_function avg = 6.83192 us over 24850000 calls
[perf] custom_function avg = 6.83125 us over 24900000 calls
[perf] custom_function avg = 6.82823 us over 24950000 calls
[perf] custom_function avg = 6.82524 us over 25000000 calls
[perf] custom_function avg = 6.82236 us over 25050000 calls
[perf] custom_function avg = 6.81951 us over 25100000 calls
[perf] custom_function avg = 6.81671 us over 25150000 calls
[perf] custom_function avg = 6.81389 us over 25200000 calls
[perf] custom_function avg = 6.81109 us over 25250000 calls
[perf] custom_function avg = 6.80829 us over 25300000 calls
[perf] custom_function avg = 6.80553 us over 25350000 calls
[perf] custom_function avg = 6.8028 us over 25400000 calls
[perf] custom_function avg = 6.80096 us over 25450000 calls
[perf] custom_function avg = 6.79835 us over 25500000 calls
[perf] custom_function avg = 6.79548 us over 25550000 calls
[perf] custom_function avg = 6.79376 us over 25600000 calls
[perf] custom_function avg = 6.79131 us over 25650000 calls
[perf] custom_function avg = 6.78857 us over 25700000 calls
[perf] custom_function avg = 6.78583 us over 25750000 calls
[perf] custom_function avg = 6.78343 us over 25800000 calls
[perf] custom_function avg = 6.78245 us over 25850000 calls
[perf] custom_function avg = 6.78177 us over 25900000 calls
[perf] custom_function avg = 6.78155 us over 25950000 calls
[perf] custom_function avg = 6.78158 us over 26000000 calls
[perf] custom_function avg = 6.78159 us over 26050000 calls
[perf] custom_function avg = 6.78159 us over 26100000 calls
[perf] custom_function avg = 6.78164 us over 26150000 calls
[perf] custom_function avg = 6.78177 us over 26200000 calls
[perf] custom_function avg = 6.78178 us over 26250000 calls
[perf] custom_function avg = 6.78188 us over 26300000 calls
[perf] custom_function avg = 6.78193 us over 26350000 calls
[perf] custom_function avg = 6.782 us over 26400000 calls
[perf] custom_function avg = 6.78201 us over 26450000 calls
[perf] custom_function avg = 6.78205 us over 26500000 calls
[perf] custom_function avg = 6.78214 us over 26550000 calls
[perf] custom_function avg = 6.78213 us over 26600000 calls
[perf] custom_function avg = 6.78212 us over 26650000 calls
[perf] custom_function avg = 6.7803 us over 26700000 calls
[perf] custom_function avg = 6.77768 us over 26750000 calls
[perf] custom_function avg = 6.7751 us over 26800000 calls
[perf] custom_function avg = 6.7725 us over 26850000 calls
[perf] custom_function avg = 6.76993 us over 26900000 calls
[perf] custom_function avg = 6.76773 us over 26950000 calls
[perf] custom_function avg = 6.76607 us over 27000000 calls
[perf] custom_function avg = 6.76357 us over 27050000 calls
[perf] custom_function avg = 6.76107 us over 27100000 calls
[perf] custom_function avg = 6.75855 us over 27150000 calls
[perf] custom_function avg = 6.75606 us over 27200000 calls
[perf] custom_function avg = 6.7536 us over 27250000 calls
[perf] custom_function avg = 6.75115 us over 27300000 calls
[perf] custom_function avg = 6.74872 us over 27350000 calls
[perf] custom_function avg = 6.7463 us over 27400000 calls
[perf] custom_function avg = 6.74387 us over 27450000 calls
[perf] custom_function avg = 6.74146 us over 27500000 calls
[perf] custom_function avg = 6.73904 us over 27550000 calls
[perf] custom_function avg = 6.73662 us over 27600000 calls
[perf] custom_function avg = 6.73419 us over 27650000 calls
[perf] custom_function avg = 6.73211 us over 27700000 calls
[perf] custom_function avg = 6.73014 us over 27750000 calls
[perf] custom_function avg = 6.72781 us over 27800000 calls
[perf] custom_function avg = 6.72547 us over 27850000 calls
[perf] custom_function avg = 6.72312 us over 27900000 calls
[perf] custom_function avg = 6.7208 us over 27950000 calls
[perf] custom_function avg = 6.71846 us over 28000000 calls
[perf] custom_function avg = 6.7161 us over 28050000 calls
[perf] custom_function avg = 6.71376 us over 28100000 calls
[perf] custom_function avg = 6.71146 us over 28150000 calls
[perf] custom_function avg = 6.70914 us over 28200000 calls
[perf] custom_function avg = 6.70687 us over 28250000 calls
[perf] custom_function avg = 6.7046 us over 28300000 calls
[perf] custom_function avg = 6.70232 us over 28350000 calls
[perf] custom_function avg = 6.70007 us over 28400000 calls
[perf] custom_function avg = 6.69782 us over 28450000 calls
[perf] custom_function avg = 6.6956 us over 28500000 calls
[perf] custom_function avg = 6.69337 us over 28550000 calls
[perf] custom_function avg = 6.69114 us over 28600000 calls
[perf] custom_function avg = 6.6889 us over 28650000 calls
[perf] custom_function avg = 6.68669 us over 28700000 calls
[perf] custom_function avg = 6.68449 us over 28750000 calls
[perf] custom_function avg = 6.68229 us over 28800000 calls
[perf] custom_function avg = 6.68016 us over 28850000 calls
[perf] custom_function avg = 6.67805 us over 28900000 calls
[perf] custom_function avg = 6.67594 us over 28950000 calls
[perf] custom_function avg = 6.67384 us over 29000000 calls
[perf] custom_function avg = 6.67176 us over 29050000 calls
[perf] custom_function avg = 6.66969 us over 29100000 calls
[perf] custom_function avg = 6.66762 us over 29150000 calls
[perf] custom_function avg = 6.66558 us over 29200000 calls
[perf] custom_function avg = 6.66395 us over 29250000 calls
[perf] custom_function avg = 6.66305 us over 29300000 calls
[perf] custom_function avg = 6.66214 us over 29350000 calls
[perf] custom_function avg = 6.66117 us over 29400000 calls
[perf] custom_function avg = 6.66022 us over 29450000 calls
[perf] custom_function avg = 6.65927 us over 29500000 calls
[perf] custom_function avg = 6.65836 us over 29550000 calls
[perf] custom_function avg = 6.65751 us over 29600000 calls
[perf] custom_function avg = 6.65678 us over 29650000 calls
[perf] custom_function avg = 6.65591 us over 29700000 calls
[perf] custom_function avg = 6.65509 us over 29750000 calls
[perf] custom_function avg = 6.65421 us over 29800000 calls
[perf] custom_function avg = 6.65387 us over 29850000 calls
[perf] custom_function avg = 6.65401 us over 29900000 calls
[perf] custom_function avg = 6.65419 us over 29950000 calls
[perf] custom_function avg = 6.65441 us over 30000000 calls
[perf] custom_function avg = 6.65333 us over 30050000 calls
[perf] custom_function avg = 6.65128 us over 30100000 calls
[perf] custom_function avg = 6.64925 us over 30150000 calls
[perf] custom_function avg = 6.64723 us over 30200000 calls
[perf] custom_function avg = 6.64527 us over 30250000 calls
[perf] custom_function avg = 6.6433 us over 30300000 calls
[perf] custom_function avg = 6.64206 us over 30350000 calls
[perf] custom_function avg = 6.64116 us over 30400000 calls
[perf] custom_function avg = 6.64035 us over 30450000 calls
[perf] custom_function avg = 6.63956 us over 30500000 calls
[perf] custom_function avg = 6.63877 us over 30550000 calls
[perf] custom_function avg = 6.63799 us over 30600000 calls
[perf] custom_function avg = 6.63721 us over 30650000 calls
[perf] custom_function avg = 6.63646 us over 30700000 calls
[perf] custom_function avg = 6.63573 us over 30750000 calls
[perf] custom_function avg = 6.63542 us over 30800000 calls
[perf] custom_function avg = 6.63557 us over 30850000 calls
[perf] custom_function avg = 6.63582 us over 30900000 calls
[perf] custom_function avg = 6.63606 us over 30950000 calls
[perf] custom_function avg = 6.63626 us over 31000000 calls
[perf] custom_function avg = 6.63648 us over 31050000 calls
[perf] custom_function avg = 6.63673 us over 31100000 calls
[perf] custom_function avg = 6.63696 us over 31150000 calls
[perf] custom_function avg = 6.6372 us over 31200000 calls
[perf] custom_function avg = 6.63746 us over 31250000 calls
[perf] custom_function avg = 6.63765 us over 31300000 calls
[perf] custom_function avg = 6.63783 us over 31350000 calls
[perf] custom_function avg = 6.63791 us over 31400000 calls
[perf] custom_function avg = 6.63807 us over 31450000 calls
[perf] custom_function avg = 6.63826 us over 31500000 calls
[perf] custom_function avg = 6.63842 us over 31550000 calls
[perf] custom_function avg = 6.63863 us over 31600000 calls
[perf] custom_function avg = 6.63885 us over 31650000 calls
[perf] custom_function avg = 6.63907 us over 31700000 calls
[perf] custom_function avg = 6.63926 us over 31750000 calls
[perf] custom_function avg = 6.63948 us over 31800000 calls
[perf] custom_function avg = 6.63986 us over 31850000 calls
[perf] custom_function avg = 6.64003 us over 31900000 calls
[perf] custom_function avg = 6.6402 us over 31950000 calls
[perf] custom_function avg = 6.63988 us over 32000000 calls
[perf] custom_function avg = 6.63961 us over 32050000 calls
[perf] custom_function avg = 6.63945 us over 32100000 calls
[perf] custom_function avg = 6.63746 us over 32150000 calls
[perf] custom_function avg = 6.63549 us over 32200000 calls
[perf] custom_function avg = 6.63357 us over 32250000 calls
[perf] custom_function avg = 6.63269 us over 32300000 calls
[perf] custom_function avg = 6.63189 us over 32350000 calls
[perf] custom_function avg = 6.63113 us over 32400000 calls
[perf] custom_function avg = 6.63067 us over 32450000 calls
[perf] custom_function avg = 6.63085 us over 32500000 calls
[perf] custom_function avg = 6.63104 us over 32550000 calls
[perf] custom_function avg = 6.63127 us over 32600000 calls
[perf] custom_function avg = 6.63145 us over 32650000 calls
[perf] custom_function avg = 6.63161 us over 32700000 calls
[perf] custom_function avg = 6.63181 us over 32750000 calls
[perf] custom_function avg = 6.63194 us over 32800000 calls
[perf] custom_function avg = 6.63216 us over 32850000 calls
[perf] custom_function avg = 6.6323 us over 32900000 calls
[perf] custom_function avg = 6.63242 us over 32950000 calls
[perf] custom_function avg = 6.63251 us over 33000000 calls
[perf] custom_function avg = 6.63263 us over 33050000 calls
[perf] custom_function avg = 6.63275 us over 33100000 calls
[perf] custom_function avg = 6.63288 us over 33150000 calls
[perf] custom_function avg = 6.63299 us over 33200000 calls
[perf] custom_function avg = 6.6332 us over 33250000 calls
[perf] custom_function avg = 6.63338 us over 33300000 calls
[perf] custom_function avg = 6.63351 us over 33350000 calls
[perf] custom_function avg = 6.63368 us over 33400000 calls
[perf] custom_function avg = 6.63389 us over 33450000 calls
[perf] custom_function avg = 6.63399 us over 33500000 calls
[perf] custom_function avg = 6.63403 us over 33550000 calls
[perf] custom_function avg = 6.63416 us over 33600000 calls
[perf] custom_function avg = 6.63428 us over 33650000 calls
[perf] custom_function avg = 6.63439 us over 33700000 calls
[perf] custom_function avg = 6.63454 us over 33750000 calls
[perf] custom_function avg = 6.63465 us over 33800000 calls
[perf] custom_function avg = 6.63477 us over 33850000 calls
[perf] custom_function avg = 6.63486 us over 33900000 calls
[perf] custom_function avg = 6.63496 us over 33950000 calls
[perf] custom_function avg = 6.63505 us over 34000000 calls
[perf] custom_function avg = 6.63514 us over 34050000 calls
[perf] custom_function avg = 6.6353 us over 34100000 calls
[perf] custom_function avg = 6.63544 us over 34150000 calls
[perf] custom_function avg = 6.63429 us over 34200000 calls
[perf] custom_function avg = 6.63248 us over 34250000 calls
[perf] custom_function avg = 6.63067 us over 34300000 calls
[perf] custom_function avg = 6.62887 us over 34350000 calls
[perf] custom_function avg = 6.62707 us over 34400000 calls
[perf] custom_function avg = 6.62536 us over 34450000 calls
[perf] custom_function avg = 6.62365 us over 34500000 calls
[perf] custom_function avg = 6.62194 us over 34550000 calls
[perf] custom_function avg = 6.62023 us over 34600000 calls
[perf] custom_function avg = 6.61854 us over 34650000 calls
[perf] custom_function avg = 6.61684 us over 34700000 calls
[perf] custom_function avg = 6.61514 us over 34750000 calls
[perf] custom_function avg = 6.61344 us over 34800000 calls
[perf] custom_function avg = 6.61174 us over 34850000 calls
[perf] custom_function avg = 6.61004 us over 34900000 calls
[perf] custom_function avg = 6.60836 us over 34950000 calls
[perf] custom_function avg = 6.60695 us over 35000000 calls
[perf] custom_function avg = 6.60622 us over 35050000 calls
[perf] custom_function avg = 6.60544 us over 35100000 calls
[perf] custom_function avg = 6.6047 us over 35150000 calls
[perf] custom_function avg = 6.60395 us over 35200000 calls
[perf] custom_function avg = 6.60349 us over 35250000 calls
[perf] custom_function avg = 6.60324 us over 35300000 calls
[perf] custom_function avg = 6.60299 us over 35350000 calls
[perf] custom_function avg = 6.60272 us over 35400000 calls
[perf] custom_function avg = 6.60241 us over 35450000 calls
[perf] custom_function avg = 6.6021 us over 35500000 calls
[perf] custom_function avg = 6.60188 us over 35550000 calls
[perf] custom_function avg = 6.60194 us over 35600000 calls
[perf] custom_function avg = 6.60205 us over 35650000 calls
[perf] custom_function avg = 6.60221 us over 35700000 calls
[perf] custom_function avg = 6.60233 us over 35750000 calls
[perf] custom_function avg = 6.60248 us over 35800000 calls
[perf] custom_function avg = 6.60252 us over 35850000 calls
[perf] custom_function avg = 6.60264 us over 35900000 calls
[perf] custom_function avg = 6.60274 us over 35950000 calls
[perf] custom_function avg = 6.60286 us over 36000000 calls
[perf] custom_function avg = 6.603 us over 36050000 calls
[perf] custom_function avg = 6.60312 us over 36100000 calls
[perf] custom_function avg = 6.60324 us over 36150000 calls
[perf] custom_function avg = 6.60338 us over 36200000 calls
[perf] custom_function avg = 6.60354 us over 36250000 calls
[perf] custom_function avg = 6.60362 us over 36300000 calls
[perf] custom_function avg = 6.60376 us over 36350000 calls
[perf] custom_function avg = 6.60384 us over 36400000 calls
[perf] custom_function avg = 6.60393 us over 36450000 calls
[perf] custom_function avg = 6.60314 us over 36500000 calls
[perf] custom_function avg = 6.60239 us over 36550000 calls
[perf] custom_function avg = 6.60162 us over 36600000 calls
[perf] custom_function avg = 6.60114 us over 36650000 calls
[perf] custom_function avg = 6.60096 us over 36700000 calls
[perf] custom_function avg = 6.60077 us over 36750000 calls
[perf] custom_function avg = 6.60064 us over 36800000 calls
[perf] custom_function avg = 6.60045 us over 36850000 calls
[perf] custom_function avg = 6.60025 us over 36900000 calls
[perf] custom_function avg = 6.60004 us over 36950000 calls
[perf] custom_function avg = 6.59982 us over 37000000 calls
[perf] custom_function avg = 6.59914 us over 37050000 calls
[perf] custom_function avg = 6.59871 us over 37100000 calls
[perf] custom_function avg = 6.59841 us over 37150000 calls
[perf] custom_function avg = 6.59807 us over 37200000 calls
[perf] custom_function avg = 6.59778 us over 37250000 calls
[perf] custom_function avg = 6.59754 us over 37300000 calls
[perf] custom_function avg = 6.59727 us over 37350000 calls
[perf] custom_function avg = 6.597 us over 37400000 calls
[perf] custom_function avg = 6.59673 us over 37450000 calls
[perf] custom_function avg = 6.59647 us over 37500000 calls
[perf] custom_function avg = 6.59618 us over 37550000 calls
[perf] custom_function avg = 6.59588 us over 37600000 calls
[perf] custom_function avg = 6.59561 us over 37650000 calls
[perf] custom_function avg = 6.59533 us over 37700000 calls
[perf] custom_function avg = 6.59508 us over 37750000 calls
[perf] custom_function avg = 6.59481 us over 37800000 calls
[perf] custom_function avg = 6.59453 us over 37850000 calls
[perf] custom_function avg = 6.59429 us over 37900000 calls
[perf] custom_function avg = 6.59402 us over 37950000 calls
[perf] custom_function avg = 6.59374 us over 38000000 calls
[perf] custom_function avg = 6.59318 us over 38050000 calls
[perf] custom_function avg = 6.59239 us over 38100000 calls
[perf] custom_function avg = 6.59187 us over 38150000 calls
[perf] custom_function avg = 6.59153 us over 38200000 calls
[perf] custom_function avg = 6.59151 us over 38250000 calls
[perf] custom_function avg = 6.59142 us over 38300000 calls
[perf] custom_function avg = 6.59119 us over 38350000 calls
[perf] custom_function avg = 6.59092 us over 38400000 calls
[perf] custom_function avg = 6.5894 us over 38450000 calls
[perf] custom_function avg = 6.58783 us over 38500000 calls
[perf] custom_function avg = 6.58629 us over 38550000 calls
[perf] custom_function avg = 6.58475 us over 38600000 calls
[perf] custom_function avg = 6.58325 us over 38650000 calls
[perf] custom_function avg = 6.58168 us over 38700000 calls
[perf] custom_function avg = 6.58064 us over 38750000 calls
[perf] custom_function avg = 6.58069 us over 38800000 calls
[perf] custom_function avg = 6.58078 us over 38850000 calls
[perf] custom_function avg = 6.58082 us over 38900000 calls
[perf] custom_function avg = 6.57983 us over 38950000 calls
[perf] custom_function avg = 6.57822 us over 39000000 calls
[perf] custom_function avg = 6.5766 us over 39050000 calls
[perf] custom_function avg = 6.57497 us over 39100000 calls
[perf] custom_function avg = 6.57334 us over 39150000 calls
[perf] custom_function avg = 6.57172 us over 39200000 calls
[perf] custom_function avg = 6.5701 us over 39250000 calls
[perf] custom_function avg = 6.56848 us over 39300000 calls
[perf] custom_function avg = 6.56687 us over 39350000 calls
[perf] custom_function avg = 6.56527 us over 39400000 calls
[perf] custom_function avg = 6.56367 us over 39450000 calls
[perf] custom_function avg = 6.56279 us over 39500000 calls
[perf] custom_function avg = 6.56278 us over 39550000 calls
[perf] custom_function avg = 6.56266 us over 39600000 calls
[perf] custom_function avg = 6.56248 us over 39650000 calls
[perf] custom_function avg = 6.56224 us over 39700000 calls
[perf] custom_function avg = 6.56074 us over 39750000 calls
[perf] custom_function avg = 6.55924 us over 39800000 calls
[perf] custom_function avg = 6.55771 us over 39850000 calls
[perf] custom_function avg = 6.55709 us over 39900000 calls
[perf] custom_function avg = 6.55692 us over 39950000 calls
[perf] custom_function avg = 6.55687 us over 40000000 calls
[perf] custom_function avg = 6.55711 us over 40050000 calls
[perf] custom_function avg = 6.55704 us over 40100000 calls
[perf] custom_function avg = 6.55711 us over 40150000 calls
[perf] custom_function avg = 6.55732 us over 40200000 calls
[perf] custom_function avg = 6.55751 us over 40250000 calls
[perf] custom_function avg = 6.5577 us over 40300000 calls
[perf] custom_function avg = 6.55785 us over 40350000 calls
[perf] custom_function avg = 6.55806 us over 40400000 calls
[perf] custom_function avg = 6.55822 us over 40450000 calls
[perf] custom_function avg = 6.55841 us over 40500000 calls
[perf] custom_function avg = 6.55858 us over 40550000 calls
[perf] custom_function avg = 6.55876 us over 40600000 calls
[perf] custom_function avg = 6.55852 us over 40650000 calls
[perf] custom_function avg = 6.55831 us over 40700000 calls
[perf] custom_function avg = 6.55843 us over 40750000 calls
[perf] custom_function avg = 6.55843 us over 40800000 calls
[perf] custom_function avg = 6.5576 us over 40850000 calls
[perf] custom_function avg = 6.55618 us over 40900000 calls
[perf] custom_function avg = 6.55477 us over 40950000 calls
[perf] custom_function avg = 6.55335 us over 41000000 calls
[perf] custom_function avg = 6.55196 us over 41050000 calls
[perf] custom_function avg = 6.55058 us over 41100000 calls
[perf] custom_function avg = 6.54921 us over 41150000 calls
[perf] custom_function avg = 6.54785 us over 41200000 calls
[perf] custom_function avg = 6.54648 us over 41250000 calls
[perf] custom_function avg = 6.54511 us over 41300000 calls
[perf] custom_function avg = 6.54374 us over 41350000 calls
[perf] custom_function avg = 6.54287 us over 41400000 calls
[perf] custom_function avg = 6.54223 us over 41450000 calls
[perf] custom_function avg = 6.54161 us over 41500000 calls
[perf] custom_function avg = 6.54099 us over 41550000 calls
[perf] custom_function avg = 6.54037 us over 41600000 calls
[perf] custom_function avg = 6.53978 us over 41650000 calls
[perf] custom_function avg = 6.53917 us over 41700000 calls
[perf] custom_function avg = 6.53861 us over 41750000 calls
[perf] custom_function avg = 6.53809 us over 41800000 calls
[perf] custom_function avg = 6.53803 us over 41850000 calls
[perf] custom_function avg = 6.53815 us over 41900000 calls
[perf] custom_function avg = 6.5383 us over 41950000 calls
[perf] custom_function avg = 6.53847 us over 42000000 calls
[perf] custom_function avg = 6.53862 us over 42050000 calls
[perf] custom_function avg = 6.53876 us over 42100000 calls
[perf] custom_function avg = 6.53888 us over 42150000 calls
[perf] custom_function avg = 6.53902 us over 42200000 calls
[perf] custom_function avg = 6.53916 us over 42250000 calls
[perf] custom_function avg = 6.53935 us over 42300000 calls
[perf] custom_function avg = 6.53938 us over 42350000 calls
[perf] custom_function avg = 6.53954 us over 42400000 calls
[perf] custom_function avg = 6.53968 us over 42450000 calls
[perf] custom_function avg = 6.53981 us over 42500000 calls
[perf] custom_function avg = 6.53993 us over 42550000 calls
[perf] custom_function avg = 6.54004 us over 42600000 calls
[perf] custom_function avg = 6.54018 us over 42650000 calls
[perf] custom_function avg = 6.54026 us over 42700000 calls
[perf] custom_function avg = 6.54035 us over 42750000 calls
[perf] custom_function avg = 6.54045 us over 42800000 calls
[perf] custom_function avg = 6.54058 us over 42850000 calls
[perf] custom_function avg = 6.54077 us over 42900000 calls
[perf] custom_function avg = 6.54075 us over 42950000 calls
[perf] custom_function avg = 6.54039 us over 43000000 calls
[perf] custom_function avg = 6.54001 us over 43050000 calls
[perf] custom_function avg = 6.5396 us over 43100000 calls
[perf] custom_function avg = 6.53916 us over 43150000 calls
[perf] custom_function avg = 6.53876 us over 43200000 calls
[perf] custom_function avg = 6.5385 us over 43250000 calls
[perf] custom_function avg = 6.53826 us over 43300000 calls
[perf] custom_function avg = 6.53802 us over 43350000 calls
[perf] custom_function avg = 6.53777 us over 43400000 calls
[perf] custom_function avg = 6.53754 us over 43450000 calls
[perf] custom_function avg = 6.5373 us over 43500000 calls
[perf] custom_function avg = 6.53707 us over 43550000 calls
[perf] custom_function avg = 6.53683 us over 43600000 calls
[perf] custom_function avg = 6.5366 us over 43650000 calls
[perf] custom_function avg = 6.53636 us over 43700000 calls
[perf] custom_function avg = 6.53612 us over 43750000 calls
[perf] custom_function avg = 6.53589 us over 43800000 calls
[perf] custom_function avg = 6.53565 us over 43850000 calls
[perf] custom_function avg = 6.53542 us over 43900000 calls
[perf] custom_function avg = 6.53519 us over 43950000 calls
[perf] custom_function avg = 6.53494 us over 44000000 calls
[perf] custom_function avg = 6.53471 us over 44050000 calls
[perf] custom_function avg = 6.53448 us over 44100000 calls
[perf] custom_function avg = 6.53425 us over 44150000 calls
[perf] custom_function avg = 6.53404 us over 44200000 calls
[perf] custom_function avg = 6.53381 us over 44250000 calls
[perf] custom_function avg = 6.5336 us over 44300000 calls
[perf] custom_function avg = 6.53336 us over 44350000 calls
[perf] custom_function avg = 6.53313 us over 44400000 calls
[perf] custom_function avg = 6.53291 us over 44450000 calls
[perf] custom_function avg = 6.53268 us over 44500000 calls
[perf] custom_function avg = 6.5324 us over 44550000 calls
[perf] custom_function avg = 6.5311 us over 44600000 calls
[perf] custom_function avg = 6.52981 us over 44650000 calls
[perf] custom_function avg = 6.52851 us over 44700000 calls
[perf] custom_function avg = 6.5272 us over 44750000 calls
[perf] custom_function avg = 6.52588 us over 44800000 calls
[perf] custom_function avg = 6.52457 us over 44850000 calls
[perf] custom_function avg = 6.52328 us over 44900000 calls
[perf] custom_function avg = 6.52198 us over 44950000 calls
[perf] custom_function avg = 6.52069 us over 45000000 calls
[perf] custom_function avg = 6.5194 us over 45050000 calls
[perf] custom_function avg = 6.51811 us over 45100000 calls
[perf] custom_function avg = 6.5175 us over 45150000 calls
[perf] custom_function avg = 6.51728 us over 45200000 calls
[perf] custom_function avg = 6.51715 us over 45250000 calls
[perf] custom_function avg = 6.51691 us over 45300000 calls
[perf] custom_function avg = 6.51677 us over 45350000 calls
[perf] custom_function avg = 6.51662 us over 45400000 calls
[perf] custom_function avg = 6.51647 us over 45450000 calls
[perf] custom_function avg = 6.51632 us over 45500000 calls
[perf] custom_function avg = 6.51618 us over 45550000 calls
[perf] custom_function avg = 6.51604 us over 45600000 calls
[perf] custom_function avg = 6.51589 us over 45650000 calls
[perf] custom_function avg = 6.51575 us over 45700000 calls
[perf] custom_function avg = 6.51559 us over 45750000 calls
[perf] custom_function avg = 6.51545 us over 45800000 calls
[perf] custom_function avg = 6.51531 us over 45850000 calls
[perf] custom_function avg = 6.51516 us over 45900000 calls
slurmstepd-cpusm01: error: slurm_get_node_energy: Socket timed out on send/recv operation
slurmstepd-cpusm01: error: _get_joules_task: can't get info from slurmd
slurmstepd-cpusm01: error: slurm_get_node_energy: Socket timed out on send/recv operation
slurmstepd-cpusm01: error: _get_joules_task: can't get info from slurmd
/var/spool/slurmd/job09600/slurm_script: line 25: echo: write error: Disk quota exceeded
