[ThresholdConfig] Loaded from XML:  HIF1A O2=15 mmHg  Necrosis O2=5 mmHg  TGFB=0.1  SHH=0.05
[setup_microenvironment] Loaded calibration profile: AsPC-1
[setup_microenvironment] Substrate indices: oxygen=0 tgfb=1 shh=2 ecm_density=4 drug=3
[setup_microenvironment] Completed in 7.49049 ms
[create_cell_types] Completed in 6.66938 ms

================================================================
 §8.1  Baseline Validation Suite — Tumor-Intrinsic Traits v1.0 
================================================================
  [PASS]  Trait 1:  Constitutive Paracrine Secretion
  [PASS]  Trait 2:  TGF-beta Insensitivity (Arrest Arm Only)
  [PASS]  Trait 3:  Rapid Proliferation / Broken Checkpoints
  [PASS]  Trait 4:  Apoptotic Resistance at Baseline
  [PASS]  Trait 5:  Inducible EMT Under Stress  (Spatial)
  [PASS]  Trait 6:  Hypoxia-Responsive Phenotype Switching
  [PASS]  Trait 7:  Drug-Inducible Efflux  (Not Constitutive)
  [PASS]  Trait 8:  ECM Compaction  (Passive / Mechanical)
  [PASS]  Trait 9:  13-Knob Partition + AsPC-1/PANC-1 Knob 2
  [PASS]  Trait 10:  SHH Paradox Fast Invariants
----------------------------------------------------------------
  Result: 10/10 passed — ALL PASS.  Baseline is validated.
================================================================

[setup_tissue] No intervention JSON provided; using active calibration defaults.
[setup_tissue] Placed tumor=50 stromal=500 cluster_radius=100um stroma_ring=[100,300]um in 7.25985 ms

[DIAG_T360_STROMAL] === One-time stromal diagnostic at t=366 ===
[DIAG_T360_STROMAL] Total live stromal: 503  PSCs(acta2=0): 355  CAFs(acta2=1): 148
[DIAG_T360_STROMAL] PSC #0  ID=163  transition_rate(0,0)=0  acta2_active=0  activation_mode=0
[DIAG_T360_STROMAL] PSC #1  ID=492  transition_rate(0,0)=0  acta2_active=0  activation_mode=0
[DIAG_T360_STROMAL] PSC #2  ID=480  transition_rate(0,0)=0  acta2_active=0  activation_mode=0
[DIAG_T360_STROMAL] PSC #3  ID=82  transition_rate(0,0)=0  acta2_active=0  activation_mode=0
[DIAG_T360_STROMAL] PSC #4  ID=458  transition_rate(0,0)=0  acta2_active=0  activation_mode=0
[DIAG_T360_STROMAL] CAF #0  ID=51  transition_rate(0,0)=0.0001  acta2_active=1  activation_mode=1
[DIAG_T360_STROMAL] CAF #1  ID=60  transition_rate(0,0)=0.0001  acta2_active=1  activation_mode=1
[DIAG_T360_STROMAL] CAF #2  ID=61  transition_rate(0,0)=0.0001  acta2_active=1  activation_mode=1
[DIAG_T360_STROMAL] === end diagnostic ===

[perf] custom_function avg = 7.12613 us over 50000 calls
[perf] custom_function avg = 7.15277 us over 100000 calls
[perf] custom_function avg = 7.20601 us over 150000 calls
[perf] custom_function avg = 7.261 us over 200000 calls
[perf] custom_function avg = 7.30509 us over 250000 calls
[perf] custom_function avg = 7.3753 us over 300000 calls
[perf] custom_function avg = 7.4848 us over 350000 calls
[perf] custom_function avg = 7.57861 us over 400000 calls
[perf] custom_function avg = 7.64042 us over 450000 calls
[perf] custom_function avg = 7.70111 us over 500000 calls
[perf] custom_function avg = 7.75261 us over 550000 calls
[perf] custom_function avg = 7.7867 us over 600000 calls
[perf] custom_function avg = 7.79743 us over 650000 calls
[perf] custom_function avg = 7.8101 us over 700000 calls
[perf] custom_function avg = 7.82375 us over 750000 calls
[perf] custom_function avg = 7.83778 us over 800000 calls
[perf] custom_function avg = 7.85416 us over 850000 calls
[perf] custom_function avg = 7.86855 us over 900000 calls
[perf] custom_function avg = 7.87163 us over 950000 calls
[perf] custom_function avg = 7.8699 us over 1000000 calls
[perf] custom_function avg = 7.86687 us over 1050000 calls
[perf] custom_function avg = 7.86713 us over 1100000 calls
[perf] custom_function avg = 7.866 us over 1150000 calls
[perf] custom_function avg = 7.87605 us over 1200000 calls
[perf] custom_function avg = 7.88166 us over 1250000 calls
[perf] custom_function avg = 7.87966 us over 1300000 calls
[perf] custom_function avg = 7.87962 us over 1350000 calls
[perf] custom_function avg = 7.87997 us over 1400000 calls
[perf] custom_function avg = 7.87976 us over 1450000 calls
[perf] custom_function avg = 7.8821 us over 1500000 calls
[perf] custom_function avg = 7.88145 us over 1550000 calls
[perf] custom_function avg = 7.86731 us over 1600000 calls
[perf] custom_function avg = 7.85819 us over 1650000 calls
[perf] custom_function avg = 7.84958 us over 1700000 calls
[perf] custom_function avg = 7.84158 us over 1750000 calls
[perf] custom_function avg = 7.83462 us over 1800000 calls
[perf] custom_function avg = 7.82557 us over 1850000 calls
[perf] custom_function avg = 7.81626 us over 1900000 calls
[perf] custom_function avg = 7.80758 us over 1950000 calls
[perf] custom_function avg = 7.80021 us over 2000000 calls
[perf] custom_function avg = 7.79308 us over 2050000 calls
[perf] custom_function avg = 7.78534 us over 2100000 calls
[perf] custom_function avg = 7.77728 us over 2150000 calls
[perf] custom_function avg = 7.7702 us over 2200000 calls
[perf] custom_function avg = 7.76299 us over 2250000 calls
[perf] custom_function avg = 7.76167 us over 2300000 calls
[perf] custom_function avg = 7.75967 us over 2350000 calls
[perf] custom_function avg = 7.75297 us over 2400000 calls
[perf] custom_function avg = 7.74235 us over 2450000 calls
[perf] custom_function avg = 7.73569 us over 2500000 calls
[perf] custom_function avg = 7.7314 us over 2550000 calls
[perf] custom_function avg = 7.72691 us over 2600000 calls
[perf] custom_function avg = 7.72058 us over 2650000 calls
[perf] custom_function avg = 7.71441 us over 2700000 calls
[perf] custom_function avg = 7.7095 us over 2750000 calls
[perf] custom_function avg = 7.70444 us over 2800000 calls
[perf] custom_function avg = 7.69876 us over 2850000 calls
[perf] custom_function avg = 7.69377 us over 2900000 calls
[perf] custom_function avg = 7.68808 us over 2950000 calls
[perf] custom_function avg = 7.68215 us over 3000000 calls
[perf] custom_function avg = 7.67749 us over 3050000 calls
[perf] custom_function avg = 7.67263 us over 3100000 calls
[perf] custom_function avg = 7.66818 us over 3150000 calls
[perf] custom_function avg = 7.66321 us over 3200000 calls
[DRUG_SCHEDULE] t=20166 Drug ON  concentration=1
[perf] custom_function avg = 7.65828 us over 3250000 calls
[perf] custom_function avg = 7.65313 us over 3300000 calls
[perf] custom_function avg = 7.64837 us over 3350000 calls
[perf] custom_function avg = 7.64372 us over 3400000 calls
[perf] custom_function avg = 7.63609 us over 3450000 calls
[perf] custom_function avg = 7.62721 us over 3500000 calls
[perf] custom_function avg = 7.61974 us over 3550000 calls
[perf] custom_function avg = 7.61373 us over 3600000 calls
[perf] custom_function avg = 7.6117 us over 3650000 calls
[perf] custom_function avg = 7.60924 us over 3700000 calls
[perf] custom_function avg = 7.60464 us over 3750000 calls
[perf] custom_function avg = 7.59307 us over 3800000 calls
[perf] custom_function avg = 7.58682 us over 3850000 calls
[perf] custom_function avg = 7.58002 us over 3900000 calls
[perf] custom_function avg = 7.57422 us over 3950000 calls
[perf] custom_function avg = 7.57141 us over 4000000 calls
[perf] custom_function avg = 7.56916 us over 4050000 calls
[perf] custom_function avg = 7.56755 us over 4100000 calls
[perf] custom_function avg = 7.56829 us over 4150000 calls
[perf] custom_function avg = 7.56901 us over 4200000 calls
[perf] custom_function avg = 7.56905 us over 4250000 calls
[perf] custom_function avg = 7.56868 us over 4300000 calls
[perf] custom_function avg = 7.56555 us over 4350000 calls
[perf] custom_function avg = 7.55985 us over 4400000 calls
[perf] custom_function avg = 7.55425 us over 4450000 calls
[perf] custom_function avg = 7.54861 us over 4500000 calls
[perf] custom_function avg = 7.5471 us over 4550000 calls
[perf] custom_function avg = 7.54588 us over 4600000 calls
[perf] custom_function avg = 7.54258 us over 4650000 calls
[perf] custom_function avg = 7.53797 us over 4700000 calls
[perf] custom_function avg = 7.53602 us over 4750000 calls
[perf] custom_function avg = 7.53357 us over 4800000 calls
[perf] custom_function avg = 7.53124 us over 4850000 calls
[perf] custom_function avg = 7.52977 us over 4900000 calls
[perf] custom_function avg = 7.52786 us over 4950000 calls
[perf] custom_function avg = 7.52618 us over 5000000 calls
[perf] custom_function avg = 7.52415 us over 5050000 calls
[perf] custom_function avg = 7.5212 us over 5100000 calls
[perf] custom_function avg = 7.51912 us over 5150000 calls
[perf] custom_function avg = 7.51731 us over 5200000 calls
[perf] custom_function avg = 7.51488 us over 5250000 calls
[perf] custom_function avg = 7.51022 us over 5300000 calls
[perf] custom_function avg = 7.50324 us over 5350000 calls
[perf] custom_function avg = 7.49754 us over 5400000 calls
[perf] custom_function avg = 7.49196 us over 5450000 calls
[perf] custom_function avg = 7.48515 us over 5500000 calls
[perf] custom_function avg = 7.47992 us over 5550000 calls
[perf] custom_function avg = 7.47434 us over 5600000 calls
[perf] custom_function avg = 7.46893 us over 5650000 calls
[perf] custom_function avg = 7.46331 us over 5700000 calls
[perf] custom_function avg = 7.45798 us over 5750000 calls
[perf] custom_function avg = 7.45056 us over 5800000 calls
[perf] custom_function avg = 7.44399 us over 5850000 calls
[perf] custom_function avg = 7.43839 us over 5900000 calls
[perf] custom_function avg = 7.4333 us over 5950000 calls
[perf] custom_function avg = 7.42813 us over 6000000 calls
[perf] custom_function avg = 7.42306 us over 6050000 calls
[perf] custom_function avg = 7.4184 us over 6100000 calls
[perf] custom_function avg = 7.4137 us over 6150000 calls
[perf] custom_function avg = 7.40933 us over 6200000 calls
[perf] custom_function avg = 7.40496 us over 6250000 calls
[perf] custom_function avg = 7.40063 us over 6300000 calls
[perf] custom_function avg = 7.39641 us over 6350000 calls
[perf] custom_function avg = 7.3921 us over 6400000 calls
[perf] custom_function avg = 7.38782 us over 6450000 calls
[perf] custom_function avg = 7.38391 us over 6500000 calls
[perf] custom_function avg = 7.37984 us over 6550000 calls
[perf] custom_function avg = 7.37576 us over 6600000 calls
[perf] custom_function avg = 7.3718 us over 6650000 calls
[perf] custom_function avg = 7.36784 us over 6700000 calls
[perf] custom_function avg = 7.36413 us over 6750000 calls
[perf] custom_function avg = 7.36032 us over 6800000 calls
[perf] custom_function avg = 7.35676 us over 6850000 calls
[perf] custom_function avg = 7.35349 us over 6900000 calls
[perf] custom_function avg = 7.3502 us over 6950000 calls
[perf] custom_function avg = 7.34792 us over 7000000 calls
[perf] custom_function avg = 7.34565 us over 7050000 calls
[perf] custom_function avg = 7.34331 us over 7100000 calls
[perf] custom_function avg = 7.34073 us over 7150000 calls
[perf] custom_function avg = 7.33843 us over 7200000 calls
[perf] custom_function avg = 7.33603 us over 7250000 calls
[perf] custom_function avg = 7.3332 us over 7300000 calls
