Using config file /home/a0hirs04/PROJECT-NORTHSTAR/build/rc2_drug_pipeline_diag_km1p8_efflux004_day22/config.xml ... 
Setting up RNG with seed 42
1
dc? 1
User parameters in XML config file: 
Bool parameters:: 

Int parameters:: 
number_of_tumor_cells: 50 [none]
number_of_stromal_cells: 500 [none]
emt_phenotype_extent: 3 [dimensionless]
host_death_ceiling: 50000 [cells]

Double parameters:: 
tumor_cluster_radius: 100 [micron]
stroma_inner_radius: 100 [micron]
stroma_outer_radius: 300 [micron]
mechanics_voxel_size: 30 [micron]
tgfb_activation_threshold: 0.1 [dimensionless]
shh_activation_threshold: 1e-05 [dimensionless]
oxygen_necrosis_threshold: 5 [mmHg]
oxygen_hypoxia_threshold: 15 [mmHg]
drug_start_time: 20160 [min]
drug_end_time: 40320 [min]
drug_concentration: 1 [dimensionless]
shh_inhibition_start_time: 1e+18 [min]
shh_inhibition_strength: 0 [dimensionless]
tgfb_secretion_rate: 0.8 [dimensionless]
shh_secretion_rate: 0.7 [dimensionless]
hif1a_tgfb_amplification_factor: 1.5 [dimensionless]
caf_tgfb_secretion_rate: 0.3 [dimensionless]
tgfb_brake_sensitivity: 0.05 [dimensionless]
proliferation_rate: 0.75 [dimensionless]
checkpoint_integrity: 0.05 [dimensionless]
apoptosis_resistance: 0.85 [dimensionless]
base_proliferation_rate: 0.00048 [1/min]
go_grow_penalty: 0.95 [dimensionless]
hypoxia_proliferation_modifier: 0.2 [dimensionless]
hypoxia_death_resistance_bonus: 0.1 [dimensionless]
contact_inhibition_threshold: 25 [dimensionless]
stromal_contact_inhibition_threshold: 0.8 [dimensionless]
drug_kill_coefficient: 0.05 [1/min]
efflux_drug_reduction: 0.7 [dimensionless]
caf_proliferation_rate: 0.0001 [1/min]
caf_base_death_rate: 0 [1/min]
caf_crowded_death_rate: 0 [1/min]
gli1_proliferation_boost: 1.3 [dimensionless]
psc_proliferation_rate: 0 [1/min]
ecm_production_rate_base: 0.01 [1/min]
ecm_production_rate_boosted: 0.015 [1/min]
ecm_ha_fraction_default: 0.6 [dimensionless]
mmp2_degradation_rate: 0.005 [1/min]
ecm_natural_decay_rate: 0.0001 [1/min]
drug_uptake_rate: 0.1 [1/hour]
drug_stress_threshold: 0.03 [dimensionless]
nrf2_decay_rate: 0.01 [1/hour]
nrf2_persistence_threshold: 0.003 [dimensionless]
drug_natural_decay_rate: 0 [1/hour]
hif1a_nrf2_priming_bonus: 0.02 [dimensionless]
emt_induction_threshold: 0.3 [dimensionless]
hif1a_emt_boost: 0.02 [dimensionless]
motility_epithelial: 0.1 [micron/min]
motility_mesenchymal_low: 0.5 [micron/min]
motility_mesenchymal_med: 1 [micron/min]
motility_mesenchymal_high: 2 [micron/min]
adhesion_epithelial: 5 [dimensionless]
adhesion_mesenchymal_low: 3 [dimensionless]
adhesion_mesenchymal_med: 1.5 [dimensionless]
adhesion_mesenchymal_high: 0.5 [dimensionless]
hypoxia_response_threshold: 0.35 [dimensionless]
efflux_induction_delay: 0.5 [dimensionless]
efflux_strength: 0.04 [dimensionless]
abcb1_production_rate: 0.0005 [1/min]
abcb1_decay_tau: 1620 [min]
abcb1_max_daily_drop_fraction: 0.25 [dimensionless]
abcb1_inheritance_floor: 0.6 [dimensionless]
mechanical_compaction_strength: 0.6 [dimensionless]
compaction_ecm_increment: 0.01 [dimensionless]
crowding_base_pressure: 0.3 [dimensionless]
stromal_contact_emt_boost: 0 [dimensionless]
ecm_emt_threshold: 0.3 [dimensionless]
ecm_emt_ramp: 0.3 [dimensionless]
ecm_emt_strength: 0.4 [dimensionless]
ecm_emt_cap: 0.3 [dimensionless]
ecm_reversion_weight: 0.3 [dimensionless]
emt_death_increase: 5e-05 [1/min]
emt_off_threshold: 0.1 [dimensionless]
emt_activation_delay: 360 [min]
emt_persistence_time: 7200 [min]
ecm_emt_require_caf_contact: 1 [dimensionless]
ecm_motility_block_threshold: 0.8 [dimensionless]
drug_kill_multiplier: 1.8 [dimensionless]

String parameters:: 
calibration_profile: AsPC-1 [none]
tumor_calibration_knobs_json: config/tumor_calibration_knobs.json [none]
emt_phenotype_extent: HIGH [none]
hypoxia_phenotype_shift: HIGH [none]


which boundaries?
1 1 1 1 1 1

Microenvironment summary: microenvironment: 

Mesh information: 
type: uniform Cartesian
Domain: [-1000,1000] micron x [-1000,1000] micron x [-10,10] micron
   resolution: dx = 20 micron
   voxels: 10000
   voxel faces: 0
   volume: 8e+07 cubic micron
Densities: (5 total)
   oxygen:
     units: mmHg
     diffusion coefficient: 100000 micron^2 / min
     decay rate: 0.1 min^-1
     diffusion length scale: 1000 micron
     initial condition: 38 mmHg
     boundary condition: 38 mmHg (enabled: false)
   tgfb:
     units: dimensionless
     diffusion coefficient: 1000 micron^2 / min
     decay rate: 0.01 min^-1
     diffusion length scale: 316.228 micron
     initial condition: 0 dimensionless
     boundary condition: 0 dimensionless (enabled: false)
   shh:
     units: dimensionless
     diffusion coefficient: 1000 micron^2 / min
     decay rate: 0.01 min^-1
     diffusion length scale: 316.228 micron
     initial condition: 0 dimensionless
     boundary condition: 0 dimensionless (enabled: false)
   drug:
     units: dimensionless
     diffusion coefficient: 5000 micron^2 / min
     decay rate: 0.002 min^-1
     diffusion length scale: 1581.14 micron
     initial condition: 0 dimensionless
     boundary condition: 0 dimensionless (enabled: false)
   ecm_density:
     units: dimensionless
     diffusion coefficient: 0 micron^2 / min
     decay rate: 0.0001 min^-1
     diffusion length scale: 0 micron
     initial condition: 0 dimensionless
     boundary condition: 0 dimensionless (enabled: false)

[setup_microenvironment] ECM impedance correction mode: dt-aware DRUG ONLY (O2/TGFb/SHH legacy)
[ThresholdConfig] Loaded from XML:  HIF1A O2=15 mmHg  Necrosis O2=5 mmHg  TGFB=0.1  SHH=1e-05
[setup_microenvironment] Loaded calibration profile: AsPC-1
[setup_microenvironment] Substrate indices: oxygen=0 tgfb=1 shh=2 ecm_density=4 drug=3
[setup_microenvironment] Completed in 6.56928 ms
virtual_wall_at_domain_edge: enabled
Pre-processing type 0 named tumor_cell
Pre-processing type 1 named stromal_cell
Processing tumor_cell ... 
Note: setting cell definition to 2D based on microenvironment domain settings ... 
  --------- attachment_elastic_constant = 0.01
Processing stromal_cell ... 
Note: setting cell definition to 2D based on microenvironment domain settings ... 
copying data ... 
tumor_cell to stromal_cell
  --------- attachment_elastic_constant = 0.01
Signals: 
=======
0 : oxygen
1 : tgfb
2 : shh
3 : drug
4 : ecm_density
5 : intracellular oxygen
6 : intracellular tgfb
7 : intracellular shh
8 : intracellular drug
9 : intracellular ecm_density
10 : oxygen gradient
11 : tgfb gradient
12 : shh gradient
13 : drug gradient
14 : ecm_density gradient
15 : pressure
16 : volume
17 : contact with tumor_cell
18 : contact with stromal_cell
19 : contact with live cell
20 : contact with dead cell
21 : contact with apoptotic cell
22 : contact with necrotic cell
23 : contact with other dead cell
24 : contact with basement membrane
25 : damage
26 : damage delivered
27 : attacking
28 : dead
29 : total attack time
30 : time
31 : custom:KRAS
32 : custom:MYC
33 : custom:EGFR
34 : custom:TP53
35 : custom:CDKN2A
36 : custom:SMAD4
37 : custom:RB1
38 : custom:BCL_XL
39 : custom:BAX
40 : custom:ZEB1
41 : custom:CDH1
42 : custom:MMP2
43 : custom:TGFB1_expr
44 : custom:SHH_expr
45 : custom:HIF1A
46 : custom:NRF2
47 : custom:ABCB1
48 : custom:is_mesenchymal
49 : custom:stress_level
50 : custom:drug_sensitivity
51 : custom:apoptosis_threshold
52 : custom:cell_id
53 : custom:parent_id
54 : custom:gene_state_KRAS
55 : custom:gene_state_TP53
56 : custom:gene_state_CDKN2A
57 : custom:gene_state_SMAD4
58 : custom:gene_state_BCL_XL
59 : custom:gene_state_MYC
60 : custom:gene_state_EGFR
61 : custom:gene_state_RB1
62 : custom:gene_state_BAX
63 : custom:gene_state_ZEB1
64 : custom:gene_state_CDH1
65 : custom:gene_state_MMP2
66 : custom:gene_state_TGFB1
67 : custom:gene_state_SHH
68 : custom:gene_state_HIF1A
69 : custom:gene_state_NRF2
70 : custom:gene_state_ABCB1
71 : custom:gene_state_HAS2
72 : custom:gene_state_COL1A1
73 : custom:gene_state_GLI1
74 : custom:gene_state_ACTA2
75 : custom:hif1a_active
76 : custom:zeb1_active
77 : custom:cdh1_expressed
78 : custom:nrf2_active
79 : custom:abcb1_active
80 : custom:mmp2_active
81 : custom:intracellular_drug
82 : custom:time_since_drug_exposure
83 : custom:time_alive
84 : custom:emt_extent
85 : custom:mechanical_pressure
86 : custom:emt_signal_time
87 : custom:emt_activation_time
88 : apoptotic
89 : necrotic


Behaviors: 
=========
0 : oxygen secretion
1 : tgfb secretion
2 : shh secretion
3 : drug secretion
4 : ecm_density secretion
5 : oxygen secretion target
6 : tgfb secretion target
7 : shh secretion target
8 : drug secretion target
9 : ecm_density secretion target
10 : oxygen uptake
11 : tgfb uptake
12 : shh uptake
13 : drug uptake
14 : ecm_density uptake
15 : oxygen export
16 : tgfb export
17 : shh export
18 : drug export
19 : ecm_density export
20 : cycle entry
21 : exit from cycle phase 1
22 : exit from cycle phase 2
23 : exit from cycle phase 3
24 : exit from cycle phase 4
25 : exit from cycle phase 5
26 : apoptosis
27 : necrosis
28 : migration speed
29 : migration bias
30 : migration persistence time
31 : chemotactic response to oxygen
32 : chemotactic response to tgfb
33 : chemotactic response to shh
34 : chemotactic response to drug
35 : chemotactic response to ecm_density
36 : cell-cell adhesion
37 : cell-cell adhesion elastic constant
38 : adhesive affinity to tumor_cell
39 : adhesive affinity to stromal_cell
40 : relative maximum adhesion distance
41 : cell-cell repulsion
42 : cell-BM adhesion
43 : cell-BM repulsion
44 : phagocytose apoptotic cell
45 : phagocytose necrotic cell
46 : phagocytose other dead cell
47 : phagocytose tumor_cell
48 : phagocytose stromal_cell
49 : attack tumor_cell
50 : attack stromal_cell
51 : fuse to tumor_cell
52 : fuse to stromal_cell
53 : transition to tumor_cell
54 : transition to stromal_cell
55 : asymmetric division to tumor_cell
56 : asymmetric division to stromal_cell
57 : custom:KRAS
58 : custom:MYC
59 : custom:EGFR
60 : custom:TP53
61 : custom:CDKN2A
62 : custom:SMAD4
63 : custom:RB1
64 : custom:BCL_XL
65 : custom:BAX
66 : custom:ZEB1
67 : custom:CDH1
68 : custom:MMP2
69 : custom:TGFB1_expr
70 : custom:SHH_expr
71 : custom:HIF1A
72 : custom:NRF2
73 : custom:ABCB1
74 : custom:is_mesenchymal
75 : custom:stress_level
76 : custom:drug_sensitivity
77 : custom:apoptosis_threshold
78 : custom:cell_id
79 : custom:parent_id
80 : custom:gene_state_KRAS
81 : custom:gene_state_TP53
82 : custom:gene_state_CDKN2A
83 : custom:gene_state_SMAD4
84 : custom:gene_state_BCL_XL
85 : custom:gene_state_MYC
86 : custom:gene_state_EGFR
87 : custom:gene_state_RB1
88 : custom:gene_state_BAX
89 : custom:gene_state_ZEB1
90 : custom:gene_state_CDH1
91 : custom:gene_state_MMP2
92 : custom:gene_state_TGFB1
93 : custom:gene_state_SHH
94 : custom:gene_state_HIF1A
95 : custom:gene_state_NRF2
96 : custom:gene_state_ABCB1
97 : custom:gene_state_HAS2
98 : custom:gene_state_COL1A1
99 : custom:gene_state_GLI1
100 : custom:gene_state_ACTA2
101 : custom:hif1a_active
102 : custom:zeb1_active
103 : custom:cdh1_expressed
104 : custom:nrf2_active
105 : custom:abcb1_active
106 : custom:mmp2_active
107 : custom:intracellular_drug
108 : custom:time_since_drug_exposure
109 : custom:time_alive
110 : custom:emt_extent
111 : custom:mechanical_pressure
112 : custom:emt_signal_time
113 : custom:emt_activation_time
114 : is_movable
115 : immunogenicity to tumor_cell
116 : immunogenicity to stromal_cell
117 : cell attachment rate
118 : cell detachment rate
119 : maximum number of cell attachments
120 : attack damage rate
121 : attack duration
122 : damage rate
123 : damage repair rate


ruleset
	Ruleset disabled ... 
Behavioral rules for cell type tumor_cell:
===================================================

Behavioral rules for cell type stromal_cell:
===================================================

Exporting rules to file /home/a0hirs04/PROJECT-NORTHSTAR/build/rc2_drug_pipeline_diag_km1p8_efflux004_day22/output/cell_rules_parsed.csv (v3 format) ... 
Done!

0 :: type:0 name: tumor_cell
	 cycle model: Live (code=5)
		Phase 0: Live
		Cycle transitions: 
		-----------------
		Live --> Live w mean duration 100 min
	 death models: 
		0 : Apoptosis (code=100) with rate 0.00015 1/min
		death phase transitions: 
		------------------------
		Apoptotic --> Debris w mean duration 516 min
		1 : Necrosis (code=101) with rate 0 1/min
		death phase transitions: 
		------------------------
		Necrotic (swelling) --> Necrotic (lysed) w mean duration 1e-16 min
		Necrotic (lysed) --> Debris w mean duration 86400 min
	 key functions: 
		 migration bias rule: false
		 custom rule: false
		 phenotype rule: true
		 volume update function: true
		 mechanics function: true
		 contact function: false
		 cell division function: true
	motility (enabled: true in 2D)
		speed: 0.1 micron/min
		bias: 0 
		persistence time: 10 min
		chemotaxis (enabled: false)
			along 1 * grad(oxygen) 
	mechanics:
		cell_cell_adhesion_strength: 5
		cell_cell_repulsion_strength: 10
		rel max adhesion dist: 1.25
		cell_BM_adhesion_strength: 4
		cell_BM_repulsion_strength: 100
		attachment_elastic_constant: 0.01
		attachment_rate: 0
		detachment_rate: 0
	custom data: 
		KRAS: 1 dimensionless
		MYC: 0 dimensionless
		EGFR: 1 dimensionless
		TP53: 0 dimensionless
		CDKN2A: 0 dimensionless
		SMAD4: 0 dimensionless
		RB1: 0 dimensionless
		BCL_XL: 0 dimensionless
		BAX: 0 dimensionless
		ZEB1: 0 dimensionless
		CDH1: 0 dimensionless
		MMP2: 0 dimensionless
		TGFB1_expr: 0 dimensionless
		SHH_expr: 0 dimensionless
		HIF1A: 0 dimensionless
		NRF2: 0 dimensionless
		ABCB1: 0 dimensionless
		is_mesenchymal: 0 dimensionless
		stress_level: 0 dimensionless
		drug_sensitivity: 1 dimensionless
		apoptosis_threshold: 0.5 dimensionless
		cell_id: -1 none
		parent_id: -1 none
		gene_state_KRAS: 1 none
		gene_state_TP53: 2 none
		gene_state_CDKN2A: 2 none
		gene_state_SMAD4: 2 none
		gene_state_BCL_XL: 1 none
		gene_state_MYC: 0 none
		gene_state_EGFR: 0 none
		gene_state_RB1: 0 none
		gene_state_BAX: 0 none
		gene_state_ZEB1: 0 none
		gene_state_CDH1: 0 none
		gene_state_MMP2: 0 none
		gene_state_TGFB1: 0 none
		gene_state_SHH: 0 none
		gene_state_HIF1A: 0 none
		gene_state_NRF2: 0 none
		gene_state_ABCB1: 0 none
		gene_state_HAS2: 0 none
		gene_state_COL1A1: 0 none
		gene_state_GLI1: 0 none
		gene_state_ACTA2: 0 none
		hif1a_active: 0 dimensionless
		zeb1_active: 0 dimensionless
		cdh1_expressed: 1 dimensionless
		nrf2_active: 0 dimensionless
		abcb1_active: 0 dimensionless
		mmp2_active: 0 dimensionless
		intracellular_drug: 0 dimensionless
		time_since_drug_exposure: -1 hour
		time_alive: 0 min
		emt_extent: 0 dimensionless
		mechanical_pressure: 0 dimensionless
		emt_signal_time: 0 min
		emt_activation_time: 0 min
		final_prolif_rate: 0 1/min
		time_since_drug_withdrawal: -1 hour
		in_resistance_memory: 0 dimensionless
		nrf2_withdrawal_anchor: 0 dimensionless
		abcb1_withdrawal_anchor: 0 dimensionless
	custom vector data: 
			NOTE: custom vector data will eventually be merged with custom data
1 :: type:1 name: stromal_cell
	 cycle model: Live (code=5)
		Phase 0: Live
		Cycle transitions: 
		-----------------
		Live --> Live w mean duration inf min
	 death models: 
		0 : Apoptosis (code=100) with rate 0 1/min
		death phase transitions: 
		------------------------
		Apoptotic --> Debris w mean duration 516 min
		1 : Necrosis (code=101) with rate 0 1/min
		death phase transitions: 
		------------------------
		Necrotic (swelling) --> Necrotic (lysed) w mean duration 1e-16 min
		Necrotic (lysed) --> Debris w mean duration 86400 min
	 key functions: 
		 migration bias rule: false
		 custom rule: false
		 phenotype rule: true
		 volume update function: true
		 mechanics function: true
		 contact function: false
		 cell division function: true
	motility (enabled: true in 2D)
		speed: 0.05 micron/min
		bias: 0 
		persistence time: 10 min
		chemotaxis (enabled: false)
			along 1 * grad(oxygen) 
	mechanics:
		cell_cell_adhesion_strength: 0.8
		cell_cell_repulsion_strength: 10
		rel max adhesion dist: 1.25
		cell_BM_adhesion_strength: 4
		cell_BM_repulsion_strength: 100
		attachment_elastic_constant: 0.01
		attachment_rate: 0
		detachment_rate: 0
	custom data: 
		cell_id: -1 none
		parent_id: -1 none
		gene_state_SMAD4: 0 none
		gene_state_ACTA2: 0 none
		gene_state_GLI1: 0 none
		gene_state_HAS2: 0 none
		gene_state_COL1A1: 0 none
		gene_state_TGFB1: 0 none
		gene_state_SHH: 0 none
		acta2_active: 0 dimensionless
		gli1_active: 0 dimensionless
		activation_mode: 0 dimensionless
		hif1a_active: 0 dimensionless
		ecm_production_rate: 0 dimensionless
		tgfb_secretion_active: 0 dimensionless
		time_alive: 0 min
		mechanical_pressure: 0 dimensionless
		_stromal_reserved_0: 0 none
		_stromal_reserved_1: 0 none
		_stromal_reserved_2: 0 none
		_stromal_reserved_3: 0 none
		_stromal_reserved_4: 0 none
		_stromal_reserved_5: 0 none
		_stromal_reserved_6: 0 none
		_stromal_reserved_7: 0 none
		_stromal_reserved_8: 0 none
		_stromal_reserved_9: 0 none
		_stromal_reserved_10: 0 none
		_stromal_reserved_11: 0 none
		_stromal_reserved_12: 0 none
		_stromal_reserved_13: 0 none
		_stromal_reserved_14: 0 none
		_stromal_reserved_15: 0 none
		_stromal_reserved_16: 0 none
		_stromal_reserved_17: 0 none
		_stromal_reserved_18: 0 none
		_stromal_reserved_19: 0 none
		_stromal_reserved_20: 0 none
		_stromal_reserved_21: 0 none
		_stromal_reserved_22: 0 none
		_stromal_reserved_23: 0 none
		_stromal_reserved_24: 0 none
		_stromal_reserved_25: 0 none
		_stromal_reserved_26: 0 none
		_stromal_reserved_27: 0 none
		_stromal_reserved_28: 0 none
		_stromal_reserved_29: 0 none
		_stromal_reserved_30: 0 none
		_stromal_reserved_31: 0 none
		_stromal_reserved_32: 0 none
		_stromal_reserved_33: 0 none
		_stromal_reserved_34: 0 none
		_stromal_reserved_35: 0 none
		_stromal_reserved_36: 0 none
		_stromal_reserved_37: 0 none
		_stromal_reserved_38: 0 none
		_stromal_reserved_39: 0 none
		_stromal_reserved_40: 0 none
		_stromal_reserved_41: 0 none
		_stromal_reserved_42: 0 none
		_stromal_reserved_43: 0 none
		_stromal_reserved_44: 0 none
	custom vector data: 
			NOTE: custom vector data will eventually be merged with custom data
[create_cell_types] Completed in 4.21218 ms

================================================================
 §8.1  Baseline Validation Suite — Tumor-Intrinsic Traits v1.0 
================================================================
  [PASS]  Trait 1:  Constitutive Paracrine Secretion
  [PASS]  Trait 2:  TGF-beta Insensitivity (Arrest Arm Only)
  [PASS]  Trait 3:  Rapid Proliferation / Broken Checkpoints
  [PASS]  Trait 4:  Apoptotic Resistance at Baseline
  [PASS]  Trait 5:  Inducible EMT Under Stress  (Spatial)
  [PASS]  Trait 6:  Hypoxia-Responsive Phenotype Switching
  [PASS]  Trait 7:  Drug-Inducible Efflux  (Not Constitutive)
  [PASS]  Trait 8:  ECM Compaction  (Passive / Mechanical)
  [PASS]  Trait 9:  13-Knob Partition + AsPC-1/PANC-1 Knob 2
  [PASS]  Trait 10:  SHH Paradox Fast Invariants
----------------------------------------------------------------
  Result: 10/10 passed — ALL PASS.  Baseline is validated.
================================================================

[setup_tissue] No intervention JSON provided; using active calibration defaults.
[setup_tissue] Placed tumor=50 stromal=500 cluster_radius=100um stroma_ring=[100,300]um in 7.38237 ms
Using PhysiCell version 1.14.2
	Please cite DOI: 10.1371/journal.pcbi.1005991
	Project website: http://physicell.org

See ALL_CITATIONS.txt for this list.
current simulated time: 0 min (max: 31680 min)
total agents: 550
interval wall time: 0 days, 0 hours, 0 minutes, and 1.176e-05 seconds 
total wall time: 0 days, 0 hours, 0 minutes, and 1.502e-05 seconds 


Using method diffusion_decay_solver__constant_coefficients_LOD_2D (2D LOD with Thomas Algorithm) ... 

current simulated time: 360 min (max: 31680 min)
total agents: 567
interval wall time: 0 days, 0 hours, 0 minutes, and 18.3906 seconds 
total wall time: 0 days, 0 hours, 0 minutes, and 18.3906 seconds 


[DIAG_T360_STROMAL] === One-time stromal diagnostic at t=366 ===
[DIAG_T360_STROMAL] Total live stromal: 508  PSCs(acta2=0): 355  CAFs(acta2=1): 153
[DIAG_T360_STROMAL] PSC #0  ID=163  transition_rate(0,0)=0  acta2_active=0  activation_mode=0  mechanical_pressure[16]=0.0951095
[DIAG_T360_STROMAL] PSC #1  ID=492  transition_rate(0,0)=0  acta2_active=0  activation_mode=0  mechanical_pressure[16]=0.130123
[DIAG_T360_STROMAL] PSC #2  ID=480  transition_rate(0,0)=0  acta2_active=0  activation_mode=0  mechanical_pressure[16]=0.07786
[DIAG_T360_STROMAL] PSC #3  ID=82  transition_rate(0,0)=0  acta2_active=0  activation_mode=0  mechanical_pressure[16]=0.229196
[DIAG_T360_STROMAL] PSC #4  ID=458  transition_rate(0,0)=0  acta2_active=0  activation_mode=0  mechanical_pressure[16]=0.256518
[DIAG_T360_STROMAL] CAF #0  ID=51  transition_rate(0,0)=0.000107859  acta2_active=1  activation_mode=1  mechanical_pressure[16]=0.111872
[DIAG_T360_STROMAL] CAF #1  ID=60  transition_rate(0,0)=0.000122186  acta2_active=1  activation_mode=1  mechanical_pressure[16]=1.39239e-05
[DIAG_T360_STROMAL] CAF #2  ID=61  transition_rate(0,0)=0.0001  acta2_active=1  activation_mode=1  mechanical_pressure[16]=0.172202
[DIAG_T360_MECH_VERIFY] Checking mechanical_pressure for 3 random stromal cells:
[DIAG_T360_MECH_VERIFY]   cell ID=433  idx[16]=0.258142  name_lookup=0.258142  simple_pressure=0.860472  OK
[DIAG_T360_MECH_VERIFY]   cell ID=296  idx[16]=0.0987017  name_lookup=0.0987017  simple_pressure=0.329006  OK
[DIAG_T360_MECH_VERIFY]   cell ID=479  idx[16]=0  name_lookup=0  simple_pressure=0  STILL_ZERO
[DIAG_T360_STROMAL] === end diagnostic ===

[perf] custom_function avg = 8.8304 us over 50000 calls
current simulated time: 720 min (max: 31680 min)
total agents: 585
interval wall time: 0 days, 0 hours, 0 minutes, and 18.7181 seconds 
total wall time: 0 days, 0 hours, 0 minutes, and 37.1087 seconds 

[perf] custom_function avg = 8.96744 us over 100000 calls
current simulated time: 1080 min (max: 31680 min)
total agents: 594
interval wall time: 0 days, 0 hours, 0 minutes, and 19.1302 seconds 
total wall time: 0 days, 0 hours, 0 minutes, and 56.2389 seconds 

current simulated time: 1440 min (max: 31680 min)
total agents: 614
interval wall time: 0 days, 0 hours, 0 minutes, and 18.8592 seconds 
total wall time: 0 days, 0 hours, 1 minutes, and 15.0981 seconds 

[perf] custom_function avg = 9.12582 us over 150000 calls
current simulated time: 1800 min (max: 31680 min)
total agents: 628
interval wall time: 0 days, 0 hours, 0 minutes, and 18.7893 seconds 
total wall time: 0 days, 0 hours, 1 minutes, and 33.8875 seconds 

[perf] custom_function avg = 9.26054 us over 200000 calls
current simulated time: 2160 min (max: 31680 min)
total agents: 642
interval wall time: 0 days, 0 hours, 0 minutes, and 18.8235 seconds 
total wall time: 0 days, 0 hours, 1 minutes, and 52.711 seconds 

[perf] custom_function avg = 9.37081 us over 250000 calls
current simulated time: 2520 min (max: 31680 min)
total agents: 663
interval wall time: 0 days, 0 hours, 0 minutes, and 18.8541 seconds 
total wall time: 0 days, 0 hours, 2 minutes, and 11.565 seconds 

current simulated time: 2880 min (max: 31680 min)
total agents: 676
interval wall time: 0 days, 0 hours, 0 minutes, and 18.9011 seconds 
total wall time: 0 days, 0 hours, 2 minutes, and 30.4662 seconds 

[perf] custom_function avg = 9.48587 us over 300000 calls
current simulated time: 3240 min (max: 31680 min)
total agents: 701
interval wall time: 0 days, 0 hours, 0 minutes, and 19.1008 seconds 
total wall time: 0 days, 0 hours, 2 minutes, and 49.567 seconds 

[perf] custom_function avg = 9.57762 us over 350000 calls
current simulated time: 3600 min (max: 31680 min)
total agents: 721
interval wall time: 0 days, 0 hours, 0 minutes, and 19.1236 seconds 
total wall time: 0 days, 0 hours, 3 minutes, and 8.69064 seconds 

[perf] custom_function avg = 9.66676 us over 400000 calls
current simulated time: 3960 min (max: 31680 min)
total agents: 732
interval wall time: 0 days, 0 hours, 0 minutes, and 19.1548 seconds 
total wall time: 0 days, 0 hours, 3 minutes, and 27.8454 seconds 

[perf] custom_function avg = 9.73256 us over 450000 calls
current simulated time: 4320 min (max: 31680 min)
total agents: 752
interval wall time: 0 days, 0 hours, 0 minutes, and 19.1356 seconds 
total wall time: 0 days, 0 hours, 3 minutes, and 46.981 seconds 

[perf] custom_function avg = 9.79676 us over 500000 calls
current simulated time: 4680 min (max: 31680 min)
total agents: 785
interval wall time: 0 days, 0 hours, 0 minutes, and 19.2472 seconds 
total wall time: 0 days, 0 hours, 4 minutes, and 6.22818 seconds 

[perf] custom_function avg = 9.87732 us over 550000 calls
current simulated time: 5040 min (max: 31680 min)
total agents: 820
interval wall time: 0 days, 0 hours, 0 minutes, and 19.3925 seconds 
total wall time: 0 days, 0 hours, 4 minutes, and 25.6207 seconds 

[perf] custom_function avg = 9.97316 us over 600000 calls
current simulated time: 5400 min (max: 31680 min)
total agents: 844
interval wall time: 0 days, 0 hours, 0 minutes, and 19.4945 seconds 
total wall time: 0 days, 0 hours, 4 minutes, and 45.1152 seconds 

[perf] custom_function avg = 10.0681 us over 650000 calls
current simulated time: 5760 min (max: 31680 min)
total agents: 888
interval wall time: 0 days, 0 hours, 0 minutes, and 19.5491 seconds 
total wall time: 0 days, 0 hours, 5 minutes, and 4.6643 seconds 

[perf] custom_function avg = 10.1677 us over 700000 calls
current simulated time: 6120 min (max: 31680 min)
total agents: 900
interval wall time: 0 days, 0 hours, 0 minutes, and 19.6298 seconds 
total wall time: 0 days, 0 hours, 5 minutes, and 24.2941 seconds 

[perf] custom_function avg = 10.2658 us over 750000 calls
current simulated time: 6480 min (max: 31680 min)
total agents: 932
interval wall time: 0 days, 0 hours, 0 minutes, and 19.6176 seconds 
total wall time: 0 days, 0 hours, 5 minutes, and 43.9118 seconds 

[perf] custom_function avg = 10.3376 us over 800000 calls
current simulated time: 6840 min (max: 31680 min)
total agents: 940
interval wall time: 0 days, 0 hours, 0 minutes, and 19.6643 seconds 
total wall time: 0 days, 0 hours, 6 minutes, and 3.5761 seconds 

[perf] custom_function avg = 10.4038 us over 850000 calls
current simulated time: 7200 min (max: 31680 min)
total agents: 965
interval wall time: 0 days, 0 hours, 0 minutes, and 19.6526 seconds 
total wall time: 0 days, 0 hours, 6 minutes, and 23.2287 seconds 

[perf] custom_function avg = 10.4682 us over 900000 calls
current simulated time: 7560 min (max: 31680 min)
total agents: 995
interval wall time: 0 days, 0 hours, 0 minutes, and 19.5688 seconds 
total wall time: 0 days, 0 hours, 6 minutes, and 42.7974 seconds 

[perf] custom_function avg = 10.5144 us over 950000 calls
current simulated time: 7920 min (max: 31680 min)
total agents: 1023
interval wall time: 0 days, 0 hours, 0 minutes, and 19.5637 seconds 
total wall time: 0 days, 0 hours, 7 minutes, and 2.36111 seconds 

[perf] custom_function avg = 10.5657 us over 1000000 calls
current simulated time: 8280 min (max: 31680 min)
total agents: 1034
interval wall time: 0 days, 0 hours, 0 minutes, and 19.631 seconds 
total wall time: 0 days, 0 hours, 7 minutes, and 21.9921 seconds 

[perf] custom_function avg = 10.6121 us over 1050000 calls
[perf] custom_function avg = 10.6611 us over 1100000 calls
current simulated time: 8640 min (max: 31680 min)
total agents: 1067
interval wall time: 0 days, 0 hours, 0 minutes, and 19.6107 seconds 
total wall time: 0 days, 0 hours, 7 minutes, and 41.6027 seconds 

[perf] custom_function avg = 10.7052 us over 1150000 calls
current simulated time: 9000 min (max: 31680 min)
total agents: 1095
interval wall time: 0 days, 0 hours, 0 minutes, and 19.6567 seconds 
total wall time: 0 days, 0 hours, 8 minutes, and 1.25944 seconds 

[perf] custom_function avg = 10.7444 us over 1200000 calls
current simulated time: 9360 min (max: 31680 min)
total agents: 1125
interval wall time: 0 days, 0 hours, 0 minutes, and 19.6784 seconds 
total wall time: 0 days, 0 hours, 8 minutes, and 20.9379 seconds 

[perf] custom_function avg = 10.7821 us over 1250000 calls
[perf] custom_function avg = 10.8144 us over 1300000 calls
current simulated time: 9720 min (max: 31680 min)
total agents: 1159
interval wall time: 0 days, 0 hours, 0 minutes, and 19.7566 seconds 
total wall time: 0 days, 0 hours, 8 minutes, and 40.6945 seconds 

[perf] custom_function avg = 10.8471 us over 1350000 calls
current simulated time: 10080 min (max: 31680 min)
total agents: 1203
interval wall time: 0 days, 0 hours, 0 minutes, and 19.8036 seconds 
total wall time: 0 days, 0 hours, 9 minutes, and 0.498084 seconds 

[perf] custom_function avg = 10.8778 us over 1400000 calls
current simulated time: 10440 min (max: 31680 min)
total agents: 1216
interval wall time: 0 days, 0 hours, 0 minutes, and 19.8477 seconds 
total wall time: 0 days, 0 hours, 9 minutes, and 20.3458 seconds 

[perf] custom_function avg = 10.9018 us over 1450000 calls
[perf] custom_function avg = 10.9228 us over 1500000 calls
current simulated time: 10800 min (max: 31680 min)
total agents: 1233
interval wall time: 0 days, 0 hours, 0 minutes, and 19.9028 seconds 
total wall time: 0 days, 0 hours, 9 minutes, and 40.2486 seconds 

[perf] custom_function avg = 10.9451 us over 1550000 calls
current simulated time: 11160 min (max: 31680 min)
total agents: 1248
interval wall time: 0 days, 0 hours, 0 minutes, and 19.8676 seconds 
total wall time: 0 days, 0 hours, 10 minutes, and 0.116195 seconds 

[perf] custom_function avg = 10.9642 us over 1600000 calls
[perf] custom_function avg = 10.9822 us over 1650000 calls
current simulated time: 11520 min (max: 31680 min)
total agents: 1270
interval wall time: 0 days, 0 hours, 0 minutes, and 19.9491 seconds 
total wall time: 0 days, 0 hours, 10 minutes, and 20.0653 seconds 

[perf] custom_function avg = 11.0025 us over 1700000 calls
current simulated time: 11880 min (max: 31680 min)
total agents: 1301
interval wall time: 0 days, 0 hours, 0 minutes, and 20.0302 seconds 
total wall time: 0 days, 0 hours, 10 minutes, and 40.0956 seconds 

[perf] custom_function avg = 11.0215 us over 1750000 calls
[perf] custom_function avg = 11.0396 us over 1800000 calls
current simulated time: 12240 min (max: 31680 min)
total agents: 1330
interval wall time: 0 days, 0 hours, 0 minutes, and 20.0876 seconds 
total wall time: 0 days, 0 hours, 11 minutes, and 0.183202 seconds 

[perf] custom_function avg = 11.0574 us over 1850000 calls
current simulated time: 12600 min (max: 31680 min)
total agents: 1357
interval wall time: 0 days, 0 hours, 0 minutes, and 20.1586 seconds 
total wall time: 0 days, 0 hours, 11 minutes, and 20.3418 seconds 

[perf] custom_function avg = 11.0745 us over 1900000 calls
[perf] custom_function avg = 11.0888 us over 1950000 calls
current simulated time: 12960 min (max: 31680 min)
total agents: 1393
interval wall time: 0 days, 0 hours, 0 minutes, and 20.2878 seconds 
total wall time: 0 days, 0 hours, 11 minutes, and 40.6296 seconds 

[perf] custom_function avg = 11.1035 us over 2000000 calls
[perf] custom_function avg = 11.1188 us over 2050000 calls
current simulated time: 13320 min (max: 31680 min)
total agents: 1429
interval wall time: 0 days, 0 hours, 0 minutes, and 20.3454 seconds 
total wall time: 0 days, 0 hours, 12 minutes, and 0.974978 seconds 

[perf] custom_function avg = 11.1335 us over 2100000 calls
current simulated time: 13680 min (max: 31680 min)
total agents: 1493
interval wall time: 0 days, 0 hours, 0 minutes, and 20.4213 seconds 
total wall time: 0 days, 0 hours, 12 minutes, and 21.3963 seconds 

[perf] custom_function avg = 11.1486 us over 2150000 calls
[perf] custom_function avg = 11.1611 us over 2200000 calls
current simulated time: 14040 min (max: 31680 min)
total agents: 1519
interval wall time: 0 days, 0 hours, 0 minutes, and 20.4995 seconds 
total wall time: 0 days, 0 hours, 12 minutes, and 41.8958 seconds 

[perf] custom_function avg = 11.1746 us over 2250000 calls
[perf] custom_function avg = 11.1844 us over 2300000 calls
current simulated time: 14400 min (max: 31680 min)
total agents: 1543
interval wall time: 0 days, 0 hours, 0 minutes, and 20.4949 seconds 
total wall time: 0 days, 0 hours, 13 minutes, and 2.39067 seconds 

[perf] custom_function avg = 11.1865 us over 2350000 calls
[perf] custom_function avg = 11.189 us over 2400000 calls
current simulated time: 14760 min (max: 31680 min)
total agents: 1582
interval wall time: 0 days, 0 hours, 0 minutes, and 20.5539 seconds 
total wall time: 0 days, 0 hours, 13 minutes, and 22.9446 seconds 

[perf] custom_function avg = 11.1896 us over 2450000 calls
[perf] custom_function avg = 11.19 us over 2500000 calls
current simulated time: 15120 min (max: 31680 min)
total agents: 1601
interval wall time: 0 days, 0 hours, 0 minutes, and 20.5469 seconds 
total wall time: 0 days, 0 hours, 13 minutes, and 43.4916 seconds 

[perf] custom_function avg = 11.1904 us over 2550000 calls
current simulated time: 15480 min (max: 31680 min)
total agents: 1631
interval wall time: 0 days, 0 hours, 0 minutes, and 20.5944 seconds 
total wall time: 0 days, 0 hours, 14 minutes, and 4.08596 seconds 

[perf] custom_function avg = 11.1903 us over 2600000 calls
[perf] custom_function avg = 11.1894 us over 2650000 calls
current simulated time: 15840 min (max: 31680 min)
total agents: 1649
interval wall time: 0 days, 0 hours, 0 minutes, and 20.6723 seconds 
total wall time: 0 days, 0 hours, 14 minutes, and 24.7583 seconds 

[perf] custom_function avg = 11.19 us over 2700000 calls
[perf] custom_function avg = 11.1879 us over 2750000 calls
current simulated time: 16200 min (max: 31680 min)
total agents: 1695
interval wall time: 0 days, 0 hours, 0 minutes, and 20.993 seconds 
total wall time: 0 days, 0 hours, 14 minutes, and 45.7513 seconds 

[perf] custom_function avg = 11.1857 us over 2800000 calls
[perf] custom_function avg = 11.1827 us over 2850000 calls
current simulated time: 16560 min (max: 31680 min)
total agents: 1730
interval wall time: 0 days, 0 hours, 0 minutes, and 21.0579 seconds 
total wall time: 0 days, 0 hours, 15 minutes, and 6.80919 seconds 

[perf] custom_function avg = 11.1808 us over 2900000 calls
[perf] custom_function avg = 11.1779 us over 2950000 calls
current simulated time: 16920 min (max: 31680 min)
total agents: 1782
interval wall time: 0 days, 0 hours, 0 minutes, and 21.1437 seconds 
total wall time: 0 days, 0 hours, 15 minutes, and 27.9529 seconds 

[perf] custom_function avg = 11.1759 us over 3000000 calls
[perf] custom_function avg = 11.1733 us over 3050000 calls
current simulated time: 17280 min (max: 31680 min)
total agents: 1813
interval wall time: 0 days, 0 hours, 0 minutes, and 21.2394 seconds 
total wall time: 0 days, 0 hours, 15 minutes, and 49.1922 seconds 

[perf] custom_function avg = 11.1714 us over 3100000 calls
[perf] custom_function avg = 11.17 us over 3150000 calls
[perf] custom_function avg = 11.1686 us over 3200000 calls
current simulated time: 17640 min (max: 31680 min)
total agents: 1861
interval wall time: 0 days, 0 hours, 0 minutes, and 21.2674 seconds 
total wall time: 0 days, 0 hours, 16 minutes, and 10.4596 seconds 

[perf] custom_function avg = 11.1675 us over 3250000 calls
[perf] custom_function avg = 11.1656 us over 3300000 calls
current simulated time: 18000 min (max: 31680 min)
total agents: 1912
interval wall time: 0 days, 0 hours, 0 minutes, and 21.3712 seconds 
total wall time: 0 days, 0 hours, 16 minutes, and 31.8309 seconds 

[perf] custom_function avg = 11.1649 us over 3350000 calls
[perf] custom_function avg = 11.1633 us over 3400000 calls
current simulated time: 18360 min (max: 31680 min)
total agents: 1947
interval wall time: 0 days, 0 hours, 0 minutes, and 21.4537 seconds 
total wall time: 0 days, 0 hours, 16 minutes, and 53.2846 seconds 

[perf] custom_function avg = 11.1624 us over 3450000 calls
[perf] custom_function avg = 11.1613 us over 3500000 calls
current simulated time: 18720 min (max: 31680 min)
total agents: 2005
interval wall time: 0 days, 0 hours, 0 minutes, and 21.4589 seconds 
total wall time: 0 days, 0 hours, 17 minutes, and 14.7435 seconds 

[perf] custom_function avg = 11.162 us over 3550000 calls
[perf] custom_function avg = 11.1615 us over 3600000 calls
[perf] custom_function avg = 11.1616 us over 3650000 calls
current simulated time: 19080 min (max: 31680 min)
total agents: 2053
interval wall time: 0 days, 0 hours, 0 minutes, and 21.5072 seconds 
total wall time: 0 days, 0 hours, 17 minutes, and 36.2507 seconds 

[perf] custom_function avg = 11.1629 us over 3700000 calls
[perf] custom_function avg = 11.163 us over 3750000 calls
current simulated time: 19440 min (max: 31680 min)
total agents: 2088
interval wall time: 0 days, 0 hours, 0 minutes, and 21.6328 seconds 
total wall time: 0 days, 0 hours, 17 minutes, and 57.8835 seconds 

[perf] custom_function avg = 11.164 us over 3800000 calls
[perf] custom_function avg = 11.1641 us over 3850000 calls
[perf] custom_function avg = 11.1642 us over 3900000 calls
current simulated time: 19800 min (max: 31680 min)
total agents: 2128
interval wall time: 0 days, 0 hours, 0 minutes, and 21.76 seconds 
total wall time: 0 days, 0 hours, 18 minutes, and 19.6435 seconds 

[perf] custom_function avg = 11.1652 us over 3950000 calls
[perf] custom_function avg = 11.1653 us over 4000000 calls
current simulated time: 20160 min (max: 31680 min)
total agents: 2164
interval wall time: 0 days, 0 hours, 0 minutes, and 21.7786 seconds 
total wall time: 0 days, 0 hours, 18 minutes, and 41.4221 seconds 

[DRUG_SCHEDULE] t=20166 Drug ON  concentration=1
[CUSTOM_DATA_DEBUG] drug present. cell_type=tumor_cell n_vars=62
  [0] KRAS = 1
  [1] MYC = 0.5
  [2] EGFR = 0.5
  [3] TP53 = 0
  [4] CDKN2A = 0.8
  [5] SMAD4 = 0
  [6] RB1 = 0
  [7] BCL_XL = 0
  [8] BAX = 0.5
  [9] ZEB1 = 1
  [10] CDH1 = 0
  [11] MMP2 = 1
  [12] TGFB1_expr = 0.8
  [13] SHH_expr = 0.7
  [14] HIF1A = 0.3
  [15] NRF2 = 0
  [16] ABCB1 = 1.75231e-05
  [17] is_mesenchymal = 1
  [18] stress_level = 0
  [19] drug_sensitivity = 0
  [20] apoptosis_threshold = 0
  [21] cell_id = 1572
  [22] parent_id = 621
  [23] gene_state_KRAS = 1
  [24] gene_state_TP53 = 2
  [25] gene_state_CDKN2A = 2
  [26] gene_state_SMAD4 = 2
  [27] gene_state_BCL_XL = 1
  [28] gene_state_MYC = 0
  [29] gene_state_EGFR = 0
  [30] gene_state_RB1 = 0
  [31] gene_state_BAX = 0
  [32] gene_state_ZEB1 = 0
  [33] gene_state_CDH1 = 0
  [34] gene_state_MMP2 = 0
  [35] gene_state_TGFB1 = 0
  [36] gene_state_SHH = 0
  [37] gene_state_HIF1A = 0
  [38] gene_state_NRF2 = 0
  [39] gene_state_ABCB1 = 0
  [40] gene_state_HAS2 = 0
  [41] gene_state_COL1A1 = 0
  [42] gene_state_GLI1 = 0
  [43] gene_state_ACTA2 = 0
  [44] hif1a_active = 0
  [45] zeb1_active = 1
  [46] cdh1_expressed = 0
  [47] nrf2_active = 0
  [48] abcb1_active = 1.75231e-05
  [49] mmp2_active = 1
  [50] intracellular_drug = 0.00362435
  [51] time_since_drug_exposure = 12
  [52] time_alive = 0
  [53] emt_extent = 3
  [54] mechanical_pressure = 0.246502
  [55] emt_signal_time = 360
  [56] emt_activation_time = 18858
  [57] final_prolif_rate = 2.4e-05
  [58] time_since_drug_withdrawal = 0
  [59] in_resistance_memory = 0
  [60] nrf2_withdrawal_anchor = 0
  [61] abcb1_withdrawal_anchor = 1.75881e-05
  idx[intracellular_drug]=50
  idx[nrf2_active]=47
  idx[abcb1_active]=48
  idx[NRF2]=15
  idx[ABCB1]=16
  idx[time_since_drug_exposure]=51
  idx[mechanical_pressure]=54
  idx[drug_uptake_rate]=-1
[perf] custom_function avg = 11.1671 us over 4050000 calls
[perf] custom_function avg = 11.164 us over 4100000 calls
current simulated time: 20520 min (max: 31680 min)
total agents: 2185
interval wall time: 0 days, 0 hours, 0 minutes, and 21.7351 seconds 
total wall time: 0 days, 0 hours, 19 minutes, and 3.15726 seconds 

[perf] custom_function avg = 11.1338 us over 4150000 calls
[perf] custom_function avg = 11.1031 us over 4200000 calls
current simulated time: 20880 min (max: 31680 min)
total agents: 1652
interval wall time: 0 days, 0 hours, 0 minutes, and 22.3259 seconds 
total wall time: 0 days, 0 hours, 19 minutes, and 25.4832 seconds 

[perf] custom_function avg = 11.0737 us over 4250000 calls
[perf] custom_function avg = 11.0433 us over 4300000 calls
current simulated time: 21240 min (max: 31680 min)
total agents: 1676
interval wall time: 0 days, 0 hours, 0 minutes, and 20.6755 seconds 
total wall time: 0 days, 0 hours, 19 minutes, and 46.1587 seconds 

[perf] custom_function avg = 11.0145 us over 4350000 calls
[perf] custom_function avg = 10.9863 us over 4400000 calls
current simulated time: 21600 min (max: 31680 min)
total agents: 1720
interval wall time: 0 days, 0 hours, 0 minutes, and 20.7265 seconds 
total wall time: 0 days, 0 hours, 20 minutes, and 6.88521 seconds 

[perf] custom_function avg = 10.9593 us over 4450000 calls
[perf] custom_function avg = 10.9323 us over 4500000 calls
current simulated time: 21960 min (max: 31680 min)
total agents: 1778
interval wall time: 0 days, 0 hours, 0 minutes, and 20.7688 seconds 
total wall time: 0 days, 0 hours, 20 minutes, and 27.654 seconds 

[perf] custom_function avg = 10.906 us over 4550000 calls
[perf] custom_function avg = 10.8801 us over 4600000 calls
[perf] custom_function avg = 10.8548 us over 4650000 calls
current simulated time: 22320 min (max: 31680 min)
total agents: 1833
interval wall time: 0 days, 0 hours, 0 minutes, and 20.8947 seconds 
total wall time: 0 days, 0 hours, 20 minutes, and 48.5487 seconds 

[perf] custom_function avg = 10.8303 us over 4700000 calls
[perf] custom_function avg = 10.8059 us over 4750000 calls
current simulated time: 22680 min (max: 31680 min)
total agents: 1890
interval wall time: 0 days, 0 hours, 0 minutes, and 20.955 seconds 
total wall time: 0 days, 0 hours, 21 minutes, and 9.50369 seconds 

[perf] custom_function avg = 10.782 us over 4800000 calls
[perf] custom_function avg = 10.7584 us over 4850000 calls
current simulated time: 23040 min (max: 31680 min)
total agents: 1953
interval wall time: 0 days, 0 hours, 0 minutes, and 21.0336 seconds 
total wall time: 0 days, 0 hours, 21 minutes, and 30.5373 seconds 

[perf] custom_function avg = 10.7355 us over 4900000 calls
[perf] custom_function avg = 10.7128 us over 4950000 calls
[perf] custom_function avg = 10.6906 us over 5000000 calls
current simulated time: 23400 min (max: 31680 min)
total agents: 2004
interval wall time: 0 days, 0 hours, 0 minutes, and 21.1452 seconds 
total wall time: 0 days, 0 hours, 21 minutes, and 51.6825 seconds 

[perf] custom_function avg = 10.6689 us over 5050000 calls
[perf] custom_function avg = 10.6478 us over 5100000 calls
current simulated time: 23760 min (max: 31680 min)
total agents: 2063
interval wall time: 0 days, 0 hours, 0 minutes, and 21.2322 seconds 
total wall time: 0 days, 0 hours, 22 minutes, and 12.9148 seconds 

[perf] custom_function avg = 10.6271 us over 5150000 calls
[perf] custom_function avg = 10.6065 us over 5200000 calls
current simulated time: 24120 min (max: 31680 min)
total agents: 2118
interval wall time: 0 days, 0 hours, 0 minutes, and 21.3324 seconds 
total wall time: 0 days, 0 hours, 22 minutes, and 34.2471 seconds 

[perf] custom_function avg = 10.5866 us over 5250000 calls
[perf] custom_function avg = 10.5667 us over 5300000 calls
[perf] custom_function avg = 10.5473 us over 5350000 calls
current simulated time: 24480 min (max: 31680 min)
total agents: 2181
interval wall time: 0 days, 0 hours, 0 minutes, and 21.4236 seconds 
total wall time: 0 days, 0 hours, 22 minutes, and 55.6707 seconds 

[perf] custom_function avg = 10.5285 us over 5400000 calls
[perf] custom_function avg = 10.5097 us over 5450000 calls
[perf] custom_function avg = 10.4912 us over 5500000 calls
current simulated time: 24840 min (max: 31680 min)
total agents: 2245
interval wall time: 0 days, 0 hours, 0 minutes, and 21.5335 seconds 
total wall time: 0 days, 0 hours, 23 minutes, and 17.2042 seconds 

[perf] custom_function avg = 10.4734 us over 5550000 calls
[perf] custom_function avg = 10.4554 us over 5600000 calls
current simulated time: 25200 min (max: 31680 min)
total agents: 2306
interval wall time: 0 days, 0 hours, 0 minutes, and 21.6303 seconds 
total wall time: 0 days, 0 hours, 23 minutes, and 38.8346 seconds 

[perf] custom_function avg = 10.4381 us over 5650000 calls
[perf] custom_function avg = 10.421 us over 5700000 calls
[perf] custom_function avg = 10.4041 us over 5750000 calls
current simulated time: 25560 min (max: 31680 min)
total agents: 2369
interval wall time: 0 days, 0 hours, 0 minutes, and 21.707 seconds 
total wall time: 0 days, 0 hours, 24 minutes, and 0.541564 seconds 

[perf] custom_function avg = 10.3878 us over 5800000 calls
[perf] custom_function avg = 10.3714 us over 5850000 calls
[perf] custom_function avg = 10.3554 us over 5900000 calls
current simulated time: 25920 min (max: 31680 min)
total agents: 2424
interval wall time: 0 days, 0 hours, 0 minutes, and 21.8242 seconds 
total wall time: 0 days, 0 hours, 24 minutes, and 22.3657 seconds 

[perf] custom_function avg = 10.3398 us over 5950000 calls
[perf] custom_function avg = 10.3244 us over 6000000 calls
[perf] custom_function avg = 10.3091 us over 6050000 calls
current simulated time: 26280 min (max: 31680 min)
total agents: 2485
interval wall time: 0 days, 0 hours, 0 minutes, and 21.8911 seconds 
total wall time: 0 days, 0 hours, 24 minutes, and 44.2568 seconds 

[perf] custom_function avg = 10.2944 us over 6100000 calls
[perf] custom_function avg = 10.2798 us over 6150000 calls
[perf] custom_function avg = 10.2652 us over 6200000 calls
current simulated time: 26640 min (max: 31680 min)
total agents: 2551
interval wall time: 0 days, 0 hours, 0 minutes, and 21.9907 seconds 
total wall time: 0 days, 0 hours, 25 minutes, and 6.24756 seconds 

[perf] custom_function avg = 10.2515 us over 6250000 calls
[perf] custom_function avg = 10.2373 us over 6300000 calls
[perf] custom_function avg = 10.2236 us over 6350000 calls
current simulated time: 27000 min (max: 31680 min)
total agents: 2606
interval wall time: 0 days, 0 hours, 0 minutes, and 22.0816 seconds 
total wall time: 0 days, 0 hours, 25 minutes, and 28.3292 seconds 

[perf] custom_function avg = 10.2097 us over 6400000 calls
[perf] custom_function avg = 10.1947 us over 6450000 calls
[perf] custom_function avg = 10.1799 us over 6500000 calls
current simulated time: 27360 min (max: 31680 min)
total agents: 2664
interval wall time: 0 days, 0 hours, 0 minutes, and 22.3784 seconds 
total wall time: 0 days, 0 hours, 25 minutes, and 50.7076 seconds 

[perf] custom_function avg = 10.1657 us over 6550000 calls
[perf] custom_function avg = 10.1515 us over 6600000 calls
[perf] custom_function avg = 10.1374 us over 6650000 calls
[perf] custom_function avg = 10.1236 us over 6700000 calls
current simulated time: 27720 min (max: 31680 min)
total agents: 2751
interval wall time: 0 days, 0 hours, 0 minutes, and 22.4808 seconds 
total wall time: 0 days, 0 hours, 26 minutes, and 13.1884 seconds 

[perf] custom_function avg = 10.1101 us over 6750000 calls
[perf] custom_function avg = 10.0967 us over 6800000 calls
[perf] custom_function avg = 10.0835 us over 6850000 calls
current simulated time: 28080 min (max: 31680 min)
total agents: 2818
interval wall time: 0 days, 0 hours, 0 minutes, and 22.5619 seconds 
total wall time: 0 days, 0 hours, 26 minutes, and 35.7503 seconds 

[perf] custom_function avg = 10.0706 us over 6900000 calls
[perf] custom_function avg = 10.0578 us over 6950000 calls
[perf] custom_function avg = 10.0451 us over 7000000 calls
current simulated time: 28440 min (max: 31680 min)
total agents: 2879
interval wall time: 0 days, 0 hours, 0 minutes, and 22.685 seconds 
total wall time: 0 days, 0 hours, 26 minutes, and 58.4353 seconds 

[perf] custom_function avg = 10.0329 us over 7050000 calls
[perf] custom_function avg = 10.0206 us over 7100000 calls
[perf] custom_function avg = 10.0083 us over 7150000 calls
[perf] custom_function avg = 9.99513 us over 7200000 calls
current simulated time: 28800 min (max: 31680 min)
total agents: 2967
interval wall time: 0 days, 0 hours, 0 minutes, and 22.7766 seconds 
total wall time: 0 days, 0 hours, 27 minutes, and 21.2119 seconds 

[perf] custom_function avg = 9.98238 us over 7250000 calls
[perf] custom_function avg = 9.96956 us over 7300000 calls
[perf] custom_function avg = 9.9569 us over 7350000 calls
current simulated time: 29160 min (max: 31680 min)
total agents: 3033
interval wall time: 0 days, 0 hours, 0 minutes, and 22.8233 seconds 
total wall time: 0 days, 0 hours, 27 minutes, and 44.0353 seconds 

[perf] custom_function avg = 9.94488 us over 7400000 calls
[perf] custom_function avg = 9.93256 us over 7450000 calls
[perf] custom_function avg = 9.92044 us over 7500000 calls
[perf] custom_function avg = 9.90845 us over 7550000 calls
current simulated time: 29520 min (max: 31680 min)
total agents: 3099
interval wall time: 0 days, 0 hours, 0 minutes, and 22.8955 seconds 
total wall time: 0 days, 0 hours, 28 minutes, and 6.93073 seconds 

[perf] custom_function avg = 9.89664 us over 7600000 calls
[perf] custom_function avg = 9.88497 us over 7650000 calls
[perf] custom_function avg = 9.87354 us over 7700000 calls
[perf] custom_function avg = 9.86216 us over 7750000 calls
current simulated time: 29880 min (max: 31680 min)
total agents: 3159
interval wall time: 0 days, 0 hours, 0 minutes, and 23.0458 seconds 
total wall time: 0 days, 0 hours, 28 minutes, and 29.9765 seconds 

[perf] custom_function avg = 9.85109 us over 7800000 calls
[perf] custom_function avg = 9.84 us over 7850000 calls
[perf] custom_function avg = 9.82903 us over 7900000 calls
[perf] custom_function avg = 9.81816 us over 7950000 calls
current simulated time: 30240 min (max: 31680 min)
total agents: 3231
interval wall time: 0 days, 0 hours, 0 minutes, and 23.2343 seconds 
total wall time: 0 days, 0 hours, 28 minutes, and 53.2109 seconds 

[perf] custom_function avg = 9.80776 us over 8000000 calls
[perf] custom_function avg = 9.79718 us over 8050000 calls
[perf] custom_function avg = 9.78672 us over 8100000 calls
[perf] custom_function avg = 9.77644 us over 8150000 calls
current simulated time: 30600 min (max: 31680 min)
total agents: 3297
interval wall time: 0 days, 0 hours, 0 minutes, and 23.3782 seconds 
total wall time: 0 days, 0 hours, 29 minutes, and 16.589 seconds 

[perf] custom_function avg = 9.76653 us over 8200000 calls
[perf] custom_function avg = 9.75659 us over 8250000 calls
[perf] custom_function avg = 9.74678 us over 8300000 calls
[perf] custom_function avg = 9.73701 us over 8350000 calls
current simulated time: 30960 min (max: 31680 min)
total agents: 3351
interval wall time: 0 days, 0 hours, 0 minutes, and 23.4849 seconds 
total wall time: 0 days, 0 hours, 29 minutes, and 40.074 seconds 

[perf] custom_function avg = 9.72757 us over 8400000 calls
[perf] custom_function avg = 9.71815 us over 8450000 calls
[perf] custom_function avg = 9.70882 us over 8500000 calls
[perf] custom_function avg = 9.69961 us over 8550000 calls
current simulated time: 31320 min (max: 31680 min)
total agents: 3418
interval wall time: 0 days, 0 hours, 0 minutes, and 23.7677 seconds 
total wall time: 0 days, 0 hours, 30 minutes, and 3.84166 seconds 

[perf] custom_function avg = 9.69062 us over 8600000 calls
[perf] custom_function avg = 9.68152 us over 8650000 calls
[perf] custom_function avg = 9.67267 us over 8700000 calls
[perf] custom_function avg = 9.66357 us over 8750000 calls
current simulated time: 31680 min (max: 31680 min)
total agents: 3483
interval wall time: 0 days, 0 hours, 0 minutes, and 23.806 seconds 
total wall time: 0 days, 0 hours, 30 minutes, and 27.6476 seconds 


Total simulation runtime: 
0 days, 0 hours, 30 minutes, and 27.8325 seconds 