Using config file /home/a0hirs04/PROJECT-NORTHSTAR/build/rc2_flux_probe_efflux_x0p1_seed42/config.xml ... 
Setting up RNG with seed 42
1
dc? 1
User parameters in XML config file: 
Bool parameters:: 

Int parameters:: 
number_of_tumor_cells: 50 [none]
number_of_stromal_cells: 500 [none]
emt_phenotype_extent: 3 [dimensionless]
host_death_ceiling: 50000 [cells]

Double parameters:: 
tumor_cluster_radius: 100 [micron]
stroma_inner_radius: 100 [micron]
stroma_outer_radius: 300 [micron]
mechanics_voxel_size: 30 [micron]
tgfb_activation_threshold: 0.1 [dimensionless]
shh_activation_threshold: 1e-05 [dimensionless]
oxygen_necrosis_threshold: 5 [mmHg]
oxygen_hypoxia_threshold: 15 [mmHg]
drug_start_time: 20160 [min]
drug_end_time: 40320 [min]
drug_concentration: 1 [dimensionless]
shh_inhibition_start_time: 1e+18 [min]
shh_inhibition_strength: 0 [dimensionless]
tgfb_secretion_rate: 0.8 [dimensionless]
shh_secretion_rate: 0.7 [dimensionless]
hif1a_tgfb_amplification_factor: 1.5 [dimensionless]
caf_tgfb_secretion_rate: 0.3 [dimensionless]
tgfb_brake_sensitivity: 0.05 [dimensionless]
proliferation_rate: 0.75 [dimensionless]
checkpoint_integrity: 0.05 [dimensionless]
apoptosis_resistance: 0.85 [dimensionless]
base_proliferation_rate: 0.00048 [1/min]
go_grow_penalty: 0.95 [dimensionless]
hypoxia_proliferation_modifier: 0.2 [dimensionless]
hypoxia_death_resistance_bonus: 0.1 [dimensionless]
contact_inhibition_threshold: 25 [dimensionless]
stromal_contact_inhibition_threshold: 0.8 [dimensionless]
drug_kill_coefficient: 0.05 [1/min]
efflux_drug_reduction: 0.7 [dimensionless]
caf_proliferation_rate: 0.0001 [1/min]
caf_base_death_rate: 0 [1/min]
caf_crowded_death_rate: 0 [1/min]
gli1_proliferation_boost: 1.3 [dimensionless]
psc_proliferation_rate: 0 [1/min]
ecm_production_rate_base: 0.01 [1/min]
ecm_production_rate_boosted: 0.015 [1/min]
ecm_ha_fraction_default: 0.6 [dimensionless]
mmp2_degradation_rate: 0.005 [1/min]
ecm_natural_decay_rate: 0.0001 [1/min]
drug_uptake_rate: 0.1 [1/hour]
drug_stress_threshold: 0.03 [dimensionless]
nrf2_decay_rate: 0.01 [1/hour]
nrf2_persistence_threshold: 0.003 [dimensionless]
drug_natural_decay_rate: 0 [1/hour]
hif1a_nrf2_priming_bonus: 0.02 [dimensionless]
emt_induction_threshold: 0.3 [dimensionless]
hif1a_emt_boost: 0.02 [dimensionless]
motility_epithelial: 0.1 [micron/min]
motility_mesenchymal_low: 0.5 [micron/min]
motility_mesenchymal_med: 1 [micron/min]
motility_mesenchymal_high: 2 [micron/min]
adhesion_epithelial: 5 [dimensionless]
adhesion_mesenchymal_low: 3 [dimensionless]
adhesion_mesenchymal_med: 1.5 [dimensionless]
adhesion_mesenchymal_high: 0.5 [dimensionless]
hypoxia_response_threshold: 0.35 [dimensionless]
efflux_induction_delay: 0.5 [dimensionless]
efflux_strength: 0.004 [dimensionless]
abcb1_production_rate: 0.0005 [1/min]
abcb1_decay_tau: 1620 [min]
abcb1_max_daily_drop_fraction: 0.25 [dimensionless]
abcb1_inheritance_floor: 0.6 [dimensionless]
mechanical_compaction_strength: 0.6 [dimensionless]
compaction_ecm_increment: 0.01 [dimensionless]
crowding_base_pressure: 0.3 [dimensionless]
stromal_contact_emt_boost: 0 [dimensionless]
ecm_emt_threshold: 0.3 [dimensionless]
ecm_emt_ramp: 0.3 [dimensionless]
ecm_emt_strength: 0.4 [dimensionless]
ecm_emt_cap: 0.3 [dimensionless]
ecm_reversion_weight: 0.3 [dimensionless]
emt_death_increase: 5e-05 [1/min]
emt_off_threshold: 0.1 [dimensionless]
emt_activation_delay: 360 [min]
emt_persistence_time: 7200 [min]
ecm_emt_require_caf_contact: 1 [dimensionless]
ecm_motility_block_threshold: 0.8 [dimensionless]
drug_kill_multiplier: 1.8 [dimensionless]

String parameters:: 
calibration_profile: AsPC-1 [none]
tumor_calibration_knobs_json: config/tumor_calibration_knobs.json [none]
emt_phenotype_extent: HIGH [none]
hypoxia_phenotype_shift: HIGH [none]


which boundaries?
1 1 1 1 1 1

Microenvironment summary: microenvironment: 

Mesh information: 
type: uniform Cartesian
Domain: [-1000,1000] micron x [-1000,1000] micron x [-10,10] micron
   resolution: dx = 20 micron
   voxels: 10000
   voxel faces: 0
   volume: 8e+07 cubic micron
Densities: (5 total)
   oxygen:
     units: mmHg
     diffusion coefficient: 100000 micron^2 / min
     decay rate: 0.1 min^-1
     diffusion length scale: 1000 micron
     initial condition: 38 mmHg
     boundary condition: 38 mmHg (enabled: false)
   tgfb:
     units: dimensionless
     diffusion coefficient: 1000 micron^2 / min
     decay rate: 0.01 min^-1
     diffusion length scale: 316.228 micron
     initial condition: 0 dimensionless
     boundary condition: 0 dimensionless (enabled: false)
   shh:
     units: dimensionless
     diffusion coefficient: 1000 micron^2 / min
     decay rate: 0.01 min^-1
     diffusion length scale: 316.228 micron
     initial condition: 0 dimensionless
     boundary condition: 0 dimensionless (enabled: false)
   drug:
     units: dimensionless
     diffusion coefficient: 5000 micron^2 / min
     decay rate: 0.002 min^-1
     diffusion length scale: 1581.14 micron
     initial condition: 0 dimensionless
     boundary condition: 0 dimensionless (enabled: false)
   ecm_density:
     units: dimensionless
     diffusion coefficient: 0 micron^2 / min
     decay rate: 0.0001 min^-1
     diffusion length scale: 0 micron
     initial condition: 0 dimensionless
     boundary condition: 0 dimensionless (enabled: false)

[setup_microenvironment] ECM impedance correction mode: dt-aware DRUG ONLY (O2/TGFb/SHH legacy)
[ThresholdConfig] Loaded from XML:  HIF1A O2=15 mmHg  Necrosis O2=5 mmHg  TGFB=0.1  SHH=1e-05
[setup_microenvironment] Loaded calibration profile: AsPC-1
[setup_microenvironment] Substrate indices: oxygen=0 tgfb=1 shh=2 ecm_density=4 drug=3
[setup_microenvironment] Completed in 7.05874 ms
virtual_wall_at_domain_edge: enabled
Pre-processing type 0 named tumor_cell
Pre-processing type 1 named stromal_cell
Processing tumor_cell ... 
Note: setting cell definition to 2D based on microenvironment domain settings ... 
  --------- attachment_elastic_constant = 0.01
Processing stromal_cell ... 
Note: setting cell definition to 2D based on microenvironment domain settings ... 
copying data ... 
tumor_cell to stromal_cell
  --------- attachment_elastic_constant = 0.01
Signals: 
=======
0 : oxygen
1 : tgfb
2 : shh
3 : drug
4 : ecm_density
5 : intracellular oxygen
6 : intracellular tgfb
7 : intracellular shh
8 : intracellular drug
9 : intracellular ecm_density
10 : oxygen gradient
11 : tgfb gradient
12 : shh gradient
13 : drug gradient
14 : ecm_density gradient
15 : pressure
16 : volume
17 : contact with tumor_cell
18 : contact with stromal_cell
19 : contact with live cell
20 : contact with dead cell
21 : contact with apoptotic cell
22 : contact with necrotic cell
23 : contact with other dead cell
24 : contact with basement membrane
25 : damage
26 : damage delivered
27 : attacking
28 : dead
29 : total attack time
30 : time
31 : custom:KRAS
32 : custom:MYC
33 : custom:EGFR
34 : custom:TP53
35 : custom:CDKN2A
36 : custom:SMAD4
37 : custom:RB1
38 : custom:BCL_XL
39 : custom:BAX
40 : custom:ZEB1
41 : custom:CDH1
42 : custom:MMP2
43 : custom:TGFB1_expr
44 : custom:SHH_expr
45 : custom:HIF1A
46 : custom:NRF2
47 : custom:ABCB1
48 : custom:is_mesenchymal
49 : custom:stress_level
50 : custom:drug_sensitivity
51 : custom:apoptosis_threshold
52 : custom:cell_id
53 : custom:parent_id
54 : custom:gene_state_KRAS
55 : custom:gene_state_TP53
56 : custom:gene_state_CDKN2A
57 : custom:gene_state_SMAD4
58 : custom:gene_state_BCL_XL
59 : custom:gene_state_MYC
60 : custom:gene_state_EGFR
61 : custom:gene_state_RB1
62 : custom:gene_state_BAX
63 : custom:gene_state_ZEB1
64 : custom:gene_state_CDH1
65 : custom:gene_state_MMP2
66 : custom:gene_state_TGFB1
67 : custom:gene_state_SHH
68 : custom:gene_state_HIF1A
69 : custom:gene_state_NRF2
70 : custom:gene_state_ABCB1
71 : custom:gene_state_HAS2
72 : custom:gene_state_COL1A1
73 : custom:gene_state_GLI1
74 : custom:gene_state_ACTA2
75 : custom:hif1a_active
76 : custom:zeb1_active
77 : custom:cdh1_expressed
78 : custom:nrf2_active
79 : custom:abcb1_active
80 : custom:mmp2_active
81 : custom:intracellular_drug
82 : custom:time_since_drug_exposure
83 : custom:time_alive
84 : custom:emt_extent
85 : custom:mechanical_pressure
86 : custom:emt_signal_time
87 : custom:emt_activation_time
88 : apoptotic
89 : necrotic


Behaviors: 
=========
0 : oxygen secretion
1 : tgfb secretion
2 : shh secretion
3 : drug secretion
4 : ecm_density secretion
5 : oxygen secretion target
6 : tgfb secretion target
7 : shh secretion target
8 : drug secretion target
9 : ecm_density secretion target
10 : oxygen uptake
11 : tgfb uptake
12 : shh uptake
13 : drug uptake
14 : ecm_density uptake
15 : oxygen export
16 : tgfb export
17 : shh export
18 : drug export
19 : ecm_density export
20 : cycle entry
21 : exit from cycle phase 1
22 : exit from cycle phase 2
23 : exit from cycle phase 3
24 : exit from cycle phase 4
25 : exit from cycle phase 5
26 : apoptosis
27 : necrosis
28 : migration speed
29 : migration bias
30 : migration persistence time
31 : chemotactic response to oxygen
32 : chemotactic response to tgfb
33 : chemotactic response to shh
34 : chemotactic response to drug
35 : chemotactic response to ecm_density
36 : cell-cell adhesion
37 : cell-cell adhesion elastic constant
38 : adhesive affinity to tumor_cell
39 : adhesive affinity to stromal_cell
40 : relative maximum adhesion distance
41 : cell-cell repulsion
42 : cell-BM adhesion
43 : cell-BM repulsion
44 : phagocytose apoptotic cell
45 : phagocytose necrotic cell
46 : phagocytose other dead cell
47 : phagocytose tumor_cell
48 : phagocytose stromal_cell
49 : attack tumor_cell
50 : attack stromal_cell
51 : fuse to tumor_cell
52 : fuse to stromal_cell
53 : transition to tumor_cell
54 : transition to stromal_cell
55 : asymmetric division to tumor_cell
56 : asymmetric division to stromal_cell
57 : custom:KRAS
58 : custom:MYC
59 : custom:EGFR
60 : custom:TP53
61 : custom:CDKN2A
62 : custom:SMAD4
63 : custom:RB1
64 : custom:BCL_XL
65 : custom:BAX
66 : custom:ZEB1
67 : custom:CDH1
68 : custom:MMP2
69 : custom:TGFB1_expr
70 : custom:SHH_expr
71 : custom:HIF1A
72 : custom:NRF2
73 : custom:ABCB1
74 : custom:is_mesenchymal
75 : custom:stress_level
76 : custom:drug_sensitivity
77 : custom:apoptosis_threshold
78 : custom:cell_id
79 : custom:parent_id
80 : custom:gene_state_KRAS
81 : custom:gene_state_TP53
82 : custom:gene_state_CDKN2A
83 : custom:gene_state_SMAD4
84 : custom:gene_state_BCL_XL
85 : custom:gene_state_MYC
86 : custom:gene_state_EGFR
87 : custom:gene_state_RB1
88 : custom:gene_state_BAX
89 : custom:gene_state_ZEB1
90 : custom:gene_state_CDH1
91 : custom:gene_state_MMP2
92 : custom:gene_state_TGFB1
93 : custom:gene_state_SHH
94 : custom:gene_state_HIF1A
95 : custom:gene_state_NRF2
96 : custom:gene_state_ABCB1
97 : custom:gene_state_HAS2
98 : custom:gene_state_COL1A1
99 : custom:gene_state_GLI1
100 : custom:gene_state_ACTA2
101 : custom:hif1a_active
102 : custom:zeb1_active
103 : custom:cdh1_expressed
104 : custom:nrf2_active
105 : custom:abcb1_active
106 : custom:mmp2_active
107 : custom:intracellular_drug
108 : custom:time_since_drug_exposure
109 : custom:time_alive
110 : custom:emt_extent
111 : custom:mechanical_pressure
112 : custom:emt_signal_time
113 : custom:emt_activation_time
114 : is_movable
115 : immunogenicity to tumor_cell
116 : immunogenicity to stromal_cell
117 : cell attachment rate
118 : cell detachment rate
119 : maximum number of cell attachments
120 : attack damage rate
121 : attack duration
122 : damage rate
123 : damage repair rate


ruleset
	Ruleset disabled ... 
Behavioral rules for cell type tumor_cell:
===================================================

Behavioral rules for cell type stromal_cell:
===================================================

Exporting rules to file /home/a0hirs04/PROJECT-NORTHSTAR/build/rc2_flux_probe_efflux_x0p1_seed42/output/cell_rules_parsed.csv (v3 format) ... 
Done!

0 :: type:0 name: tumor_cell
	 cycle model: Live (code=5)
		Phase 0: Live
		Cycle transitions: 
		-----------------
		Live --> Live w mean duration 100 min
	 death models: 
		0 : Apoptosis (code=100) with rate 0.00015 1/min
		death phase transitions: 
		------------------------
		Apoptotic --> Debris w mean duration 516 min
		1 : Necrosis (code=101) with rate 0 1/min
		death phase transitions: 
		------------------------
		Necrotic (swelling) --> Necrotic (lysed) w mean duration 1e-16 min
		Necrotic (lysed) --> Debris w mean duration 86400 min
	 key functions: 
		 migration bias rule: false
		 custom rule: false
		 phenotype rule: true
		 volume update function: true
		 mechanics function: true
		 contact function: false
		 cell division function: true
	motility (enabled: true in 2D)
		speed: 0.1 micron/min
		bias: 0 
		persistence time: 10 min
		chemotaxis (enabled: false)
			along 1 * grad(oxygen) 
	mechanics:
		cell_cell_adhesion_strength: 5
		cell_cell_repulsion_strength: 10
		rel max adhesion dist: 1.25
		cell_BM_adhesion_strength: 4
		cell_BM_repulsion_strength: 100
		attachment_elastic_constant: 0.01
		attachment_rate: 0
		detachment_rate: 0
	custom data: 
		KRAS: 1 dimensionless
		MYC: 0 dimensionless
		EGFR: 1 dimensionless
		TP53: 0 dimensionless
		CDKN2A: 0 dimensionless
		SMAD4: 0 dimensionless
		RB1: 0 dimensionless
		BCL_XL: 0 dimensionless
		BAX: 0 dimensionless
		ZEB1: 0 dimensionless
		CDH1: 0 dimensionless
		MMP2: 0 dimensionless
		TGFB1_expr: 0 dimensionless
		SHH_expr: 0 dimensionless
		HIF1A: 0 dimensionless
		NRF2: 0 dimensionless
		ABCB1: 0 dimensionless
		is_mesenchymal: 0 dimensionless
		stress_level: 0 dimensionless
		drug_sensitivity: 1 dimensionless
		apoptosis_threshold: 0.5 dimensionless
		cell_id: -1 none
		parent_id: -1 none
		gene_state_KRAS: 1 none
		gene_state_TP53: 2 none
		gene_state_CDKN2A: 2 none
		gene_state_SMAD4: 2 none
		gene_state_BCL_XL: 1 none
		gene_state_MYC: 0 none
		gene_state_EGFR: 0 none
		gene_state_RB1: 0 none
		gene_state_BAX: 0 none
		gene_state_ZEB1: 0 none
		gene_state_CDH1: 0 none
		gene_state_MMP2: 0 none
		gene_state_TGFB1: 0 none
		gene_state_SHH: 0 none
		gene_state_HIF1A: 0 none
		gene_state_NRF2: 0 none
		gene_state_ABCB1: 0 none
		gene_state_HAS2: 0 none
		gene_state_COL1A1: 0 none
		gene_state_GLI1: 0 none
		gene_state_ACTA2: 0 none
		hif1a_active: 0 dimensionless
		zeb1_active: 0 dimensionless
		cdh1_expressed: 1 dimensionless
		nrf2_active: 0 dimensionless
		abcb1_active: 0 dimensionless
		mmp2_active: 0 dimensionless
		intracellular_drug: 0 dimensionless
		time_since_drug_exposure: -1 hour
		time_alive: 0 min
		emt_extent: 0 dimensionless
		mechanical_pressure: 0 dimensionless
		emt_signal_time: 0 min
		emt_activation_time: 0 min
		final_prolif_rate: 0 1/min
		time_since_drug_withdrawal: -1 hour
		in_resistance_memory: 0 dimensionless
		nrf2_withdrawal_anchor: 0 dimensionless
		abcb1_withdrawal_anchor: 0 dimensionless
	custom vector data: 
			NOTE: custom vector data will eventually be merged with custom data
1 :: type:1 name: stromal_cell
	 cycle model: Live (code=5)
		Phase 0: Live
		Cycle transitions: 
		-----------------
		Live --> Live w mean duration inf min
	 death models: 
		0 : Apoptosis (code=100) with rate 0 1/min
		death phase transitions: 
		------------------------
		Apoptotic --> Debris w mean duration 516 min
		1 : Necrosis (code=101) with rate 0 1/min
		death phase transitions: 
		------------------------
		Necrotic (swelling) --> Necrotic (lysed) w mean duration 1e-16 min
		Necrotic (lysed) --> Debris w mean duration 86400 min
	 key functions: 
		 migration bias rule: false
		 custom rule: false
		 phenotype rule: true
		 volume update function: true
		 mechanics function: true
		 contact function: false
		 cell division function: true
	motility (enabled: true in 2D)
		speed: 0.05 micron/min
		bias: 0 
		persistence time: 10 min
		chemotaxis (enabled: false)
			along 1 * grad(oxygen) 
	mechanics:
		cell_cell_adhesion_strength: 0.8
		cell_cell_repulsion_strength: 10
		rel max adhesion dist: 1.25
		cell_BM_adhesion_strength: 4
		cell_BM_repulsion_strength: 100
		attachment_elastic_constant: 0.01
		attachment_rate: 0
		detachment_rate: 0
	custom data: 
		cell_id: -1 none
		parent_id: -1 none
		gene_state_SMAD4: 0 none
		gene_state_ACTA2: 0 none
		gene_state_GLI1: 0 none
		gene_state_HAS2: 0 none
		gene_state_COL1A1: 0 none
		gene_state_TGFB1: 0 none
		gene_state_SHH: 0 none
		acta2_active: 0 dimensionless
		gli1_active: 0 dimensionless
		activation_mode: 0 dimensionless
		hif1a_active: 0 dimensionless
		ecm_production_rate: 0 dimensionless
		tgfb_secretion_active: 0 dimensionless
		time_alive: 0 min
		mechanical_pressure: 0 dimensionless
		_stromal_reserved_0: 0 none
		_stromal_reserved_1: 0 none
		_stromal_reserved_2: 0 none
		_stromal_reserved_3: 0 none
		_stromal_reserved_4: 0 none
		_stromal_reserved_5: 0 none
		_stromal_reserved_6: 0 none
		_stromal_reserved_7: 0 none
		_stromal_reserved_8: 0 none
		_stromal_reserved_9: 0 none
		_stromal_reserved_10: 0 none
		_stromal_reserved_11: 0 none
		_stromal_reserved_12: 0 none
		_stromal_reserved_13: 0 none
		_stromal_reserved_14: 0 none
		_stromal_reserved_15: 0 none
		_stromal_reserved_16: 0 none
		_stromal_reserved_17: 0 none
		_stromal_reserved_18: 0 none
		_stromal_reserved_19: 0 none
		_stromal_reserved_20: 0 none
		_stromal_reserved_21: 0 none
		_stromal_reserved_22: 0 none
		_stromal_reserved_23: 0 none
		_stromal_reserved_24: 0 none
		_stromal_reserved_25: 0 none
		_stromal_reserved_26: 0 none
		_stromal_reserved_27: 0 none
		_stromal_reserved_28: 0 none
		_stromal_reserved_29: 0 none
		_stromal_reserved_30: 0 none
		_stromal_reserved_31: 0 none
		_stromal_reserved_32: 0 none
		_stromal_reserved_33: 0 none
		_stromal_reserved_34: 0 none
		_stromal_reserved_35: 0 none
		_stromal_reserved_36: 0 none
		_stromal_reserved_37: 0 none
		_stromal_reserved_38: 0 none
		_stromal_reserved_39: 0 none
		_stromal_reserved_40: 0 none
		_stromal_reserved_41: 0 none
		_stromal_reserved_42: 0 none
		_stromal_reserved_43: 0 none
		_stromal_reserved_44: 0 none
	custom vector data: 
			NOTE: custom vector data will eventually be merged with custom data
[create_cell_types] Completed in 6.75666 ms

================================================================
 §8.1  Baseline Validation Suite — Tumor-Intrinsic Traits v1.0 
================================================================
  [PASS]  Trait 1:  Constitutive Paracrine Secretion
  [PASS]  Trait 2:  TGF-beta Insensitivity (Arrest Arm Only)
  [PASS]  Trait 3:  Rapid Proliferation / Broken Checkpoints
  [PASS]  Trait 4:  Apoptotic Resistance at Baseline
  [PASS]  Trait 5:  Inducible EMT Under Stress  (Spatial)
  [PASS]  Trait 6:  Hypoxia-Responsive Phenotype Switching
  [PASS]  Trait 7:  Drug-Inducible Efflux  (Not Constitutive)
  [PASS]  Trait 8:  ECM Compaction  (Passive / Mechanical)
  [PASS]  Trait 9:  13-Knob Partition + AsPC-1/PANC-1 Knob 2
  [PASS]  Trait 10:  SHH Paradox Fast Invariants
----------------------------------------------------------------
  Result: 10/10 passed — ALL PASS.  Baseline is validated.
================================================================

[setup_tissue] No intervention JSON provided; using active calibration defaults.
[setup_tissue] Placed tumor=50 stromal=500 cluster_radius=100um stroma_ring=[100,300]um in 8.64591 ms
Using PhysiCell version 1.14.2
	Please cite DOI: 10.1371/journal.pcbi.1005991
	Project website: http://physicell.org

See ALL_CITATIONS.txt for this list.
current simulated time: 0 min (max: 40320 min)
total agents: 550
interval wall time: 0 days, 0 hours, 0 minutes, and 1.428e-05 seconds 
total wall time: 0 days, 0 hours, 0 minutes, and 1.85e-05 seconds 


Using method diffusion_decay_solver__constant_coefficients_LOD_2D (2D LOD with Thomas Algorithm) ... 

 current simulated time: 360 min (max: 40320 min)
total agents: 567
interval wall time: 0 days, 0 hours, 0 minutes, and 17.9788 seconds 
total wall time: 0 days, 0 hours, 0 minutes, and 17.9789 seconds 


[DIAG_T360_STROMAL] === One-time stromal diagnostic at t=366 ===
[DIAG_T360_STROMAL] Total live stromal: 508  PSCs(acta2=0): 355  CAFs(acta2=1): 153
[DIAG_T360_STROMAL] PSC #0  ID=163  transition_rate(0,0)=0  acta2_active=0  activation_mode=0  mechanical_pressure[16]=0.0951095
[DIAG_T360_STROMAL] PSC #1  ID=492  transition_rate(0,0)=0  acta2_active=0  activation_mode=0  mechanical_pressure[16]=0.130123
[DIAG_T360_STROMAL] PSC #2  ID=480  transition_rate(0,0)=0  acta2_active=0  activation_mode=0  mechanical_pressure[16]=0.07786
[DIAG_T360_STROMAL] PSC #3  ID=82  transition_rate(0,0)=0  acta2_active=0  activation_mode=0  mechanical_pressure[16]=0.229196
[DIAG_T360_STROMAL] PSC #4  ID=458  transition_rate(0,0)=0  acta2_active=0  activation_mode=0  mechanical_pressure[16]=0.256518
[DIAG_T360_STROMAL] CAF #0  ID=51  transition_rate(0,0)=0.000107898  acta2_active=1  activation_mode=1  mechanical_pressure[16]=0.111872
[DIAG_T360_STROMAL] CAF #1  ID=60  transition_rate(0,0)=0.000122321  acta2_active=1  activation_mode=1  mechanical_pressure[16]=0
[DIAG_T360_STROMAL] CAF #2  ID=61  transition_rate(0,0)=0.0001  acta2_active=1  activation_mode=1  mechanical_pressure[16]=0.196293
[DIAG_T360_MECH_VERIFY] Checking mechanical_pressure for 3 random stromal cells:
[DIAG_T360_MECH_VERIFY]   cell ID=433  idx[16]=0.258142  name_lookup=0.258142  simple_pressure=0.860472  OK
[DIAG_T360_MECH_VERIFY]   cell ID=296  idx[16]=0.0987017  name_lookup=0.0987017  simple_pressure=0.329006  OK
[DIAG_T360_MECH_VERIFY]   cell ID=479  idx[16]=0  name_lookup=0  simple_pressure=0  STILL_ZERO
[DIAG_T360_STROMAL] === end diagnostic ===

[perf] custom_function avg = 10.887 us over 50000 calls
current simulated time: 720 min (max: 40320 min)
total agents: 585
interval wall time: 0 days, 0 hours, 0 minutes, and 17.6556 seconds 
total wall time: 0 days, 0 hours, 0 minutes, and 35.6344 seconds 

[perf] custom_function avg = 10.89 us over 100000 calls
current simulated time: 1080 min (max: 40320 min)
total agents: 594
interval wall time: 0 days, 0 hours, 0 minutes, and 17.6629 seconds 
total wall time: 0 days, 0 hours, 0 minutes, and 53.2973 seconds 

current simulated time: 1440 min (max: 40320 min)
total agents: 616
interval wall time: 0 days, 0 hours, 0 minutes, and 18.1702 seconds 
total wall time: 0 days, 0 hours, 1 minutes, and 11.4675 seconds 

[perf] custom_function avg = 10.9615 us over 150000 calls
current simulated time: 1800 min (max: 40320 min)
total agents: 625
interval wall time: 0 days, 0 hours, 0 minutes, and 18.3156 seconds 
total wall time: 0 days, 0 hours, 1 minutes, and 29.7831 seconds 

[perf] custom_function avg = 11.0169 us over 200000 calls
current simulated time: 2160 min (max: 40320 min)
total agents: 636
interval wall time: 0 days, 0 hours, 0 minutes, and 18.1106 seconds 
total wall time: 0 days, 0 hours, 1 minutes, and 47.8937 seconds 

[perf] custom_function avg = 11.0915 us over 250000 calls
current simulated time: 2520 min (max: 40320 min)
total agents: 651
interval wall time: 0 days, 0 hours, 0 minutes, and 18.1023 seconds 
total wall time: 0 days, 0 hours, 2 minutes, and 5.99601 seconds 

current simulated time: 2880 min (max: 40320 min)
total agents: 669
interval wall time: 0 days, 0 hours, 0 minutes, and 18.1102 seconds 
total wall time: 0 days, 0 hours, 2 minutes, and 24.1062 seconds 

[perf] custom_function avg = 11.15 us over 300000 calls
current simulated time: 3240 min (max: 40320 min)
total agents: 693
interval wall time: 0 days, 0 hours, 0 minutes, and 18.1911 seconds 
total wall time: 0 days, 0 hours, 2 minutes, and 42.2972 seconds 

[perf] custom_function avg = 11.2184 us over 350000 calls
current simulated time: 3600 min (max: 40320 min)
total agents: 715
interval wall time: 0 days, 0 hours, 0 minutes, and 18.1976 seconds 
total wall time: 0 days, 0 hours, 3 minutes, and 0.494889 seconds 

[perf] custom_function avg = 11.2937 us over 400000 calls
current simulated time: 3960 min (max: 40320 min)
total agents: 730
interval wall time: 0 days, 0 hours, 0 minutes, and 18.2027 seconds 
total wall time: 0 days, 0 hours, 3 minutes, and 18.6976 seconds 

[perf] custom_function avg = 11.3539 us over 450000 calls
current simulated time: 4320 min (max: 40320 min)
total agents: 747
interval wall time: 0 days, 0 hours, 0 minutes, and 18.2412 seconds 
total wall time: 0 days, 0 hours, 3 minutes, and 36.9388 seconds 

[perf] custom_function avg = 11.415 us over 500000 calls
current simulated time: 4680 min (max: 40320 min)
total agents: 779
interval wall time: 0 days, 0 hours, 0 minutes, and 18.2811 seconds 
total wall time: 0 days, 0 hours, 3 minutes, and 55.2198 seconds 

[perf] custom_function avg = 11.489 us over 550000 calls
current simulated time: 5040 min (max: 40320 min)
total agents: 811
interval wall time: 0 days, 0 hours, 0 minutes, and 18.3674 seconds 
total wall time: 0 days, 0 hours, 4 minutes, and 13.5872 seconds 

current simulated time: 5400 min (max: 40320 min)
total agents: 831
interval wall time: 0 days, 0 hours, 0 minutes, and 18.3645 seconds 
total wall time: 0 days, 0 hours, 4 minutes, and 31.9517 seconds 

[perf] custom_function avg = 11.5571 us over 600000 calls
current simulated time: 5760 min (max: 40320 min)
total agents: 852
interval wall time: 0 days, 0 hours, 0 minutes, and 18.4071 seconds 
total wall time: 0 days, 0 hours, 4 minutes, and 50.3589 seconds 

[perf] custom_function avg = 11.6087 us over 650000 calls
current simulated time: 6120 min (max: 40320 min)
total agents: 880
interval wall time: 0 days, 0 hours, 0 minutes, and 18.4455 seconds 
total wall time: 0 days, 0 hours, 5 minutes, and 8.80439 seconds 

[perf] custom_function avg = 11.6525 us over 700000 calls
[perf] custom_function avg = 11.698 us over 750000 calls
current simulated time: 6480 min (max: 40320 min)
total agents: 902
interval wall time: 0 days, 0 hours, 0 minutes, and 18.5035 seconds 
total wall time: 0 days, 0 hours, 5 minutes, and 27.3079 seconds 

[perf] custom_function avg = 11.7426 us over 800000 calls
current simulated time: 6840 min (max: 40320 min)
total agents: 929
interval wall time: 0 days, 0 hours, 0 minutes, and 18.5649 seconds 
total wall time: 0 days, 0 hours, 5 minutes, and 45.8728 seconds 

[perf] custom_function avg = 11.7907 us over 850000 calls
current simulated time: 7200 min (max: 40320 min)
total agents: 954
interval wall time: 0 days, 0 hours, 0 minutes, and 18.6632 seconds 
total wall time: 0 days, 0 hours, 6 minutes, and 4.53602 seconds 

[perf] custom_function avg = 11.8325 us over 900000 calls
current simulated time: 7560 min (max: 40320 min)
total agents: 969
interval wall time: 0 days, 0 hours, 0 minutes, and 18.6195 seconds 
total wall time: 0 days, 0 hours, 6 minutes, and 23.1555 seconds 

[perf] custom_function avg = 11.8771 us over 950000 calls
current simulated time: 7920 min (max: 40320 min)
total agents: 982
interval wall time: 0 days, 0 hours, 0 minutes, and 18.6041 seconds 
total wall time: 0 days, 0 hours, 6 minutes, and 41.7596 seconds 

[perf] custom_function avg = 11.9154 us over 1000000 calls
current simulated time: 8280 min (max: 40320 min)
total agents: 996
interval wall time: 0 days, 0 hours, 0 minutes, and 18.6403 seconds 
total wall time: 0 days, 0 hours, 7 minutes, and 0.399844 seconds 

[perf] custom_function avg = 11.9529 us over 1050000 calls
current simulated time: 8640 min (max: 40320 min)
total agents: 1024
interval wall time: 0 days, 0 hours, 0 minutes, and 18.6965 seconds 
total wall time: 0 days, 0 hours, 7 minutes, and 19.0964 seconds 

[perf] custom_function avg = 11.9922 us over 1100000 calls
[perf] custom_function avg = 12.0289 us over 1150000 calls
current simulated time: 9000 min (max: 40320 min)
total agents: 1060
interval wall time: 0 days, 0 hours, 0 minutes, and 18.8029 seconds 
total wall time: 0 days, 0 hours, 7 minutes, and 37.8993 seconds 

[perf] custom_function avg = 12.0648 us over 1200000 calls
current simulated time: 9360 min (max: 40320 min)
total agents: 1091
interval wall time: 0 days, 0 hours, 0 minutes, and 18.8387 seconds 
total wall time: 0 days, 0 hours, 7 minutes, and 56.738 seconds 

[perf] custom_function avg = 12.106 us over 1250000 calls
current simulated time: 9720 min (max: 40320 min)
total agents: 1128
interval wall time: 0 days, 0 hours, 0 minutes, and 18.9039 seconds 
total wall time: 0 days, 0 hours, 8 minutes, and 15.642 seconds 

[perf] custom_function avg = 12.1439 us over 1300000 calls
current simulated time: 10080 min (max: 40320 min)
total agents: 1157
interval wall time: 0 days, 0 hours, 0 minutes, and 18.9337 seconds 
total wall time: 0 days, 0 hours, 8 minutes, and 34.5756 seconds 

[perf] custom_function avg = 12.1771 us over 1350000 calls
[perf] custom_function avg = 12.2011 us over 1400000 calls
current simulated time: 10440 min (max: 40320 min)
total agents: 1197
interval wall time: 0 days, 0 hours, 0 minutes, and 19.0195 seconds 
total wall time: 0 days, 0 hours, 8 minutes, and 53.5951 seconds 

[perf] custom_function avg = 12.2248 us over 1450000 calls
current simulated time: 10800 min (max: 40320 min)
total agents: 1212
interval wall time: 0 days, 0 hours, 0 minutes, and 19.0639 seconds 
total wall time: 0 days, 0 hours, 9 minutes, and 12.659 seconds 

[perf] custom_function avg = 12.2447 us over 1500000 calls
[perf] custom_function avg = 12.2617 us over 1550000 calls
current simulated time: 11160 min (max: 40320 min)
total agents: 1249
interval wall time: 0 days, 0 hours, 0 minutes, and 18.9938 seconds 
total wall time: 0 days, 0 hours, 9 minutes, and 31.6528 seconds 

[perf] custom_function avg = 12.273 us over 1600000 calls
current simulated time: 11520 min (max: 40320 min)
total agents: 1284
interval wall time: 0 days, 0 hours, 0 minutes, and 18.8467 seconds 
total wall time: 0 days, 0 hours, 9 minutes, and 50.4995 seconds 

[perf] custom_function avg = 12.2837 us over 1650000 calls
[perf] custom_function avg = 12.296 us over 1700000 calls
current simulated time: 11880 min (max: 40320 min)
total agents: 1326
interval wall time: 0 days, 0 hours, 0 minutes, and 18.8566 seconds 
total wall time: 0 days, 0 hours, 10 minutes, and 9.35615 seconds 

[perf] custom_function avg = 12.307 us over 1750000 calls
current simulated time: 12240 min (max: 40320 min)
total agents: 1353
interval wall time: 0 days, 0 hours, 0 minutes, and 18.8929 seconds 
total wall time: 0 days, 0 hours, 10 minutes, and 28.249 seconds 

[perf] custom_function avg = 12.3188 us over 1800000 calls
[perf] custom_function avg = 12.3299 us over 1850000 calls
current simulated time: 12600 min (max: 40320 min)
total agents: 1391
interval wall time: 0 days, 0 hours, 0 minutes, and 18.9644 seconds 
total wall time: 0 days, 0 hours, 10 minutes, and 47.2134 seconds 

[perf] custom_function avg = 12.3407 us over 1900000 calls
[perf] custom_function avg = 12.3509 us over 1950000 calls
current simulated time: 12960 min (max: 40320 min)
total agents: 1425
interval wall time: 0 days, 0 hours, 0 minutes, and 18.9881 seconds 
total wall time: 0 days, 0 hours, 11 minutes, and 6.2015 seconds 

[perf] custom_function avg = 12.3614 us over 2000000 calls
current simulated time: 13320 min (max: 40320 min)
total agents: 1472
interval wall time: 0 days, 0 hours, 0 minutes, and 19.0991 seconds 
total wall time: 0 days, 0 hours, 11 minutes, and 25.3006 seconds 

[perf] custom_function avg = 12.3706 us over 2050000 calls
[perf] custom_function avg = 12.3776 us over 2100000 calls
current simulated time: 13680 min (max: 40320 min)
total agents: 1511
interval wall time: 0 days, 0 hours, 0 minutes, and 19.1434 seconds 
total wall time: 0 days, 0 hours, 11 minutes, and 44.4441 seconds 

[perf] custom_function avg = 12.3856 us over 2150000 calls
[perf] custom_function avg = 12.3931 us over 2200000 calls
current simulated time: 14040 min (max: 40320 min)
total agents: 1553
interval wall time: 0 days, 0 hours, 0 minutes, and 19.2501 seconds 
total wall time: 0 days, 0 hours, 12 minutes, and 3.69414 seconds 

[perf] custom_function avg = 12.401 us over 2250000 calls
[perf] custom_function avg = 12.4085 us over 2300000 calls
current simulated time: 14400 min (max: 40320 min)
total agents: 1582
interval wall time: 0 days, 0 hours, 0 minutes, and 19.3083 seconds 
total wall time: 0 days, 0 hours, 12 minutes, and 23.0025 seconds 

[perf] custom_function avg = 12.4148 us over 2350000 calls
current simulated time: 14760 min (max: 40320 min)
total agents: 1638
interval wall time: 0 days, 0 hours, 0 minutes, and 19.3475 seconds 
total wall time: 0 days, 0 hours, 12 minutes, and 42.35 seconds 

[perf] custom_function avg = 12.4211 us over 2400000 calls
[perf] custom_function avg = 12.4273 us over 2450000 calls
current simulated time: 15120 min (max: 40320 min)
total agents: 1686
interval wall time: 0 days, 0 hours, 0 minutes, and 19.4144 seconds 
total wall time: 0 days, 0 hours, 13 minutes, and 1.76439 seconds 

[perf] custom_function avg = 12.436 us over 2500000 calls
[perf] custom_function avg = 12.4439 us over 2550000 calls
current simulated time: 15480 min (max: 40320 min)
total agents: 1734
interval wall time: 0 days, 0 hours, 0 minutes, and 19.4858 seconds 
total wall time: 0 days, 0 hours, 13 minutes, and 21.2501 seconds 

[perf] custom_function avg = 12.4532 us over 2600000 calls
[perf] custom_function avg = 12.4611 us over 2650000 calls
current simulated time: 15840 min (max: 40320 min)
total agents: 1774
interval wall time: 0 days, 0 hours, 0 minutes, and 19.5685 seconds 
total wall time: 0 days, 0 hours, 13 minutes, and 40.8186 seconds 

[perf] custom_function avg = 12.4697 us over 2700000 calls
[perf] custom_function avg = 12.4777 us over 2750000 calls
[perf] custom_function avg = 12.4847 us over 2800000 calls
current simulated time: 16200 min (max: 40320 min)
total agents: 1804
interval wall time: 0 days, 0 hours, 0 minutes, and 19.5829 seconds 
total wall time: 0 days, 0 hours, 14 minutes, and 0.401584 seconds 

[perf] custom_function avg = 12.4909 us over 2850000 calls
[perf] custom_function avg = 12.4967 us over 2900000 calls
current simulated time: 16560 min (max: 40320 min)
total agents: 1846
interval wall time: 0 days, 0 hours, 0 minutes, and 19.6381 seconds 
total wall time: 0 days, 0 hours, 14 minutes, and 20.0397 seconds 

[perf] custom_function avg = 12.5028 us over 2950000 calls
[perf] custom_function avg = 12.5083 us over 3000000 calls
current simulated time: 16920 min (max: 40320 min)
total agents: 1894
interval wall time: 0 days, 0 hours, 0 minutes, and 19.7343 seconds 
total wall time: 0 days, 0 hours, 14 minutes, and 39.7741 seconds 

[perf] custom_function avg = 12.5141 us over 3050000 calls
[perf] custom_function avg = 12.5197 us over 3100000 calls
current simulated time: 17280 min (max: 40320 min)
total agents: 1943
interval wall time: 0 days, 0 hours, 0 minutes, and 19.7786 seconds 
total wall time: 0 days, 0 hours, 14 minutes, and 59.5526 seconds 

[perf] custom_function avg = 12.5257 us over 3150000 calls
[perf] custom_function avg = 12.5314 us over 3200000 calls
current simulated time: 17640 min (max: 40320 min)
total agents: 1999
interval wall time: 0 days, 0 hours, 0 minutes, and 19.8512 seconds 
total wall time: 0 days, 0 hours, 15 minutes, and 19.4039 seconds 

[perf] custom_function avg = 12.5371 us over 3250000 calls
[perf] custom_function avg = 12.5415 us over 3300000 calls
[perf] custom_function avg = 12.5452 us over 3350000 calls
current simulated time: 18000 min (max: 40320 min)
total agents: 2041
interval wall time: 0 days, 0 hours, 0 minutes, and 19.986 seconds 
total wall time: 0 days, 0 hours, 15 minutes, and 39.3899 seconds 

[perf] custom_function avg = 12.5499 us over 3400000 calls
[perf] custom_function avg = 12.554 us over 3450000 calls
current simulated time: 18360 min (max: 40320 min)
total agents: 2073
interval wall time: 0 days, 0 hours, 0 minutes, and 20.0671 seconds 
total wall time: 0 days, 0 hours, 15 minutes, and 59.4569 seconds 

[perf] custom_function avg = 12.5577 us over 3500000 calls
[perf] custom_function avg = 12.561 us over 3550000 calls
[perf] custom_function avg = 12.5636 us over 3600000 calls
current simulated time: 18720 min (max: 40320 min)
total agents: 2124
interval wall time: 0 days, 0 hours, 0 minutes, and 20.1083 seconds 
total wall time: 0 days, 0 hours, 16 minutes, and 19.5652 seconds 

[perf] custom_function avg = 12.567 us over 3650000 calls
[perf] custom_function avg = 12.5698 us over 3700000 calls
current simulated time: 19080 min (max: 40320 min)
total agents: 2165
interval wall time: 0 days, 0 hours, 0 minutes, and 20.0779 seconds 
total wall time: 0 days, 0 hours, 16 minutes, and 39.6431 seconds 

[perf] custom_function avg = 12.573 us over 3750000 calls
[perf] custom_function avg = 12.5761 us over 3800000 calls
[perf] custom_function avg = 12.5786 us over 3850000 calls
current simulated time: 19440 min (max: 40320 min)
total agents: 2214
interval wall time: 0 days, 0 hours, 0 minutes, and 20.1575 seconds 
total wall time: 0 days, 0 hours, 16 minutes, and 59.8007 seconds 

[perf] custom_function avg = 12.5817 us over 3900000 calls
[perf] custom_function avg = 12.584 us over 3950000 calls
current simulated time: 19800 min (max: 40320 min)
total agents: 2246
interval wall time: 0 days, 0 hours, 0 minutes, and 20.2548 seconds 
total wall time: 0 days, 0 hours, 17 minutes, and 20.0556 seconds 

[perf] custom_function avg = 12.5862 us over 4000000 calls
[perf] custom_function avg = 12.5883 us over 4050000 calls
[perf] custom_function avg = 12.5902 us over 4100000 calls
current simulated time: 20160 min (max: 40320 min)
total agents: 2277
interval wall time: 0 days, 0 hours, 0 minutes, and 20.3444 seconds 
total wall time: 0 days, 0 hours, 17 minutes, and 40.4 seconds 

[DRUG_SCHEDULE] t=20166 Drug ON  concentration=1
[CUSTOM_DATA_DEBUG] drug present. cell_type=tumor_cell n_vars=62
  [0] KRAS = 1
  [1] MYC = 0.5
  [2] EGFR = 0.5
  [3] TP53 = 0
  [4] CDKN2A = 0.8
  [5] SMAD4 = 0
  [6] RB1 = 0
  [7] BCL_XL = 0
  [8] BAX = 0.5
  [9] ZEB1 = 1
  [10] CDH1 = 0
  [11] MMP2 = 1
  [12] TGFB1_expr = 0.8
  [13] SHH_expr = 0.7
  [14] HIF1A = 0.3
  [15] NRF2 = 0
  [16] ABCB1 = 0.00200663
  [17] is_mesenchymal = 1
  [18] stress_level = 0
  [19] drug_sensitivity = 0
  [20] apoptosis_threshold = 0
  [21] cell_id = 2706
  [22] parent_id = 2583
  [23] gene_state_KRAS = 1
  [24] gene_state_TP53 = 2
  [25] gene_state_CDKN2A = 2
  [26] gene_state_SMAD4 = 2
  [27] gene_state_BCL_XL = 1
  [28] gene_state_MYC = 0
  [29] gene_state_EGFR = 0
  [30] gene_state_RB1 = 0
  [31] gene_state_BAX = 0
  [32] gene_state_ZEB1 = 0
  [33] gene_state_CDH1 = 0
  [34] gene_state_MMP2 = 0
  [35] gene_state_TGFB1 = 0
  [36] gene_state_SHH = 0
  [37] gene_state_HIF1A = 0
  [38] gene_state_NRF2 = 0
  [39] gene_state_ABCB1 = 0
  [40] gene_state_HAS2 = 0
  [41] gene_state_COL1A1 = 0
  [42] gene_state_GLI1 = 0
  [43] gene_state_ACTA2 = 0
  [44] hif1a_active = 0
  [45] zeb1_active = 1
  [46] cdh1_expressed = 0
  [47] nrf2_active = 0
  [48] abcb1_active = 0.00200663
  [49] mmp2_active = 1
  [50] intracellular_drug = 0
  [51] time_since_drug_exposure = -1
  [52] time_alive = 0
  [53] emt_extent = 3
  [54] mechanical_pressure = 0
  [55] emt_signal_time = 360
  [56] emt_activation_time = 18024
  [57] final_prolif_rate = 2.4e-05
  [58] time_since_drug_withdrawal = -1
  [59] in_resistance_memory = 0
  [60] nrf2_withdrawal_anchor = 0
  [61] abcb1_withdrawal_anchor = 0
  idx[intracellular_drug]=50
  idx[nrf2_active]=47
  idx[abcb1_active]=48
  idx[NRF2]=15
  idx[ABCB1]=16
  idx[time_since_drug_exposure]=51
  idx[mechanical_pressure]=54
  idx[drug_uptake_rate]=-1
[perf] custom_function avg = 12.5924 us over 4150000 calls
[perf] custom_function avg = 12.5854 us over 4200000 calls
current simulated time: 20520 min (max: 40320 min)
total agents: 2306
interval wall time: 0 days, 0 hours, 0 minutes, and 20.2956 seconds 
total wall time: 0 days, 0 hours, 18 minutes, and 0.69564 seconds 

[perf] custom_function avg = 12.5585 us over 4250000 calls
[perf] custom_function avg = 12.5317 us over 4300000 calls
current simulated time: 20880 min (max: 40320 min)
total agents: 1724
interval wall time: 0 days, 0 hours, 0 minutes, and 20.2705 seconds 
total wall time: 0 days, 0 hours, 18 minutes, and 20.9662 seconds 

[perf] custom_function avg = 12.5082 us over 4350000 calls
[perf] custom_function avg = 12.4864 us over 4400000 calls
current simulated time: 21240 min (max: 40320 min)
total agents: 1723
interval wall time: 0 days, 0 hours, 0 minutes, and 19.1638 seconds 
total wall time: 0 days, 0 hours, 18 minutes, and 40.1299 seconds 

[perf] custom_function avg = 12.4658 us over 4450000 calls
[perf] custom_function avg = 12.4456 us over 4500000 calls
current simulated time: 21600 min (max: 40320 min)
total agents: 1766
interval wall time: 0 days, 0 hours, 0 minutes, and 19.2085 seconds 
total wall time: 0 days, 0 hours, 18 minutes, and 59.3384 seconds 

[perf] custom_function avg = 12.4261 us over 4550000 calls
[perf] custom_function avg = 12.407 us over 4600000 calls
current simulated time: 21960 min (max: 40320 min)
total agents: 1816
interval wall time: 0 days, 0 hours, 0 minutes, and 19.2593 seconds 
total wall time: 0 days, 0 hours, 19 minutes, and 18.5977 seconds 

[perf] custom_function avg = 12.3882 us over 4650000 calls
[perf] custom_function avg = 12.3697 us over 4700000 calls
[perf] custom_function avg = 12.3519 us over 4750000 calls
current simulated time: 22320 min (max: 40320 min)
total agents: 1864
interval wall time: 0 days, 0 hours, 0 minutes, and 19.3615 seconds 
total wall time: 0 days, 0 hours, 19 minutes, and 37.9592 seconds 

[perf] custom_function avg = 12.3338 us over 4800000 calls
[perf] custom_function avg = 12.3161 us over 4850000 calls
current simulated time: 22680 min (max: 40320 min)
total agents: 1917
interval wall time: 0 days, 0 hours, 0 minutes, and 19.4238 seconds 
total wall time: 0 days, 0 hours, 19 minutes, and 57.3831 seconds 

[perf] custom_function avg = 12.299 us over 4900000 calls
[perf] custom_function avg = 12.2823 us over 4950000 calls
current simulated time: 23040 min (max: 40320 min)
total agents: 1979
interval wall time: 0 days, 0 hours, 0 minutes, and 19.5016 seconds 
total wall time: 0 days, 0 hours, 20 minutes, and 16.8847 seconds 

[perf] custom_function avg = 12.2657 us over 5000000 calls
[perf] custom_function avg = 12.2493 us over 5050000 calls
[perf] custom_function avg = 12.2333 us over 5100000 calls
current simulated time: 23400 min (max: 40320 min)
total agents: 2044
interval wall time: 0 days, 0 hours, 0 minutes, and 19.6144 seconds 
total wall time: 0 days, 0 hours, 20 minutes, and 36.499 seconds 

[perf] custom_function avg = 12.2179 us over 5150000 calls
[perf] custom_function avg = 12.2025 us over 5200000 calls
current simulated time: 23760 min (max: 40320 min)
total agents: 2115
interval wall time: 0 days, 0 hours, 0 minutes, and 19.6902 seconds 
total wall time: 0 days, 0 hours, 20 minutes, and 56.1892 seconds 

[perf] custom_function avg = 12.1874 us over 5250000 calls
[perf] custom_function avg = 12.1721 us over 5300000 calls
[perf] custom_function avg = 12.1573 us over 5350000 calls
current simulated time: 24120 min (max: 40320 min)
total agents: 2176
interval wall time: 0 days, 0 hours, 0 minutes, and 19.7873 seconds 
total wall time: 0 days, 0 hours, 21 minutes, and 15.9765 seconds 

[perf] custom_function avg = 12.143 us over 5400000 calls
[perf] custom_function avg = 12.1288 us over 5450000 calls
current simulated time: 24480 min (max: 40320 min)
total agents: 2245
interval wall time: 0 days, 0 hours, 0 minutes, and 19.8936 seconds 
total wall time: 0 days, 0 hours, 21 minutes, and 35.8701 seconds 

[perf] custom_function avg = 12.115 us over 5500000 calls
[perf] custom_function avg = 12.1014 us over 5550000 calls
[perf] custom_function avg = 12.0879 us over 5600000 calls
current simulated time: 24840 min (max: 40320 min)
total agents: 2310
interval wall time: 0 days, 0 hours, 0 minutes, and 19.9884 seconds 
total wall time: 0 days, 0 hours, 21 minutes, and 55.8585 seconds 

[perf] custom_function avg = 12.0751 us over 5650000 calls
[perf] custom_function avg = 12.062 us over 5700000 calls
[perf] custom_function avg = 12.0495 us over 5750000 calls
current simulated time: 25200 min (max: 40320 min)
total agents: 2373
interval wall time: 0 days, 0 hours, 0 minutes, and 20.1039 seconds 
total wall time: 0 days, 0 hours, 22 minutes, and 15.9624 seconds 

[perf] custom_function avg = 12.037 us over 5800000 calls
[perf] custom_function avg = 12.0247 us over 5850000 calls
[perf] custom_function avg = 12.0123 us over 5900000 calls
current simulated time: 25560 min (max: 40320 min)
total agents: 2454
interval wall time: 0 days, 0 hours, 0 minutes, and 20.1806 seconds 
total wall time: 0 days, 0 hours, 22 minutes, and 36.143 seconds 

[perf] custom_function avg = 12.0004 us over 5950000 calls
[perf] custom_function avg = 11.9883 us over 6000000 calls
[perf] custom_function avg = 11.9766 us over 6050000 calls
current simulated time: 25920 min (max: 40320 min)
total agents: 2531
interval wall time: 0 days, 0 hours, 0 minutes, and 20.2939 seconds 
total wall time: 0 days, 0 hours, 22 minutes, and 56.437 seconds 

[perf] custom_function avg = 11.9653 us over 6100000 calls
[perf] custom_function avg = 11.954 us over 6150000 calls
[perf] custom_function avg = 11.9429 us over 6200000 calls
current simulated time: 26280 min (max: 40320 min)
total agents: 2586
interval wall time: 0 days, 0 hours, 0 minutes, and 20.3837 seconds 
total wall time: 0 days, 0 hours, 23 minutes, and 16.8207 seconds 

[perf] custom_function avg = 11.932 us over 6250000 calls
[perf] custom_function avg = 11.9211 us over 6300000 calls
[perf] custom_function avg = 11.9103 us over 6350000 calls
current simulated time: 26640 min (max: 40320 min)
total agents: 2654
interval wall time: 0 days, 0 hours, 0 minutes, and 20.4673 seconds 
total wall time: 0 days, 0 hours, 23 minutes, and 37.2879 seconds 

[perf] custom_function avg = 11.9001 us over 6400000 calls
[perf] custom_function avg = 11.8896 us over 6450000 calls
[perf] custom_function avg = 11.8791 us over 6500000 calls
current simulated time: 27000 min (max: 40320 min)
total agents: 2718
interval wall time: 0 days, 0 hours, 0 minutes, and 20.558 seconds 
total wall time: 0 days, 0 hours, 23 minutes, and 57.8459 seconds 

[perf] custom_function avg = 11.8688 us over 6550000 calls
[perf] custom_function avg = 11.8585 us over 6600000 calls
[perf] custom_function avg = 11.8482 us over 6650000 calls
[perf] custom_function avg = 11.8381 us over 6700000 calls
current simulated time: 27360 min (max: 40320 min)
total agents: 2787
interval wall time: 0 days, 0 hours, 0 minutes, and 20.6456 seconds 
total wall time: 0 days, 0 hours, 24 minutes, and 18.4915 seconds 

[perf] custom_function avg = 11.8283 us over 6750000 calls
[perf] custom_function avg = 11.8183 us over 6800000 calls
[perf] custom_function avg = 11.8087 us over 6850000 calls
current simulated time: 27720 min (max: 40320 min)
total agents: 2862
interval wall time: 0 days, 0 hours, 0 minutes, and 20.7222 seconds 
total wall time: 0 days, 0 hours, 24 minutes, and 39.2136 seconds 

[perf] custom_function avg = 11.7993 us over 6900000 calls
[perf] custom_function avg = 11.79 us over 6950000 calls
[perf] custom_function avg = 11.7809 us over 7000000 calls
current simulated time: 28080 min (max: 40320 min)
total agents: 2924
interval wall time: 0 days, 0 hours, 0 minutes, and 20.7963 seconds 
total wall time: 0 days, 0 hours, 25 minutes, and 0.00996135 seconds 

[perf] custom_function avg = 11.772 us over 7050000 calls
[perf] custom_function avg = 11.7632 us over 7100000 calls
[perf] custom_function avg = 11.7542 us over 7150000 calls
[perf] custom_function avg = 11.7455 us over 7200000 calls
current simulated time: 28440 min (max: 40320 min)
total agents: 3005
interval wall time: 0 days, 0 hours, 0 minutes, and 20.9157 seconds 
total wall time: 0 days, 0 hours, 25 minutes, and 20.9257 seconds 

[perf] custom_function avg = 11.7368 us over 7250000 calls
[perf] custom_function avg = 11.7283 us over 7300000 calls
[perf] custom_function avg = 11.7199 us over 7350000 calls
[perf] custom_function avg = 11.7115 us over 7400000 calls
current simulated time: 28800 min (max: 40320 min)
total agents: 3073
interval wall time: 0 days, 0 hours, 0 minutes, and 21.0349 seconds 
total wall time: 0 days, 0 hours, 25 minutes, and 41.9605 seconds 

[perf] custom_function avg = 11.7035 us over 7450000 calls
[perf] custom_function avg = 11.6952 us over 7500000 calls
[perf] custom_function avg = 11.6869 us over 7550000 calls
current simulated time: 29160 min (max: 40320 min)
total agents: 3139
interval wall time: 0 days, 0 hours, 0 minutes, and 21.1263 seconds 
total wall time: 0 days, 0 hours, 26 minutes, and 3.08685 seconds 

[perf] custom_function avg = 11.6793 us over 7600000 calls
[perf] custom_function avg = 11.6713 us over 7650000 calls
[perf] custom_function avg = 11.6633 us over 7700000 calls
[perf] custom_function avg = 11.6555 us over 7750000 calls
current simulated time: 29520 min (max: 40320 min)
total agents: 3206
interval wall time: 0 days, 0 hours, 0 minutes, and 21.2024 seconds 
total wall time: 0 days, 0 hours, 26 minutes, and 24.2893 seconds 

[perf] custom_function avg = 11.648 us over 7800000 calls
[perf] custom_function avg = 11.6404 us over 7850000 calls
[perf] custom_function avg = 11.633 us over 7900000 calls
[perf] custom_function avg = 11.6256 us over 7950000 calls
current simulated time: 29880 min (max: 40320 min)
total agents: 3282
interval wall time: 0 days, 0 hours, 0 minutes, and 21.3012 seconds 
total wall time: 0 days, 0 hours, 26 minutes, and 45.5906 seconds 

[perf] custom_function avg = 11.6184 us over 8000000 calls
[perf] custom_function avg = 11.6112 us over 8050000 calls
[perf] custom_function avg = 11.6042 us over 8100000 calls
[perf] custom_function avg = 11.5969 us over 8150000 calls
current simulated time: 30240 min (max: 40320 min)
total agents: 3333
interval wall time: 0 days, 0 hours, 0 minutes, and 21.384 seconds 
total wall time: 0 days, 0 hours, 27 minutes, and 6.97452 seconds 

[perf] custom_function avg = 11.59 us over 8200000 calls
[perf] custom_function avg = 11.583 us over 8250000 calls
[perf] custom_function avg = 11.5761 us over 8300000 calls
[perf] custom_function avg = 11.5692 us over 8350000 calls
current simulated time: 30600 min (max: 40320 min)
total agents: 3407
interval wall time: 0 days, 0 hours, 0 minutes, and 21.452 seconds 
total wall time: 0 days, 0 hours, 27 minutes, and 28.4265 seconds 

[perf] custom_function avg = 11.5627 us over 8400000 calls
[perf] custom_function avg = 11.556 us over 8450000 calls
[perf] custom_function avg = 11.5494 us over 8500000 calls
[perf] custom_function avg = 11.5428 us over 8550000 calls
current simulated time: 30960 min (max: 40320 min)
total agents: 3461
interval wall time: 0 days, 0 hours, 0 minutes, and 21.5378 seconds 
total wall time: 0 days, 0 hours, 27 minutes, and 49.9643 seconds 

[perf] custom_function avg = 11.5365 us over 8600000 calls
[perf] custom_function avg = 11.53 us over 8650000 calls
[perf] custom_function avg = 11.5238 us over 8700000 calls
[perf] custom_function avg = 11.5164 us over 8750000 calls
current simulated time: 31320 min (max: 40320 min)
total agents: 3519
interval wall time: 0 days, 0 hours, 0 minutes, and 21.6375 seconds 
total wall time: 0 days, 0 hours, 28 minutes, and 11.6019 seconds 

[perf] custom_function avg = 11.5085 us over 8800000 calls
[perf] custom_function avg = 11.5008 us over 8850000 calls
[perf] custom_function avg = 11.493 us over 8900000 calls
[perf] custom_function avg = 11.4854 us over 8950000 calls
[perf] custom_function avg = 11.4779 us over 9000000 calls
current simulated time: 31680 min (max: 40320 min)
total agents: 3581
interval wall time: 0 days, 0 hours, 0 minutes, and 21.6872 seconds 
total wall time: 0 days, 0 hours, 28 minutes, and 33.2891 seconds 

[perf] custom_function avg = 11.4706 us over 9050000 calls
[perf] custom_function avg = 11.463 us over 9100000 calls
[perf] custom_function avg = 11.4557 us over 9150000 calls
[perf] custom_function avg = 11.4486 us over 9200000 calls
current simulated time: 32040 min (max: 40320 min)
total agents: 3651
interval wall time: 0 days, 0 hours, 0 minutes, and 21.6566 seconds 
total wall time: 0 days, 0 hours, 28 minutes, and 54.9457 seconds 

[perf] custom_function avg = 11.4415 us over 9250000 calls
[perf] custom_function avg = 11.4344 us over 9300000 calls
[perf] custom_function avg = 11.4273 us over 9350000 calls
[perf] custom_function avg = 11.4203 us over 9400000 calls
current simulated time: 32400 min (max: 40320 min)
total agents: 3719
interval wall time: 0 days, 0 hours, 0 minutes, and 21.7928 seconds 
total wall time: 0 days, 0 hours, 29 minutes, and 16.7385 seconds 

[perf] custom_function avg = 11.4135 us over 9450000 calls
[perf] custom_function avg = 11.4066 us over 9500000 calls
[perf] custom_function avg = 11.4 us over 9550000 calls
[perf] custom_function avg = 11.3934 us over 9600000 calls
[perf] custom_function avg = 11.3868 us over 9650000 calls
current simulated time: 32760 min (max: 40320 min)
total agents: 3793
interval wall time: 0 days, 0 hours, 0 minutes, and 21.8346 seconds 
total wall time: 0 days, 0 hours, 29 minutes, and 38.5732 seconds 

[perf] custom_function avg = 11.3804 us over 9700000 calls
[perf] custom_function avg = 11.3741 us over 9750000 calls
[perf] custom_function avg = 11.3679 us over 9800000 calls
[perf] custom_function avg = 11.3617 us over 9850000 calls
[perf] custom_function avg = 11.3556 us over 9900000 calls
current simulated time: 33120 min (max: 40320 min)
total agents: 3848
interval wall time: 0 days, 0 hours, 0 minutes, and 21.9393 seconds 
total wall time: 0 days, 0 hours, 30 minutes, and 0.512519 seconds 

[perf] custom_function avg = 11.3497 us over 9950000 calls
[perf] custom_function avg = 11.3438 us over 10000000 calls
[perf] custom_function avg = 11.3377 us over 10050000 calls
[perf] custom_function avg = 11.3319 us over 10100000 calls
current simulated time: 33480 min (max: 40320 min)
total agents: 3924
interval wall time: 0 days, 0 hours, 0 minutes, and 22.0256 seconds 
total wall time: 0 days, 0 hours, 30 minutes, and 22.5382 seconds 

[perf] custom_function avg = 11.3261 us over 10150000 calls
[perf] custom_function avg = 11.3204 us over 10200000 calls
[perf] custom_function avg = 11.3145 us over 10250000 calls
[perf] custom_function avg = 11.3088 us over 10300000 calls
[perf] custom_function avg = 11.3031 us over 10350000 calls
current simulated time: 33840 min (max: 40320 min)
total agents: 3998
interval wall time: 0 days, 0 hours, 0 minutes, and 22.1253 seconds 
total wall time: 0 days, 0 hours, 30 minutes, and 44.6635 seconds 

[perf] custom_function avg = 11.2975 us over 10400000 calls
[perf] custom_function avg = 11.2918 us over 10450000 calls
[perf] custom_function avg = 11.2862 us over 10500000 calls
[perf] custom_function avg = 11.2807 us over 10550000 calls
[perf] custom_function avg = 11.2752 us over 10600000 calls
current simulated time: 34200 min (max: 40320 min)
total agents: 4058
interval wall time: 0 days, 0 hours, 0 minutes, and 22.2443 seconds 
total wall time: 0 days, 0 hours, 31 minutes, and 6.90786 seconds 

[perf] custom_function avg = 11.2699 us over 10650000 calls
[perf] custom_function avg = 11.2644 us over 10700000 calls
[perf] custom_function avg = 11.2591 us over 10750000 calls
[perf] custom_function avg = 11.2539 us over 10800000 calls
[perf] custom_function avg = 11.2487 us over 10850000 calls
current simulated time: 34560 min (max: 40320 min)
total agents: 4141
interval wall time: 0 days, 0 hours, 0 minutes, and 22.3684 seconds 
total wall time: 0 days, 0 hours, 31 minutes, and 29.2763 seconds 

[perf] custom_function avg = 11.2436 us over 10900000 calls
[perf] custom_function avg = 11.2384 us over 10950000 calls
[perf] custom_function avg = 11.2332 us over 11000000 calls
[perf] custom_function avg = 11.2283 us over 11050000 calls
[perf] custom_function avg = 11.2233 us over 11100000 calls
current simulated time: 34920 min (max: 40320 min)
total agents: 4207
interval wall time: 0 days, 0 hours, 0 minutes, and 22.4494 seconds 
total wall time: 0 days, 0 hours, 31 minutes, and 51.7257 seconds 

[perf] custom_function avg = 11.2184 us over 11150000 calls
[perf] custom_function avg = 11.2135 us over 11200000 calls
[perf] custom_function avg = 11.2086 us over 11250000 calls
[perf] custom_function avg = 11.2037 us over 11300000 calls
[perf] custom_function avg = 11.1989 us over 11350000 calls
current simulated time: 35280 min (max: 40320 min)
total agents: 4274
interval wall time: 0 days, 0 hours, 0 minutes, and 22.546 seconds 
total wall time: 0 days, 0 hours, 32 minutes, and 14.2717 seconds 

[perf] custom_function avg = 11.1943 us over 11400000 calls
[perf] custom_function avg = 11.1897 us over 11450000 calls
[perf] custom_function avg = 11.185 us over 11500000 calls
[perf] custom_function avg = 11.1802 us over 11550000 calls
[perf] custom_function avg = 11.1756 us over 11600000 calls
current simulated time: 35640 min (max: 40320 min)
total agents: 4369
interval wall time: 0 days, 0 hours, 0 minutes, and 22.6397 seconds 
total wall time: 0 days, 0 hours, 32 minutes, and 36.9114 seconds 

[perf] custom_function avg = 11.171 us over 11650000 calls
[perf] custom_function avg = 11.1665 us over 11700000 calls
[perf] custom_function avg = 11.1621 us over 11750000 calls
[perf] custom_function avg = 11.1577 us over 11800000 calls
[perf] custom_function avg = 11.1533 us over 11850000 calls
current simulated time: 36000 min (max: 40320 min)
total agents: 4444
interval wall time: 0 days, 0 hours, 0 minutes, and 22.7732 seconds 
total wall time: 0 days, 0 hours, 32 minutes, and 59.6846 seconds 

[perf] custom_function avg = 11.1491 us over 11900000 calls
[perf] custom_function avg = 11.1448 us over 11950000 calls
[perf] custom_function avg = 11.1405 us over 12000000 calls
[perf] custom_function avg = 11.1362 us over 12050000 calls
[perf] custom_function avg = 11.132 us over 12100000 calls
[perf] custom_function avg = 11.1278 us over 12150000 calls
current simulated time: 36360 min (max: 40320 min)
total agents: 4526
interval wall time: 0 days, 0 hours, 0 minutes, and 22.8522 seconds 
total wall time: 0 days, 0 hours, 33 minutes, and 22.5368 seconds 

[perf] custom_function avg = 11.1237 us over 12200000 calls
[perf] custom_function avg = 11.1196 us over 12250000 calls
[perf] custom_function avg = 11.1155 us over 12300000 calls
[perf] custom_function avg = 11.1114 us over 12350000 calls
[perf] custom_function avg = 11.1074 us over 12400000 calls
current simulated time: 36720 min (max: 40320 min)
total agents: 4605
interval wall time: 0 days, 0 hours, 0 minutes, and 23.0312 seconds 
total wall time: 0 days, 0 hours, 33 minutes, and 45.568 seconds 

[perf] custom_function avg = 11.1034 us over 12450000 calls
[perf] custom_function avg = 11.0994 us over 12500000 calls
[perf] custom_function avg = 11.0956 us over 12550000 calls
[perf] custom_function avg = 11.0918 us over 12600000 calls
[perf] custom_function avg = 11.088 us over 12650000 calls
[perf] custom_function avg = 11.0841 us over 12700000 calls
current simulated time: 37080 min (max: 40320 min)
total agents: 4683
interval wall time: 0 days, 0 hours, 0 minutes, and 23.0952 seconds 
total wall time: 0 days, 0 hours, 34 minutes, and 8.66316 seconds 

[perf] custom_function avg = 11.0804 us over 12750000 calls
[perf] custom_function avg = 11.0768 us over 12800000 calls
[perf] custom_function avg = 11.0732 us over 12850000 calls
[perf] custom_function avg = 11.0695 us over 12900000 calls
[perf] custom_function avg = 11.0659 us over 12950000 calls
current simulated time: 37440 min (max: 40320 min)
total agents: 4761
interval wall time: 0 days, 0 hours, 0 minutes, and 23.2153 seconds 
total wall time: 0 days, 0 hours, 34 minutes, and 31.8785 seconds 

[perf] custom_function avg = 11.0624 us over 13000000 calls
[perf] custom_function avg = 11.0589 us over 13050000 calls
[perf] custom_function avg = 11.0555 us over 13100000 calls
[perf] custom_function avg = 11.052 us over 13150000 calls
[perf] custom_function avg = 11.0486 us over 13200000 calls
[perf] custom_function avg = 11.0453 us over 13250000 calls
current simulated time: 37800 min (max: 40320 min)
total agents: 4839
interval wall time: 0 days, 0 hours, 0 minutes, and 23.3826 seconds 
total wall time: 0 days, 0 hours, 34 minutes, and 55.261 seconds 

[perf] custom_function avg = 11.0421 us over 13300000 calls
[perf] custom_function avg = 11.0388 us over 13350000 calls
[perf] custom_function avg = 11.0355 us over 13400000 calls
[perf] custom_function avg = 11.0322 us over 13450000 calls
[perf] custom_function avg = 11.0289 us over 13500000 calls
[perf] custom_function avg = 11.0257 us over 13550000 calls
current simulated time: 38160 min (max: 40320 min)
total agents: 4909
interval wall time: 0 days, 0 hours, 0 minutes, and 23.4904 seconds 
total wall time: 0 days, 0 hours, 35 minutes, and 18.7515 seconds 

[perf] custom_function avg = 11.0225 us over 13600000 calls
[perf] custom_function avg = 11.0194 us over 13650000 calls
[perf] custom_function avg = 11.0163 us over 13700000 calls
[perf] custom_function avg = 11.0132 us over 13750000 calls
[perf] custom_function avg = 11.0101 us over 13800000 calls
[perf] custom_function avg = 11.007 us over 13850000 calls
current simulated time: 38520 min (max: 40320 min)
total agents: 4996
interval wall time: 0 days, 0 hours, 0 minutes, and 23.5871 seconds 
total wall time: 0 days, 0 hours, 35 minutes, and 42.3386 seconds 

[perf] custom_function avg = 11.0039 us over 13900000 calls
[perf] custom_function avg = 11.0009 us over 13950000 calls
[perf] custom_function avg = 10.9979 us over 14000000 calls
[perf] custom_function avg = 10.9949 us over 14050000 calls
[perf] custom_function avg = 10.992 us over 14100000 calls
[perf] custom_function avg = 10.9891 us over 14150000 calls
current simulated time: 38880 min (max: 40320 min)
total agents: 5088
interval wall time: 0 days, 0 hours, 0 minutes, and 23.8444 seconds 
total wall time: 0 days, 0 hours, 36 minutes, and 6.18306 seconds 

[perf] custom_function avg = 10.9863 us over 14200000 calls
[perf] custom_function avg = 10.9834 us over 14250000 calls
[perf] custom_function avg = 10.9806 us over 14300000 calls
[perf] custom_function avg = 10.9778 us over 14350000 calls
[perf] custom_function avg = 10.975 us over 14400000 calls
[perf] custom_function avg = 10.9721 us over 14450000 calls
current simulated time: 39240 min (max: 40320 min)
total agents: 5166
interval wall time: 0 days, 0 hours, 0 minutes, and 24.2969 seconds 
total wall time: 0 days, 0 hours, 36 minutes, and 30.4799 seconds 

[perf] custom_function avg = 10.9693 us over 14500000 calls
[perf] custom_function avg = 10.9667 us over 14550000 calls
[perf] custom_function avg = 10.964 us over 14600000 calls
[perf] custom_function avg = 10.9614 us over 14650000 calls
[perf] custom_function avg = 10.9587 us over 14700000 calls
[perf] custom_function avg = 10.9561 us over 14750000 calls
current simulated time: 39600 min (max: 40320 min)
total agents: 5249
interval wall time: 0 days, 0 hours, 0 minutes, and 24.5727 seconds 
total wall time: 0 days, 0 hours, 36 minutes, and 55.0526 seconds 

[perf] custom_function avg = 10.9535 us over 14800000 calls
[perf] custom_function avg = 10.951 us over 14850000 calls
[perf] custom_function avg = 10.9484 us over 14900000 calls
[perf] custom_function avg = 10.9459 us over 14950000 calls
[perf] custom_function avg = 10.9434 us over 15000000 calls
[perf] custom_function avg = 10.9408 us over 15050000 calls
[perf] custom_function avg = 10.9384 us over 15100000 calls
current simulated time: 39960 min (max: 40320 min)
total agents: 5337
interval wall time: 0 days, 0 hours, 0 minutes, and 24.9492 seconds 
total wall time: 0 days, 0 hours, 37 minutes, and 20.0019 seconds 

[perf] custom_function avg = 10.9361 us over 15150000 calls
[perf] custom_function avg = 10.9336 us over 15200000 calls
[perf] custom_function avg = 10.9313 us over 15250000 calls
[perf] custom_function avg = 10.9289 us over 15300000 calls
[perf] custom_function avg = 10.9266 us over 15350000 calls
[perf] custom_function avg = 10.9242 us over 15400000 calls
current simulated time: 40320 min (max: 40320 min)
total agents: 5432
interval wall time: 0 days, 0 hours, 0 minutes, and 25.4171 seconds 
total wall time: 0 days, 0 hours, 37 minutes, and 45.419 seconds 


Total simulation runtime: 
0 days, 0 hours, 37 minutes, and 45.6789 seconds 