[setup_microenvironment] ECM impedance correction mode: dt-aware DRUG ONLY (O2/TGFb/SHH legacy)
[ThresholdConfig] Loaded from XML:  HIF1A O2=15 mmHg  Necrosis O2=5 mmHg  TGFB=0.1  SHH=1e-05
[setup_microenvironment] Loaded calibration profile: AsPC-1
[setup_microenvironment] Substrate indices: oxygen=0 tgfb=1 shh=2 ecm_density=4 drug=3
[setup_microenvironment] Completed in 6.75982 ms
[create_cell_types] Completed in 6.63635 ms

================================================================
 §8.1  Baseline Validation Suite — Tumor-Intrinsic Traits v1.0 
================================================================
  [PASS]  Trait 1:  Constitutive Paracrine Secretion
  [PASS]  Trait 2:  TGF-beta Insensitivity (Arrest Arm Only)
  [PASS]  Trait 3:  Rapid Proliferation / Broken Checkpoints
  [PASS]  Trait 4:  Apoptotic Resistance at Baseline
  [PASS]  Trait 5:  Inducible EMT Under Stress  (Spatial)
  [PASS]  Trait 6:  Hypoxia-Responsive Phenotype Switching
  [PASS]  Trait 7:  Drug-Inducible Efflux  (Not Constitutive)
  [PASS]  Trait 8:  ECM Compaction  (Passive / Mechanical)
  [PASS]  Trait 9:  13-Knob Partition + AsPC-1/PANC-1 Knob 2
  [PASS]  Trait 10:  SHH Paradox Fast Invariants
----------------------------------------------------------------
  Result: 10/10 passed — ALL PASS.  Baseline is validated.
================================================================

[setup_tissue] No intervention JSON provided; using active calibration defaults.
[setup_tissue] Placed tumor=50 stromal=500 cluster_radius=100um stroma_ring=[100,300]um in 7.64771 ms

[DIAG_T360_STROMAL] === One-time stromal diagnostic at t=366 ===
[DIAG_T360_STROMAL] Total live stromal: 508  PSCs(acta2=0): 355  CAFs(acta2=1): 153
[DIAG_T360_STROMAL] PSC #0  ID=163  transition_rate(0,0)=0  acta2_active=0  activation_mode=0  mechanical_pressure[16]=0.0951095
[DIAG_T360_STROMAL] PSC #1  ID=492  transition_rate(0,0)=0  acta2_active=0  activation_mode=0  mechanical_pressure[16]=0.130123
[DIAG_T360_STROMAL] PSC #2  ID=480  transition_rate(0,0)=0  acta2_active=0  activation_mode=0  mechanical_pressure[16]=0.07786
[DIAG_T360_STROMAL] PSC #3  ID=82  transition_rate(0,0)=0  acta2_active=0  activation_mode=0  mechanical_pressure[16]=0.229196
[DIAG_T360_STROMAL] PSC #4  ID=458  transition_rate(0,0)=0  acta2_active=0  activation_mode=0  mechanical_pressure[16]=0.256518
[DIAG_T360_STROMAL] CAF #0  ID=51  transition_rate(0,0)=0.0001079  acta2_active=1  activation_mode=1  mechanical_pressure[16]=0.111872
[DIAG_T360_STROMAL] CAF #1  ID=60  transition_rate(0,0)=0.00012232  acta2_active=1  activation_mode=1  mechanical_pressure[16]=0
[DIAG_T360_STROMAL] CAF #2  ID=61  transition_rate(0,0)=0.0001  acta2_active=1  activation_mode=1  mechanical_pressure[16]=0.196293
[DIAG_T360_MECH_VERIFY] Checking mechanical_pressure for 3 random stromal cells:
[DIAG_T360_MECH_VERIFY]   cell ID=433  idx[16]=0.258142  name_lookup=0.258142  simple_pressure=0.860472  OK
[DIAG_T360_MECH_VERIFY]   cell ID=296  idx[16]=0.0987017  name_lookup=0.0987017  simple_pressure=0.329006  OK
[DIAG_T360_MECH_VERIFY]   cell ID=479  idx[16]=0  name_lookup=0  simple_pressure=0  STILL_ZERO
[DIAG_T360_STROMAL] === end diagnostic ===

[perf] custom_function avg = 10.8332 us over 50000 calls
[perf] custom_function avg = 10.895 us over 100000 calls
[perf] custom_function avg = 10.9522 us over 150000 calls
[perf] custom_function avg = 11.0492 us over 200000 calls
[perf] custom_function avg = 11.1564 us over 250000 calls
[perf] custom_function avg = 11.2387 us over 300000 calls
[perf] custom_function avg = 11.3218 us over 350000 calls
[perf] custom_function avg = 11.381 us over 400000 calls
[perf] custom_function avg = 11.4559 us over 450000 calls
[perf] custom_function avg = 11.5163 us over 500000 calls
[perf] custom_function avg = 11.5776 us over 550000 calls
[perf] custom_function avg = 11.637 us over 600000 calls
[perf] custom_function avg = 11.6891 us over 650000 calls
[perf] custom_function avg = 11.7314 us over 700000 calls
[perf] custom_function avg = 11.7674 us over 750000 calls
[perf] custom_function avg = 11.805 us over 800000 calls
[perf] custom_function avg = 11.8331 us over 850000 calls
[perf] custom_function avg = 11.8617 us over 900000 calls
[perf] custom_function avg = 11.8931 us over 950000 calls
[perf] custom_function avg = 11.923 us over 1000000 calls
[perf] custom_function avg = 11.9581 us over 1050000 calls
[perf] custom_function avg = 11.993 us over 1100000 calls
[perf] custom_function avg = 12.0258 us over 1150000 calls
[perf] custom_function avg = 12.0515 us over 1200000 calls
[perf] custom_function avg = 12.0689 us over 1250000 calls
[perf] custom_function avg = 12.0895 us over 1300000 calls
[perf] custom_function avg = 12.115 us over 1350000 calls
[perf] custom_function avg = 12.1425 us over 1400000 calls
[perf] custom_function avg = 12.1685 us over 1450000 calls
[perf] custom_function avg = 12.195 us over 1500000 calls
[perf] custom_function avg = 12.2187 us over 1550000 calls
[perf] custom_function avg = 12.2424 us over 1600000 calls
[perf] custom_function avg = 12.2679 us over 1650000 calls
[perf] custom_function avg = 12.2938 us over 1700000 calls
[perf] custom_function avg = 12.3209 us over 1750000 calls
[perf] custom_function avg = 12.3452 us over 1800000 calls
[perf] custom_function avg = 12.3678 us over 1850000 calls
[perf] custom_function avg = 12.3862 us over 1900000 calls
[perf] custom_function avg = 12.4044 us over 1950000 calls
[perf] custom_function avg = 12.4205 us over 2000000 calls
[perf] custom_function avg = 12.4381 us over 2050000 calls
[perf] custom_function avg = 12.4546 us over 2100000 calls
[perf] custom_function avg = 12.4732 us over 2150000 calls
[perf] custom_function avg = 12.4911 us over 2200000 calls
[perf] custom_function avg = 12.508 us over 2250000 calls
[perf] custom_function avg = 12.5177 us over 2300000 calls
[perf] custom_function avg = 12.5262 us over 2350000 calls
[perf] custom_function avg = 12.5369 us over 2400000 calls
[perf] custom_function avg = 12.5462 us over 2450000 calls
[perf] custom_function avg = 12.555 us over 2500000 calls
[perf] custom_function avg = 12.5627 us over 2550000 calls
[perf] custom_function avg = 12.5718 us over 2600000 calls
[perf] custom_function avg = 12.5802 us over 2650000 calls
[perf] custom_function avg = 12.59 us over 2700000 calls
[perf] custom_function avg = 12.5988 us over 2750000 calls
[perf] custom_function avg = 12.6095 us over 2800000 calls
[perf] custom_function avg = 12.6192 us over 2850000 calls
[perf] custom_function avg = 12.6293 us over 2900000 calls
[perf] custom_function avg = 12.6399 us over 2950000 calls
[perf] custom_function avg = 12.6509 us over 3000000 calls
[perf] custom_function avg = 12.6625 us over 3050000 calls
[perf] custom_function avg = 12.6727 us over 3100000 calls
[perf] custom_function avg = 12.6847 us over 3150000 calls
[perf] custom_function avg = 12.6949 us over 3200000 calls
[perf] custom_function avg = 12.7052 us over 3250000 calls
[perf] custom_function avg = 12.7143 us over 3300000 calls
[perf] custom_function avg = 12.7236 us over 3350000 calls
[perf] custom_function avg = 12.7341 us over 3400000 calls
[perf] custom_function avg = 12.7435 us over 3450000 calls
[perf] custom_function avg = 12.7535 us over 3500000 calls
[perf] custom_function avg = 12.7617 us over 3550000 calls
[perf] custom_function avg = 12.7694 us over 3600000 calls
[perf] custom_function avg = 12.7781 us over 3650000 calls
[perf] custom_function avg = 12.7851 us over 3700000 calls
[perf] custom_function avg = 12.7931 us over 3750000 calls
[perf] custom_function avg = 12.8004 us over 3800000 calls
[perf] custom_function avg = 12.8041 us over 3850000 calls
[perf] custom_function avg = 12.8072 us over 3900000 calls
[perf] custom_function avg = 12.8118 us over 3950000 calls
[perf] custom_function avg = 12.8169 us over 4000000 calls
[perf] custom_function avg = 12.8204 us over 4050000 calls
[perf] custom_function avg = 12.8229 us over 4100000 calls
[DRUG_SCHEDULE] t=20166 Drug ON  concentration=1
[perf] custom_function avg = 12.8258 us over 4150000 calls
[perf] custom_function avg = 12.8272 us over 4200000 calls
[perf] custom_function avg = 12.8288 us over 4250000 calls
[perf] custom_function avg = 12.8315 us over 4300000 calls
[perf] custom_function avg = 12.8317 us over 4350000 calls
[perf] custom_function avg = 12.8321 us over 4400000 calls
[perf] custom_function avg = 12.8332 us over 4450000 calls
[perf] custom_function avg = 12.8336 us over 4500000 calls
[perf] custom_function avg = 12.8344 us over 4550000 calls
[perf] custom_function avg = 12.8353 us over 4600000 calls
[perf] custom_function avg = 12.8328 us over 4650000 calls
[perf] custom_function avg = 12.8288 us over 4700000 calls
[perf] custom_function avg = 12.8248 us over 4750000 calls
[perf] custom_function avg = 12.8207 us over 4800000 calls
[perf] custom_function avg = 12.8173 us over 4850000 calls
[perf] custom_function avg = 12.8136 us over 4900000 calls
[perf] custom_function avg = 12.8102 us over 4950000 calls
[perf] custom_function avg = 12.8071 us over 5000000 calls
[perf] custom_function avg = 12.8035 us over 5050000 calls
[perf] custom_function avg = 12.7998 us over 5100000 calls
[perf] custom_function avg = 12.797 us over 5150000 calls
[perf] custom_function avg = 12.7937 us over 5200000 calls
[perf] custom_function avg = 12.7911 us over 5250000 calls
[perf] custom_function avg = 12.7886 us over 5300000 calls
[perf] custom_function avg = 12.786 us over 5350000 calls
[perf] custom_function avg = 12.7836 us over 5400000 calls
[perf] custom_function avg = 12.781 us over 5450000 calls
[perf] custom_function avg = 12.7783 us over 5500000 calls
[perf] custom_function avg = 12.7758 us over 5550000 calls
[perf] custom_function avg = 12.7739 us over 5600000 calls
[perf] custom_function avg = 12.7712 us over 5650000 calls
[perf] custom_function avg = 12.7686 us over 5700000 calls
[perf] custom_function avg = 12.7658 us over 5750000 calls
[perf] custom_function avg = 12.7631 us over 5800000 calls
[perf] custom_function avg = 12.7599 us over 5850000 calls
[perf] custom_function avg = 12.7571 us over 5900000 calls
[perf] custom_function avg = 12.7543 us over 5950000 calls
[perf] custom_function avg = 12.7523 us over 6000000 calls
[perf] custom_function avg = 12.75 us over 6050000 calls
[perf] custom_function avg = 12.7481 us over 6100000 calls
[perf] custom_function avg = 12.7459 us over 6150000 calls
[perf] custom_function avg = 12.7433 us over 6200000 calls
[perf] custom_function avg = 12.7408 us over 6250000 calls
[perf] custom_function avg = 12.7389 us over 6300000 calls
[perf] custom_function avg = 12.7369 us over 6350000 calls
[perf] custom_function avg = 12.7352 us over 6400000 calls
[perf] custom_function avg = 12.7329 us over 6450000 calls
[perf] custom_function avg = 12.7305 us over 6500000 calls
[perf] custom_function avg = 12.7279 us over 6550000 calls
[perf] custom_function avg = 12.7251 us over 6600000 calls
[perf] custom_function avg = 12.7229 us over 6650000 calls
[perf] custom_function avg = 12.7205 us over 6700000 calls
[perf] custom_function avg = 12.7182 us over 6750000 calls
[perf] custom_function avg = 12.7161 us over 6800000 calls
[perf] custom_function avg = 12.714 us over 6850000 calls
[perf] custom_function avg = 12.7117 us over 6900000 calls
[perf] custom_function avg = 12.7096 us over 6950000 calls
[perf] custom_function avg = 12.7079 us over 7000000 calls
[perf] custom_function avg = 12.7061 us over 7050000 calls
[perf] custom_function avg = 12.7042 us over 7100000 calls
[perf] custom_function avg = 12.7022 us over 7150000 calls
[perf] custom_function avg = 12.7003 us over 7200000 calls
[perf] custom_function avg = 12.6985 us over 7250000 calls
[perf] custom_function avg = 12.6959 us over 7300000 calls
[perf] custom_function avg = 12.6935 us over 7350000 calls
[perf] custom_function avg = 12.6916 us over 7400000 calls
[perf] custom_function avg = 12.6903 us over 7450000 calls
[perf] custom_function avg = 12.6886 us over 7500000 calls
[perf] custom_function avg = 12.6868 us over 7550000 calls
[perf] custom_function avg = 12.6853 us over 7600000 calls
[perf] custom_function avg = 12.6839 us over 7650000 calls
[perf] custom_function avg = 12.682 us over 7700000 calls
[perf] custom_function avg = 12.6802 us over 7750000 calls
[perf] custom_function avg = 12.6784 us over 7800000 calls
[perf] custom_function avg = 12.6764 us over 7850000 calls
[perf] custom_function avg = 12.6745 us over 7900000 calls
[perf] custom_function avg = 12.6727 us over 7950000 calls
[perf] custom_function avg = 12.6709 us over 8000000 calls
[perf] custom_function avg = 12.6691 us over 8050000 calls
[perf] custom_function avg = 12.667 us over 8100000 calls
[perf] custom_function avg = 12.6649 us over 8150000 calls
slurmstepd-cpusm01: error: *** JOB 10562 ON cpusm01 CANCELLED AT 2026-03-25T00:36:28 ***
