[setup_microenvironment] ECM impedance correction mode: dt-aware DRUG ONLY (O2/TGFb/SHH legacy)
[ThresholdConfig] Loaded from XML:  HIF1A O2=15 mmHg  Necrosis O2=5 mmHg  TGFB=0.1  SHH=1e-05
[setup_microenvironment] Loaded calibration profile: AsPC-1
[setup_microenvironment] Substrate indices: oxygen=0 tgfb=1 shh=2 ecm_density=4 drug=3
[setup_microenvironment] Completed in 6.7608 ms
[create_cell_types] Completed in 6.33663 ms

================================================================
 §8.1  Baseline Validation Suite — Tumor-Intrinsic Traits v1.0 
================================================================
  [PASS]  Trait 1:  Constitutive Paracrine Secretion
  [PASS]  Trait 2:  TGF-beta Insensitivity (Arrest Arm Only)
  [PASS]  Trait 3:  Rapid Proliferation / Broken Checkpoints
  [PASS]  Trait 4:  Apoptotic Resistance at Baseline
  [PASS]  Trait 5:  Inducible EMT Under Stress  (Spatial)
  [PASS]  Trait 6:  Hypoxia-Responsive Phenotype Switching
  [PASS]  Trait 7:  Drug-Inducible Efflux  (Not Constitutive)
  [PASS]  Trait 8:  ECM Compaction  (Passive / Mechanical)
  [PASS]  Trait 9:  13-Knob Partition + AsPC-1/PANC-1 Knob 2
  [PASS]  Trait 10:  SHH Paradox Fast Invariants
----------------------------------------------------------------
  Result: 10/10 passed — ALL PASS.  Baseline is validated.
================================================================

[setup_tissue] No intervention JSON provided; using active calibration defaults.
[setup_tissue] Placed tumor=50 stromal=500 cluster_radius=100um stroma_ring=[100,300]um in 7.55794 ms

[DIAG_T360_STROMAL] === One-time stromal diagnostic at t=366 ===
[DIAG_T360_STROMAL] Total live stromal: 508  PSCs(acta2=0): 355  CAFs(acta2=1): 153
[DIAG_T360_STROMAL] PSC #0  ID=163  transition_rate(0,0)=0  acta2_active=0  activation_mode=0  mechanical_pressure[16]=0.0951095
[DIAG_T360_STROMAL] PSC #1  ID=492  transition_rate(0,0)=0  acta2_active=0  activation_mode=0  mechanical_pressure[16]=0.130123
[DIAG_T360_STROMAL] PSC #2  ID=480  transition_rate(0,0)=0  acta2_active=0  activation_mode=0  mechanical_pressure[16]=0.07786
[DIAG_T360_STROMAL] PSC #3  ID=82  transition_rate(0,0)=0  acta2_active=0  activation_mode=0  mechanical_pressure[16]=0.229196
[DIAG_T360_STROMAL] PSC #4  ID=458  transition_rate(0,0)=0  acta2_active=0  activation_mode=0  mechanical_pressure[16]=0.256518
[DIAG_T360_STROMAL] CAF #0  ID=51  transition_rate(0,0)=0.000107919  acta2_active=1  activation_mode=1  mechanical_pressure[16]=0.111872
[DIAG_T360_STROMAL] CAF #1  ID=60  transition_rate(0,0)=0.000122326  acta2_active=1  activation_mode=1  mechanical_pressure[16]=0
[DIAG_T360_STROMAL] CAF #2  ID=61  transition_rate(0,0)=0.0001  acta2_active=1  activation_mode=1  mechanical_pressure[16]=0.196293
[DIAG_T360_MECH_VERIFY] Checking mechanical_pressure for 3 random stromal cells:
[DIAG_T360_MECH_VERIFY]   cell ID=433  idx[16]=0.258142  name_lookup=0.258142  simple_pressure=0.860472  OK
[DIAG_T360_MECH_VERIFY]   cell ID=296  idx[16]=0.0987017  name_lookup=0.0987017  simple_pressure=0.329006  OK
[DIAG_T360_MECH_VERIFY]   cell ID=479  idx[16]=0  name_lookup=0  simple_pressure=0  STILL_ZERO
[DIAG_T360_STROMAL] === end diagnostic ===

[perf] custom_function avg = 10.8248 us over 50000 calls
[perf] custom_function avg = 10.9201 us over 100000 calls
[perf] custom_function avg = 11.026 us over 150000 calls
[perf] custom_function avg = 11.1214 us over 200000 calls
[perf] custom_function avg = 11.2035 us over 250000 calls
[perf] custom_function avg = 11.2624 us over 300000 calls
[perf] custom_function avg = 11.3144 us over 350000 calls
[perf] custom_function avg = 11.3456 us over 400000 calls
[perf] custom_function avg = 11.3695 us over 450000 calls
[perf] custom_function avg = 11.396 us over 500000 calls
[perf] custom_function avg = 11.438 us over 550000 calls
[perf] custom_function avg = 11.4815 us over 600000 calls
[perf] custom_function avg = 11.5242 us over 650000 calls
[perf] custom_function avg = 11.5672 us over 700000 calls
[perf] custom_function avg = 11.6124 us over 750000 calls
[perf] custom_function avg = 11.6621 us over 800000 calls
[perf] custom_function avg = 11.7154 us over 850000 calls
[perf] custom_function avg = 11.7541 us over 900000 calls
[perf] custom_function avg = 11.8005 us over 950000 calls
[perf] custom_function avg = 11.8456 us over 1000000 calls
[perf] custom_function avg = 11.8933 us over 1050000 calls
[perf] custom_function avg = 11.9392 us over 1100000 calls
[perf] custom_function avg = 11.9802 us over 1150000 calls
[perf] custom_function avg = 12.0211 us over 1200000 calls
[perf] custom_function avg = 12.0598 us over 1250000 calls
[perf] custom_function avg = 12.1 us over 1300000 calls
[perf] custom_function avg = 12.1231 us over 1350000 calls
[perf] custom_function avg = 12.1463 us over 1400000 calls
[perf] custom_function avg = 12.1686 us over 1450000 calls
[perf] custom_function avg = 12.1882 us over 1500000 calls
[perf] custom_function avg = 12.2088 us over 1550000 calls
[perf] custom_function avg = 12.2278 us over 1600000 calls
[perf] custom_function avg = 12.2525 us over 1650000 calls
[perf] custom_function avg = 12.276 us over 1700000 calls
[perf] custom_function avg = 12.2944 us over 1750000 calls
[perf] custom_function avg = 12.315 us over 1800000 calls
[perf] custom_function avg = 12.3355 us over 1850000 calls
[perf] custom_function avg = 12.3573 us over 1900000 calls
[perf] custom_function avg = 12.3788 us over 1950000 calls
[perf] custom_function avg = 12.4018 us over 2000000 calls
[perf] custom_function avg = 12.4241 us over 2050000 calls
[perf] custom_function avg = 12.4452 us over 2100000 calls
[perf] custom_function avg = 12.4633 us over 2150000 calls
[perf] custom_function avg = 12.4791 us over 2200000 calls
[perf] custom_function avg = 12.4949 us over 2250000 calls
[perf] custom_function avg = 12.5109 us over 2300000 calls
[perf] custom_function avg = 12.5256 us over 2350000 calls
[perf] custom_function avg = 12.5385 us over 2400000 calls
[perf] custom_function avg = 12.5514 us over 2450000 calls
[perf] custom_function avg = 12.5643 us over 2500000 calls
[perf] custom_function avg = 12.5782 us over 2550000 calls
[perf] custom_function avg = 12.5912 us over 2600000 calls
[perf] custom_function avg = 12.6023 us over 2650000 calls
[perf] custom_function avg = 12.6144 us over 2700000 calls
[perf] custom_function avg = 12.6268 us over 2750000 calls
[perf] custom_function avg = 12.638 us over 2800000 calls
[perf] custom_function avg = 12.6493 us over 2850000 calls
[perf] custom_function avg = 12.6602 us over 2900000 calls
[perf] custom_function avg = 12.6701 us over 2950000 calls
[perf] custom_function avg = 12.6764 us over 3000000 calls
[perf] custom_function avg = 12.6847 us over 3050000 calls
[perf] custom_function avg = 12.692 us over 3100000 calls
[perf] custom_function avg = 12.6992 us over 3150000 calls
[perf] custom_function avg = 12.7064 us over 3200000 calls
[perf] custom_function avg = 12.7129 us over 3250000 calls
[perf] custom_function avg = 12.7213 us over 3300000 calls
[perf] custom_function avg = 12.7282 us over 3350000 calls
[perf] custom_function avg = 12.733 us over 3400000 calls
[perf] custom_function avg = 12.7316 us over 3450000 calls
[perf] custom_function avg = 12.7304 us over 3500000 calls
[perf] custom_function avg = 12.7292 us over 3550000 calls
[perf] custom_function avg = 12.728 us over 3600000 calls
[perf] custom_function avg = 12.7273 us over 3650000 calls
[perf] custom_function avg = 12.726 us over 3700000 calls
[perf] custom_function avg = 12.726 us over 3750000 calls
[perf] custom_function avg = 12.7253 us over 3800000 calls
[perf] custom_function avg = 12.7247 us over 3850000 calls
[perf] custom_function avg = 12.7249 us over 3900000 calls
[perf] custom_function avg = 12.7244 us over 3950000 calls
[perf] custom_function avg = 12.7245 us over 4000000 calls
[perf] custom_function avg = 12.7254 us over 4050000 calls
[perf] custom_function avg = 12.7258 us over 4100000 calls
[perf] custom_function avg = 12.7269 us over 4150000 calls
[perf] custom_function avg = 12.7271 us over 4200000 calls
[perf] custom_function avg = 12.7275 us over 4250000 calls
[DRUG_SCHEDULE] t=20166 Drug ON  concentration=1
[perf] custom_function avg = 12.7288 us over 4300000 calls
[perf] custom_function avg = 12.7278 us over 4350000 calls
[perf] custom_function avg = 12.7262 us over 4400000 calls
[perf] custom_function avg = 12.7248 us over 4450000 calls
[perf] custom_function avg = 12.7227 us over 4500000 calls
[perf] custom_function avg = 12.7209 us over 4550000 calls
[perf] custom_function avg = 12.7189 us over 4600000 calls
[perf] custom_function avg = 12.7169 us over 4650000 calls
[perf] custom_function avg = 12.7151 us over 4700000 calls
[perf] custom_function avg = 12.713 us over 4750000 calls
[perf] custom_function avg = 12.7112 us over 4800000 calls
[perf] custom_function avg = 12.7103 us over 4850000 calls
[perf] custom_function avg = 12.7085 us over 4900000 calls
[perf] custom_function avg = 12.7065 us over 4950000 calls
[perf] custom_function avg = 12.7047 us over 5000000 calls
[perf] custom_function avg = 12.7027 us over 5050000 calls
[perf] custom_function avg = 12.7004 us over 5100000 calls
[perf] custom_function avg = 12.6986 us over 5150000 calls
[perf] custom_function avg = 12.6964 us over 5200000 calls
[perf] custom_function avg = 12.694 us over 5250000 calls
[perf] custom_function avg = 12.6922 us over 5300000 calls
[perf] custom_function avg = 12.6902 us over 5350000 calls
[perf] custom_function avg = 12.6882 us over 5400000 calls
[perf] custom_function avg = 12.6866 us over 5450000 calls
[perf] custom_function avg = 12.6844 us over 5500000 calls
[perf] custom_function avg = 12.6822 us over 5550000 calls
[perf] custom_function avg = 12.6805 us over 5600000 calls
[perf] custom_function avg = 12.6787 us over 5650000 calls
[perf] custom_function avg = 12.6766 us over 5700000 calls
[perf] custom_function avg = 12.6753 us over 5750000 calls
[perf] custom_function avg = 12.6727 us over 5800000 calls
[perf] custom_function avg = 12.6701 us over 5850000 calls
[perf] custom_function avg = 12.6679 us over 5900000 calls
[perf] custom_function avg = 12.6659 us over 5950000 calls
[perf] custom_function avg = 12.6637 us over 6000000 calls
[perf] custom_function avg = 12.6622 us over 6050000 calls
[perf] custom_function avg = 12.6598 us over 6100000 calls
[perf] custom_function avg = 12.6573 us over 6150000 calls
[perf] custom_function avg = 12.6551 us over 6200000 calls
[perf] custom_function avg = 12.6531 us over 6250000 calls
[perf] custom_function avg = 12.6508 us over 6300000 calls
[perf] custom_function avg = 12.6486 us over 6350000 calls
[perf] custom_function avg = 12.6466 us over 6400000 calls
[perf] custom_function avg = 12.6447 us over 6450000 calls
[perf] custom_function avg = 12.6424 us over 6500000 calls
[perf] custom_function avg = 12.6405 us over 6550000 calls
[perf] custom_function avg = 12.638 us over 6600000 calls
[perf] custom_function avg = 12.636 us over 6650000 calls
[perf] custom_function avg = 12.6341 us over 6700000 calls
[perf] custom_function avg = 12.6321 us over 6750000 calls
[perf] custom_function avg = 12.63 us over 6800000 calls
[perf] custom_function avg = 12.6277 us over 6850000 calls
[perf] custom_function avg = 12.6257 us over 6900000 calls
[perf] custom_function avg = 12.6237 us over 6950000 calls
[perf] custom_function avg = 12.6214 us over 7000000 calls
[perf] custom_function avg = 12.619 us over 7050000 calls
[perf] custom_function avg = 12.6171 us over 7100000 calls
[perf] custom_function avg = 12.6147 us over 7150000 calls
[perf] custom_function avg = 12.6126 us over 7200000 calls
[perf] custom_function avg = 12.6104 us over 7250000 calls
[perf] custom_function avg = 12.6084 us over 7300000 calls
[perf] custom_function avg = 12.6062 us over 7350000 calls
[perf] custom_function avg = 12.6039 us over 7400000 calls
[perf] custom_function avg = 12.6015 us over 7450000 calls
[perf] custom_function avg = 12.5994 us over 7500000 calls
[perf] custom_function avg = 12.597 us over 7550000 calls
[perf] custom_function avg = 12.5947 us over 7600000 calls
[perf] custom_function avg = 12.5922 us over 7650000 calls
[perf] custom_function avg = 12.5902 us over 7700000 calls
[perf] custom_function avg = 12.5879 us over 7750000 calls
[perf] custom_function avg = 12.5855 us over 7800000 calls
[perf] custom_function avg = 12.5833 us over 7850000 calls
[perf] custom_function avg = 12.5813 us over 7900000 calls
[perf] custom_function avg = 12.5789 us over 7950000 calls
[perf] custom_function avg = 12.5764 us over 8000000 calls
[perf] custom_function avg = 12.574 us over 8050000 calls
[perf] custom_function avg = 12.5721 us over 8100000 calls
[perf] custom_function avg = 12.5697 us over 8150000 calls
[perf] custom_function avg = 12.5672 us over 8200000 calls
[perf] custom_function avg = 12.5645 us over 8250000 calls
[perf] custom_function avg = 12.5621 us over 8300000 calls
[perf] custom_function avg = 12.5596 us over 8350000 calls
[perf] custom_function avg = 12.5572 us over 8400000 calls
[perf] custom_function avg = 12.5535 us over 8450000 calls
[perf] custom_function avg = 12.5503 us over 8500000 calls
[perf] custom_function avg = 12.5468 us over 8550000 calls
[perf] custom_function avg = 12.5434 us over 8600000 calls
[perf] custom_function avg = 12.54 us over 8650000 calls
[perf] custom_function avg = 12.5366 us over 8700000 calls
[perf] custom_function avg = 12.5335 us over 8750000 calls
[perf] custom_function avg = 12.53 us over 8800000 calls
[perf] custom_function avg = 12.5269 us over 8850000 calls
[perf] custom_function avg = 12.5238 us over 8900000 calls
[perf] custom_function avg = 12.521 us over 8950000 calls
[perf] custom_function avg = 12.518 us over 9000000 calls
[perf] custom_function avg = 12.5149 us over 9050000 calls
[perf] custom_function avg = 12.5118 us over 9100000 calls
[perf] custom_function avg = 12.5085 us over 9150000 calls
[perf] custom_function avg = 12.5056 us over 9200000 calls
[perf] custom_function avg = 12.5027 us over 9250000 calls
[perf] custom_function avg = 12.4997 us over 9300000 calls
[perf] custom_function avg = 12.4968 us over 9350000 calls
[perf] custom_function avg = 12.4942 us over 9400000 calls
[perf] custom_function avg = 12.4915 us over 9450000 calls
[perf] custom_function avg = 12.4887 us over 9500000 calls
[perf] custom_function avg = 12.4861 us over 9550000 calls
[perf] custom_function avg = 12.4834 us over 9600000 calls
[perf] custom_function avg = 12.481 us over 9650000 calls
[perf] custom_function avg = 12.4778 us over 9700000 calls
[perf] custom_function avg = 12.4747 us over 9750000 calls
[perf] custom_function avg = 12.4718 us over 9800000 calls
[perf] custom_function avg = 12.469 us over 9850000 calls
[perf] custom_function avg = 12.4664 us over 9900000 calls
[perf] custom_function avg = 12.4636 us over 9950000 calls
[perf] custom_function avg = 12.4607 us over 10000000 calls
[perf] custom_function avg = 12.4581 us over 10050000 calls
[perf] custom_function avg = 12.4555 us over 10100000 calls
[perf] custom_function avg = 12.453 us over 10150000 calls
[perf] custom_function avg = 12.4503 us over 10200000 calls
[perf] custom_function avg = 12.4476 us over 10250000 calls
[perf] custom_function avg = 12.4451 us over 10300000 calls
[perf] custom_function avg = 12.4424 us over 10350000 calls
[perf] custom_function avg = 12.4399 us over 10400000 calls
[perf] custom_function avg = 12.4376 us over 10450000 calls
[perf] custom_function avg = 12.4347 us over 10500000 calls
[perf] custom_function avg = 12.4318 us over 10550000 calls
[perf] custom_function avg = 12.4289 us over 10600000 calls
[perf] custom_function avg = 12.4263 us over 10650000 calls
[perf] custom_function avg = 12.4235 us over 10700000 calls
[perf] custom_function avg = 12.4209 us over 10750000 calls
[perf] custom_function avg = 12.4181 us over 10800000 calls
[perf] custom_function avg = 12.4153 us over 10850000 calls
[perf] custom_function avg = 12.4124 us over 10900000 calls
[perf] custom_function avg = 12.4096 us over 10950000 calls
[perf] custom_function avg = 12.4067 us over 11000000 calls
[perf] custom_function avg = 12.4039 us over 11050000 calls
[perf] custom_function avg = 12.401 us over 11100000 calls
[perf] custom_function avg = 12.3982 us over 11150000 calls
[perf] custom_function avg = 12.3957 us over 11200000 calls
[perf] custom_function avg = 12.3929 us over 11250000 calls
[perf] custom_function avg = 12.39 us over 11300000 calls
[perf] custom_function avg = 12.3871 us over 11350000 calls
[perf] custom_function avg = 12.3844 us over 11400000 calls
[perf] custom_function avg = 12.3819 us over 11450000 calls
[perf] custom_function avg = 12.3793 us over 11500000 calls
[perf] custom_function avg = 12.3767 us over 11550000 calls
[perf] custom_function avg = 12.374 us over 11600000 calls
[perf] custom_function avg = 12.3713 us over 11650000 calls
[perf] custom_function avg = 12.3687 us over 11700000 calls
[perf] custom_function avg = 12.3662 us over 11750000 calls
[perf] custom_function avg = 12.3636 us over 11800000 calls
[perf] custom_function avg = 12.3609 us over 11850000 calls
[perf] custom_function avg = 12.3585 us over 11900000 calls
[perf] custom_function avg = 12.356 us over 11950000 calls
[perf] custom_function avg = 12.3537 us over 12000000 calls
[perf] custom_function avg = 12.3511 us over 12050000 calls
[perf] custom_function avg = 12.3486 us over 12100000 calls
[perf] custom_function avg = 12.3462 us over 12150000 calls
[perf] custom_function avg = 12.3438 us over 12200000 calls
[perf] custom_function avg = 12.3414 us over 12250000 calls
[perf] custom_function avg = 12.3391 us over 12300000 calls
[perf] custom_function avg = 12.3367 us over 12350000 calls
[perf] custom_function avg = 12.3343 us over 12400000 calls
[perf] custom_function avg = 12.3319 us over 12450000 calls
[perf] custom_function avg = 12.3296 us over 12500000 calls
[perf] custom_function avg = 12.3274 us over 12550000 calls
[perf] custom_function avg = 12.3252 us over 12600000 calls
[perf] custom_function avg = 12.3229 us over 12650000 calls
[perf] custom_function avg = 12.3206 us over 12700000 calls
[perf] custom_function avg = 12.3183 us over 12750000 calls
[perf] custom_function avg = 12.3161 us over 12800000 calls
[perf] custom_function avg = 12.3138 us over 12850000 calls
[perf] custom_function avg = 12.3117 us over 12900000 calls
[perf] custom_function avg = 12.3096 us over 12950000 calls
[perf] custom_function avg = 12.3074 us over 13000000 calls
[perf] custom_function avg = 12.3053 us over 13050000 calls
[perf] custom_function avg = 12.3032 us over 13100000 calls
[perf] custom_function avg = 12.301 us over 13150000 calls
[perf] custom_function avg = 12.2991 us over 13200000 calls
[perf] custom_function avg = 12.2968 us over 13250000 calls
[perf] custom_function avg = 12.2946 us over 13300000 calls
[perf] custom_function avg = 12.2926 us over 13350000 calls
[perf] custom_function avg = 12.2903 us over 13400000 calls
[perf] custom_function avg = 12.2882 us over 13450000 calls
[perf] custom_function avg = 12.2863 us over 13500000 calls
[perf] custom_function avg = 12.2841 us over 13550000 calls
[perf] custom_function avg = 12.2819 us over 13600000 calls
[perf] custom_function avg = 12.2798 us over 13650000 calls
[perf] custom_function avg = 12.2779 us over 13700000 calls
[perf] custom_function avg = 12.276 us over 13750000 calls
[perf] custom_function avg = 12.274 us over 13800000 calls
[perf] custom_function avg = 12.2722 us over 13850000 calls
[perf] custom_function avg = 12.2704 us over 13900000 calls
[perf] custom_function avg = 12.2684 us over 13950000 calls
[perf] custom_function avg = 12.2664 us over 14000000 calls
[perf] custom_function avg = 12.2643 us over 14050000 calls
[perf] custom_function avg = 12.2624 us over 14100000 calls
[perf] custom_function avg = 12.2604 us over 14150000 calls
[perf] custom_function avg = 12.2584 us over 14200000 calls
[perf] custom_function avg = 12.2563 us over 14250000 calls
[perf] custom_function avg = 12.2545 us over 14300000 calls
[perf] custom_function avg = 12.2527 us over 14350000 calls
[perf] custom_function avg = 12.2511 us over 14400000 calls
[perf] custom_function avg = 12.2491 us over 14450000 calls
[perf] custom_function avg = 12.2474 us over 14500000 calls
[perf] custom_function avg = 12.2457 us over 14550000 calls
[perf] custom_function avg = 12.2437 us over 14600000 calls
[perf] custom_function avg = 12.2418 us over 14650000 calls
[perf] custom_function avg = 12.2398 us over 14700000 calls
[perf] custom_function avg = 12.238 us over 14750000 calls
[perf] custom_function avg = 12.2364 us over 14800000 calls
[perf] custom_function avg = 12.2347 us over 14850000 calls
[perf] custom_function avg = 12.233 us over 14900000 calls
[perf] custom_function avg = 12.2312 us over 14950000 calls
[perf] custom_function avg = 12.2294 us over 15000000 calls
[perf] custom_function avg = 12.2276 us over 15050000 calls
[perf] custom_function avg = 12.2258 us over 15100000 calls
[perf] custom_function avg = 12.224 us over 15150000 calls
[perf] custom_function avg = 12.222 us over 15200000 calls
[perf] custom_function avg = 12.2201 us over 15250000 calls
[perf] custom_function avg = 12.2183 us over 15300000 calls
[perf] custom_function avg = 12.2164 us over 15350000 calls
[perf] custom_function avg = 12.2146 us over 15400000 calls
[perf] custom_function avg = 12.2129 us over 15450000 calls
[perf] custom_function avg = 12.2111 us over 15500000 calls
[perf] custom_function avg = 12.2091 us over 15550000 calls
[perf] custom_function avg = 12.2072 us over 15600000 calls
[perf] custom_function avg = 12.2052 us over 15650000 calls
[perf] custom_function avg = 12.2034 us over 15700000 calls
[perf] custom_function avg = 12.2014 us over 15750000 calls
[perf] custom_function avg = 12.1995 us over 15800000 calls
[perf] custom_function avg = 12.1977 us over 15850000 calls
[perf] custom_function avg = 12.1958 us over 15900000 calls
[perf] custom_function avg = 12.194 us over 15950000 calls
[perf] custom_function avg = 12.1922 us over 16000000 calls
[perf] custom_function avg = 12.1904 us over 16050000 calls
[perf] custom_function avg = 12.1887 us over 16100000 calls
[perf] custom_function avg = 12.187 us over 16150000 calls
[perf] custom_function avg = 12.1856 us over 16200000 calls
[perf] custom_function avg = 12.1839 us over 16250000 calls
[perf] custom_function avg = 12.1821 us over 16300000 calls
[perf] custom_function avg = 12.1804 us over 16350000 calls
[perf] custom_function avg = 12.1787 us over 16400000 calls
[perf] custom_function avg = 12.1771 us over 16450000 calls
[perf] custom_function avg = 12.1756 us over 16500000 calls
[perf] custom_function avg = 12.1741 us over 16550000 calls
[perf] custom_function avg = 12.1726 us over 16600000 calls
[perf] custom_function avg = 12.1712 us over 16650000 calls
[perf] custom_function avg = 12.1698 us over 16700000 calls
[perf] custom_function avg = 12.1682 us over 16750000 calls
[perf] custom_function avg = 12.1666 us over 16800000 calls
[perf] custom_function avg = 12.1648 us over 16850000 calls
[perf] custom_function avg = 12.1634 us over 16900000 calls
[perf] custom_function avg = 12.162 us over 16950000 calls
[perf] custom_function avg = 12.1606 us over 17000000 calls
[perf] custom_function avg = 12.1592 us over 17050000 calls
[perf] custom_function avg = 12.1577 us over 17100000 calls
[perf] custom_function avg = 12.1564 us over 17150000 calls
[perf] custom_function avg = 12.1549 us over 17200000 calls
[perf] custom_function avg = 12.1537 us over 17250000 calls
[perf] custom_function avg = 12.1525 us over 17300000 calls
[perf] custom_function avg = 12.151 us over 17350000 calls
[perf] custom_function avg = 12.1495 us over 17400000 calls
[perf] custom_function avg = 12.1481 us over 17450000 calls
[perf] custom_function avg = 12.1466 us over 17500000 calls
[perf] custom_function avg = 12.1453 us over 17550000 calls
[perf] custom_function avg = 12.1439 us over 17600000 calls
[perf] custom_function avg = 12.1427 us over 17650000 calls
[DRUG_SCHEDULE] t=40326 Drug WITHDRAWN (BC→0, interior dissipates)
[perf] custom_function avg = 12.1412 us over 17700000 calls
[perf] custom_function avg = 12.14 us over 17750000 calls
[perf] custom_function avg = 12.1387 us over 17800000 calls
[perf] custom_function avg = 12.1374 us over 17850000 calls
[perf] custom_function avg = 12.136 us over 17900000 calls
[perf] custom_function avg = 12.1346 us over 17950000 calls
[perf] custom_function avg = 12.1333 us over 18000000 calls
[perf] custom_function avg = 12.1322 us over 18050000 calls
[perf] custom_function avg = 12.1309 us over 18100000 calls
[perf] custom_function avg = 12.1296 us over 18150000 calls
[perf] custom_function avg = 12.1284 us over 18200000 calls
[perf] custom_function avg = 12.1271 us over 18250000 calls
[perf] custom_function avg = 12.1259 us over 18300000 calls
[perf] custom_function avg = 12.1247 us over 18350000 calls
[perf] custom_function avg = 12.1234 us over 18400000 calls
[perf] custom_function avg = 12.1221 us over 18450000 calls
[perf] custom_function avg = 12.1209 us over 18500000 calls
[perf] custom_function avg = 12.1192 us over 18550000 calls
[perf] custom_function avg = 12.1179 us over 18600000 calls
[perf] custom_function avg = 12.1166 us over 18650000 calls
[perf] custom_function avg = 12.1152 us over 18700000 calls
[perf] custom_function avg = 12.1139 us over 18750000 calls
[perf] custom_function avg = 12.1125 us over 18800000 calls
[perf] custom_function avg = 12.1112 us over 18850000 calls
[perf] custom_function avg = 12.1098 us over 18900000 calls
[perf] custom_function avg = 12.1084 us over 18950000 calls
[perf] custom_function avg = 12.107 us over 19000000 calls
[perf] custom_function avg = 12.1057 us over 19050000 calls
[perf] custom_function avg = 12.1044 us over 19100000 calls
[perf] custom_function avg = 12.1031 us over 19150000 calls
[perf] custom_function avg = 12.1019 us over 19200000 calls
[perf] custom_function avg = 12.1007 us over 19250000 calls
[perf] custom_function avg = 12.0995 us over 19300000 calls
[perf] custom_function avg = 12.0983 us over 19350000 calls
[perf] custom_function avg = 12.0971 us over 19400000 calls
[perf] custom_function avg = 12.0959 us over 19450000 calls
[perf] custom_function avg = 12.0947 us over 19500000 calls
[perf] custom_function avg = 12.0934 us over 19550000 calls
[perf] custom_function avg = 12.0923 us over 19600000 calls
[perf] custom_function avg = 12.0913 us over 19650000 calls
[perf] custom_function avg = 12.0901 us over 19700000 calls
[perf] custom_function avg = 12.0889 us over 19750000 calls
[perf] custom_function avg = 12.0876 us over 19800000 calls
[perf] custom_function avg = 12.0863 us over 19850000 calls
[perf] custom_function avg = 12.085 us over 19900000 calls
[perf] custom_function avg = 12.0836 us over 19950000 calls
[perf] custom_function avg = 12.0824 us over 20000000 calls
[perf] custom_function avg = 12.0814 us over 20050000 calls
[perf] custom_function avg = 12.0802 us over 20100000 calls
[perf] custom_function avg = 12.079 us over 20150000 calls
[perf] custom_function avg = 12.0778 us over 20200000 calls
[perf] custom_function avg = 12.0764 us over 20250000 calls
[perf] custom_function avg = 12.075 us over 20300000 calls
[perf] custom_function avg = 12.0738 us over 20350000 calls
[perf] custom_function avg = 12.0726 us over 20400000 calls
[perf] custom_function avg = 12.0713 us over 20450000 calls
[perf] custom_function avg = 12.0703 us over 20500000 calls
[perf] custom_function avg = 12.0691 us over 20550000 calls
[perf] custom_function avg = 12.0679 us over 20600000 calls
[perf] custom_function avg = 12.0668 us over 20650000 calls
[perf] custom_function avg = 12.0654 us over 20700000 calls
[perf] custom_function avg = 12.0642 us over 20750000 calls
[perf] custom_function avg = 12.0629 us over 20800000 calls
[perf] custom_function avg = 12.0616 us over 20850000 calls
[perf] custom_function avg = 12.0605 us over 20900000 calls
[perf] custom_function avg = 12.0591 us over 20950000 calls
[perf] custom_function avg = 12.0578 us over 21000000 calls
[perf] custom_function avg = 12.0567 us over 21050000 calls
[perf] custom_function avg = 12.0554 us over 21100000 calls
[perf] custom_function avg = 12.0541 us over 21150000 calls
[perf] custom_function avg = 12.0528 us over 21200000 calls
[perf] custom_function avg = 12.0517 us over 21250000 calls
[perf] custom_function avg = 12.0505 us over 21300000 calls
[perf] custom_function avg = 12.0496 us over 21350000 calls
[perf] custom_function avg = 12.0483 us over 21400000 calls
[perf] custom_function avg = 12.0471 us over 21450000 calls
[perf] custom_function avg = 12.0459 us over 21500000 calls
[perf] custom_function avg = 12.0447 us over 21550000 calls
[perf] custom_function avg = 12.0435 us over 21600000 calls
[perf] custom_function avg = 12.0423 us over 21650000 calls
[perf] custom_function avg = 12.0412 us over 21700000 calls
[perf] custom_function avg = 12.04 us over 21750000 calls
[perf] custom_function avg = 12.039 us over 21800000 calls
[perf] custom_function avg = 12.0378 us over 21850000 calls
[perf] custom_function avg = 12.0367 us over 21900000 calls
[perf] custom_function avg = 12.0356 us over 21950000 calls
[perf] custom_function avg = 12.0344 us over 22000000 calls
[perf] custom_function avg = 12.0334 us over 22050000 calls
[perf] custom_function avg = 12.0322 us over 22100000 calls
[perf] custom_function avg = 12.031 us over 22150000 calls
[perf] custom_function avg = 12.0298 us over 22200000 calls
[perf] custom_function avg = 12.0288 us over 22250000 calls
[perf] custom_function avg = 12.0277 us over 22300000 calls
[perf] custom_function avg = 12.0266 us over 22350000 calls
[perf] custom_function avg = 12.0254 us over 22400000 calls
[perf] custom_function avg = 12.0243 us over 22450000 calls
[perf] custom_function avg = 12.0232 us over 22500000 calls
[perf] custom_function avg = 12.0221 us over 22550000 calls
[perf] custom_function avg = 12.021 us over 22600000 calls
[perf] custom_function avg = 12.0199 us over 22650000 calls
[perf] custom_function avg = 12.019 us over 22700000 calls
[perf] custom_function avg = 12.018 us over 22750000 calls
[perf] custom_function avg = 12.017 us over 22800000 calls
[perf] custom_function avg = 12.016 us over 22850000 calls
[perf] custom_function avg = 12.0151 us over 22900000 calls
[perf] custom_function avg = 12.014 us over 22950000 calls
[perf] custom_function avg = 12.0129 us over 23000000 calls
[perf] custom_function avg = 12.0119 us over 23050000 calls
[perf] custom_function avg = 12.0108 us over 23100000 calls
[perf] custom_function avg = 12.0099 us over 23150000 calls
[perf] custom_function avg = 12.0089 us over 23200000 calls
[perf] custom_function avg = 12.0078 us over 23250000 calls
[perf] custom_function avg = 12.0068 us over 23300000 calls
[perf] custom_function avg = 12.0057 us over 23350000 calls
[perf] custom_function avg = 12.0047 us over 23400000 calls
[perf] custom_function avg = 12.0037 us over 23450000 calls
[perf] custom_function avg = 12.0027 us over 23500000 calls
[perf] custom_function avg = 12.0018 us over 23550000 calls
[perf] custom_function avg = 12.001 us over 23600000 calls
[perf] custom_function avg = 12 us over 23650000 calls
[perf] custom_function avg = 11.999 us over 23700000 calls
[perf] custom_function avg = 11.998 us over 23750000 calls
[perf] custom_function avg = 11.9971 us over 23800000 calls
[perf] custom_function avg = 11.9961 us over 23850000 calls
[perf] custom_function avg = 11.995 us over 23900000 calls
[perf] custom_function avg = 11.9941 us over 23950000 calls
[perf] custom_function avg = 11.9931 us over 24000000 calls
[perf] custom_function avg = 11.9924 us over 24050000 calls
[perf] custom_function avg = 11.9919 us over 24100000 calls
[perf] custom_function avg = 11.9912 us over 24150000 calls
[perf] custom_function avg = 11.9905 us over 24200000 calls
[perf] custom_function avg = 11.9896 us over 24250000 calls
[perf] custom_function avg = 11.9887 us over 24300000 calls
[perf] custom_function avg = 11.9879 us over 24350000 calls
[perf] custom_function avg = 11.9869 us over 24400000 calls
[perf] custom_function avg = 11.986 us over 24450000 calls
[perf] custom_function avg = 11.9849 us over 24500000 calls
[perf] custom_function avg = 11.9841 us over 24550000 calls
[perf] custom_function avg = 11.9831 us over 24600000 calls
[perf] custom_function avg = 11.9822 us over 24650000 calls
[perf] custom_function avg = 11.9812 us over 24700000 calls
[perf] custom_function avg = 11.9803 us over 24750000 calls
[perf] custom_function avg = 11.9795 us over 24800000 calls
[perf] custom_function avg = 11.9788 us over 24850000 calls
[perf] custom_function avg = 11.978 us over 24900000 calls
[perf] custom_function avg = 11.977 us over 24950000 calls
[perf] custom_function avg = 11.9762 us over 25000000 calls
[perf] custom_function avg = 11.9754 us over 25050000 calls
[perf] custom_function avg = 11.9744 us over 25100000 calls
[perf] custom_function avg = 11.9735 us over 25150000 calls
[perf] custom_function avg = 11.9725 us over 25200000 calls
[perf] custom_function avg = 11.9716 us over 25250000 calls
[perf] custom_function avg = 11.9707 us over 25300000 calls
[perf] custom_function avg = 11.9697 us over 25350000 calls
[perf] custom_function avg = 11.9688 us over 25400000 calls
[perf] custom_function avg = 11.9679 us over 25450000 calls
[perf] custom_function avg = 11.9671 us over 25500000 calls
[perf] custom_function avg = 11.9663 us over 25550000 calls
[perf] custom_function avg = 11.9654 us over 25600000 calls
[perf] custom_function avg = 11.9646 us over 25650000 calls
[perf] custom_function avg = 11.9637 us over 25700000 calls
[perf] custom_function avg = 11.9628 us over 25750000 calls
[perf] custom_function avg = 11.9619 us over 25800000 calls
[perf] custom_function avg = 11.961 us over 25850000 calls
[perf] custom_function avg = 11.9601 us over 25900000 calls
[perf] custom_function avg = 11.9592 us over 25950000 calls
[perf] custom_function avg = 11.9583 us over 26000000 calls
[perf] custom_function avg = 11.9575 us over 26050000 calls
[perf] custom_function avg = 11.9566 us over 26100000 calls
[perf] custom_function avg = 11.9557 us over 26150000 calls
[perf] custom_function avg = 11.9548 us over 26200000 calls
[perf] custom_function avg = 11.9539 us over 26250000 calls
[perf] custom_function avg = 11.9529 us over 26300000 calls
[perf] custom_function avg = 11.952 us over 26350000 calls
[perf] custom_function avg = 11.9511 us over 26400000 calls
[perf] custom_function avg = 11.9501 us over 26450000 calls
[perf] custom_function avg = 11.9492 us over 26500000 calls
[perf] custom_function avg = 11.9483 us over 26550000 calls
[perf] custom_function avg = 11.9475 us over 26600000 calls
[perf] custom_function avg = 11.9466 us over 26650000 calls
[perf] custom_function avg = 11.9457 us over 26700000 calls
[perf] custom_function avg = 11.9448 us over 26750000 calls
[perf] custom_function avg = 11.9439 us over 26800000 calls
[perf] custom_function avg = 11.943 us over 26850000 calls
[perf] custom_function avg = 11.942 us over 26900000 calls
[perf] custom_function avg = 11.9411 us over 26950000 calls
[perf] custom_function avg = 11.9401 us over 27000000 calls
[perf] custom_function avg = 11.9393 us over 27050000 calls
[perf] custom_function avg = 11.9385 us over 27100000 calls
[perf] custom_function avg = 11.9376 us over 27150000 calls
[perf] custom_function avg = 11.9367 us over 27200000 calls
[perf] custom_function avg = 11.9358 us over 27250000 calls
[perf] custom_function avg = 11.9349 us over 27300000 calls
[perf] custom_function avg = 11.934 us over 27350000 calls
[perf] custom_function avg = 11.9331 us over 27400000 calls
[perf] custom_function avg = 11.9322 us over 27450000 calls
[perf] custom_function avg = 11.9313 us over 27500000 calls
[perf] custom_function avg = 11.9304 us over 27550000 calls
[perf] custom_function avg = 11.9297 us over 27600000 calls
[perf] custom_function avg = 11.9287 us over 27650000 calls
[perf] custom_function avg = 11.9278 us over 27700000 calls
[perf] custom_function avg = 11.9269 us over 27750000 calls
[perf] custom_function avg = 11.9259 us over 27800000 calls
[perf] custom_function avg = 11.925 us over 27850000 calls
[perf] custom_function avg = 11.9241 us over 27900000 calls
[perf] custom_function avg = 11.9232 us over 27950000 calls
[perf] custom_function avg = 11.9223 us over 28000000 calls
[perf] custom_function avg = 11.9214 us over 28050000 calls
[perf] custom_function avg = 11.9206 us over 28100000 calls
[perf] custom_function avg = 11.9197 us over 28150000 calls
[perf] custom_function avg = 11.9189 us over 28200000 calls
[perf] custom_function avg = 11.9181 us over 28250000 calls
[perf] custom_function avg = 11.9172 us over 28300000 calls
[perf] custom_function avg = 11.9163 us over 28350000 calls
[perf] custom_function avg = 11.9154 us over 28400000 calls
[perf] custom_function avg = 11.9145 us over 28450000 calls
[perf] custom_function avg = 11.9136 us over 28500000 calls
[perf] custom_function avg = 11.9127 us over 28550000 calls
[perf] custom_function avg = 11.9118 us over 28600000 calls
[perf] custom_function avg = 11.911 us over 28650000 calls
[perf] custom_function avg = 11.9102 us over 28700000 calls
[perf] custom_function avg = 11.9094 us over 28750000 calls
[perf] custom_function avg = 11.9086 us over 28800000 calls
[perf] custom_function avg = 11.9079 us over 28850000 calls
[perf] custom_function avg = 11.9074 us over 28900000 calls
[perf] custom_function avg = 11.9067 us over 28950000 calls
[perf] custom_function avg = 11.906 us over 29000000 calls
[perf] custom_function avg = 11.9053 us over 29050000 calls
[perf] custom_function avg = 11.9044 us over 29100000 calls
[perf] custom_function avg = 11.9035 us over 29150000 calls
[perf] custom_function avg = 11.9028 us over 29200000 calls
[perf] custom_function avg = 11.902 us over 29250000 calls
[perf] custom_function avg = 11.9012 us over 29300000 calls
[perf] custom_function avg = 11.9004 us over 29350000 calls
[perf] custom_function avg = 11.8995 us over 29400000 calls
[perf] custom_function avg = 11.8988 us over 29450000 calls
[perf] custom_function avg = 11.8981 us over 29500000 calls
[perf] custom_function avg = 11.8972 us over 29550000 calls
[perf] custom_function avg = 11.8964 us over 29600000 calls
[perf] custom_function avg = 11.8956 us over 29650000 calls
[perf] custom_function avg = 11.8948 us over 29700000 calls
[perf] custom_function avg = 11.894 us over 29750000 calls
[perf] custom_function avg = 11.8933 us over 29800000 calls
[perf] custom_function avg = 11.8924 us over 29850000 calls
[perf] custom_function avg = 11.8916 us over 29900000 calls
[perf] custom_function avg = 11.8908 us over 29950000 calls
[perf] custom_function avg = 11.89 us over 30000000 calls
[perf] custom_function avg = 11.8892 us over 30050000 calls
[perf] custom_function avg = 11.8883 us over 30100000 calls
[perf] custom_function avg = 11.8874 us over 30150000 calls
[perf] custom_function avg = 11.8866 us over 30200000 calls
[perf] custom_function avg = 11.8859 us over 30250000 calls
[perf] custom_function avg = 11.8851 us over 30300000 calls
[perf] custom_function avg = 11.8844 us over 30350000 calls
[perf] custom_function avg = 11.8837 us over 30400000 calls
[perf] custom_function avg = 11.883 us over 30450000 calls
[perf] custom_function avg = 11.8822 us over 30500000 calls
[perf] custom_function avg = 11.8815 us over 30550000 calls
[perf] custom_function avg = 11.8807 us over 30600000 calls
[perf] custom_function avg = 11.8799 us over 30650000 calls
[perf] custom_function avg = 11.8792 us over 30700000 calls
[perf] custom_function avg = 11.8785 us over 30750000 calls
[perf] custom_function avg = 11.8777 us over 30800000 calls
[perf] custom_function avg = 11.8769 us over 30850000 calls
[perf] custom_function avg = 11.8762 us over 30900000 calls
[perf] custom_function avg = 11.8752 us over 30950000 calls
[perf] custom_function avg = 11.8744 us over 31000000 calls
[perf] custom_function avg = 11.8737 us over 31050000 calls
[perf] custom_function avg = 11.8729 us over 31100000 calls
[perf] custom_function avg = 11.872 us over 31150000 calls
[perf] custom_function avg = 11.8713 us over 31200000 calls
[perf] custom_function avg = 11.8705 us over 31250000 calls
[perf] custom_function avg = 11.8698 us over 31300000 calls
[perf] custom_function avg = 11.8691 us over 31350000 calls
[perf] custom_function avg = 11.8684 us over 31400000 calls
[perf] custom_function avg = 11.8677 us over 31450000 calls
[perf] custom_function avg = 11.867 us over 31500000 calls
[perf] custom_function avg = 11.8663 us over 31550000 calls
[perf] custom_function avg = 11.8656 us over 31600000 calls
[perf] custom_function avg = 11.8648 us over 31650000 calls
[perf] custom_function avg = 11.8641 us over 31700000 calls
[perf] custom_function avg = 11.8634 us over 31750000 calls
[perf] custom_function avg = 11.8627 us over 31800000 calls
[perf] custom_function avg = 11.862 us over 31850000 calls
[perf] custom_function avg = 11.8613 us over 31900000 calls
[perf] custom_function avg = 11.8606 us over 31950000 calls
[perf] custom_function avg = 11.86 us over 32000000 calls
[perf] custom_function avg = 11.8593 us over 32050000 calls
[perf] custom_function avg = 11.8586 us over 32100000 calls
[perf] custom_function avg = 11.858 us over 32150000 calls
[perf] custom_function avg = 11.8574 us over 32200000 calls
[perf] custom_function avg = 11.8568 us over 32250000 calls
[perf] custom_function avg = 11.856 us over 32300000 calls
