[stage1] build start: Tue Mar 24 22:01:32 UTC 2026
make: Nothing to be done for '/home/a0hirs04/PROJECT-NORTHSTAR/build/bin/release/stroma_world'.
[stage1] build done:  Tue Mar 24 22:01:32 UTC 2026
Using config file /home/a0hirs04/PROJECT-NORTHSTAR/build/stage1_micro_10548/config.xml ... 
Setting up RNG with seed 42
1
dc? 1
User parameters in XML config file: 
Bool parameters:: 

Int parameters:: 
number_of_tumor_cells: 60 [none]
number_of_stromal_cells: 20 [none]
emt_phenotype_extent: 3 [dimensionless]
host_death_ceiling: 50000 [cells]

Double parameters:: 
tumor_cluster_radius: 60 [micron]
stroma_inner_radius: 80 [micron]
stroma_outer_radius: 120 [micron]
mechanics_voxel_size: 30 [micron]
tgfb_activation_threshold: 0.1 [dimensionless]
shh_activation_threshold: 1e-05 [dimensionless]
oxygen_necrosis_threshold: 5 [mmHg]
oxygen_hypoxia_threshold: 15 [mmHg]
drug_start_time: 20160 [min]
drug_end_time: 40320 [min]
drug_concentration: 0.1 [dimensionless]
shh_inhibition_start_time: 1e+18 [min]
shh_inhibition_strength: 0 [dimensionless]
tgfb_secretion_rate: 0.8 [dimensionless]
shh_secretion_rate: 0.7 [dimensionless]
hif1a_tgfb_amplification_factor: 1.5 [dimensionless]
caf_tgfb_secretion_rate: 0.3 [dimensionless]
tgfb_brake_sensitivity: 0.05 [dimensionless]
proliferation_rate: 0.75 [dimensionless]
checkpoint_integrity: 0.05 [dimensionless]
apoptosis_resistance: 0.85 [dimensionless]
base_proliferation_rate: 0.00048 [1/min]
go_grow_penalty: 0.95 [dimensionless]
hypoxia_proliferation_modifier: 0.2 [dimensionless]
hypoxia_death_resistance_bonus: 0.1 [dimensionless]
contact_inhibition_threshold: 25 [dimensionless]
stromal_contact_inhibition_threshold: 0.8 [dimensionless]
drug_kill_coefficient: 0.05 [1/min]
efflux_drug_reduction: 0.7 [dimensionless]
caf_proliferation_rate: 0.0001 [1/min]
caf_base_death_rate: 0 [1/min]
caf_crowded_death_rate: 0 [1/min]
gli1_proliferation_boost: 1.3 [dimensionless]
psc_proliferation_rate: 0 [1/min]
ecm_production_rate_base: 0.01 [1/min]
ecm_production_rate_boosted: 0.015 [1/min]
ecm_ha_fraction_default: 0.6 [dimensionless]
mmp2_degradation_rate: 0.005 [1/min]
ecm_natural_decay_rate: 0.0001 [1/min]
drug_uptake_rate: 0.1 [1/hour]
drug_stress_threshold: 0.03 [dimensionless]
nrf2_decay_rate: 0.01 [1/hour]
nrf2_persistence_threshold: 0.003 [dimensionless]
drug_natural_decay_rate: 0 [1/hour]
hif1a_nrf2_priming_bonus: 0.02 [dimensionless]
emt_induction_threshold: 0.3 [dimensionless]
hif1a_emt_boost: 0.02 [dimensionless]
motility_epithelial: 0.1 [micron/min]
motility_mesenchymal_low: 0.5 [micron/min]
motility_mesenchymal_med: 1 [micron/min]
motility_mesenchymal_high: 2 [micron/min]
adhesion_epithelial: 5 [dimensionless]
adhesion_mesenchymal_low: 3 [dimensionless]
adhesion_mesenchymal_med: 1.5 [dimensionless]
adhesion_mesenchymal_high: 0.5 [dimensionless]
hypoxia_response_threshold: 0.35 [dimensionless]
efflux_induction_delay: 0.5 [dimensionless]
efflux_strength: 0.7 [dimensionless]
abcb1_decay_tau: 1440 [min]
abcb1_max_daily_drop_fraction: 0.5 [dimensionless]
mechanical_compaction_strength: 0.6 [dimensionless]
compaction_ecm_increment: 0.01 [dimensionless]
crowding_base_pressure: 0.3 [dimensionless]
stromal_contact_emt_boost: 0 [dimensionless]
ecm_emt_threshold: 0.3 [dimensionless]
ecm_emt_ramp: 0.3 [dimensionless]
ecm_emt_strength: 0.4 [dimensionless]
ecm_emt_cap: 0.3 [dimensionless]
ecm_reversion_weight: 0.3 [dimensionless]
emt_death_increase: 5e-05 [1/min]
emt_off_threshold: 0.1 [dimensionless]
emt_activation_delay: 360 [min]
emt_persistence_time: 7200 [min]
ecm_emt_require_caf_contact: 1 [dimensionless]
ecm_motility_block_threshold: 0.8 [dimensionless]

String parameters:: 
calibration_profile: AsPC-1 [none]
tumor_calibration_knobs_json: config/tumor_calibration_knobs.json [none]
emt_phenotype_extent: HIGH [none]
hypoxia_phenotype_shift: HIGH [none]


which boundaries?
1 1 1 1 1 1

Microenvironment summary: microenvironment: 

Mesh information: 
type: uniform Cartesian
Domain: [-200,200] micron x [-200,200] micron x [-10,10] micron
   resolution: dx = 20 micron
   voxels: 400
   voxel faces: 0
   volume: 3.2e+06 cubic micron
Densities: (5 total)
   oxygen:
     units: mmHg
     diffusion coefficient: 100000 micron^2 / min
     decay rate: 0.1 min^-1
     diffusion length scale: 1000 micron
     initial condition: 38 mmHg
     boundary condition: 38 mmHg (enabled: false)
   tgfb:
     units: dimensionless
     diffusion coefficient: 1000 micron^2 / min
     decay rate: 0.01 min^-1
     diffusion length scale: 316.228 micron
     initial condition: 0 dimensionless
     boundary condition: 0 dimensionless (enabled: false)
   shh:
     units: dimensionless
     diffusion coefficient: 1000 micron^2 / min
     decay rate: 0.01 min^-1
     diffusion length scale: 316.228 micron
     initial condition: 0 dimensionless
     boundary condition: 0 dimensionless (enabled: false)
   drug:
     units: dimensionless
     diffusion coefficient: 5000 micron^2 / min
     decay rate: 0.002 min^-1
     diffusion length scale: 1581.14 micron
     initial condition: 0 dimensionless
     boundary condition: 0 dimensionless (enabled: false)
   ecm_density:
     units: dimensionless
     diffusion coefficient: 0 micron^2 / min
     decay rate: 0.0001 min^-1
     diffusion length scale: 0 micron
     initial condition: 0.8 dimensionless
     boundary condition: 0.8 dimensionless (enabled: false)

virtual_wall_at_domain_edge: enabled
Pre-processing type 0 named tumor_cell
Pre-processing type 1 named stromal_cell
Processing tumor_cell ... 
Note: setting cell definition to 2D based on microenvironment domain settings ... 
  --------- attachment_elastic_constant = 0.01
Processing stromal_cell ... 
Note: setting cell definition to 2D based on microenvironment domain settings ... 
copying data ... 
tumor_cell to stromal_cell
  --------- attachment_elastic_constant = 0.01
Signals: 
=======
0 : oxygen
1 : tgfb
2 : shh
3 : drug
4 : ecm_density
5 : intracellular oxygen
6 : intracellular tgfb
7 : intracellular shh
8 : intracellular drug
9 : intracellular ecm_density
10 : oxygen gradient
11 : tgfb gradient
12 : shh gradient
13 : drug gradient
14 : ecm_density gradient
15 : pressure
16 : volume
17 : contact with tumor_cell
18 : contact with stromal_cell
19 : contact with live cell
20 : contact with dead cell
21 : contact with apoptotic cell
22 : contact with necrotic cell
23 : contact with other dead cell
24 : contact with basement membrane
25 : damage
26 : damage delivered
27 : attacking
28 : dead
29 : total attack time
30 : time
31 : custom:KRAS
32 : custom:MYC
33 : custom:EGFR
34 : custom:TP53
35 : custom:CDKN2A
36 : custom:SMAD4
37 : custom:RB1
38 : custom:BCL_XL
39 : custom:BAX
40 : custom:ZEB1
41 : custom:CDH1
42 : custom:MMP2
43 : custom:TGFB1_expr
44 : custom:SHH_expr
45 : custom:HIF1A
46 : custom:NRF2
47 : custom:ABCB1
48 : custom:is_mesenchymal
49 : custom:stress_level
50 : custom:drug_sensitivity
51 : custom:apoptosis_threshold
52 : custom:cell_id
53 : custom:parent_id
54 : custom:gene_state_KRAS
55 : custom:gene_state_TP53
56 : custom:gene_state_CDKN2A
57 : custom:gene_state_SMAD4
58 : custom:gene_state_BCL_XL
59 : custom:gene_state_MYC
60 : custom:gene_state_EGFR
61 : custom:gene_state_RB1
62 : custom:gene_state_BAX
63 : custom:gene_state_ZEB1
64 : custom:gene_state_CDH1
65 : custom:gene_state_MMP2
66 : custom:gene_state_TGFB1
67 : custom:gene_state_SHH
68 : custom:gene_state_HIF1A
69 : custom:gene_state_NRF2
70 : custom:gene_state_ABCB1
71 : custom:gene_state_HAS2
72 : custom:gene_state_COL1A1
73 : custom:gene_state_GLI1
74 : custom:gene_state_ACTA2
75 : custom:hif1a_active
76 : custom:zeb1_active
77 : custom:cdh1_expressed
78 : custom:nrf2_active
79 : custom:abcb1_active
80 : custom:mmp2_active
81 : custom:intracellular_drug
82 : custom:time_since_drug_exposure
83 : custom:time_alive
84 : custom:emt_extent
85 : custom:mechanical_pressure
86 : custom:emt_signal_time
87 : custom:emt_activation_time
88 : apoptotic
89 : necrotic


Behaviors: 
=========
0 : oxygen secretion
1 : tgfb secretion
2 : shh secretion
3 : drug secretion
4 : ecm_density secretion
5 : oxygen secretion target
6 : tgfb secretion target
7 : shh secretion target
8 : drug secretion target
9 : ecm_density secretion target
10 : oxygen uptake
11 : tgfb uptake
12 : shh uptake
13 : drug uptake
14 : ecm_density uptake
15 : oxygen export
16 : tgfb export
17 : shh export
18 : drug export
19 : ecm_density export
20 : cycle entry
21 : exit from cycle phase 1
22 : exit from cycle phase 2
23 : exit from cycle phase 3
24 : exit from cycle phase 4
25 : exit from cycle phase 5
26 : apoptosis
27 : necrosis
28 : migration speed
29 : migration bias
30 : migration persistence time
31 : chemotactic response to oxygen
32 : chemotactic response to tgfb
33 : chemotactic response to shh
34 : chemotactic response to drug
35 : chemotactic response to ecm_density
36 : cell-cell adhesion
37 : cell-cell adhesion elastic constant
38 : adhesive affinity to tumor_cell
39 : adhesive affinity to stromal_cell
40 : relative maximum adhesion distance
41 : cell-cell repulsion
42 : cell-BM adhesion
43 : cell-BM repulsion
44 : phagocytose apoptotic cell
45 : phagocytose necrotic cell
46 : phagocytose other dead cell
47 : phagocytose tumor_cell
48 : phagocytose stromal_cell
49 : attack tumor_cell
50 : attack stromal_cell
51 : fuse to tumor_cell
52 : fuse to stromal_cell
53 : transition to tumor_cell
54 : transition to stromal_cell
55 : asymmetric division to tumor_cell
56 : asymmetric division to stromal_cell
57 : custom:KRAS
58 : custom:MYC
59 : custom:EGFR
60 : custom:TP53
61 : custom:CDKN2A
62 : custom:SMAD4
63 : custom:RB1
64 : custom:BCL_XL
65 : custom:BAX
66 : custom:ZEB1
67 : custom:CDH1
68 : custom:MMP2
69 : custom:TGFB1_expr
70 : custom:SHH_expr
71 : custom:HIF1A
72 : custom:NRF2
73 : custom:ABCB1
74 : custom:is_mesenchymal
75 : custom:stress_level
76 : custom:drug_sensitivity
77 : custom:apoptosis_threshold
78 : custom:cell_id
79 : custom:parent_id
80 : custom:gene_state_KRAS
81 : custom:gene_state_TP53
82 : custom:gene_state_CDKN2A
83 : custom:gene_state_SMAD4
84 : custom:gene_state_BCL_XL
85 : custom:gene_state_MYC
86 : custom:gene_state_EGFR
87 : custom:gene_state_RB1
88 : custom:gene_state_BAX
89 : custom:gene_state_ZEB1
90 : custom:gene_state_CDH1
91 : custom:gene_state_MMP2
92 : custom:gene_state_TGFB1
93 : custom:gene_state_SHH
94 : custom:gene_state_HIF1A
95 : custom:gene_state_NRF2
96 : custom:gene_state_ABCB1
97 : custom:gene_state_HAS2
98 : custom:gene_state_COL1A1
99 : custom:gene_state_GLI1
100 : custom:gene_state_ACTA2
101 : custom:hif1a_active
102 : custom:zeb1_active
103 : custom:cdh1_expressed
104 : custom:nrf2_active
105 : custom:abcb1_active
106 : custom:mmp2_active
107 : custom:intracellular_drug
108 : custom:time_since_drug_exposure
109 : custom:time_alive
110 : custom:emt_extent
111 : custom:mechanical_pressure
112 : custom:emt_signal_time
113 : custom:emt_activation_time
114 : is_movable
115 : immunogenicity to tumor_cell
116 : immunogenicity to stromal_cell
117 : cell attachment rate
118 : cell detachment rate
119 : maximum number of cell attachments
120 : attack damage rate
121 : attack duration
122 : damage rate
123 : damage repair rate


ruleset
	Ruleset disabled ... 
Behavioral rules for cell type tumor_cell:
===================================================

Behavioral rules for cell type stromal_cell:
===================================================

Exporting rules to file /home/a0hirs04/PROJECT-NORTHSTAR/build/stage1_micro_10548/output/cell_rules_parsed.csv (v3 format) ... 
Done!

0 :: type:0 name: tumor_cell
	 cycle model: Live (code=5)
		Phase 0: Live
		Cycle transitions: 
		-----------------
		Live --> Live w mean duration 100 min
	 death models: 
		0 : Apoptosis (code=100) with rate 0.00015 1/min
		death phase transitions: 
		------------------------
		Apoptotic --> Debris w mean duration 516 min
		1 : Necrosis (code=101) with rate 0 1/min
		death phase transitions: 
		------------------------
		Necrotic (swelling) --> Necrotic (lysed) w mean duration 1e-16 min
		Necrotic (lysed) --> Debris w mean duration 86400 min
	 key functions: 
		 migration bias rule: false
		 custom rule: false
		 phenotype rule: true
		 volume update function: true
		 mechanics function: true
		 contact function: false
		 cell division function: true
	motility (enabled: true in 2D)
		speed: 0.1 micron/min
		bias: 0 
		persistence time: 10 min
		chemotaxis (enabled: false)
			along 1 * grad(oxygen) 
	mechanics:
		cell_cell_adhesion_strength: 5
		cell_cell_repulsion_strength: 10
		rel max adhesion dist: 1.25
		cell_BM_adhesion_strength: 4
		cell_BM_repulsion_strength: 100
		attachment_elastic_constant: 0.01
		attachment_rate: 0
		detachment_rate: 0
	custom data: 
		KRAS: 1 dimensionless
		MYC: 0 dimensionless
		EGFR: 1 dimensionless
		TP53: 0 dimensionless
		CDKN2A: 0 dimensionless
		SMAD4: 0 dimensionless
		RB1: 0 dimensionless
		BCL_XL: 0 dimensionless
		BAX: 0 dimensionless
		ZEB1: 0 dimensionless
		CDH1: 0 dimensionless
		MMP2: 0 dimensionless
		TGFB1_expr: 0 dimensionless
		SHH_expr: 0 dimensionless
		HIF1A: 0 dimensionless
		NRF2: 0 dimensionless
		ABCB1: 0 dimensionless
		is_mesenchymal: 0 dimensionless
		stress_level: 0 dimensionless
		drug_sensitivity: 1 dimensionless
		apoptosis_threshold: 0.5 dimensionless
		cell_id: -1 none
		parent_id: -1 none
		gene_state_KRAS: 1 none
		gene_state_TP53: 2 none
		gene_state_CDKN2A: 2 none
		gene_state_SMAD4: 2 none
		gene_state_BCL_XL: 1 none
		gene_state_MYC: 0 none
		gene_state_EGFR: 0 none
		gene_state_RB1: 0 none
		gene_state_BAX: 0 none
		gene_state_ZEB1: 0 none
		gene_state_CDH1: 0 none
		gene_state_MMP2: 0 none
		gene_state_TGFB1: 0 none
		gene_state_SHH: 0 none
		gene_state_HIF1A: 0 none
		gene_state_NRF2: 0 none
		gene_state_ABCB1: 0 none
		gene_state_HAS2: 0 none
		gene_state_COL1A1: 0 none
		gene_state_GLI1: 0 none
		gene_state_ACTA2: 0 none
		hif1a_active: 0 dimensionless
		zeb1_active: 0 dimensionless
		cdh1_expressed: 1 dimensionless
		nrf2_active: 0 dimensionless
		abcb1_active: 0 dimensionless
		mmp2_active: 0 dimensionless
		intracellular_drug: 0 dimensionless
		time_since_drug_exposure: -1 hour
		time_alive: 0 min
		emt_extent: 0 dimensionless
		mechanical_pressure: 0 dimensionless
		emt_signal_time: 0 min
		emt_activation_time: 0 min
		final_prolif_rate: 0 1/min
	custom vector data: 
			NOTE: custom vector data will eventually be merged with custom data
1 :: type:1 name: stromal_cell
	 cycle model: Live (code=5)
		Phase 0: Live
		Cycle transitions: 
		-----------------
		Live --> Live w mean duration inf min
	 death models: 
		0 : Apoptosis (code=100) with rate 0 1/min
		death phase transitions: 
		------------------------
		Apoptotic --> Debris w mean duration 516 min
		1 : Necrosis (code=101) with rate 0 1/min
		death phase transitions: 
		------------------------
		Necrotic (swelling) --> Necrotic (lysed) w mean duration 1e-16 min
		Necrotic (lysed) --> Debris w mean duration 86400 min
	 key functions: 
		 migration bias rule: false
		 custom rule: false
		 phenotype rule: true
		 volume update function: true
		 mechanics function: true
		 contact function: false
		 cell division function: true
	motility (enabled: true in 2D)
		speed: 0.05 micron/min
		bias: 0 
		persistence time: 10 min
		chemotaxis (enabled: false)
			along 1 * grad(oxygen) 
	mechanics:
		cell_cell_adhesion_strength: 0.8
		cell_cell_repulsion_strength: 10
		rel max adhesion dist: 1.25
		cell_BM_adhesion_strength: 4
		cell_BM_repulsion_strength: 100
		attachment_elastic_constant: 0.01
		attachment_rate: 0
		detachment_rate: 0
	custom data: 
		cell_id: -1 none
		parent_id: -1 none
		gene_state_SMAD4: 0 none
		gene_state_ACTA2: 0 none
		gene_state_GLI1: 0 none
		gene_state_HAS2: 0 none
		gene_state_COL1A1: 0 none
		gene_state_TGFB1: 0 none
		gene_state_SHH: 0 none
		acta2_active: 0 dimensionless
		gli1_active: 0 dimensionless
		activation_mode: 0 dimensionless
		hif1a_active: 0 dimensionless
		ecm_production_rate: 0 dimensionless
		tgfb_secretion_active: 0 dimensionless
		time_alive: 0 min
		mechanical_pressure: 0 dimensionless
		_stromal_reserved_0: 0 none
		_stromal_reserved_1: 0 none
		_stromal_reserved_2: 0 none
		_stromal_reserved_3: 0 none
		_stromal_reserved_4: 0 none
		_stromal_reserved_5: 0 none
		_stromal_reserved_6: 0 none
		_stromal_reserved_7: 0 none
		_stromal_reserved_8: 0 none
		_stromal_reserved_9: 0 none
		_stromal_reserved_10: 0 none
		_stromal_reserved_11: 0 none
		_stromal_reserved_12: 0 none
		_stromal_reserved_13: 0 none
		_stromal_reserved_14: 0 none
		_stromal_reserved_15: 0 none
		_stromal_reserved_16: 0 none
		_stromal_reserved_17: 0 none
		_stromal_reserved_18: 0 none
		_stromal_reserved_19: 0 none
		_stromal_reserved_20: 0 none
		_stromal_reserved_21: 0 none
		_stromal_reserved_22: 0 none
		_stromal_reserved_23: 0 none
		_stromal_reserved_24: 0 none
		_stromal_reserved_25: 0 none
		_stromal_reserved_26: 0 none
		_stromal_reserved_27: 0 none
		_stromal_reserved_28: 0 none
		_stromal_reserved_29: 0 none
		_stromal_reserved_30: 0 none
		_stromal_reserved_31: 0 none
		_stromal_reserved_32: 0 none
		_stromal_reserved_33: 0 none
		_stromal_reserved_34: 0 none
		_stromal_reserved_35: 0 none
		_stromal_reserved_36: 0 none
		_stromal_reserved_37: 0 none
		_stromal_reserved_38: 0 none
		_stromal_reserved_39: 0 none
		_stromal_reserved_40: 0 none
	custom vector data: 
			NOTE: custom vector data will eventually be merged with custom data
Using PhysiCell version 1.14.2
	Please cite DOI: 10.1371/journal.pcbi.1005991
	Project website: http://physicell.org

See ALL_CITATIONS.txt for this list.
current simulated time: 0 min (max: 44640 min)
total agents: 80
interval wall time: 0 days, 0 hours, 0 minutes, and 2.297e-05 seconds 
total wall time: 0 days, 0 hours, 0 minutes, and 3.229e-05 seconds 


Using method diffusion_decay_solver__constant_coefficients_LOD_2D (2D LOD with Thomas Algorithm) ... 

current simulated time: 360 min (max: 44640 min)
total agents: 86
interval wall time: 0 days, 0 hours, 0 minutes, and 0.29107 seconds 
total wall time: 0 days, 0 hours, 0 minutes, and 0.291113 seconds 

current simulated time: 720 min (max: 44640 min)
total agents: 90
interval wall time: 0 days, 0 hours, 0 minutes, and 0.311405 seconds 
total wall time: 0 days, 0 hours, 0 minutes, and 0.602528 seconds 

current simulated time: 1080 min (max: 44640 min)
total agents: 89
interval wall time: 0 days, 0 hours, 0 minutes, and 0.323094 seconds 
total wall time: 0 days, 0 hours, 0 minutes, and 0.925632 seconds 

current simulated time: 1440 min (max: 44640 min)
total agents: 91
interval wall time: 0 days, 0 hours, 0 minutes, and 0.327033 seconds 
total wall time: 0 days, 0 hours, 0 minutes, and 1.25268 seconds 

current simulated time: 1800 min (max: 44640 min)
total agents: 90
interval wall time: 0 days, 0 hours, 0 minutes, and 0.326824 seconds 
total wall time: 0 days, 0 hours, 0 minutes, and 1.57951 seconds 

current simulated time: 2160 min (max: 44640 min)
total agents: 95
interval wall time: 0 days, 0 hours, 0 minutes, and 0.324138 seconds 
total wall time: 0 days, 0 hours, 0 minutes, and 1.90366 seconds 

current simulated time: 2520 min (max: 44640 min)
total agents: 96
interval wall time: 0 days, 0 hours, 0 minutes, and 0.325036 seconds 
total wall time: 0 days, 0 hours, 0 minutes, and 2.2287 seconds 

current simulated time: 2880 min (max: 44640 min)
total agents: 89
interval wall time: 0 days, 0 hours, 0 minutes, and 0.322488 seconds 
total wall time: 0 days, 0 hours, 0 minutes, and 2.5512 seconds 

current simulated time: 3240 min (max: 44640 min)
total agents: 90
interval wall time: 0 days, 0 hours, 0 minutes, and 0.313032 seconds 
total wall time: 0 days, 0 hours, 0 minutes, and 2.86424 seconds 

current simulated time: 3600 min (max: 44640 min)
total agents: 88
interval wall time: 0 days, 0 hours, 0 minutes, and 0.318595 seconds 
total wall time: 0 days, 0 hours, 0 minutes, and 3.18285 seconds 

current simulated time: 3960 min (max: 44640 min)
total agents: 86
interval wall time: 0 days, 0 hours, 0 minutes, and 0.314134 seconds 
total wall time: 0 days, 0 hours, 0 minutes, and 3.49699 seconds 

current simulated time: 4320 min (max: 44640 min)
total agents: 85
interval wall time: 0 days, 0 hours, 0 minutes, and 0.314883 seconds 
total wall time: 0 days, 0 hours, 0 minutes, and 3.81189 seconds 

current simulated time: 4680 min (max: 44640 min)
total agents: 84
interval wall time: 0 days, 0 hours, 0 minutes, and 0.312337 seconds 
total wall time: 0 days, 0 hours, 0 minutes, and 4.12425 seconds 

current simulated time: 5040 min (max: 44640 min)
total agents: 86
interval wall time: 0 days, 0 hours, 0 minutes, and 0.313841 seconds 
total wall time: 0 days, 0 hours, 0 minutes, and 4.4381 seconds 

current simulated time: 5400 min (max: 44640 min)
total agents: 89
interval wall time: 0 days, 0 hours, 0 minutes, and 0.332661 seconds 
total wall time: 0 days, 0 hours, 0 minutes, and 4.77077 seconds 

current simulated time: 5760 min (max: 44640 min)
total agents: 90
interval wall time: 0 days, 0 hours, 0 minutes, and 0.317015 seconds 
total wall time: 0 days, 0 hours, 0 minutes, and 5.0878 seconds 

current simulated time: 6120 min (max: 44640 min)
total agents: 88
interval wall time: 0 days, 0 hours, 0 minutes, and 0.318495 seconds 
total wall time: 0 days, 0 hours, 0 minutes, and 5.4063 seconds 

current simulated time: 6480 min (max: 44640 min)
total agents: 89
interval wall time: 0 days, 0 hours, 0 minutes, and 0.314982 seconds 
total wall time: 0 days, 0 hours, 0 minutes, and 5.7213 seconds 

current simulated time: 6840 min (max: 44640 min)
total agents: 91
interval wall time: 0 days, 0 hours, 0 minutes, and 0.322947 seconds 
total wall time: 0 days, 0 hours, 0 minutes, and 6.04425 seconds 

current simulated time: 7200 min (max: 44640 min)
total agents: 86
interval wall time: 0 days, 0 hours, 0 minutes, and 0.316724 seconds 
total wall time: 0 days, 0 hours, 0 minutes, and 6.36099 seconds 

current simulated time: 7560 min (max: 44640 min)
total agents: 85
interval wall time: 0 days, 0 hours, 0 minutes, and 0.316257 seconds 
total wall time: 0 days, 0 hours, 0 minutes, and 6.67725 seconds 

current simulated time: 7920 min (max: 44640 min)
total agents: 85
interval wall time: 0 days, 0 hours, 0 minutes, and 0.314905 seconds 
total wall time: 0 days, 0 hours, 0 minutes, and 6.99217 seconds 

current simulated time: 8280 min (max: 44640 min)
total agents: 86
interval wall time: 0 days, 0 hours, 0 minutes, and 0.320727 seconds 
total wall time: 0 days, 0 hours, 0 minutes, and 7.31291 seconds 

current simulated time: 8640 min (max: 44640 min)
total agents: 79
interval wall time: 0 days, 0 hours, 0 minutes, and 0.317763 seconds 
total wall time: 0 days, 0 hours, 0 minutes, and 7.63068 seconds 

current simulated time: 9000 min (max: 44640 min)
total agents: 74
interval wall time: 0 days, 0 hours, 0 minutes, and 0.310005 seconds 
total wall time: 0 days, 0 hours, 0 minutes, and 7.94069 seconds 

current simulated time: 9360 min (max: 44640 min)
total agents: 75
interval wall time: 0 days, 0 hours, 0 minutes, and 0.304562 seconds 
total wall time: 0 days, 0 hours, 0 minutes, and 8.24527 seconds 

current simulated time: 9720 min (max: 44640 min)
total agents: 79
interval wall time: 0 days, 0 hours, 0 minutes, and 0.307642 seconds 
total wall time: 0 days, 0 hours, 0 minutes, and 8.55292 seconds 

current simulated time: 10080 min (max: 44640 min)
total agents: 80
interval wall time: 0 days, 0 hours, 0 minutes, and 0.311593 seconds 
total wall time: 0 days, 0 hours, 0 minutes, and 8.86452 seconds 

current simulated time: 10440 min (max: 44640 min)
total agents: 77
interval wall time: 0 days, 0 hours, 0 minutes, and 0.309053 seconds 
total wall time: 0 days, 0 hours, 0 minutes, and 9.17359 seconds 

current simulated time: 10800 min (max: 44640 min)
total agents: 79
interval wall time: 0 days, 0 hours, 0 minutes, and 0.309343 seconds 
total wall time: 0 days, 0 hours, 0 minutes, and 9.48294 seconds 

current simulated time: 11160 min (max: 44640 min)
total agents: 81
interval wall time: 0 days, 0 hours, 0 minutes, and 0.313545 seconds 
total wall time: 0 days, 0 hours, 0 minutes, and 9.79649 seconds 

current simulated time: 11520 min (max: 44640 min)
total agents: 80
interval wall time: 0 days, 0 hours, 0 minutes, and 0.311533 seconds 
total wall time: 0 days, 0 hours, 0 minutes, and 10.108 seconds 

current simulated time: 11880 min (max: 44640 min)
total agents: 76
interval wall time: 0 days, 0 hours, 0 minutes, and 0.311295 seconds 
total wall time: 0 days, 0 hours, 0 minutes, and 10.4194 seconds 

current simulated time: 12240 min (max: 44640 min)
total agents: 75
interval wall time: 0 days, 0 hours, 0 minutes, and 0.307679 seconds 
total wall time: 0 days, 0 hours, 0 minutes, and 10.727 seconds 

current simulated time: 12600 min (max: 44640 min)
total agents: 74
interval wall time: 0 days, 0 hours, 0 minutes, and 0.308134 seconds 
total wall time: 0 days, 0 hours, 0 minutes, and 11.0352 seconds 

current simulated time: 12960 min (max: 44640 min)
total agents: 69
interval wall time: 0 days, 0 hours, 0 minutes, and 0.304417 seconds 
total wall time: 0 days, 0 hours, 0 minutes, and 11.3396 seconds 

current simulated time: 13320 min (max: 44640 min)
total agents: 72
interval wall time: 0 days, 0 hours, 0 minutes, and 0.305327 seconds 
total wall time: 0 days, 0 hours, 0 minutes, and 11.645 seconds 

current simulated time: 13680 min (max: 44640 min)
total agents: 73
interval wall time: 0 days, 0 hours, 0 minutes, and 0.300538 seconds 
total wall time: 0 days, 0 hours, 0 minutes, and 11.9455 seconds 

current simulated time: 14040 min (max: 44640 min)
total agents: 73
interval wall time: 0 days, 0 hours, 0 minutes, and 0.300038 seconds 
total wall time: 0 days, 0 hours, 0 minutes, and 12.2456 seconds 

current simulated time: 14400 min (max: 44640 min)
total agents: 72
interval wall time: 0 days, 0 hours, 0 minutes, and 0.299939 seconds 
total wall time: 0 days, 0 hours, 0 minutes, and 12.5455 seconds 

current simulated time: 14760 min (max: 44640 min)
total agents: 75
interval wall time: 0 days, 0 hours, 0 minutes, and 0.297658 seconds 
total wall time: 0 days, 0 hours, 0 minutes, and 12.8432 seconds 

current simulated time: 15120 min (max: 44640 min)
total agents: 76
interval wall time: 0 days, 0 hours, 0 minutes, and 0.305328 seconds 
total wall time: 0 days, 0 hours, 0 minutes, and 13.1485 seconds 

current simulated time: 15480 min (max: 44640 min)
total agents: 78
interval wall time: 0 days, 0 hours, 0 minutes, and 0.303128 seconds 
total wall time: 0 days, 0 hours, 0 minutes, and 13.4516 seconds 

current simulated time: 15840 min (max: 44640 min)
total agents: 83
interval wall time: 0 days, 0 hours, 0 minutes, and 0.302484 seconds 
total wall time: 0 days, 0 hours, 0 minutes, and 13.7541 seconds 

current simulated time: 16200 min (max: 44640 min)
total agents: 84
interval wall time: 0 days, 0 hours, 0 minutes, and 0.307073 seconds 
total wall time: 0 days, 0 hours, 0 minutes, and 14.0612 seconds 

current simulated time: 16560 min (max: 44640 min)
total agents: 87
interval wall time: 0 days, 0 hours, 0 minutes, and 0.306943 seconds 
total wall time: 0 days, 0 hours, 0 minutes, and 14.3682 seconds 

current simulated time: 16920 min (max: 44640 min)
total agents: 88
interval wall time: 0 days, 0 hours, 0 minutes, and 0.30613 seconds 
total wall time: 0 days, 0 hours, 0 minutes, and 14.6743 seconds 

current simulated time: 17280 min (max: 44640 min)
total agents: 86
interval wall time: 0 days, 0 hours, 0 minutes, and 0.30613 seconds 
total wall time: 0 days, 0 hours, 0 minutes, and 14.9805 seconds 

current simulated time: 17640 min (max: 44640 min)
total agents: 85
interval wall time: 0 days, 0 hours, 0 minutes, and 0.305631 seconds 
total wall time: 0 days, 0 hours, 0 minutes, and 15.2861 seconds 

current simulated time: 18000 min (max: 44640 min)
total agents: 85
interval wall time: 0 days, 0 hours, 0 minutes, and 0.304132 seconds 
total wall time: 0 days, 0 hours, 0 minutes, and 15.5902 seconds 

current simulated time: 18360 min (max: 44640 min)
total agents: 84
interval wall time: 0 days, 0 hours, 0 minutes, and 0.305877 seconds 
total wall time: 0 days, 0 hours, 0 minutes, and 15.8961 seconds 

current simulated time: 18720 min (max: 44640 min)
total agents: 87
interval wall time: 0 days, 0 hours, 0 minutes, and 0.307052 seconds 
total wall time: 0 days, 0 hours, 0 minutes, and 16.2032 seconds 

current simulated time: 19080 min (max: 44640 min)
total agents: 88
interval wall time: 0 days, 0 hours, 0 minutes, and 0.308285 seconds 
total wall time: 0 days, 0 hours, 0 minutes, and 16.5115 seconds 

current simulated time: 19440 min (max: 44640 min)
total agents: 84
interval wall time: 0 days, 0 hours, 0 minutes, and 0.306249 seconds 
total wall time: 0 days, 0 hours, 0 minutes, and 16.8178 seconds 

current simulated time: 19800 min (max: 44640 min)
total agents: 86
interval wall time: 0 days, 0 hours, 0 minutes, and 0.306366 seconds 
total wall time: 0 days, 0 hours, 0 minutes, and 17.1241 seconds 

current simulated time: 20160 min (max: 44640 min)
total agents: 79
interval wall time: 0 days, 0 hours, 0 minutes, and 0.302508 seconds 
total wall time: 0 days, 0 hours, 0 minutes, and 17.4267 seconds 

current simulated time: 20520 min (max: 44640 min)
total agents: 76
interval wall time: 0 days, 0 hours, 0 minutes, and 0.303623 seconds 
total wall time: 0 days, 0 hours, 0 minutes, and 17.7303 seconds 

current simulated time: 20880 min (max: 44640 min)
total agents: 39
interval wall time: 0 days, 0 hours, 0 minutes, and 0.292303 seconds 
total wall time: 0 days, 0 hours, 0 minutes, and 18.0226 seconds 

current simulated time: 21240 min (max: 44640 min)
total agents: 40
interval wall time: 0 days, 0 hours, 0 minutes, and 0.261532 seconds 
total wall time: 0 days, 0 hours, 0 minutes, and 18.2841 seconds 

current simulated time: 21600 min (max: 44640 min)
total agents: 40
interval wall time: 0 days, 0 hours, 0 minutes, and 0.262619 seconds 
total wall time: 0 days, 0 hours, 0 minutes, and 18.5468 seconds 

current simulated time: 21960 min (max: 44640 min)
total agents: 42
interval wall time: 0 days, 0 hours, 0 minutes, and 0.265019 seconds 
total wall time: 0 days, 0 hours, 0 minutes, and 18.8118 seconds 

current simulated time: 22320 min (max: 44640 min)
total agents: 43
interval wall time: 0 days, 0 hours, 0 minutes, and 0.266935 seconds 
total wall time: 0 days, 0 hours, 0 minutes, and 19.0787 seconds 

current simulated time: 22680 min (max: 44640 min)
total agents: 41
interval wall time: 0 days, 0 hours, 0 minutes, and 0.267386 seconds 
total wall time: 0 days, 0 hours, 0 minutes, and 19.3461 seconds 

current simulated time: 23040 min (max: 44640 min)
total agents: 41
interval wall time: 0 days, 0 hours, 0 minutes, and 0.26941 seconds 
total wall time: 0 days, 0 hours, 0 minutes, and 19.6156 seconds 

current simulated time: 23400 min (max: 44640 min)
total agents: 37
interval wall time: 0 days, 0 hours, 0 minutes, and 0.264622 seconds 
total wall time: 0 days, 0 hours, 0 minutes, and 19.8802 seconds 

current simulated time: 23760 min (max: 44640 min)
total agents: 38
interval wall time: 0 days, 0 hours, 0 minutes, and 0.260232 seconds 
total wall time: 0 days, 0 hours, 0 minutes, and 20.1404 seconds 

current simulated time: 24120 min (max: 44640 min)
total agents: 40
interval wall time: 0 days, 0 hours, 0 minutes, and 0.267693 seconds 
total wall time: 0 days, 0 hours, 0 minutes, and 20.4081 seconds 

current simulated time: 24480 min (max: 44640 min)
total agents: 39
interval wall time: 0 days, 0 hours, 0 minutes, and 0.269231 seconds 
total wall time: 0 days, 0 hours, 0 minutes, and 20.6774 seconds 

current simulated time: 24840 min (max: 44640 min)
total agents: 39
interval wall time: 0 days, 0 hours, 0 minutes, and 0.267297 seconds 
total wall time: 0 days, 0 hours, 0 minutes, and 20.9447 seconds 

current simulated time: 25200 min (max: 44640 min)
total agents: 38
interval wall time: 0 days, 0 hours, 0 minutes, and 0.265802 seconds 
total wall time: 0 days, 0 hours, 0 minutes, and 21.2105 seconds 

current simulated time: 25560 min (max: 44640 min)
total agents: 41
interval wall time: 0 days, 0 hours, 0 minutes, and 0.264333 seconds 
total wall time: 0 days, 0 hours, 0 minutes, and 21.4748 seconds 

current simulated time: 25920 min (max: 44640 min)
total agents: 41
interval wall time: 0 days, 0 hours, 0 minutes, and 0.262779 seconds 
total wall time: 0 days, 0 hours, 0 minutes, and 21.7376 seconds 

current simulated time: 26280 min (max: 44640 min)
total agents: 38
interval wall time: 0 days, 0 hours, 0 minutes, and 0.262735 seconds 
total wall time: 0 days, 0 hours, 0 minutes, and 22.0004 seconds 

current simulated time: 26640 min (max: 44640 min)
total agents: 42
interval wall time: 0 days, 0 hours, 0 minutes, and 0.264518 seconds 
total wall time: 0 days, 0 hours, 0 minutes, and 22.2649 seconds 

current simulated time: 27000 min (max: 44640 min)
total agents: 40
interval wall time: 0 days, 0 hours, 0 minutes, and 0.264854 seconds 
total wall time: 0 days, 0 hours, 0 minutes, and 22.5298 seconds 

current simulated time: 27360 min (max: 44640 min)
total agents: 38
interval wall time: 0 days, 0 hours, 0 minutes, and 0.262519 seconds 
total wall time: 0 days, 0 hours, 0 minutes, and 22.7923 seconds 

current simulated time: 27720 min (max: 44640 min)
total agents: 40
interval wall time: 0 days, 0 hours, 0 minutes, and 0.263696 seconds 
total wall time: 0 days, 0 hours, 0 minutes, and 23.056 seconds 

current simulated time: 28080 min (max: 44640 min)
total agents: 39
interval wall time: 0 days, 0 hours, 0 minutes, and 0.2659 seconds 
total wall time: 0 days, 0 hours, 0 minutes, and 23.3219 seconds 

current simulated time: 28440 min (max: 44640 min)
total agents: 37
interval wall time: 0 days, 0 hours, 0 minutes, and 0.283168 seconds 
total wall time: 0 days, 0 hours, 0 minutes, and 23.6051 seconds 

current simulated time: 28800 min (max: 44640 min)
total agents: 38
interval wall time: 0 days, 0 hours, 0 minutes, and 0.262974 seconds 
total wall time: 0 days, 0 hours, 0 minutes, and 23.8681 seconds 

current simulated time: 29160 min (max: 44640 min)
total agents: 38
interval wall time: 0 days, 0 hours, 0 minutes, and 0.265553 seconds 
total wall time: 0 days, 0 hours, 0 minutes, and 24.1337 seconds 

current simulated time: 29520 min (max: 44640 min)
total agents: 35
interval wall time: 0 days, 0 hours, 0 minutes, and 0.26338 seconds 
total wall time: 0 days, 0 hours, 0 minutes, and 24.397 seconds 

current simulated time: 29880 min (max: 44640 min)
total agents: 35
interval wall time: 0 days, 0 hours, 0 minutes, and 0.258636 seconds 
total wall time: 0 days, 0 hours, 0 minutes, and 24.6557 seconds 

current simulated time: 30240 min (max: 44640 min)
total agents: 33
interval wall time: 0 days, 0 hours, 0 minutes, and 0.256843 seconds 
total wall time: 0 days, 0 hours, 0 minutes, and 24.9125 seconds 

current simulated time: 30600 min (max: 44640 min)
total agents: 32
interval wall time: 0 days, 0 hours, 0 minutes, and 0.256925 seconds 
total wall time: 0 days, 0 hours, 0 minutes, and 25.1695 seconds 

current simulated time: 30960 min (max: 44640 min)
total agents: 32
interval wall time: 0 days, 0 hours, 0 minutes, and 0.256614 seconds 
total wall time: 0 days, 0 hours, 0 minutes, and 25.4261 seconds 

current simulated time: 31320 min (max: 44640 min)
total agents: 29
interval wall time: 0 days, 0 hours, 0 minutes, and 0.253554 seconds 
total wall time: 0 days, 0 hours, 0 minutes, and 25.6797 seconds 

current simulated time: 31680 min (max: 44640 min)
total agents: 34
interval wall time: 0 days, 0 hours, 0 minutes, and 0.254518 seconds 
total wall time: 0 days, 0 hours, 0 minutes, and 25.9342 seconds 

current simulated time: 32040 min (max: 44640 min)
total agents: 34
interval wall time: 0 days, 0 hours, 0 minutes, and 0.262343 seconds 
total wall time: 0 days, 0 hours, 0 minutes, and 26.1966 seconds 

current simulated time: 32400 min (max: 44640 min)
total agents: 35
interval wall time: 0 days, 0 hours, 0 minutes, and 0.26256 seconds 
total wall time: 0 days, 0 hours, 0 minutes, and 26.4591 seconds 

current simulated time: 32760 min (max: 44640 min)
total agents: 36
interval wall time: 0 days, 0 hours, 0 minutes, and 0.263995 seconds 
total wall time: 0 days, 0 hours, 0 minutes, and 26.7231 seconds 

current simulated time: 33120 min (max: 44640 min)
total agents: 35
interval wall time: 0 days, 0 hours, 0 minutes, and 0.263596 seconds 
total wall time: 0 days, 0 hours, 0 minutes, and 26.9867 seconds 

current simulated time: 33480 min (max: 44640 min)
total agents: 33
interval wall time: 0 days, 0 hours, 0 minutes, and 0.260832 seconds 
total wall time: 0 days, 0 hours, 0 minutes, and 27.2476 seconds 

current simulated time: 33840 min (max: 44640 min)
total agents: 32
interval wall time: 0 days, 0 hours, 0 minutes, and 0.25524 seconds 
total wall time: 0 days, 0 hours, 0 minutes, and 27.5028 seconds 

current simulated time: 34200 min (max: 44640 min)
total agents: 34
interval wall time: 0 days, 0 hours, 0 minutes, and 0.260397 seconds 
total wall time: 0 days, 0 hours, 0 minutes, and 27.7633 seconds 

current simulated time: 34560 min (max: 44640 min)
total agents: 35
interval wall time: 0 days, 0 hours, 0 minutes, and 0.265054 seconds 
total wall time: 0 days, 0 hours, 0 minutes, and 28.0283 seconds 

current simulated time: 34920 min (max: 44640 min)
total agents: 35
interval wall time: 0 days, 0 hours, 0 minutes, and 0.267987 seconds 
total wall time: 0 days, 0 hours, 0 minutes, and 28.2963 seconds 

current simulated time: 35280 min (max: 44640 min)
total agents: 33
interval wall time: 0 days, 0 hours, 0 minutes, and 0.264087 seconds 
total wall time: 0 days, 0 hours, 0 minutes, and 28.5604 seconds 

current simulated time: 35640 min (max: 44640 min)
total agents: 33
interval wall time: 0 days, 0 hours, 0 minutes, and 0.261784 seconds 
total wall time: 0 days, 0 hours, 0 minutes, and 28.8222 seconds 

current simulated time: 36000 min (max: 44640 min)
total agents: 35
interval wall time: 0 days, 0 hours, 0 minutes, and 0.265137 seconds 
total wall time: 0 days, 0 hours, 0 minutes, and 29.0874 seconds 

current simulated time: 36360 min (max: 44640 min)
total agents: 34
interval wall time: 0 days, 0 hours, 0 minutes, and 0.264297 seconds 
total wall time: 0 days, 0 hours, 0 minutes, and 29.3517 seconds 

current simulated time: 36720 min (max: 44640 min)
total agents: 35
interval wall time: 0 days, 0 hours, 0 minutes, and 0.261686 seconds 
total wall time: 0 days, 0 hours, 0 minutes, and 29.6134 seconds 

current simulated time: 37080 min (max: 44640 min)
total agents: 36
interval wall time: 0 days, 0 hours, 0 minutes, and 0.264857 seconds 
total wall time: 0 days, 0 hours, 0 minutes, and 29.8782 seconds 

current simulated time: 37440 min (max: 44640 min)
total agents: 31
interval wall time: 0 days, 0 hours, 0 minutes, and 0.26344 seconds 
total wall time: 0 days, 0 hours, 0 minutes, and 30.1417 seconds 

current simulated time: 37800 min (max: 44640 min)
total agents: 29
interval wall time: 0 days, 0 hours, 0 minutes, and 0.257522 seconds 
total wall time: 0 days, 0 hours, 0 minutes, and 30.3992 seconds 

current simulated time: 38160 min (max: 44640 min)
total agents: 28
interval wall time: 0 days, 0 hours, 0 minutes, and 0.255691 seconds 
total wall time: 0 days, 0 hours, 0 minutes, and 30.6549 seconds 

current simulated time: 38520 min (max: 44640 min)
total agents: 28
interval wall time: 0 days, 0 hours, 0 minutes, and 0.255555 seconds 
total wall time: 0 days, 0 hours, 0 minutes, and 30.9105 seconds 

current simulated time: 38880 min (max: 44640 min)
total agents: 27
interval wall time: 0 days, 0 hours, 0 minutes, and 0.255134 seconds 
total wall time: 0 days, 0 hours, 0 minutes, and 31.1656 seconds 

current simulated time: 39240 min (max: 44640 min)
total agents: 28
interval wall time: 0 days, 0 hours, 0 minutes, and 0.255284 seconds 
total wall time: 0 days, 0 hours, 0 minutes, and 31.4209 seconds 

current simulated time: 39600 min (max: 44640 min)
total agents: 29
interval wall time: 0 days, 0 hours, 0 minutes, and 0.255402 seconds 
total wall time: 0 days, 0 hours, 0 minutes, and 31.6763 seconds 

current simulated time: 39960 min (max: 44640 min)
total agents: 30
interval wall time: 0 days, 0 hours, 0 minutes, and 0.255412 seconds 
total wall time: 0 days, 0 hours, 0 minutes, and 31.9318 seconds 

current simulated time: 40320 min (max: 44640 min)
total agents: 32
interval wall time: 0 days, 0 hours, 0 minutes, and 0.256029 seconds 
total wall time: 0 days, 0 hours, 0 minutes, and 32.1878 seconds 

current simulated time: 40680 min (max: 44640 min)
total agents: 32
interval wall time: 0 days, 0 hours, 0 minutes, and 0.257393 seconds 
total wall time: 0 days, 0 hours, 0 minutes, and 32.4452 seconds 

current simulated time: 41040 min (max: 44640 min)
total agents: 32
interval wall time: 0 days, 0 hours, 0 minutes, and 0.257628 seconds 
total wall time: 0 days, 0 hours, 0 minutes, and 32.7029 seconds 

current simulated time: 41400 min (max: 44640 min)
total agents: 30
interval wall time: 0 days, 0 hours, 0 minutes, and 0.257159 seconds 
total wall time: 0 days, 0 hours, 0 minutes, and 32.96 seconds 

current simulated time: 41760 min (max: 44640 min)
total agents: 32
interval wall time: 0 days, 0 hours, 0 minutes, and 0.259655 seconds 
total wall time: 0 days, 0 hours, 0 minutes, and 33.2197 seconds 

current simulated time: 42120 min (max: 44640 min)
total agents: 32
interval wall time: 0 days, 0 hours, 0 minutes, and 0.260207 seconds 
total wall time: 0 days, 0 hours, 0 minutes, and 33.4799 seconds 

current simulated time: 42480 min (max: 44640 min)
total agents: 33
interval wall time: 0 days, 0 hours, 0 minutes, and 0.259801 seconds 
total wall time: 0 days, 0 hours, 0 minutes, and 33.7397 seconds 

current simulated time: 42840 min (max: 44640 min)
total agents: 36
interval wall time: 0 days, 0 hours, 0 minutes, and 0.261283 seconds 
total wall time: 0 days, 0 hours, 0 minutes, and 34.001 seconds 

current simulated time: 43200 min (max: 44640 min)
total agents: 38
interval wall time: 0 days, 0 hours, 0 minutes, and 0.263666 seconds 
total wall time: 0 days, 0 hours, 0 minutes, and 34.2647 seconds 

current simulated time: 43560 min (max: 44640 min)
total agents: 41
interval wall time: 0 days, 0 hours, 0 minutes, and 0.269899 seconds 
total wall time: 0 days, 0 hours, 0 minutes, and 34.5346 seconds 

current simulated time: 43920 min (max: 44640 min)
total agents: 42
interval wall time: 0 days, 0 hours, 0 minutes, and 0.270901 seconds 
total wall time: 0 days, 0 hours, 0 minutes, and 34.8055 seconds 

current simulated time: 44280 min (max: 44640 min)
total agents: 42
interval wall time: 0 days, 0 hours, 0 minutes, and 0.269113 seconds 
total wall time: 0 days, 0 hours, 0 minutes, and 35.0746 seconds 

current simulated time: 44640 min (max: 44640 min)
total agents: 46
interval wall time: 0 days, 0 hours, 0 minutes, and 0.27365 seconds 
total wall time: 0 days, 0 hours, 0 minutes, and 35.3483 seconds 


Total simulation runtime: 
0 days, 0 hours, 0 minutes, and 35.3591 seconds ========================================================================
Stage 1 micro-sim: resistance persistence gate
  binary: /home/a0hirs04/PROJECT-NORTHSTAR/build/bin/release/stroma_world
  output: /home/a0hirs04/PROJECT-NORTHSTAR/build/stage1_micro_10548/output
  seed:   42
  drug:   0.1
========================================================================

Stage 1 metrics (live tumor cells):
  day   t(min)   n_live   ABCB1+%   ic_mean
  ----  -------  ------   -------   -------
   28    40320       9   77.7778    0.0426
   29    41760      10   20.0000    0.0000
   30    43200      17    0.0000    0.0000
   31    44640      25    0.0000    0.0000

Stage 1 gates:
  ABCB1 memory (d29-31 >= 50% of d28): FAIL
  Survival retention (d31 >= 70% of d28): PASS

Stage 1 overall: FAIL
[stage1] summary: /home/a0hirs04/PROJECT-NORTHSTAR/build/stage1_micro_10548/stage1_summary.json
[stage1] done rc=2: Tue Mar 24 22:02:09 UTC 2026
